'2024-04-20 18-41-56': '/beegfs/data/input/AAMXFEOD.mp4' start running...
'2024-04-20 18-48-11': '/beegfs/data/input/AAACXZTV.mp4' start running...
'2024-04-20 18-54-45': '/beegfs/data/input/AAACXZTV.mp4' is Done.
'2024-04-20 18-54-45': '/beegfs/data/input/AACJGIQR.mp4' start running...
'2024-04-20 19-04-25': '/beegfs/data/input/AACJGIQR.mp4' is Done.
'2024-04-20 19-04-25': '/beegfs/data/input/AADGMXRE.mp4' start running...
'2024-04-20 19-10-27': '/beegfs/data/input/AADGMXRE.mp4' is Done.
'2024-04-20 19-10-27': '/beegfs/data/input/AAGIUVEI.mp4' start running...
'2024-04-20 19-17-44': '/beegfs/data/input/AAGIUVEI.mp4' is Done.
'2024-04-20 19-17-44': '/beegfs/data/input/AAIQZYMI.mp4' start running...
'2024-04-20 19-20-46': '/beegfs/data/input/AAIQZYMI.mp4' is Done.
'2024-04-20 19-20-46': '/beegfs/data/input/AAKRUPTK.mp4' start running...
'2024-04-20 20-08-43': '/beegfs/data/input/AAGOCDAL.mp4' start running...
'2024-04-20 20-17-57': '/beegfs/data/input/AAGOCDAL.mp4' is Done.
'2024-04-20 20-17-57': '/beegfs/data/input/AAJPLFXO.mp4' start running...
'2024-04-20 20-26-54': '/beegfs/data/input/AAJPLFXO.mp4' is Done.
'2024-04-20 20-26-54': '/beegfs/data/input/AANITSEB.mp4' start running...
'2024-04-20 20-33-58': '/beegfs/data/input/AANITSEB.mp4' is Done.
'2024-04-20 20-33-58': '/beegfs/data/input/AAOAJKBS.mp4' start running...
'2024-04-20 20-38-18': '/beegfs/data/input/AAOAJKBS.mp4' is Done.
'2024-04-20 20-38-18': '/beegfs/data/input/AAQAJFNJ.mp4' start running...
'2024-04-20 20-42-13': '/beegfs/data/input/AAQAJFNJ.mp4' is Done.
'2024-04-20 20-42-13': '/beegfs/data/input/AARQKGQD.mp4' start running...
'2024-04-20 20-50-38': '/beegfs/data/input/AARQKGQD.mp4' start running...
'2024-04-20 20-58-07': '/beegfs/data/input/AARQKGQD.mp4' is Done.
'2024-04-20 20-58-07': '/beegfs/data/input/AAUUFAMC.mp4' start running...
'2024-04-20 21-03-40': '/beegfs/data/input/AAUUFAMC.mp4' is Done.
'2024-04-20 21-03-40': '/beegfs/data/input/AAXNMDCC.mp4' start running...
'2024-04-20 21-12-17': '/beegfs/data/input/AAXNMDCC.mp4' is Done.
'2024-04-20 21-12-17': '/beegfs/data/input/ABJROAMC.mp4' start running...
'2024-04-20 21-25-44': '/beegfs/data/input/ABJROAMC.mp4' is Done.
'2024-04-20 21-25-44': '/beegfs/data/input/ABPPNZQJ.mp4' start running...
'2024-04-20 21-37-11': '/beegfs/data/input/ABDGUIFB.mp4' start running...
'2024-04-20 21-42-01': '/beegfs/data/input/ABDGUIFB.mp4' is Done.
'2024-04-20 21-42-01': '/beegfs/data/input/ABMISWMK.mp4' start running...
'2024-04-20 21-42-58': '/beegfs/data/input/ABMISWMK.mp4' is Done.
'2024-04-20 21-42-58': '/beegfs/data/input/ABPIMVEI.mp4' start running...
'2024-04-20 21-55-31': '/beegfs/data/input/ABPIMVEI.mp4' is Done.
'2024-04-20 21-55-31': '/beegfs/data/input/ABSJHPKK.mp4' start running...
'2024-04-20 21-59-32': '/beegfs/data/input/ABSJHPKK.mp4' is Done.
'2024-04-20 21-59-32': '/beegfs/data/input/ACBAMGHA.mp4' start running...
'2024-04-20 22-03-52': '/beegfs/data/input/ACBAMGHA.mp4' is Done.
'2024-04-20 22-03-52': '/beegfs/data/input/ACGGKVEI.mp4' start running...
'2024-04-20 22-08-08': '/beegfs/data/input/ACGGKVEI.mp4' is Done.
'2024-04-20 22-08-08': '/beegfs/data/input/ACQFUVKA.mp4' start running...
'2024-04-21 11-10-24': '/beegfs/data/input/AAUJMBXG.mp4' start running...
'2024-04-21 11-19-35': '/beegfs/data/input/AAVNEICC.mp4' start running...
'2024-04-21 11-25-49': '/beegfs/data/input/AAVNEICC.mp4' is Done.
'2024-04-21 11-25-49': '/beegfs/data/input/AAYCBRHB.mp4' start running...
'2024-04-21 11-30-45': '/beegfs/data/input/ABNDBVEI.mp4' start running...
'2024-04-21 11-33-02': '/beegfs/data/input/ABEQANQN.mp4' start running...
'2024-04-21 11-36-20': '/beegfs/data/input/ABEQANQN.mp4' is Done.
'2024-04-21 11-36-20': '/beegfs/data/input/ABKBWVMW.mp4' start running...
'2024-04-21 11-40-32': '/beegfs/data/input/ABKBWVMW.mp4' is Done.
'2024-04-21 11-40-32': '/beegfs/data/input/ABQCVPLS.mp4' start running...
'2024-04-21 11-41-54': '/beegfs/data/input/ABQCVPLS.mp4' is Done.
'2024-04-21 11-41-54': '/beegfs/data/input/ABXWIZLK.mp4' start running...
'2024-04-21 11-45-38': '/beegfs/data/input/ABXWIZLK.mp4' is Done.
'2024-04-21 11-45-38': '/beegfs/data/input/ABZCCTLI.mp4' start running...
'2024-04-21 11-49-08': '/beegfs/data/input/ABZCCTLI.mp4' is Done.
'2024-04-21 11-49-08': '/beegfs/data/input/ACCYACJH.mp4' start running...
'2024-04-21 11-56-02': '/beegfs/data/input/ACCYACJH.mp4' is Done.
'2024-04-21 11-56-02': '/beegfs/data/input/ACHCJNPL.mp4' start running...
'2024-04-21 12-01-26': '/beegfs/data/input/ACHCJNPL.mp4' is Done.
'2024-04-21 12-01-26': '/beegfs/data/input/ACQFUVKA.mp4' start running...
'2024-04-21 12-08-13': '/beegfs/data/input/ACQFUVKA.mp4' is Done.
'2024-04-21 12-08-13': '/beegfs/data/input/ACRFBHGW.mp4' start running...
'2024-04-21 12-11-45': '/beegfs/data/input/ACRFBHGW.mp4' is Done.
'2024-04-21 12-11-45': '/beegfs/data/input/ACURLDSN.mp4' start running...
'2024-04-21 12-14-43': '/beegfs/data/input/ACURLDSN.mp4' is Done.
'2024-04-21 12-14-43': '/beegfs/data/input/ACWVRHDU.mp4' start running...
'2024-04-21 12-17-12': '/beegfs/data/input/ACWVRHDU.mp4' is Done.
'2024-04-21 12-17-12': '/beegfs/data/input/ACXOPLSK.mp4' start running...
'2024-04-21 12-21-28': '/beegfs/data/input/ACXOPLSK.mp4' is Done.
'2024-04-21 12-21-28': '/beegfs/data/input/ACYHKFNJ.mp4' start running...
'2024-04-21 12-33-20': '/beegfs/data/input/ACZJMJIR.mp4' start running...
'2024-04-21 12-39-21': '/beegfs/data/input/ACZJMJIR.mp4' is Done.
'2024-04-21 12-39-21': '/beegfs/data/input/ADBOPADX.mp4' start running...
'2024-04-21 12-49-19': '/beegfs/data/input/ADBOPADX.mp4' is Done.
'2024-04-21 12-49-19': '/beegfs/data/input/ADFOXBQT.mp4' start running...
'2024-04-21 12-50-50': '/beegfs/data/input/ADFOXBQT.mp4' is Done.
'2024-04-21 12-50-50': '/beegfs/data/input/ADIEJNQN.mp4' start running...
'2024-04-21 12-56-36': '/beegfs/data/input/ADIEJNQN.mp4' is Done.
'2024-04-21 12-56-36': '/beegfs/data/input/ADMDGUXS.mp4' start running...
'2024-04-21 12-58-27': '/beegfs/data/input/ADMDGUXS.mp4' is Done.
'2024-04-21 12-58-27': '/beegfs/data/input/ADMWXPKK.mp4' start running...
'2024-04-21 13-07-59': '/beegfs/data/input/ADMWXPKK.mp4' is Done.
'2024-04-21 13-07-59': '/beegfs/data/input/ADOHVPTK.mp4' start running...
'2024-04-21 13-10-26': '/beegfs/data/input/ADOHVPTK.mp4' is Done.
'2024-04-21 13-10-26': '/beegfs/data/input/ADPMWRAC.mp4' start running...
'2024-04-21 13-11-45': '/beegfs/data/input/ADPMWRAC.mp4' is Done.
'2024-04-21 13-11-45': '/beegfs/data/input/ADPZMEUL.mp4' start running...
'2024-04-21 13-13-02': '/beegfs/data/input/ADPZMEUL.mp4' is Done.
'2024-04-21 13-13-02': '/beegfs/data/input/ADQKWFKM.mp4' start running...
'2024-04-21 13-18-56': '/beegfs/data/input/ADQKWFKM.mp4' is Done.
'2024-04-21 13-18-56': '/beegfs/data/input/ADSTNDAL.mp4' start running...
'2024-04-21 13-20-48': '/beegfs/data/input/ADSTNDAL.mp4' is Done.
'2024-04-21 13-20-48': '/beegfs/data/input/ADUQOXDO.mp4' start running...
'2024-04-21 13-22-55': '/beegfs/data/input/ADUQOXDO.mp4' is Done.
'2024-04-21 13-22-55': '/beegfs/data/input/ADVQEVMP.mp4' start running...
'2024-04-21 13-24-39': '/beegfs/data/input/ADVQEVMP.mp4' is Done.
'2024-04-21 13-24-39': '/beegfs/data/input/AEABHPTK.mp4' start running...
'2024-04-21 13-25-23': '/beegfs/data/input/AEABHPTK.mp4' is Done.
'2024-04-21 13-25-23': '/beegfs/data/input/AEBICNPL.mp4' start running...
'2024-04-21 13-32-15': '/beegfs/data/input/AEBICNPL.mp4' is Done.
'2024-04-21 13-32-15': '/beegfs/data/input/AEDZBNQN.mp4' start running...
'2024-04-21 13-36-28': '/beegfs/data/input/AEDZBNQN.mp4' is Done.
'2024-04-21 13-36-28': '/beegfs/data/input/AEEFGIQR.mp4' start running...
'2024-04-21 13-38-11': '/beegfs/data/input/AEEFGIQR.mp4' is Done.
'2024-04-21 13-38-11': '/beegfs/data/input/AEGVDREH.mp4' start running...
'2024-04-21 13-39-50': '/beegfs/data/input/AEGVDREH.mp4' is Done.
'2024-04-21 13-39-50': '/beegfs/data/input/AEHHLPTK.mp4' start running...
'2024-04-21 13-41-44': '/beegfs/data/input/AEHHLPTK.mp4' is Done.
'2024-04-21 13-41-44': '/beegfs/data/input/AEKIJVEI.mp4' start running...
'2024-04-21 13-46-56': '/beegfs/data/input/AEKIJVEI.mp4' is Done.
'2024-04-21 13-46-56': '/beegfs/data/input/AEMZBKEW.mp4' start running...
'2024-04-21 13-48-36': '/beegfs/data/input/AEMZBKEW.mp4' is Done.
'2024-04-21 13-48-36': '/beegfs/data/input/AEPEDVEI.mp4' start running...
'2024-04-21 13-55-27': '/beegfs/data/input/AEPEDVEI.mp4' is Done.
'2024-04-21 13-55-27': '/beegfs/data/input/AEQHDVKA.mp4' start running...
'2024-04-21 13-57-44': '/beegfs/data/input/AEQHDVKA.mp4' is Done.
'2024-04-21 13-57-44': '/beegfs/data/input/AERATXGD.mp4' start running...
'2024-04-21 13-59-15': '/beegfs/data/input/AERATXGD.mp4' is Done.
'2024-04-21 13-59-15': '/beegfs/data/input/AERZRNQN.mp4' start running...
'2024-04-21 14-13-20': '/beegfs/data/input/AERZRNQN.mp4' is Done.
'2024-04-21 14-13-20': '/beegfs/data/input/AEXKUHFB.mp4' start running...
'2024-04-21 14-29-06': '/beegfs/data/input/AEXKUHFB.mp4' is Done.
'2024-04-21 14-29-06': '/beegfs/data/input/AFEODHGA.mp4' start running...
'2024-04-21 14-37-21': '/beegfs/data/input/AFEODHGA.mp4' is Done.
'2024-04-21 14-37-21': '/beegfs/data/input/AFGNOJVY.mp4' start running...
'2024-04-21 14-43-45': '/beegfs/data/input/AFGNOJVY.mp4' is Done.
'2024-04-21 14-43-45': '/beegfs/data/input/AFKWTSOB.mp4' start running...
'2024-04-21 14-51-29': '/beegfs/data/input/AFKWTSOB.mp4' is Done.
'2024-04-21 14-51-29': '/beegfs/data/input/AFNOXJKU.mp4' start running...
'2024-04-21 14-55-54': '/beegfs/data/input/AFNOXJKU.mp4' is Done.
'2024-04-21 14-55-54': '/beegfs/data/input/AFRSDBGU.mp4' start running...
'2024-04-21 14-58-08': '/beegfs/data/input/AFRSDBGU.mp4' is Done.
'2024-04-21 14-58-08': '/beegfs/data/input/AFTOBFGA.mp4' start running...
'2024-04-21 15-03-08': '/beegfs/data/input/AFTOBFGA.mp4' is Done.
'2024-04-21 15-03-08': '/beegfs/data/input/AFVFMXHP.mp4' start running...
'2024-04-21 15-06-39': '/beegfs/data/input/AFVFMXHP.mp4' is Done.
'2024-04-21 15-06-39': '/beegfs/data/input/AFWFCDAL.mp4' start running...
'2024-04-21 15-10-40': '/beegfs/data/input/AFWFCDAL.mp4' is Done.
'2024-04-21 15-10-40': '/beegfs/data/input/AFXPVMHZ.mp4' start running...
'2024-04-21 15-19-17': '/beegfs/data/input/AFXPVMHZ.mp4' is Done.
'2024-04-21 15-19-17': '/beegfs/data/input/AGAMZCIN.mp4' start running...
'2024-04-21 15-27-52': '/beegfs/data/input/AGAMZCIN.mp4' is Done.
'2024-04-21 15-27-52': '/beegfs/data/input/AGELRXDO.mp4' start running...
'2024-04-21 15-32-31': '/beegfs/data/input/AGELRXDO.mp4' is Done.
'2024-04-21 15-32-31': '/beegfs/data/input/AGFIVTFT.mp4' start running...
'2024-04-21 15-35-51': '/beegfs/data/input/AGFIVTFT.mp4' is Done.
'2024-04-21 15-35-51': '/beegfs/data/input/AGIQNEWB.mp4' start running...
'2024-04-21 15-39-23': '/beegfs/data/input/AGIQNEWB.mp4' is Done.
'2024-04-21 15-39-23': '/beegfs/data/input/AGMMQEWB.mp4' start running...
'2024-04-21 15-41-18': '/beegfs/data/input/AGMMQEWB.mp4' is Done.
'2024-04-21 15-41-18': '/beegfs/data/input/AGONXBRS.mp4' start running...
