'2024-04-20 20-20-38': '/beegfs/data/input/AATWKNPL.mp4' start running...
'2024-04-20 20-22-05': '/beegfs/data/input/AATWKNPL.mp4' is Done.
'2024-04-20 20-22-05': '/beegfs/data/input/AAZYRVEI.mp4' start running...
'2024-04-20 20-24-08': '/beegfs/data/input/AAZYRVEI.mp4' is Done.
'2024-04-20 20-24-08': '/beegfs/data/input/ABFHKIQR.mp4' start running...
'2024-04-20 20-24-55': '/beegfs/data/input/ABFHKIQR.mp4' is Done.
'2024-04-20 20-24-55': '/beegfs/data/input/ABNEANQN.mp4' start running...
'2024-04-20 20-34-38': '/beegfs/data/input/ABNEANQN.mp4' is Done.
'2024-04-20 20-34-38': '/beegfs/data/input/ABRMTNXN.mp4' start running...
'2024-04-20 20-37-39': '/beegfs/data/input/ABRMTNXN.mp4' is Done.
'2024-04-20 20-37-39': '/beegfs/data/input/ACBCHFYS.mp4' start running...
'2024-04-20 20-40-51': '/beegfs/data/input/ACBCHFYS.mp4' is Done.
'2024-04-20 20-40-51': '/beegfs/data/input/ACIOCKOU.mp4' start running...
'2024-04-20 21-04-46': '/beegfs/data/input/ACIOCKOU.mp4' is Done.
'2024-04-20 21-04-46': '/beegfs/data/input/ACSJHYUQ.mp4' start running...
'2024-04-20 21-20-38': '/beegfs/data/input/ABAHPDXI.mp4' start running...
'2024-04-20 21-26-22': '/beegfs/data/input/ABAHPDXI.mp4' is Done.
'2024-04-20 21-26-22': '/beegfs/data/input/ABJYRLSQ.mp4' start running...
'2024-04-20 21-29-20': '/beegfs/data/input/ABJYRLSQ.mp4' is Done.
'2024-04-20 21-29-20': '/beegfs/data/input/ABPPNZQJ.mp4' start running...
'2024-04-20 21-30-46': '/beegfs/data/input/ABPPNZQJ.mp4' is Done.
'2024-04-20 21-30-46': '/beegfs/data/input/ABYRPKOU.mp4' start running...
'2024-04-20 21-36-29': '/beegfs/data/input/ABYRPKOU.mp4' is Done.
'2024-04-20 21-36-29': '/beegfs/data/input/ACFBCJIR.mp4' start running...
'2024-04-20 21-44-39': '/beegfs/data/input/ACFBCJIR.mp4' is Done.
'2024-04-20 21-44-39': '/beegfs/data/input/ACPRKUJL.mp4' start running...
'2024-04-20 21-46-39': '/beegfs/data/input/ACPRKUJL.mp4' is Done.
'2024-04-20 21-46-39': '/beegfs/data/input/ACTNXSOM.mp4' start running...
'2024-04-20 21-55-33': '/beegfs/data/input/ACTNXSOM.mp4' is Done.
'2024-04-20 21-55-33': '/beegfs/data/input/ACYXOMME.mp4' start running...
