'2024-04-20 18-41-56': '/beegfs/data/input/AANKBEOD.mp4' start running...
'2024-04-20 18-45-15': '/beegfs/data/input/AANKBEOD.mp4' is Done.
'2024-04-20 18-45-15': '/beegfs/data/input/AANYAVEI.mp4' start running...
'2024-04-20 18-48-11': '/beegfs/data/input/AABCQPTK.mp4' start running...
'2024-04-20 19-05-04': '/beegfs/data/input/AABCQPTK.mp4' is Done.
'2024-04-20 19-05-04': '/beegfs/data/input/AACXOPTK.mp4' start running...
'2024-04-20 19-35-05': '/beegfs/data/input/AACXOPTK.mp4' is Done.
'2024-04-20 19-35-05': '/beegfs/data/input/AADQRMVW.mp4' start running...
'2024-04-20 19-47-47': '/beegfs/data/input/AADQRMVW.mp4' start running...
'2024-04-20 20-20-38': '/beegfs/data/input/AASSQKOU.mp4' start running...
'2024-04-20 20-50-38': '/beegfs/data/input/AAPREPTK.mp4' start running...
'2024-04-20 21-07-17': '/beegfs/data/input/AAPREPTK.mp4' is Done.
'2024-04-20 21-07-17': '/beegfs/data/input/AATNWZAA.mp4' start running...
'2024-04-20 21-15-23': '/beegfs/data/input/AATNWZAA.mp4' is Done.
'2024-04-20 21-15-23': '/beegfs/data/input/AAVXGHCU.mp4' start running...
'2024-04-20 21-22-30': '/beegfs/data/input/AAVXGHCU.mp4' is Done.
'2024-04-20 21-22-30': '/beegfs/data/input/ABEQANQN.mp4' start running...
'2024-04-20 21-37-11': '/beegfs/data/input/ABAVGVTI.mp4' start running...
'2024-04-20 21-50-35': '/beegfs/data/input/ABAVGVTI.mp4' is Done.
'2024-04-20 21-50-35': '/beegfs/data/input/ABKSHVEI.mp4' start running...
'2024-04-20 21-51-20': '/beegfs/data/input/ABKSHVEI.mp4' is Done.
'2024-04-20 21-51-20': '/beegfs/data/input/ABNXQJVY.mp4' start running...
'2024-04-20 21-53-40': '/beegfs/data/input/ABNXQJVY.mp4' is Done.
'2024-04-20 21-53-40': '/beegfs/data/input/ABSIZKBS.mp4' start running...
'2024-04-20 22-00-06': '/beegfs/data/input/ABSIZKBS.mp4' is Done.
'2024-04-20 22-00-06': '/beegfs/data/input/ABZFVLHH.mp4' start running...
'2024-04-20 22-01-38': '/beegfs/data/input/ABZFVLHH.mp4' is Done.
'2024-04-20 22-01-38': '/beegfs/data/input/ACFCJUPH.mp4' start running...
'2024-04-20 22-03-21': '/beegfs/data/input/ACFCJUPH.mp4' is Done.
'2024-04-20 22-03-21': '/beegfs/data/input/ACMFAXMC.mp4' start running...
'2024-04-20 22-08-35': '/beegfs/data/input/ACMFAXMC.mp4' is Done.
'2024-04-20 22-08-35': '/beegfs/data/input/ACSJZTFT.mp4' start running...
