'2024-04-20 18-27-49': '/beegfs/data/input/AAKLZWUH.mp4' start running...
'2024-04-20 18-30-38': '/beegfs/data/input/AAKLZWUH.mp4' is Done.
'2024-04-20 18-30-38': '/beegfs/data/input/AAKRUPTK.mp4' start running...
'2024-04-20 18-34-08': '/beegfs/data/input/AALMTJBD.mp4' start running...
'2024-04-20 18-36-10': '/beegfs/data/input/AALMTJBD.mp4' is Done.
'2024-04-20 18-36-10': '/beegfs/data/input/AAMFAANS.mp4' start running...
'2024-04-20 18-39-36': '/beegfs/data/input/AAMFAANS.mp4' is Done.
'2024-04-20 18-39-36': '/beegfs/data/input/AAMPDDSN.mp4' start running...
'2024-04-20 18-41-41': '/beegfs/data/input/AAMPDDSN.mp4' is Done.
'2024-04-20 18-41-41': '/beegfs/data/input/AAMTKWMK.mp4' start running...
'2024-04-20 18-48-11': '/beegfs/data/input/ACNCOKRF.mp4' start running...
'2024-04-20 18-59-26': '/beegfs/data/input/ACNCOKRF.mp4' is Done.
'2024-04-20 18-59-26': '/beegfs/data/input/AABKMGHE.mp4' start running...
'2024-04-20 19-02-42': '/beegfs/data/input/AABKMGHE.mp4' is Done.
'2024-04-20 19-02-42': '/beegfs/data/input/AADBUVKA.mp4' start running...
'2024-04-20 19-21-00': '/beegfs/data/input/AADBUVKA.mp4' is Done.
'2024-04-20 19-21-00': '/beegfs/data/input/AAFWRPDI.mp4' start running...
'2024-04-20 20-08-43': '/beegfs/data/input/AAIHFPKK.mp4' start running...
'2024-04-20 20-16-58': '/beegfs/data/input/AAIHFPKK.mp4' is Done.
'2024-04-20 20-16-58': '/beegfs/data/input/AAKRUPTK.mp4' start running...
'2024-04-20 20-36-05': '/beegfs/data/input/AAKRUPTK.mp4' is Done.
'2024-04-20 20-36-05': '/beegfs/data/input/AANKCVEI.mp4' start running...
'2024-04-20 20-47-54': '/beegfs/data/input/AANKCVEI.mp4' is Done.
'2024-04-20 20-47-54': '/beegfs/data/input/AAOYRUDX.mp4' start running...
'2024-04-20 21-07-11': '/beegfs/data/input/AASDYJTR.mp4' start running...
'2024-04-20 21-10-48': '/beegfs/data/input/AASDYJTR.mp4' is Done.
'2024-04-20 21-10-48': '/beegfs/data/input/AAUVWMRN.mp4' start running...
'2024-04-20 21-20-04': '/beegfs/data/input/AAUVWMRN.mp4' is Done.
'2024-04-20 21-20-04': '/beegfs/data/input/AAXVMCGB.mp4' start running...
'2024-04-20 21-22-20': '/beegfs/data/input/AAXVMCGB.mp4' is Done.
'2024-04-20 21-22-20': '/beegfs/data/input/ABATBLHH.mp4' start running...
'2024-04-20 21-27-42': '/beegfs/data/input/ABATBLHH.mp4' is Done.
'2024-04-20 21-27-42': '/beegfs/data/input/ABBTRZQJ.mp4' start running...
'2024-04-20 21-32-50': '/beegfs/data/input/ABBTRZQJ.mp4' is Done.
'2024-04-20 21-32-50': '/beegfs/data/input/ABDNTBQT.mp4' start running...
'2024-04-20 21-35-37': '/beegfs/data/input/ABDNTBQT.mp4' is Done.
'2024-04-20 21-35-37': '/beegfs/data/input/ABGHPMGJ.mp4' start running...
'2024-04-20 21-39-07': '/beegfs/data/input/ABGHPMGJ.mp4' is Done.
'2024-04-20 21-39-07': '/beegfs/data/input/ABKBWVMW.mp4' start running...
'2024-04-21 10-04-53': '/beegfs/data/input/AARMFPTK.mp4' start running...
'2024-04-21 10-11-32': '/beegfs/data/input/AARMFPTK.mp4' start running...
'2024-04-21 10-19-24': '/beegfs/data/input/AADQRMVW.mp4' start running...
'2024-04-21 10-27-28': '/beegfs/data/input/AANYAVEI.mp4' start running...
'2024-04-21 10-30-03': '/beegfs/data/input/AANYAVEI.mp4' is Done.
'2024-04-21 10-30-03': '/beegfs/data/input/AATJYYTZ.mp4' start running...
'2024-04-21 10-43-28': '/beegfs/data/input/AATJYYTZ.mp4' is Done.
'2024-04-21 10-43-28': '/beegfs/data/input/AAUJMBXG.mp4' start running...
'2024-04-21 11-20-29': '/beegfs/data/input/ABBOLTFT.mp4' start running...
'2024-04-21 11-26-58': '/beegfs/data/input/ABBOLTFT.mp4' is Done.
'2024-04-21 11-26-58': '/beegfs/data/input/ABCGQFYY.mp4' start running...
'2024-04-21 11-30-45': '/beegfs/data/input/ABCSJZQJ.mp4' start running...
'2024-04-21 11-33-04': '/beegfs/data/input/ABMEWKRF.mp4' start running...
'2024-04-21 11-36-40': '/beegfs/data/input/ABMEWKRF.mp4' is Done.
'2024-04-21 11-36-40': '/beegfs/data/input/ABNMGXGD.mp4' start running...
'2024-04-21 11-44-15': '/beegfs/data/input/ABNMGXGD.mp4' is Done.
'2024-04-21 11-44-15': '/beegfs/data/input/ABQPRVEI.mp4' start running...
'2024-04-21 11-51-59': '/beegfs/data/input/ABQPRVEI.mp4' is Done.
'2024-04-21 11-51-59': '/beegfs/data/input/ACCDCQWI.mp4' start running...
'2024-04-21 11-53-17': '/beegfs/data/input/ACCDCQWI.mp4' is Done.
'2024-04-21 11-53-17': '/beegfs/data/input/ACIOMPKK.mp4' start running...
'2024-04-21 11-55-07': '/beegfs/data/input/ACIOMPKK.mp4' is Done.
'2024-04-21 11-55-07': '/beegfs/data/input/ACJGHCDA.mp4' start running...
'2024-04-21 11-57-51': '/beegfs/data/input/ACJGHCDA.mp4' is Done.
'2024-04-21 11-57-51': '/beegfs/data/input/ACQEHFPE.mp4' start running...
'2024-04-21 12-06-18': '/beegfs/data/input/ACQEHFPE.mp4' is Done.
'2024-04-21 12-06-19': '/beegfs/data/input/ACQNBEOD.mp4' start running...
'2024-04-21 12-33-18': '/beegfs/data/input/ACSJHYUQ.mp4' start running...
'2024-04-21 12-35-31': '/beegfs/data/input/ACSJHYUQ.mp4' is Done.
'2024-04-21 12-35-31': '/beegfs/data/input/ACZWFFYS.mp4' start running...
'2024-04-21 12-37-48': '/beegfs/data/input/ACZWFFYS.mp4' is Done.
'2024-04-21 12-37-48': '/beegfs/data/input/ADBJMPIF.mp4' start running...
'2024-04-21 12-40-33': '/beegfs/data/input/ADBJMPIF.mp4' is Done.
'2024-04-21 12-40-33': '/beegfs/data/input/ADBULPLS.mp4' start running...
'2024-04-21 12-57-07': '/beegfs/data/input/ADBULPLS.mp4' is Done.
'2024-04-21 12-57-07': '/beegfs/data/input/ADMEMAMC.mp4' start running...
'2024-04-21 13-10-10': '/beegfs/data/input/ADMEMAMC.mp4' is Done.
'2024-04-21 13-10-10': '/beegfs/data/input/ADPAYFXO.mp4' start running...
'2024-04-21 13-12-02': '/beegfs/data/input/ADPAYFXO.mp4' is Done.
'2024-04-21 13-12-02': '/beegfs/data/input/ADPZTMCV.mp4' start running...
'2024-04-21 13-17-32': '/beegfs/data/input/ADPZTMCV.mp4' is Done.
'2024-04-21 13-17-32': '/beegfs/data/input/ADRLLJWU.mp4' start running...
'2024-04-21 13-20-37': '/beegfs/data/input/ADRLLJWU.mp4' is Done.
'2024-04-21 13-20-37': '/beegfs/data/input/ADUJTKPH.mp4' start running...
'2024-04-21 13-23-07': '/beegfs/data/input/ADUJTKPH.mp4' is Done.
'2024-04-21 13-23-07': '/beegfs/data/input/ADWVWELW.mp4' start running...
'2024-04-21 13-30-08': '/beegfs/data/input/ADWVWELW.mp4' is Done.
'2024-04-21 13-30-08': '/beegfs/data/input/AECXTEWB.mp4' start running...
'2024-04-21 13-37-25': '/beegfs/data/input/AECXTEWB.mp4' is Done.
'2024-04-21 13-37-25': '/beegfs/data/input/AEEHNVTT.mp4' start running...
'2024-04-21 13-39-06': '/beegfs/data/input/AEEHNVTT.mp4' is Done.
'2024-04-21 13-39-06': '/beegfs/data/input/AEGXSNQN.mp4' start running...
'2024-04-21 13-40-44': '/beegfs/data/input/AEGXSNQN.mp4' is Done.
'2024-04-21 13-40-44': '/beegfs/data/input/AEHRLGCS.mp4' start running...
'2024-04-21 13-43-41': '/beegfs/data/input/AEHRLGCS.mp4' is Done.
'2024-04-21 13-43-41': '/beegfs/data/input/AELXQBME.mp4' start running...
'2024-04-21 13-44-49': '/beegfs/data/input/AELXQBME.mp4' is Done.
'2024-04-21 13-44-49': '/beegfs/data/input/AEMQIFNJ.mp4' start running...
'2024-04-21 13-47-43': '/beegfs/data/input/AEMQIFNJ.mp4' is Done.
'2024-04-21 13-47-43': '/beegfs/data/input/AENCUXHP.mp4' start running...
'2024-04-21 13-56-17': '/beegfs/data/input/AENCUXHP.mp4' is Done.
'2024-04-21 13-56-17': '/beegfs/data/input/AEQVOUDX.mp4' start running...
'2024-04-21 14-04-20': '/beegfs/data/input/AEQVOUDX.mp4' is Done.
'2024-04-21 14-04-20': '/beegfs/data/input/AEUEWLSQ.mp4' start running...
'2024-04-21 14-08-56': '/beegfs/data/input/AEUEWLSQ.mp4' is Done.
'2024-04-21 14-08-56': '/beegfs/data/input/AEXHEHCU.mp4' start running...
'2024-04-21 14-13-39': '/beegfs/data/input/AEXHEHCU.mp4' is Done.
'2024-04-21 14-13-39': '/beegfs/data/input/AEXZJFFP.mp4' start running...
'2024-04-21 14-16-46': '/beegfs/data/input/AEXZJFFP.mp4' is Done.
'2024-04-21 14-16-46': '/beegfs/data/input/AFDTSGHA.mp4' start running...
'2024-04-21 14-32-21': '/beegfs/data/input/AFDTSGHA.mp4' is Done.
'2024-04-21 14-32-21': '/beegfs/data/input/AFFAVFUG.mp4' start running...
'2024-04-21 14-36-00': '/beegfs/data/input/AFFAVFUG.mp4' is Done.
'2024-04-21 14-36-00': '/beegfs/data/input/AFGHLSEB.mp4' start running...
'2024-04-21 14-48-49': '/beegfs/data/input/AFGHLSEB.mp4' is Done.
'2024-04-21 14-48-49': '/beegfs/data/input/AFMIPZLK.mp4' start running...
'2024-04-21 14-51-52': '/beegfs/data/input/AFMIPZLK.mp4' is Done.
'2024-04-21 14-51-52': '/beegfs/data/input/AFNSKXRE.mp4' start running...
'2024-04-21 14-56-31': '/beegfs/data/input/AFNSKXRE.mp4' is Done.
'2024-04-21 14-56-31': '/beegfs/data/input/AFRUMSEB.mp4' start running...
'2024-04-21 15-04-36': '/beegfs/data/input/AFRUMSEB.mp4' is Done.
'2024-04-21 15-04-36': '/beegfs/data/input/AFVXGCEI.mp4' start running...
'2024-04-21 15-08-37': '/beegfs/data/input/AFVXGCEI.mp4' is Done.
'2024-04-21 15-08-37': '/beegfs/data/input/AFXFUZIE.mp4' start running...
'2024-04-21 15-15-21': '/beegfs/data/input/AFXFUZIE.mp4' is Done.
'2024-04-21 15-15-21': '/beegfs/data/input/AFZHKNQN.mp4' start running...
'2024-04-21 15-23-40': '/beegfs/data/input/AFZHKNQN.mp4' is Done.
'2024-04-21 15-23-40': '/beegfs/data/input/AGBKJUDI.mp4' start running...
'2024-04-21 15-30-09': '/beegfs/data/input/AGBKJUDI.mp4' is Done.
'2024-04-21 15-30-09': '/beegfs/data/input/AGEUEZQJ.mp4' start running...
'2024-04-21 15-32-32': '/beegfs/data/input/AGEUEZQJ.mp4' is Done.
'2024-04-21 15-32-32': '/beegfs/data/input/AGHBWIFB.mp4' start running...
'2024-04-21 15-36-23': '/beegfs/data/input/AGHBWIFB.mp4' is Done.
'2024-04-21 15-36-23': '/beegfs/data/input/AGJKWLSQ.mp4' start running...
'2024-04-21 15-39-27': '/beegfs/data/input/AGJKWLSQ.mp4' is Done.
'2024-04-21 15-39-27': '/beegfs/data/input/AGNEFGHA.mp4' start running...
'2024-04-21 15-44-06': '/beegfs/data/input/AGNEFGHA.mp4' is Done.
'2024-04-21 15-44-06': '/beegfs/data/input/AGONXBRS.mp4' start running...
'2024-04-21 15-56-51': '/beegfs/data/input/AGONXBRS.mp4' is Done.
'2024-04-21 15-56-51': '/beegfs/data/input/AGUBBQTX.mp4' start running...
'2024-04-21 15-58-18': '/beegfs/data/input/AGUBBQTX.mp4' is Done.
'2024-04-21 15-58-18': '/beegfs/data/input/AGUSZKOU.mp4' start running...
'2024-04-21 16-00-57': '/beegfs/data/input/AGUSZKOU.mp4' is Done.
'2024-04-21 16-00-57': '/beegfs/data/input/AGXWTXGD.mp4' start running...
'2024-04-21 16-05-29': '/beegfs/data/input/AGXWTXGD.mp4' is Done.
'2024-04-21 16-05-29': '/beegfs/data/input/AGYAXFXO.mp4' start running...
'2024-04-21 16-13-15': '/beegfs/data/input/AGYAXFXO.mp4' is Done.
'2024-04-21 16-13-15': '/beegfs/data/input/AHACLXHP.mp4' start running...
'2024-04-21 16-19-50': '/beegfs/data/input/AHACLXHP.mp4' is Done.
'2024-04-21 16-19-50': '/beegfs/data/input/AHBIWVEI.mp4' start running...
'2024-04-21 16-24-11': '/beegfs/data/input/AHBIWVEI.mp4' is Done.
'2024-04-21 16-24-11': '/beegfs/data/input/AHCNIRAC.mp4' start running...
'2024-04-21 16-25-37': '/beegfs/data/input/AHCNIRAC.mp4' is Done.
'2024-04-21 16-25-37': '/beegfs/data/input/AHCSFPKK.mp4' start running...
'2024-04-21 16-30-55': '/beegfs/data/input/AHCSFPKK.mp4' is Done.
'2024-04-21 16-30-55': '/beegfs/data/input/AHDZVGBP.mp4' start running...
'2024-04-21 16-35-03': '/beegfs/data/input/AHDZVGBP.mp4' is Done.
'2024-04-21 16-35-03': '/beegfs/data/input/AHENPRHW.mp4' start running...
'2024-04-21 16-39-46': '/beegfs/data/input/AHENPRHW.mp4' is Done.
'2024-04-21 16-39-46': '/beegfs/data/input/AHFKPZJZ.mp4' start running...
'2024-04-21 16-43-25': '/beegfs/data/input/AHFKPZJZ.mp4' is Done.
'2024-04-21 16-43-25': '/beegfs/data/input/AHFUXMHZ.mp4' start running...
'2024-04-21 16-46-48': '/beegfs/data/input/AHFUXMHZ.mp4' is Done.
'2024-04-21 16-46-48': '/beegfs/data/input/AHIKOUDI.mp4' start running...
'2024-04-21 16-52-39': '/beegfs/data/input/AHIKOUDI.mp4' is Done.
'2024-04-21 16-52-39': '/beegfs/data/input/AHJRRLHH.mp4' start running...
'2024-04-21 16-54-04': '/beegfs/data/input/AHJRRLHH.mp4' is Done.
'2024-04-21 16-54-04': '/beegfs/data/input/AHJSFBLQ.mp4' start running...
'2024-04-21 16-57-04': '/beegfs/data/input/AHJSFBLQ.mp4' is Done.
'2024-04-21 16-57-04': '/beegfs/data/input/AHLJNIBW.mp4' start running...
'2024-04-21 17-02-33': '/beegfs/data/input/AHLJNIBW.mp4' is Done.
'2024-04-21 17-02-33': '/beegfs/data/input/AHLRWAFG.mp4' start running...
'2024-04-21 17-06-46': '/beegfs/data/input/AHLRWAFG.mp4' is Done.
'2024-04-21 17-06-46': '/beegfs/data/input/AHPOCLSQ.mp4' start running...
'2024-04-21 17-10-42': '/beegfs/data/input/AHPOCLSQ.mp4' is Done.
'2024-04-21 17-10-42': '/beegfs/data/input/AHPRXAMC.mp4' start running...
'2024-04-21 17-13-03': '/beegfs/data/input/AHPRXAMC.mp4' is Done.
'2024-04-21 17-13-03': '/beegfs/data/input/AHRGCMVW.mp4' start running...
'2024-04-21 17-24-05': '/beegfs/data/input/AHRGCMVW.mp4' is Done.
'2024-04-21 17-24-05': '/beegfs/data/input/AHTOSBXG.mp4' start running...
'2024-04-21 17-29-59': '/beegfs/data/input/AHTOSBXG.mp4' is Done.
'2024-04-21 17-29-59': '/beegfs/data/input/AHVHFUDI.mp4' start running...
'2024-04-21 17-37-15': '/beegfs/data/input/AHVHFUDI.mp4' is Done.
'2024-04-21 17-37-15': '/beegfs/data/input/AHYCBXGD.mp4' start running...
'2024-04-21 17-44-55': '/beegfs/data/input/AHYCBXGD.mp4' is Done.
'2024-04-21 17-44-55': '/beegfs/data/input/AIBKJAHW.mp4' start running...
'2024-04-21 17-47-44': '/beegfs/data/input/AIBKJAHW.mp4' is Done.
'2024-04-21 17-47-44': '/beegfs/data/input/AIBLWPKK.mp4' start running...
'2024-04-21 17-52-06': '/beegfs/data/input/AIBLWPKK.mp4' is Done.
'2024-04-21 17-52-06': '/beegfs/data/input/AICZZVMW.mp4' start running...
'2024-04-21 17-53-58': '/beegfs/data/input/AICZZVMW.mp4' is Done.
'2024-04-21 17-53-58': '/beegfs/data/input/AIDHHXSF.mp4' start running...
'2024-04-21 18-02-42': '/beegfs/data/input/AIDHHXSF.mp4' is Done.
'2024-04-21 18-02-42': '/beegfs/data/input/AIFRKUPH.mp4' start running...
'2024-04-21 18-06-31': '/beegfs/data/input/AIFRKUPH.mp4' is Done.
'2024-04-21 18-06-31': '/beegfs/data/input/AIGJHVEI.mp4' start running...
'2024-04-21 18-19-14': '/beegfs/data/input/AIGJHVEI.mp4' is Done.
'2024-04-21 18-19-14': '/beegfs/data/input/AINMFXDO.mp4' start running...
'2024-04-21 18-24-02': '/beegfs/data/input/AINMFXDO.mp4' is Done.
'2024-04-21 18-24-02': '/beegfs/data/input/AIRMQDAL.mp4' start running...
'2024-04-21 18-28-02': '/beegfs/data/input/AIRMQDAL.mp4' is Done.
'2024-04-21 18-28-02': '/beegfs/data/input/AISRZVDY.mp4' start running...
'2024-04-21 18-33-29': '/beegfs/data/input/AISRZVDY.mp4' is Done.
'2024-04-21 18-33-29': '/beegfs/data/input/AIVNTSBA.mp4' start running...
'2024-04-21 18-37-02': '/beegfs/data/input/AIVNTSBA.mp4' is Done.
'2024-04-21 18-37-02': '/beegfs/data/input/AIWNNLBD.mp4' start running...
'2024-04-21 18-42-17': '/beegfs/data/input/AIWNNLBD.mp4' is Done.
'2024-04-21 18-42-17': '/beegfs/data/input/AIZUOZTV.mp4' start running...
'2024-04-21 18-44-06': '/beegfs/data/input/AIZUOZTV.mp4' is Done.
'2024-04-21 18-44-06': '/beegfs/data/input/AJCINFGA.mp4' start running...
'2024-04-21 18-51-35': '/beegfs/data/input/AJCINFGA.mp4' is Done.
'2024-04-21 18-51-35': '/beegfs/data/input/AJDLXVEI.mp4' start running...
'2024-04-21 18-58-11': '/beegfs/data/input/AJDLXVEI.mp4' is Done.
'2024-04-21 18-58-11': '/beegfs/data/input/AJGNNPKL.mp4' start running...
'2024-04-21 19-05-12': '/beegfs/data/input/AJGNNPKL.mp4' is Done.
'2024-04-21 19-05-12': '/beegfs/data/input/AJHTPBRS.mp4' start running...
'2024-04-21 19-07-16': '/beegfs/data/input/AJHTPBRS.mp4' is Done.
'2024-04-21 19-07-16': '/beegfs/data/input/AJJIGEOD.mp4' start running...
'2024-04-21 19-11-19': '/beegfs/data/input/AJJIGEOD.mp4' is Done.
'2024-04-21 19-11-19': '/beegfs/data/input/AJKYFUIV.mp4' start running...
'2024-04-21 19-20-00': '/beegfs/data/input/AJKYFUIV.mp4' is Done.
'2024-04-21 19-20-00': '/beegfs/data/input/AJRRBKGZ.mp4' start running...
'2024-04-21 19-23-49': '/beegfs/data/input/AJRRBKGZ.mp4' is Done.
'2024-04-21 19-23-49': '/beegfs/data/input/AJTCMDFC.mp4' start running...
'2024-04-21 19-27-55': '/beegfs/data/input/AJTCMDFC.mp4' is Done.
'2024-04-21 19-27-55': '/beegfs/data/input/AJWBBZJZ.mp4' start running...
