'2024-04-20 18-41-56': '/beegfs/data/input/AANITSEB.mp4' start running...
'2024-04-20 18-48-11': '/beegfs/data/input/AAAUILHH.mp4' start running...
'2024-04-20 18-58-47': '/beegfs/data/input/AAAUILHH.mp4' is Done.
'2024-04-20 18-58-47': '/beegfs/data/input/AACKOHGA.mp4' start running...
'2024-04-20 19-05-10': '/beegfs/data/input/AACKOHGA.mp4' is Done.
'2024-04-20 19-05-10': '/beegfs/data/input/AADMQVEI.mp4' start running...
'2024-04-20 19-08-33': '/beegfs/data/input/AADMQVEI.mp4' is Done.
'2024-04-20 19-08-33': '/beegfs/data/input/AAGLKRME.mp4' start running...
'2024-04-20 19-11-06': '/beegfs/data/input/AAGLKRME.mp4' is Done.
'2024-04-20 19-11-06': '/beegfs/data/input/AAITVVEI.mp4' start running...
'2024-04-20 19-12-48': '/beegfs/data/input/AAITVVEI.mp4' is Done.
'2024-04-20 19-12-48': '/beegfs/data/input/AAMTKWMK.mp4' start running...
'2024-04-20 19-14-07': '/beegfs/data/input/AAMTKWMK.mp4' is Done.
'2024-04-20 19-14-07': '/beegfs/data/input/AANVVUPH.mp4' start running...
'2024-04-20 19-15-58': '/beegfs/data/input/AANVVUPH.mp4' is Done.
'2024-04-20 19-15-58': '/beegfs/data/input/AAOZGQFB.mp4' start running...
'2024-04-20 19-16-52': '/beegfs/data/input/AAOZGQFB.mp4' is Done.
'2024-04-20 19-16-52': '/beegfs/data/input/AAQPAHFB.mp4' start running...
'2024-04-20 19-31-58': '/beegfs/data/input/AAQPAHFB.mp4' is Done.
'2024-04-20 19-31-58': '/beegfs/data/input/AASSQKOU.mp4' start running...
'2024-04-20 20-08-43': '/beegfs/data/input/AAFWRPDI.mp4' start running...
'2024-04-20 20-13-20': '/beegfs/data/input/AAFWRPDI.mp4' is Done.
'2024-04-20 20-13-20': '/beegfs/data/input/AAJNFNXN.mp4' start running...
'2024-04-20 20-16-53': '/beegfs/data/input/AAJNFNXN.mp4' is Done.
'2024-04-20 20-16-53': '/beegfs/data/input/AAMXFEOD.mp4' start running...
'2024-04-20 20-20-34': '/beegfs/data/input/AAMXFEOD.mp4' is Done.
'2024-04-20 20-20-34': '/beegfs/data/input/AANYAVEI.mp4' start running...
'2024-04-20 20-38-43': '/beegfs/data/input/AAQNNZGK.mp4' start running...
'2024-04-20 20-46-01': '/beegfs/data/input/AAQNNZGK.mp4' is Done.
'2024-04-20 20-46-01': '/beegfs/data/input/AAUQSVYU.mp4' start running...
'2024-04-20 20-53-49': '/beegfs/data/input/AAUQSVYU.mp4' is Done.
'2024-04-20 20-53-49': '/beegfs/data/input/AAWXPNQN.mp4' start running...
'2024-04-20 20-55-29': '/beegfs/data/input/AAWXPNQN.mp4' is Done.
'2024-04-20 20-55-29': '/beegfs/data/input/ABAJFAMC.mp4' start running...
'2024-04-20 21-07-08': '/beegfs/data/input/ABAJFAMC.mp4' is Done.
'2024-04-20 21-07-08': '/beegfs/data/input/ABCSJZQJ.mp4' start running...
'2024-04-20 21-20-38': '/beegfs/data/input/AAWJEBGU.mp4' start running...
'2024-04-20 21-25-34': '/beegfs/data/input/AAWJEBGU.mp4' is Done.
'2024-04-20 21-25-34': '/beegfs/data/input/ABFNIQRD.mp4' start running...
'2024-04-20 21-31-35': '/beegfs/data/input/ABFNIQRD.mp4' is Done.
'2024-04-20 21-31-35': '/beegfs/data/input/ABPGSMVW.mp4' start running...
'2024-04-20 22-14-44': '/beegfs/data/input/ABPGSMVW.mp4' is Done.
'2024-04-20 22-14-44': '/beegfs/data/input/ABUHYUFF.mp4' start running...
