'2024-04-22 20-50-52': 'AADGMXRE.mp4' start running wildlife model...
'2024-04-22 20-54-08': 'AADGMXRE.mp4' completed wildlife model, starting deeplabcut...
'2024-04-22 20-54-18': 'AADGMXRE.mp4' is Done.
'2024-04-22 20-54-18': 'AAFWRPDI.mp4' start running wildlife model...
'2024-04-22 20-57-01': 'AAFWRPDI.mp4' completed wildlife model, starting deeplabcut...
'2024-04-22 20-57-10': 'AAFWRPDI.mp4' is Done.
'2024-04-22 20-57-10': 'AAITVVEI.mp4' start running wildlife model...
'2024-04-22 20-58-03': 'AAITVVEI.mp4' completed wildlife model, starting deeplabcut...
'2024-04-22 20-58-12': 'AAITVVEI.mp4' is Done.
'2024-04-22 20-58-12': 'AAKLZWUH.mp4' start running wildlife model...
'2024-04-22 20-59-49': 'AAKLZWUH.mp4' completed wildlife model, starting deeplabcut...
'2024-04-22 20-59-59': 'AAKLZWUH.mp4' is Done.
'2024-04-22 20-59-59': 'AAMFAANS.mp4' start running wildlife model...
'2024-04-22 21-02-00': 'AAMFAANS.mp4' completed wildlife model, starting deeplabcut...
'2024-04-22 21-02-09': 'AAMFAANS.mp4' is Done.
'2024-04-22 21-02-09': 'AANKCVEI.mp4' start running wildlife model...
'2024-04-22 21-09-02': 'AANKCVEI.mp4' completed wildlife model, starting deeplabcut...
'2024-04-22 21-09-12': 'AANKCVEI.mp4' is Done.
'2024-04-22 21-09-12': 'AARQKGQD.mp4' start running wildlife model...
'2024-04-22 21-13-07': 'AARQKGQD.mp4' completed wildlife model, starting deeplabcut...
'2024-04-22 21-13-16': 'AARQKGQD.mp4' is Done.
'2024-04-22 21-13-16': 'AAUVWMRN.mp4' start running wildlife model...
'2024-04-22 21-18-36': 'AAUVWMRN.mp4' completed wildlife model, starting deeplabcut...
'2024-04-22 21-18-45': 'AAUVWMRN.mp4' is Done.
'2024-04-22 21-18-45': 'ABATBLHH.mp4' start running wildlife model...
'2024-04-22 21-21-54': 'ABATBLHH.mp4' completed wildlife model, starting deeplabcut...
'2024-04-22 21-22-03': 'ABATBLHH.mp4' is Done.
'2024-04-22 21-22-03': 'ABEQANQN.mp4' start running wildlife model...
'2024-04-22 21-23-54': 'ABEQANQN.mp4' completed wildlife model, starting deeplabcut...
'2024-04-22 21-24-03': 'ABEQANQN.mp4' is Done.
'2024-04-22 21-24-03': 'ABKSHVEI.mp4' start running wildlife model...
'2024-04-22 21-24-24': 'ABKSHVEI.mp4' completed wildlife model, starting deeplabcut...
'2024-04-22 21-24-32': 'ABKSHVEI.mp4' is Done.
'2024-04-22 21-24-32': 'ABMEWKRF.mp4' start running wildlife model...
'2024-04-22 21-26-36': 'ABMEWKRF.mp4' completed wildlife model, starting deeplabcut...
'2024-04-22 21-26-45': 'ABMEWKRF.mp4' is Done.
'2024-04-22 21-26-45': 'ABNXQJVY.mp4' start running wildlife model...
'2024-04-22 21-27-57': 'ABNXQJVY.mp4' completed wildlife model, starting deeplabcut...
'2024-04-22 21-28-06': 'ABNXQJVY.mp4' is Done.
'2024-04-22 21-28-06': 'ABPLMUPH.mp4' start running wildlife model...
'2024-04-22 21-30-37': 'ABPLMUPH.mp4' completed wildlife model, starting deeplabcut...
'2024-04-22 21-30-46': 'ABPLMUPH.mp4' is Done.
'2024-04-22 21-30-46': 'ABPUQFGA.mp4' start running wildlife model...
'2024-04-22 21-31-25': 'ABPUQFGA.mp4' completed wildlife model, starting deeplabcut...
'2024-04-22 21-31-35': 'ABPUQFGA.mp4' is Done.
'2024-04-22 21-31-35': 'ABSIZKBS.mp4' start running wildlife model...
'2024-04-22 21-35-24': 'ABSIZKBS.mp4' completed wildlife model, starting deeplabcut...
'2024-04-22 21-35-33': 'ABSIZKBS.mp4' is Done.
'2024-04-22 21-35-33': 'ABZFVLHH.mp4' start running wildlife model...
'2024-04-22 21-36-19': 'ABZFVLHH.mp4' completed wildlife model, starting deeplabcut...
'2024-04-22 21-36-29': 'ABZFVLHH.mp4' is Done.
'2024-04-22 21-36-29': 'ACBCHFYS.mp4' start running wildlife model...
'2024-04-22 21-39-49': 'ACBCHFYS.mp4' completed wildlife model, starting deeplabcut...
'2024-04-22 21-39-58': 'ACBCHFYS.mp4' is Done.
'2024-04-22 21-39-58': 'ACFCJUPH.mp4' start running wildlife model...
'2024-04-22 21-40-51': 'ACFCJUPH.mp4' completed wildlife model, starting deeplabcut...
'2024-04-22 21-40-59': 'ACFCJUPH.mp4' is Done.
'2024-04-22 21-40-59': 'ACGRJOOZ.mp4' start running wildlife model...
'2024-04-22 21-45-15': 'ACGRJOOZ.mp4' completed wildlife model, starting deeplabcut...
'2024-04-22 21-45-25': 'ACGRJOOZ.mp4' is Done.
'2024-04-22 21-45-25': 'ACNTCVEI.mp4' start running wildlife model...
'2024-04-22 21-47-50': 'ACNTCVEI.mp4' completed wildlife model, starting deeplabcut...
'2024-04-22 21-47-59': 'ACNTCVEI.mp4' is Done.
'2024-04-22 21-47-59': 'ACQFUVKA.mp4' start running wildlife model...
'2024-04-22 21-51-52': 'ACQFUVKA.mp4' completed wildlife model, starting deeplabcut...
'2024-04-22 21-52-01': 'ACQFUVKA.mp4' is Done.
'2024-04-22 21-52-01': 'ACVTNHCU.mp4' start running wildlife model...
'2024-04-22 21-52-40': 'ACVTNHCU.mp4' completed wildlife model, starting deeplabcut...
'2024-04-22 21-52-49': 'ACVTNHCU.mp4' is Done.
'2024-04-22 21-52-49': 'ACZJMJIR.mp4' start running wildlife model...
'2024-04-22 21-56-18': 'ACZJMJIR.mp4' completed wildlife model, starting deeplabcut...
'2024-04-22 21-56-27': 'ACZJMJIR.mp4' is Done.
'2024-04-22 21-56-27': 'ADBULPLS.mp4' start running wildlife model...
'2024-04-22 22-06-37': 'ADBULPLS.mp4' completed wildlife model, starting deeplabcut...
'2024-04-22 22-06-46': 'ADBULPLS.mp4' is Done.
'2024-04-22 22-06-46': 'ADPMWRAC.mp4' start running wildlife model...
'2024-04-22 22-07-27': 'ADPMWRAC.mp4' completed wildlife model, starting deeplabcut...
'2024-04-22 22-07-36': 'ADPMWRAC.mp4' is Done.
'2024-04-22 22-07-36': 'ADQKWFKM.mp4' start running wildlife model...
'2024-04-22 22-11-04': 'ADQKWFKM.mp4' completed wildlife model, starting deeplabcut...
'2024-04-22 22-11-13': 'ADQKWFKM.mp4' is Done.
'2024-04-22 22-11-13': 'ADUQOXDO.mp4' start running wildlife model...
'2024-04-22 22-12-28': 'ADUQOXDO.mp4' completed wildlife model, starting deeplabcut...
'2024-04-22 22-12-38': 'ADUQOXDO.mp4' is Done.
'2024-04-22 22-12-38': 'ADYEAELW.mp4' start running wildlife model...
'2024-04-22 22-13-41': 'ADYEAELW.mp4' completed wildlife model, starting deeplabcut...
'2024-04-22 22-13-50': 'ADYEAELW.mp4' is Done.
'2024-04-22 22-13-50': 'AECXTEWB.mp4' start running wildlife model...
'2024-04-22 22-17-58': 'AECXTEWB.mp4' completed wildlife model, starting deeplabcut...
'2024-04-22 22-18-07': 'AECXTEWB.mp4' is Done.
'2024-04-22 22-18-07': 'AEGVDREH.mp4' start running wildlife model...
'2024-04-22 22-19-03': 'AEGVDREH.mp4' completed wildlife model, starting deeplabcut...
'2024-04-22 22-19-12': 'AEGVDREH.mp4' is Done.
'2024-04-22 22-19-12': 'AEKIJVEI.mp4' start running wildlife model...
'2024-04-22 22-22-08': 'AEKIJVEI.mp4' completed wildlife model, starting deeplabcut...
'2024-04-22 22-22-17': 'AEKIJVEI.mp4' is Done.
'2024-04-22 22-22-17': 'AEPEDVEI.mp4' start running wildlife model...
'2024-04-22 22-26-05': 'AEPEDVEI.mp4' completed wildlife model, starting deeplabcut...
'2024-04-22 22-26-14': 'AEPEDVEI.mp4' is Done.
'2024-04-22 22-26-14': 'AERZRNQN.mp4' start running wildlife model...
'2024-04-22 22-34-38': 'AERZRNQN.mp4' completed wildlife model, starting deeplabcut...
'2024-04-22 22-34-47': 'AERZRNQN.mp4' is Done.
'2024-04-22 22-34-47': 'AFDTSGHA.mp4' start running wildlife model...
'2024-04-22 22-43-36': 'AFDTSGHA.mp4' completed wildlife model, starting deeplabcut...
'2024-04-22 22-43-45': 'AFDTSGHA.mp4' is Done.
'2024-04-22 22-43-45': 'AFJRQCIW.mp4' start running wildlife model...
'2024-04-22 22-45-18': 'AFJRQCIW.mp4' completed wildlife model, starting deeplabcut...
'2024-04-22 22-45-28': 'AFJRQCIW.mp4' is Done.
'2024-04-22 22-45-28': 'AFLSGLDC.mp4' start running wildlife model...
'2024-04-22 22-50-32': 'AFLSGLDC.mp4' completed wildlife model, starting deeplabcut...
'2024-04-22 22-50-41': 'AFLSGLDC.mp4' is Done.
'2024-04-22 22-50-41': 'AFTOBFGA.mp4' start running wildlife model...
'2024-04-22 22-53-37': 'AFTOBFGA.mp4' completed wildlife model, starting deeplabcut...
'2024-04-22 22-53-46': 'AFTOBFGA.mp4' is Done.
'2024-04-22 22-53-46': 'AFWFCDAL.mp4' start running wildlife model...
'2024-04-22 22-56-04': 'AFWFCDAL.mp4' completed wildlife model, starting deeplabcut...
'2024-04-22 22-56-13': 'AFWFCDAL.mp4' is Done.
'2024-04-22 22-56-13': 'AFZHKNQN.mp4' start running wildlife model...
'2024-04-22 23-00-37': 'AFZHKNQN.mp4' completed wildlife model, starting deeplabcut...
'2024-04-22 23-00-47': 'AFZHKNQN.mp4' is Done.
'2024-04-22 23-00-47': 'AGBKJUDI.mp4' start running wildlife model...
'2024-04-22 23-04-30': 'AGBKJUDI.mp4' completed wildlife model, starting deeplabcut...
'2024-04-22 23-04-39': 'AGBKJUDI.mp4' is Done.
'2024-04-22 23-04-39': 'AGILRCNX.mp4' start running wildlife model...
'2024-04-22 23-06-51': 'AGILRCNX.mp4' completed wildlife model, starting deeplabcut...
'2024-04-22 23-07-00': 'AGILRCNX.mp4' is Done.
'2024-04-22 23-07-00': 'AGMMQEWB.mp4' start running wildlife model...
'2024-04-22 23-08-02': 'AGMMQEWB.mp4' completed wildlife model, starting deeplabcut...
'2024-04-22 23-08-11': 'AGMMQEWB.mp4' is Done.
'2024-04-22 23-08-11': 'AGONXBRS.mp4' start running wildlife model...
'2024-04-22 23-15-17': 'AGONXBRS.mp4' completed wildlife model, starting deeplabcut...
'2024-04-22 23-15-26': 'AGONXBRS.mp4' is Done.
'2024-04-22 23-15-26': 'AGYDGLSQ.mp4' start running wildlife model...
'2024-04-22 23-17-54': 'AGYDGLSQ.mp4' completed wildlife model, starting deeplabcut...
'2024-04-22 23-18-03': 'AGYDGLSQ.mp4' is Done.
'2024-04-22 23-18-03': 'AHAEZVYU.mp4' start running wildlife model...
'2024-04-22 23-22-24': 'AHAEZVYU.mp4' completed wildlife model, starting deeplabcut...
'2024-04-22 23-22-33': 'AHAEZVYU.mp4' is Done.
'2024-04-22 23-22-33': 'AHDZVGBP.mp4' start running wildlife model...
'2024-04-22 23-24-55': 'AHDZVGBP.mp4' completed wildlife model, starting deeplabcut...
'2024-04-22 23-25-04': 'AHDZVGBP.mp4' is Done.
'2024-04-22 23-25-04': 'AHFKPZJZ.mp4' start running wildlife model...
'2024-04-22 23-27-07': 'AHFKPZJZ.mp4' completed wildlife model, starting deeplabcut...
'2024-04-22 23-27-16': 'AHFKPZJZ.mp4' is Done.
'2024-04-22 23-27-16': 'AHINQUJL.mp4' start running wildlife model...
'2024-04-22 23-28-44': 'AHINQUJL.mp4' completed wildlife model, starting deeplabcut...
'2024-04-22 23-28-53': 'AHINQUJL.mp4' is Done.
'2024-04-22 23-28-53': 'AHJRRLHH.mp4' start running wildlife model...
'2024-04-22 23-29-37': 'AHJRRLHH.mp4' completed wildlife model, starting deeplabcut...
'2024-04-22 23-29-46': 'AHJRRLHH.mp4' is Done.
'2024-04-22 23-29-46': 'AHKLQIKV.mp4' start running wildlife model...
'2024-04-22 23-31-48': 'AHKLQIKV.mp4' completed wildlife model, starting deeplabcut...
'2024-04-22 23-31-57': 'AHKLQIKV.mp4' is Done.
'2024-04-22 23-31-57': 'AHLRWAFG.mp4' start running wildlife model...
'2024-04-22 23-34-28': 'AHLRWAFG.mp4' completed wildlife model, starting deeplabcut...
'2024-04-22 23-34-38': 'AHLRWAFG.mp4' is Done.
'2024-04-22 23-34-38': 'AHPRXAMC.mp4' start running wildlife model...
'2024-04-22 23-35-59': 'AHPRXAMC.mp4' completed wildlife model, starting deeplabcut...
'2024-04-22 23-36-08': 'AHPRXAMC.mp4' is Done.
'2024-04-22 23-36-08': 'AHRJAPTK.mp4' start running wildlife model...
'2024-04-22 23-37-58': 'AHRJAPTK.mp4' completed wildlife model, starting deeplabcut...
'2024-04-22 23-38-07': 'AHRJAPTK.mp4' is Done.
'2024-04-22 23-38-07': 'AHTIACIW.mp4' start running wildlife model...
'2024-04-22 23-39-35': 'AHTIACIW.mp4' completed wildlife model, starting deeplabcut...
'2024-04-22 23-39-44': 'AHTIACIW.mp4' is Done.
'2024-04-22 23-39-44': 'AHUVVXDO.mp4' start running wildlife model...
'2024-04-22 23-40-12': 'AHUVVXDO.mp4' completed wildlife model, starting deeplabcut...
'2024-04-22 23-40-21': 'AHUVVXDO.mp4' is Done.
'2024-04-22 23-40-21': 'AHVHFUDI.mp4' start running wildlife model...
'2024-04-22 23-44-43': 'AHVHFUDI.mp4' completed wildlife model, starting deeplabcut...
'2024-04-22 23-44-52': 'AHVHFUDI.mp4' is Done.
'2024-04-22 23-44-52': 'AHZPDHVR.mp4' start running wildlife model...
'2024-04-22 23-49-07': 'AHZPDHVR.mp4' completed wildlife model, starting deeplabcut...
'2024-04-22 23-49-16': 'AHZPDHVR.mp4' is Done.
'2024-04-22 23-49-16': 'AIEXAFXO.mp4' start running wildlife model...
'2024-04-22 23-53-18': 'AIEXAFXO.mp4' completed wildlife model, starting deeplabcut...
'2024-04-22 23-53-27': 'AIEXAFXO.mp4' is Done.
'2024-04-22 23-53-27': 'AIJZSTFT.mp4' start running wildlife model...
'2024-04-22 23-56-01': 'AIJZSTFT.mp4' completed wildlife model, starting deeplabcut...
'2024-04-22 23-56-10': 'AIJZSTFT.mp4' is Done.
'2024-04-22 23-56-10': 'AIPLDNQN.mp4' start running wildlife model...
'2024-04-22 23-58-31': 'AIPLDNQN.mp4' completed wildlife model, starting deeplabcut...
'2024-04-22 23-58-40': 'AIPLDNQN.mp4' is Done.
'2024-04-22 23-58-40': 'AISKSLSQ.mp4' start running wildlife model...
'2024-04-22 23-59-38': 'AISKSLSQ.mp4' completed wildlife model, starting deeplabcut...
'2024-04-22 23-59-47': 'AISKSLSQ.mp4' is Done.
'2024-04-22 23-59-47': 'AIVEHTFT.mp4' start running wildlife model...
'2024-04-23 00-07-38': 'AIVEHTFT.mp4' completed wildlife model, starting deeplabcut...
'2024-04-23 00-07-47': 'AIVEHTFT.mp4' is Done.
'2024-04-23 00-07-47': 'AJHSNBXG.mp4' start running wildlife model...
'2024-04-23 00-10-42': 'AJHSNBXG.mp4' completed wildlife model, starting deeplabcut...
'2024-04-23 00-10-51': 'AJHSNBXG.mp4' is Done.
'2024-04-23 00-10-51': 'AJJIGEOD.mp4' start running wildlife model...
'2024-04-23 00-13-14': 'AJJIGEOD.mp4' completed wildlife model, starting deeplabcut...
'2024-04-23 00-13-23': 'AJJIGEOD.mp4' is Done.
'2024-04-23 00-13-23': 'AJPSFCIW.mp4' start running wildlife model...
'2024-04-23 00-16-33': 'AJPSFCIW.mp4' completed wildlife model, starting deeplabcut...
'2024-04-23 00-16-43': 'AJPSFCIW.mp4' is Done.
'2024-04-23 00-16-43': 'AJVINYTZ.mp4' start running wildlife model...
'2024-04-23 00-21-04': 'AJVINYTZ.mp4' completed wildlife model, starting deeplabcut...
'2024-04-23 00-21-13': 'AJVINYTZ.mp4' is Done.
'2024-04-23 00-21-13': 'AJYLCSOM.mp4' start running wildlife model...
'2024-04-23 00-27-53': 'AJYLCSOM.mp4' completed wildlife model, starting deeplabcut...
'2024-04-23 00-28-00': 'AJYLCSOM.mp4' is Done.
'2024-04-23 08-27-12': 'BANFWEQQ.mp4' start running wildlife model...
'2024-04-23 08-30-02': 'BANFWEQQ.mp4' completed wildlife model, starting deeplabcut...
'2024-04-23 08-32-02': 'BANFWEQQ.mp4' is Done.
'2024-04-23 08-32-02': 'BAQDBDKB.mp4' start running wildlife model...
'2024-04-23 08-32-43': 'BAQDBDKB.mp4' completed wildlife model, starting deeplabcut...
'2024-04-23 08-33-18': 'BAQDBDKB.mp4' is Done.
'2024-04-23 08-33-18': 'BAQMHVKA.mp4' start running wildlife model...
'2024-04-23 08-43-27': 'BAQMHVKA.mp4' completed wildlife model, starting deeplabcut...
'2024-04-23 08-50-32': 'BAQMHVKA.mp4' is Done.
'2024-04-23 08-50-32': 'BBECHBQT.mp4' start running wildlife model...
'2024-04-23 08-54-52': 'BBECHBQT.mp4' completed wildlife model, starting deeplabcut...
'2024-04-23 08-57-46': 'BBECHBQT.mp4' is Done.
'2024-04-23 08-57-46': 'BBMBDJNO.mp4' start running wildlife model...
'2024-04-23 09-00-29': 'BBMBDJNO.mp4' completed wildlife model, starting deeplabcut...
'2024-04-23 09-02-28': 'BBMBDJNO.mp4' is Done.
'2024-04-23 09-02-28': 'BBUKZTHG.mp4' start running wildlife model...
'2024-04-23 09-06-40': 'BBUKZTHG.mp4' completed wildlife model, starting deeplabcut...
'2024-04-23 09-09-31': 'BBUKZTHG.mp4' is Done.
'2024-04-23 09-09-31': 'BBZKPFGA.mp4' start running wildlife model...
'2024-04-23 09-11-39': 'BBZKPFGA.mp4' completed wildlife model, starting deeplabcut...
'2024-04-23 09-13-10': 'BBZKPFGA.mp4' is Done.
'2024-04-23 09-13-10': 'BCEIVXGD.mp4' start running wildlife model...
'2024-04-23 09-14-51': 'BCEIVXGD.mp4' completed wildlife model, starting deeplabcut...
'2024-04-23 09-16-05': 'BCEIVXGD.mp4' is Done.
'2024-04-23 09-16-05': 'BCGVSCPZ.mp4' start running wildlife model...
'2024-04-23 09-16-56': 'BCGVSCPZ.mp4' completed wildlife model, starting deeplabcut...
'2024-04-23 09-17-40': 'BCGVSCPZ.mp4' is Done.
'2024-04-23 09-17-40': 'BCHPBHPH.mp4' start running wildlife model...
'2024-04-23 09-18-34': 'BCHPBHPH.mp4' completed wildlife model, starting deeplabcut...
'2024-04-23 09-19-18': 'BCHPBHPH.mp4' is Done.
'2024-04-23 09-19-18': 'BCJZGAMC.mp4' start running wildlife model...
'2024-04-23 09-21-51': 'BCJZGAMC.mp4' completed wildlife model, starting deeplabcut...
'2024-04-23 09-23-35': 'BCJZGAMC.mp4' is Done.
'2024-04-23 09-23-35': 'BCNECXGD.mp4' start running wildlife model...
'2024-04-23 09-25-30': 'BCNECXGD.mp4' completed wildlife model, starting deeplabcut...
'2024-04-23 09-26-56': 'BCNECXGD.mp4' is Done.
'2024-04-23 09-26-56': 'BCRSGFFP.mp4' start running wildlife model...
'2024-04-23 09-29-45': 'BCRSGFFP.mp4' completed wildlife model, starting deeplabcut...
'2024-04-23 09-31-46': 'BCRSGFFP.mp4' is Done.
'2024-04-23 09-31-46': 'BCVPJDCC.mp4' start running wildlife model...
'2024-04-23 09-32-28': 'BCVPJDCC.mp4' completed wildlife model, starting deeplabcut...
'2024-04-23 09-33-03': 'BCVPJDCC.mp4' is Done.
'2024-04-23 09-33-03': 'BCVYEHCQ.mp4' start running wildlife model...
'2024-04-23 09-33-48': 'BCVYEHCQ.mp4' completed wildlife model, starting deeplabcut...
'2024-04-23 09-34-28': 'BCVYEHCQ.mp4' is Done.
'2024-04-23 09-34-28': 'BCXUMLKI.mp4' start running wildlife model...
'2024-04-23 09-36-00': 'BCXUMLKI.mp4' completed wildlife model, starting deeplabcut...
'2024-04-23 09-37-10': 'BCXUMLKI.mp4' is Done.
'2024-04-23 09-37-10': 'BCZXXGJU.mp4' start running wildlife model...
'2024-04-23 09-38-49': 'BCZXXGJU.mp4' completed wildlife model, starting deeplabcut...
'2024-04-23 09-40-03': 'BCZXXGJU.mp4' is Done.
'2024-04-23 09-40-03': 'BDBYTOXJ.mp4' start running wildlife model...
'2024-04-23 09-41-50': 'BDBYTOXJ.mp4' completed wildlife model, starting deeplabcut...
'2024-04-23 09-43-12': 'BDBYTOXJ.mp4' is Done.
'2024-04-23 09-43-12': 'BDDACFKM.mp4' start running wildlife model...
'2024-04-23 09-45-41': 'BDDACFKM.mp4' completed wildlife model, starting deeplabcut...
'2024-04-23 09-47-23': 'BDDACFKM.mp4' is Done.
'2024-04-23 09-47-23': 'BDJZNIQR.mp4' start running wildlife model...
'2024-04-23 09-50-31': 'BDJZNIQR.mp4' completed wildlife model, starting deeplabcut...
'2024-04-23 09-52-41': 'BDJZNIQR.mp4' is Done.
'2024-04-23 09-52-41': 'BDTVCNMW.mp4' start running wildlife model...
'2024-04-23 09-54-51': 'BDTVCNMW.mp4' completed wildlife model, starting deeplabcut...
'2024-04-23 09-56-31': 'BDTVCNMW.mp4' is Done.
'2024-04-23 09-56-31': 'BEDUGQJN.mp4' start running wildlife model...
'2024-04-23 09-57-50': 'BEDUGQJN.mp4' completed wildlife model, starting deeplabcut...
'2024-04-23 09-58-50': 'BEDUGQJN.mp4' is Done.
'2024-04-23 09-58-50': 'BEGIANPL.mp4' start running wildlife model...
'2024-04-23 10-02-03': 'BEGIANPL.mp4' completed wildlife model, starting deeplabcut...
'2024-04-23 10-04-07': 'BEGIANPL.mp4' is Done.
'2024-04-23 10-04-07': 'BEKGODAL.mp4' start running wildlife model...
'2024-04-23 10-20-12': 'BDORKWPM.mp4' start running wildlife model...
'2024-04-23 10-30-33': 'BDORKWPM.mp4' completed wildlife model, starting deeplabcut...
'2024-04-23 10-37-43': 'BDORKWPM.mp4' is Done.
'2024-04-23 10-37-43': 'BEQOJDAL.mp4' start running wildlife model...
'2024-04-23 10-39-54': 'BEQOJDAL.mp4' completed wildlife model, starting deeplabcut...
'2024-04-23 10-41-16': 'BEQOJDAL.mp4' is Done.
'2024-04-23 10-41-16': 'BERZMONO.mp4' start running wildlife model...
'2024-04-23 10-44-45': 'BERZMONO.mp4' completed wildlife model, starting deeplabcut...
'2024-04-23 10-47-07': 'BERZMONO.mp4' is Done.
'2024-04-23 10-47-07': 'BEZIZKOU.mp4' start running wildlife model...
'2024-04-23 10-53-36': 'BEZIZKOU.mp4' completed wildlife model, starting deeplabcut...
'2024-04-23 10-57-56': 'BEZIZKOU.mp4' is Done.
'2024-04-23 10-57-56': 'BFENLBQT.mp4' start running wildlife model...
'2024-04-23 10-59-12': 'BFENLBQT.mp4' completed wildlife model, starting deeplabcut...
'2024-04-23 11-00-13': 'BFENLBQT.mp4' is Done.
'2024-04-23 11-00-13': 'BFGQFIBW.mp4' start running wildlife model...
'2024-04-23 11-06-00': 'BFGQFIBW.mp4' completed wildlife model, starting deeplabcut...
'2024-04-23 11-09-52': 'BFGQFIBW.mp4' is Done.
'2024-04-23 11-09-52': 'BFPGPZYO.mp4' start running wildlife model...
'2024-04-23 11-12-39': 'BFPGPZYO.mp4' completed wildlife model, starting deeplabcut...
'2024-04-23 11-14-38': 'BFPGPZYO.mp4' is Done.
'2024-04-23 11-14-38': 'BFTFOSOB.mp4' start running wildlife model...
'2024-04-23 11-16-14': 'BFTFOSOB.mp4' completed wildlife model, starting deeplabcut...
'2024-04-23 11-17-25': 'BFTFOSOB.mp4' is Done.
'2024-04-23 11-17-25': 'BFTVVXHP.mp4' start running wildlife model...
'2024-04-23 11-20-16': 'BFTVVXHP.mp4' completed wildlife model, starting deeplabcut...
'2024-04-23 11-22-15': 'BFTVVXHP.mp4' is Done.
'2024-04-23 11-22-16': 'BGAPQHVR.mp4' start running wildlife model...
'2024-04-23 11-24-14': 'BGAPQHVR.mp4' completed wildlife model, starting deeplabcut...
'2024-04-23 11-25-36': 'BGAPQHVR.mp4' is Done.
'2024-04-23 11-25-36': 'BGCSHUPH.mp4' start running wildlife model...
'2024-04-23 11-27-42': 'BGCSHUPH.mp4' completed wildlife model, starting deeplabcut...
'2024-04-23 11-29-16': 'BGCSHUPH.mp4' is Done.
'2024-04-23 11-29-16': 'BGDNKMYV.mp4' start running wildlife model...
'2024-04-23 11-30-56': 'BGDNKMYV.mp4' completed wildlife model, starting deeplabcut...
'2024-04-23 11-32-09': 'BGDNKMYV.mp4' is Done.
'2024-04-23 11-32-09': 'BGEZISFN.mp4' start running wildlife model...
'2024-04-23 11-36-30': 'BGEZISFN.mp4' completed wildlife model, starting deeplabcut...
'2024-04-23 11-39-26': 'BGEZISFN.mp4' is Done.
'2024-04-23 11-39-26': 'BGKTNVDY.mp4' start running wildlife model...
'2024-04-23 11-41-33': 'BGKTNVDY.mp4' completed wildlife model, starting deeplabcut...
'2024-04-23 11-43-09': 'BGKTNVDY.mp4' is Done.
'2024-04-23 11-43-09': 'BGMZVTKX.mp4' start running wildlife model...
'2024-04-23 11-45-03': 'BGMZVTKX.mp4' completed wildlife model, starting deeplabcut...
'2024-04-23 11-46-25': 'BGMZVTKX.mp4' is Done.
'2024-04-23 11-46-25': 'BGPFJSOM.mp4' start running wildlife model...
'2024-04-23 11-50-34': 'BGPFJSOM.mp4' completed wildlife model, starting deeplabcut...
'2024-04-23 11-53-44': 'BGPFJSOM.mp4' is Done.
'2024-04-23 11-53-44': 'BGTHIBQT.mp4' start running wildlife model...
'2024-04-23 11-58-51': 'BGTHIBQT.mp4' completed wildlife model, starting deeplabcut...
'2024-04-23 12-02-11': 'BGTHIBQT.mp4' is Done.
'2024-04-23 12-02-11': 'BGXPLHEB.mp4' start running wildlife model...
'2024-04-23 12-05-54': 'BGXPLHEB.mp4' completed wildlife model, starting deeplabcut...
'2024-04-23 12-08-38': 'BGXPLHEB.mp4' is Done.
'2024-04-23 12-08-38': 'BHGGYPIF.mp4' start running wildlife model...
'2024-04-23 12-10-26': 'BHGGYPIF.mp4' completed wildlife model, starting deeplabcut...
'2024-04-23 12-11-44': 'BHGGYPIF.mp4' is Done.
'2024-04-23 12-11-44': 'BHHNHNXN.mp4' start running wildlife model...
'2024-04-23 12-12-23': 'BHHNHNXN.mp4' completed wildlife model, starting deeplabcut...
'2024-04-23 12-12-58': 'BHHNHNXN.mp4' is Done.
'2024-04-23 12-12-58': 'BHIRUMME.mp4' start running wildlife model...
'2024-04-23 12-15-12': 'BHIRUMME.mp4' completed wildlife model, starting deeplabcut...
'2024-04-23 12-16-48': 'BHIRUMME.mp4' is Done.
'2024-04-23 12-16-48': 'BHJBJNPL.mp4' start running wildlife model...
'2024-04-23 12-18-42': 'BHJBJNPL.mp4' completed wildlife model, starting deeplabcut...
'2024-04-23 12-20-09': 'BHJBJNPL.mp4' is Done.
'2024-04-23 12-20-09': 'BHOTGIBW.mp4' start running wildlife model...
'2024-04-23 12-21-17': 'BHOTGIBW.mp4' completed wildlife model, starting deeplabcut...
'2024-04-23 12-22-10': 'BHOTGIBW.mp4' is Done.
'2024-04-23 12-22-10': 'BHUFNHIS.mp4' start running wildlife model...
'2024-04-23 12-23-04': 'BHUFNHIS.mp4' completed wildlife model, starting deeplabcut...
'2024-04-23 12-23-48': 'BHUFNHIS.mp4' is Done.
'2024-04-23 12-23-48': 'BHXCFIKV.mp4' start running wildlife model...
'2024-04-23 12-25-05': 'BHXCFIKV.mp4' completed wildlife model, starting deeplabcut...
'2024-04-23 12-26-06': 'BHXCFIKV.mp4' is Done.
'2024-04-23 12-26-06': 'BIATBGJU.mp4' start running wildlife model...
'2024-04-23 12-28-20': 'BIATBGJU.mp4' completed wildlife model, starting deeplabcut...
'2024-04-23 12-29-55': 'BIATBGJU.mp4' is Done.
'2024-04-23 12-29-55': 'BIBMMZIE.mp4' start running wildlife model...
'2024-04-23 12-34-22': 'BIBMMZIE.mp4' completed wildlife model, starting deeplabcut...
'2024-04-23 12-37-10': 'BIBMMZIE.mp4' is Done.
'2024-04-23 12-37-10': 'BIHKKSMJ.mp4' start running wildlife model...
'2024-04-23 12-38-33': 'BIHKKSMJ.mp4' completed wildlife model, starting deeplabcut...
'2024-04-23 12-39-33': 'BIHKKSMJ.mp4' is Done.
'2024-04-23 12-39-33': 'BIKCMPKK.mp4' start running wildlife model...
'2024-04-23 12-44-09': 'BIKCMPKK.mp4' completed wildlife model, starting deeplabcut...
'2024-04-23 12-47-13': 'BIKCMPKK.mp4' is Done.
'2024-04-23 12-47-13': 'BIOXKVEI.mp4' start running wildlife model...
'2024-04-23 12-49-38': 'BIOXKVEI.mp4' completed wildlife model, starting deeplabcut...
'2024-04-23 12-51-26': 'BIOXKVEI.mp4' is Done.
'2024-04-23 12-51-26': 'BIRDEGQD.mp4' start running wildlife model...
'2024-04-23 12-52-06': 'BIRDEGQD.mp4' completed wildlife model, starting deeplabcut...
'2024-04-23 12-52-41': 'BIRDEGQD.mp4' is Done.
'2024-04-23 12-52-41': 'BIUCIVKA.mp4' start running wildlife model...
'2024-04-23 12-53-55': 'BIUCIVKA.mp4' completed wildlife model, starting deeplabcut...
'2024-04-23 12-54-51': 'BIUCIVKA.mp4' is Done.
'2024-04-23 12-54-51': 'BIVEQXDO.mp4' start running wildlife model...
'2024-04-23 12-56-08': 'BIVEQXDO.mp4' completed wildlife model, starting deeplabcut...
'2024-04-23 12-57-04': 'BIVEQXDO.mp4' is Done.
'2024-04-23 12-57-04': 'BIWOMOIP.mp4' start running wildlife model...
'2024-04-23 12-57-59': 'BIWOMOIP.mp4' completed wildlife model, starting deeplabcut...
'2024-04-23 12-58-43': 'BIWOMOIP.mp4' is Done.
'2024-04-23 12-58-43': 'BIXGPIQR.mp4' start running wildlife model...
'2024-04-23 13-00-17': 'BIXGPIQR.mp4' completed wildlife model, starting deeplabcut...
'2024-04-23 13-01-31': 'BIXGPIQR.mp4' is Done.
'2024-04-23 13-01-31': 'BJABFKRF.mp4' start running wildlife model...
'2024-04-23 13-02-25': 'BJABFKRF.mp4' completed wildlife model, starting deeplabcut...
'2024-04-23 13-03-09': 'BJABFKRF.mp4' is Done.
'2024-04-23 13-03-09': 'BJCKRADM.mp4' start running wildlife model...
'2024-04-23 13-07-50': 'BJCKRADM.mp4' completed wildlife model, starting deeplabcut...
'2024-04-23 13-10-58': 'BJCKRADM.mp4' is Done.
'2024-04-23 13-10-58': 'BJGBPDWZ.mp4' start running wildlife model...
'2024-04-23 13-13-34': 'BJGBPDWZ.mp4' completed wildlife model, starting deeplabcut...
'2024-04-23 13-15-22': 'BJGBPDWZ.mp4' is Done.
'2024-04-23 13-15-22': 'BJKBAVEI.mp4' start running wildlife model...
'2024-04-23 13-16-21': 'BJKBAVEI.mp4' completed wildlife model, starting deeplabcut...
'2024-04-23 13-17-09': 'BJKBAVEI.mp4' is Done.
'2024-04-23 13-17-09': 'BJKKDXEC.mp4' start running wildlife model...
'2024-04-23 13-19-15': 'BJKKDXEC.mp4' completed wildlife model, starting deeplabcut...
'2024-04-23 13-20-51': 'BJKKDXEC.mp4' is Done.
'2024-04-23 13-20-51': 'BJLVNFNJ.mp4' start running wildlife model...
'2024-04-23 13-21-25': 'BJLVNFNJ.mp4' completed wildlife model, starting deeplabcut...
'2024-04-23 13-21-56': 'BJLVNFNJ.mp4' is Done.
'2024-04-23 13-21-56': 'BJNUSVEI.mp4' start running wildlife model...
'2024-04-23 13-23-50': 'BJNUSVEI.mp4' completed wildlife model, starting deeplabcut...
'2024-04-23 13-25-12': 'BJNUSVEI.mp4' is Done.
'2024-04-23 13-25-12': 'BJTRKQTX.mp4' start running wildlife model...
'2024-04-23 13-25-40': 'BJTRKQTX.mp4' completed wildlife model, starting deeplabcut...
'2024-04-23 13-26-07': 'BJTRKQTX.mp4' is Done.
'2024-04-23 13-26-07': 'BJTTXKWA.mp4' start running wildlife model...
'2024-04-23 13-27-04': 'BJTTXKWA.mp4' completed wildlife model, starting deeplabcut...
'2024-04-23 13-27-52': 'BJTTXKWA.mp4' is Done.
'2024-04-23 13-27-52': 'BJVPOTFT.mp4' start running wildlife model...
'2024-04-23 13-29-32': 'BJVPOTFT.mp4' completed wildlife model, starting deeplabcut...
'2024-04-23 13-30-45': 'BJVPOTFT.mp4' is Done.
'2024-04-23 13-30-45': 'BJYPHRAH.mp4' start running wildlife model...
'2024-04-23 13-31-56': 'BJYPHRAH.mp4' completed wildlife model, starting deeplabcut...
'2024-04-23 13-32-53': 'BJYPHRAH.mp4' is Done.
'2024-04-23 13-32-53': 'BKBVZLHH.mp4' start running wildlife model...
'2024-04-23 13-36-39': 'BKBVZLHH.mp4' completed wildlife model, starting deeplabcut...
'2024-04-23 13-39-18': 'BKBVZLHH.mp4' is Done.
'2024-04-23 13-39-18': 'BKIALHGA.mp4' start running wildlife model...
'2024-04-23 13-40-44': 'BKIALHGA.mp4' completed wildlife model, starting deeplabcut...
'2024-04-23 13-41-46': 'BKIALHGA.mp4' is Done.
'2024-04-23 13-41-46': 'BKMJITEK.mp4' start running wildlife model...
'2024-04-23 13-42-41': 'BKMJITEK.mp4' completed wildlife model, starting deeplabcut...
'2024-04-23 13-43-25': 'BKMJITEK.mp4' is Done.
'2024-04-23 13-43-25': 'BKOJSTKX.mp4' start running wildlife model...
'2024-04-23 13-47-05': 'BKOJSTKX.mp4' completed wildlife model, starting deeplabcut...
'2024-04-23 13-49-36': 'BKOJSTKX.mp4' is Done.
'2024-04-23 13-49-36': 'BKRNVZIE.mp4' start running wildlife model...
'2024-04-23 13-54-20': 'BKRNVZIE.mp4' completed wildlife model, starting deeplabcut...
'2024-04-23 13-57-30': 'BKRNVZIE.mp4' is Done.
'2024-04-23 13-57-30': 'BKWPCMVW.mp4' start running wildlife model...
'2024-04-23 14-06-04': 'BKWPCMVW.mp4' completed wildlife model, starting deeplabcut...
'2024-04-23 14-12-05': 'BKWPCMVW.mp4' is Done.
'2024-04-23 14-12-05': 'BLDGWJWU.mp4' start running wildlife model...
'2024-04-23 14-14-51': 'BLDGWJWU.mp4' completed wildlife model, starting deeplabcut...
'2024-04-23 14-16-52': 'BLDGWJWU.mp4' is Done.
'2024-04-23 14-16-52': 'BLGWBSEB.mp4' start running wildlife model...
'2024-04-23 14-19-06': 'BLGWBSEB.mp4' completed wildlife model, starting deeplabcut...
'2024-04-23 14-20-42': 'BLGWBSEB.mp4' is Done.
'2024-04-23 14-20-42': 'BLHEHRJS.mp4' start running wildlife model...
'2024-04-23 14-22-07': 'BLHEHRJS.mp4' completed wildlife model, starting deeplabcut...
'2024-04-23 14-23-13': 'BLHEHRJS.mp4' is Done.
'2024-04-23 14-23-13': 'BLHSVTFT.mp4' start running wildlife model...
'2024-04-23 14-29-42': 'BLHSVTFT.mp4' completed wildlife model, starting deeplabcut...
'2024-04-23 14-34-17': 'BLHSVTFT.mp4' is Done.
'2024-04-23 14-34-17': 'BLSOTJIR.mp4' start running wildlife model...
'2024-04-23 14-34-55': 'BLSOTJIR.mp4' completed wildlife model, starting deeplabcut...
'2024-04-23 14-35-31': 'BLSOTJIR.mp4' is Done.
'2024-04-23 14-35-31': 'BLTQLKBT.mp4' start running wildlife model...
'2024-04-23 14-36-51': 'BLTQLKBT.mp4' completed wildlife model, starting deeplabcut...
'2024-04-23 14-37-52': 'BLTQLKBT.mp4' is Done.
'2024-04-23 14-37-52': 'BLXHYXGD.mp4' start running wildlife model...
'2024-04-23 14-40-01': 'BLXHYXGD.mp4' completed wildlife model, starting deeplabcut...
'2024-04-23 14-41-36': 'BLXHYXGD.mp4' is Done.
'2024-04-23 14-41-36': 'BLYTBHVR.mp4' start running wildlife model...
'2024-04-23 14-45-50': 'BLYTBHVR.mp4' completed wildlife model, starting deeplabcut...
'2024-04-23 14-48-55': 'BLYTBHVR.mp4' is Done.
'2024-04-23 14-48-55': 'BMFFLVEI.mp4' start running wildlife model...
'2024-04-23 14-53-21': 'BMFFLVEI.mp4' completed wildlife model, starting deeplabcut...
'2024-04-23 14-56-22': 'BMFFLVEI.mp4' is Done.
'2024-04-23 14-56-22': 'BMMNHVEI.mp4' start running wildlife model...
'2024-04-23 15-01-38': 'BMMNHVEI.mp4' completed wildlife model, starting deeplabcut...
'2024-04-23 15-05-13': 'BMMNHVEI.mp4' is Done.
'2024-04-23 15-05-13': 'BMSGOUJL.mp4' start running wildlife model...
'2024-04-23 15-08-03': 'BMSGOUJL.mp4' completed wildlife model, starting deeplabcut...
'2024-04-23 15-10-05': 'BMSGOUJL.mp4' is Done.
'2024-04-23 15-10-05': 'BMUTEAFG.mp4' start running wildlife model...
'2024-04-23 15-12-41': 'BMUTEAFG.mp4' completed wildlife model, starting deeplabcut...
'2024-04-23 15-14-34': 'BMUTEAFG.mp4' is Done.
'2024-04-23 15-14-34': 'BMZUKFUG.mp4' start running wildlife model...
'2024-04-23 15-17-04': 'BMZUKFUG.mp4' completed wildlife model, starting deeplabcut...
'2024-04-23 15-18-51': 'BMZUKFUG.mp4' is Done.
'2024-04-23 15-18-51': 'BNCDSEQQ.mp4' start running wildlife model...
'2024-04-23 15-20-43': 'BNCDSEQQ.mp4' completed wildlife model, starting deeplabcut...
'2024-04-23 15-22-07': 'BNCDSEQQ.mp4' is Done.
'2024-04-23 15-22-07': 'BNGNSIQR.mp4' start running wildlife model...
'2024-04-23 15-22-31': 'BNGNSIQR.mp4' completed wildlife model, starting deeplabcut...
'2024-04-23 15-22-55': 'BNGNSIQR.mp4' is Done.
'2024-04-23 15-22-55': 'BNIIRPTK.mp4' start running wildlife model...
'2024-04-23 15-27-39': 'BNIIRPTK.mp4' completed wildlife model, starting deeplabcut...
'2024-04-23 15-30-54': 'BNIIRPTK.mp4' is Done.
'2024-04-23 15-30-54': 'BNNLUNPL.mp4' start running wildlife model...
'2024-04-23 15-32-40': 'BNNLUNPL.mp4' completed wildlife model, starting deeplabcut...
'2024-04-23 15-33-58': 'BNNLUNPL.mp4' is Done.
'2024-04-23 15-33-58': 'BNOEPEDF.mp4' start running wildlife model...
'2024-04-23 15-36-42': 'BNOEPEDF.mp4' completed wildlife model, starting deeplabcut...
'2024-04-23 15-38-38': 'BNOEPEDF.mp4' is Done.
'2024-04-23 15-38-38': 'BNSGUMYV.mp4' start running wildlife model...
'2024-04-23 15-41-56': 'BNSGUMYV.mp4' completed wildlife model, starting deeplabcut...
'2024-04-23 15-44-14': 'BNSGUMYV.mp4' is Done.
'2024-04-23 15-44-14': 'BNZCTVEI.mp4' start running wildlife model...
'2024-04-23 15-44-56': 'BNZCTVEI.mp4' completed wildlife model, starting deeplabcut...
'2024-04-23 15-45-33': 'BNZCTVEI.mp4' is Done.
'2024-04-23 15-45-33': 'BODHNPLS.mp4' start running wildlife model...
'2024-04-23 15-51-27': 'BODHNPLS.mp4' completed wildlife model, starting deeplabcut...
'2024-04-23 15-55-12': 'BODHNPLS.mp4' is Done.
'2024-04-23 15-55-12': 'BOGOHUDI.mp4' start running wildlife model...
'2024-04-23 15-56-41': 'BOGOHUDI.mp4' completed wildlife model, starting deeplabcut...
'2024-04-23 15-57-50': 'BOGOHUDI.mp4' is Done.
'2024-04-23 15-57-50': 'BOGXAJBD.mp4' start running wildlife model...
'2024-04-23 15-58-38': 'BOGXAJBD.mp4' completed wildlife model, starting deeplabcut...
'2024-04-23 15-59-18': 'BOGXAJBD.mp4' is Done.
'2024-04-23 15-59-18': 'BOKHSXHP.mp4' start running wildlife model...
'2024-04-23 16-06-08': 'BOKHSXHP.mp4' completed wildlife model, starting deeplabcut...
'2024-04-23 16-10-40': 'BOKHSXHP.mp4' is Done.
'2024-04-23 16-10-40': 'BOUHWHSA.mp4' start running wildlife model...
'2024-04-23 16-12-46': 'BOUHWHSA.mp4' completed wildlife model, starting deeplabcut...
'2024-04-23 16-14-17': 'BOUHWHSA.mp4' is Done.
'2024-04-23 16-14-17': 'BOXVUXGD.mp4' start running wildlife model...
'2024-04-23 16-17-59': 'BOXVUXGD.mp4' completed wildlife model, starting deeplabcut...
'2024-04-23 16-20-38': 'BOXVUXGD.mp4' is Done.
'2024-04-23 16-20-38': 'BPEJHLHH.mp4' start running wildlife model...
'2024-04-23 16-22-12': 'BPEJHLHH.mp4' completed wildlife model, starting deeplabcut...
'2024-04-23 16-23-21': 'BPEJHLHH.mp4' is Done.
'2024-04-23 16-23-21': 'BPFKJMRN.mp4' start running wildlife model...
'2024-04-23 16-24-13': 'BPFKJMRN.mp4' completed wildlife model, starting deeplabcut...
'2024-04-23 16-24-57': 'BPFKJMRN.mp4' is Done.
'2024-04-23 16-24-57': 'BPKCCLHH.mp4' start running wildlife model...
'2024-04-23 16-28-07': 'BPKCCLHH.mp4' completed wildlife model, starting deeplabcut...
'2024-04-23 16-30-24': 'BPKCCLHH.mp4' is Done.
'2024-04-23 16-30-24': 'BPKVFFGA.mp4' start running wildlife model...
'2024-04-23 16-32-27': 'BPKVFFGA.mp4' completed wildlife model, starting deeplabcut...
'2024-04-23 16-33-54': 'BPKVFFGA.mp4' is Done.
'2024-04-23 16-33-54': 'BPPSOXYT.mp4' start running wildlife model...
'2024-04-23 16-34-56': 'BPPSOXYT.mp4' completed wildlife model, starting deeplabcut...
'2024-04-23 16-35-44': 'BPPSOXYT.mp4' is Done.
'2024-04-23 16-35-44': 'BPQJBVEI.mp4' start running wildlife model...
'2024-04-23 16-37-04': 'BPQJBVEI.mp4' completed wildlife model, starting deeplabcut...
'2024-04-23 16-38-05': 'BPQJBVEI.mp4' is Done.
'2024-04-23 16-38-05': 'BPRDLTEK.mp4' start running wildlife model...
'2024-04-23 16-42-33': 'BPRDLTEK.mp4' completed wildlife model, starting deeplabcut...
'2024-04-23 16-45-46': 'BPRDLTEK.mp4' is Done.
'2024-04-23 16-45-46': 'BPWVYLSQ.mp4' start running wildlife model...
'2024-04-23 16-47-41': 'BPWVYLSQ.mp4' completed wildlife model, starting deeplabcut...
'2024-04-23 16-49-03': 'BPWVYLSQ.mp4' is Done.
'2024-04-23 16-49-03': 'BQCBDXYT.mp4' start running wildlife model...
'2024-04-23 16-53-24': 'BQCBDXYT.mp4' completed wildlife model, starting deeplabcut...
'2024-04-23 16-56-20': 'BQCBDXYT.mp4' is Done.
'2024-04-23 16-56-20': 'BQJEYNPL.mp4' start running wildlife model...
'2024-04-23 16-59-10': 'BQJEYNPL.mp4' completed wildlife model, starting deeplabcut...
'2024-04-23 17-01-10': 'BQJEYNPL.mp4' is Done.
'2024-04-23 17-01-10': 'BQPHWKBT.mp4' start running wildlife model...
'2024-04-23 17-02-45': 'BQPHWKBT.mp4' completed wildlife model, starting deeplabcut...
'2024-04-23 17-03-54': 'BQPHWKBT.mp4' is Done.
'2024-04-23 17-03-54': 'BQRZUNOT.mp4' start running wildlife model...
'2024-04-23 17-07-07': 'BQRZUNOT.mp4' completed wildlife model, starting deeplabcut...
'2024-04-23 17-09-29': 'BQRZUNOT.mp4' is Done.
'2024-04-23 17-09-29': 'BQVSHDGW.mp4' start running wildlife model...
'2024-04-23 17-15-08': 'BQVSHDGW.mp4' completed wildlife model, starting deeplabcut...
'2024-04-23 17-18-39': 'BQVSHDGW.mp4' is Done.
'2024-04-23 17-18-39': 'BRJDXUOO.mp4' start running wildlife model...
'2024-04-23 17-27-51': 'BRJDXUOO.mp4' completed wildlife model, starting deeplabcut...
'2024-04-23 17-33-56': 'BRJDXUOO.mp4' is Done.
'2024-04-23 17-33-56': 'BRTNFTFT.mp4' start running wildlife model...
'2024-04-23 17-41-02': 'BRTNFTFT.mp4' completed wildlife model, starting deeplabcut...
'2024-04-23 17-45-45': 'BRTNFTFT.mp4' is Done.
'2024-04-23 17-45-45': 'BSIVMFKM.mp4' start running wildlife model...
'2024-04-23 17-46-18': 'BSIVMFKM.mp4' completed wildlife model, starting deeplabcut...
'2024-04-23 17-46-49': 'BSIVMFKM.mp4' is Done.
'2024-04-23 17-46-49': 'BSNBYZJZ.mp4' start running wildlife model...
'2024-04-23 17-48-14': 'BSNBYZJZ.mp4' completed wildlife model, starting deeplabcut...
'2024-04-23 17-49-15': 'BSNBYZJZ.mp4' is Done.
'2024-04-23 17-49-15': 'BSRBDLDC.mp4' start running wildlife model...
'2024-04-23 18-00-27': 'BTFDSVYK.mp4' start running wildlife model...
'2024-04-23 18-04-33': 'BTFDSVYK.mp4' completed wildlife model, starting deeplabcut...
'2024-04-23 18-07-31': 'BTFDSVYK.mp4' is Done.
'2024-04-23 18-07-31': 'BTKQWIQR.mp4' start running wildlife model...
'2024-04-23 18-09-12': 'BTKQWIQR.mp4' completed wildlife model, starting deeplabcut...
'2024-04-23 18-10-26': 'BTKQWIQR.mp4' is Done.
'2024-04-23 18-10-26': 'BTNLAAHW.mp4' start running wildlife model...
'2024-04-23 18-13-27': 'BTNLAAHW.mp4' completed wildlife model, starting deeplabcut...
'2024-04-23 18-15-36': 'BTNLAAHW.mp4' is Done.
'2024-04-23 18-15-36': 'BTRFJHFB.mp4' start running wildlife model...
'2024-04-23 18-17-10': 'BTRFJHFB.mp4' completed wildlife model, starting deeplabcut...
'2024-04-23 18-18-23': 'BTRFJHFB.mp4' is Done.
'2024-04-23 18-18-23': 'BTSSVHGW.mp4' start running wildlife model...
'2024-04-23 18-19-59': 'BTSSVHGW.mp4' completed wildlife model, starting deeplabcut...
'2024-04-23 18-21-13': 'BTSSVHGW.mp4' is Done.
'2024-04-23 18-21-13': 'BTWMVLKY.mp4' start running wildlife model...
'2024-04-23 18-23-55': 'BTWMVLKY.mp4' completed wildlife model, starting deeplabcut...
'2024-04-23 18-25-47': 'BTWMVLKY.mp4' is Done.
'2024-04-23 18-25-47': 'BTZRCIOQ.mp4' start running wildlife model...
'2024-04-23 18-30-17': 'BTZRCIOQ.mp4' completed wildlife model, starting deeplabcut...
'2024-04-23 18-33-21': 'BTZRCIOQ.mp4' is Done.
'2024-04-23 18-33-21': 'BUFANMYV.mp4' start running wildlife model...
'2024-04-23 18-37-12': 'BUFANMYV.mp4' completed wildlife model, starting deeplabcut...
'2024-04-23 18-39-50': 'BUFANMYV.mp4' is Done.
'2024-04-23 18-39-50': 'BUGPLDEV.mp4' start running wildlife model...
'2024-04-23 18-42-03': 'BUGPLDEV.mp4' completed wildlife model, starting deeplabcut...
'2024-04-23 18-43-38': 'BUGPLDEV.mp4' is Done.
'2024-04-23 18-43-38': 'BUISCDSN.mp4' start running wildlife model...
'2024-04-23 18-45-38': 'BUISCDSN.mp4' completed wildlife model, starting deeplabcut...
'2024-04-23 18-47-04': 'BUISCDSN.mp4' is Done.
'2024-04-23 18-47-04': 'BUMBJPDI.mp4' start running wildlife model...
'2024-04-23 18-49-31': 'BUMBJPDI.mp4' completed wildlife model, starting deeplabcut...
'2024-04-23 18-51-30': 'BUMBJPDI.mp4' is Done.
'2024-04-23 18-51-30': 'BURZHPKK.mp4' start running wildlife model...
'2024-04-23 18-58-12': 'BURZHPKK.mp4' completed wildlife model, starting deeplabcut...
'2024-04-23 19-02-44': 'BURZHPKK.mp4' is Done.
'2024-04-23 19-02-44': 'BUWPRLHH.mp4' start running wildlife model...
'2024-04-23 19-03-23': 'BUWPRLHH.mp4' completed wildlife model, starting deeplabcut...
'2024-04-23 19-03-57': 'BUWPRLHH.mp4' is Done.
'2024-04-23 19-03-57': 'BUXMRCEI.mp4' start running wildlife model...
'2024-04-23 19-05-00': 'BUXMRCEI.mp4' completed wildlife model, starting deeplabcut...
'2024-04-23 19-05-48': 'BUXMRCEI.mp4' is Done.
'2024-04-23 19-05-48': 'BUYZCXDO.mp4' start running wildlife model...
'2024-04-23 19-08-49': 'BUYZCXDO.mp4' completed wildlife model, starting deeplabcut...
'2024-04-23 19-10-54': 'BUYZCXDO.mp4' is Done.
'2024-04-23 19-10-54': 'BVFOWBXG.mp4' start running wildlife model...
'2024-04-23 19-16-07': 'BVFOWBXG.mp4' completed wildlife model, starting deeplabcut...
'2024-04-23 19-19-24': 'BVFOWBXG.mp4' is Done.
'2024-04-23 19-19-24': 'BVJMBGFR.mp4' start running wildlife model...
'2024-04-23 19-21-48': 'BVJMBGFR.mp4' completed wildlife model, starting deeplabcut...
'2024-04-23 19-23-32': 'BVJMBGFR.mp4' is Done.
'2024-04-23 19-23-32': 'BVMQPPKK.mp4' start running wildlife model...
'2024-04-23 19-26-51': 'BVMQPPKK.mp4' completed wildlife model, starting deeplabcut...
'2024-04-23 19-29-09': 'BVMQPPKK.mp4' is Done.
'2024-04-23 19-29-09': 'BVSJKFFP.mp4' start running wildlife model...
'2024-04-23 19-32-09': 'BVSJKFFP.mp4' completed wildlife model, starting deeplabcut...
'2024-04-23 19-34-14': 'BVSJKFFP.mp4' is Done.
'2024-04-23 19-34-14': 'BVXOMHFB.mp4' start running wildlife model...
'2024-04-23 19-36-28': 'BVXOMHFB.mp4' completed wildlife model, starting deeplabcut...
'2024-04-23 19-38-07': 'BVXOMHFB.mp4' is Done.
'2024-04-23 19-38-07': 'BWCIHGIW.mp4' start running wildlife model...
'2024-04-23 19-42-21': 'BWCIHGIW.mp4' completed wildlife model, starting deeplabcut...
'2024-04-23 19-45-14': 'BWCIHGIW.mp4' is Done.
'2024-04-23 19-45-14': 'BWMXDWBO.mp4' start running wildlife model...
'2024-04-23 19-46-48': 'BWMXDWBO.mp4' completed wildlife model, starting deeplabcut...
'2024-04-23 19-47-57': 'BWMXDWBO.mp4' is Done.
'2024-04-23 19-47-57': 'BWPWMVRU.mp4' start running wildlife model...
'2024-04-23 19-52-35': 'BWPWMVRU.mp4' completed wildlife model, starting deeplabcut...
'2024-04-23 19-55-57': 'BWPWMVRU.mp4' is Done.
'2024-04-23 19-55-57': 'BXANCKRF.mp4' start running wildlife model...
'2024-04-23 19-57-57': 'BXANCKRF.mp4' completed wildlife model, starting deeplabcut...
'2024-04-23 19-59-24': 'BXANCKRF.mp4' is Done.
'2024-04-23 19-59-24': 'BXBZKVEI.mp4' start running wildlife model...
'2024-04-23 20-00-03': 'BXBZKVEI.mp4' completed wildlife model, starting deeplabcut...
'2024-04-23 20-00-38': 'BXBZKVEI.mp4' is Done.
'2024-04-23 20-00-38': 'BXCYLIFB.mp4' start running wildlife model...
'2024-04-23 20-03-07': 'BXCYLIFB.mp4' completed wildlife model, starting deeplabcut...
'2024-04-23 20-04-50': 'BXCYLIFB.mp4' is Done.
'2024-04-23 20-04-50': 'BXFKUFXO.mp4' start running wildlife model...
'2024-04-23 20-05-16': 'BXFKUFXO.mp4' completed wildlife model, starting deeplabcut...
'2024-04-23 20-05-43': 'BXFKUFXO.mp4' is Done.
'2024-04-23 20-05-43': 'BXIIAMME.mp4' start running wildlife model...
'2024-04-23 20-07-43': 'BXIIAMME.mp4' completed wildlife model, starting deeplabcut...
'2024-04-23 20-09-09': 'BXIIAMME.mp4' is Done.
'2024-04-23 20-09-09': 'BXJEDICI.mp4' start running wildlife model...
'2024-04-23 20-10-26': 'BXJEDICI.mp4' completed wildlife model, starting deeplabcut...
'2024-04-23 20-11-26': 'BXJEDICI.mp4' is Done.
'2024-04-23 20-11-26': 'BXKPLZYO.mp4' start running wildlife model...
'2024-04-23 20-15-00': 'BXKPLZYO.mp4' completed wildlife model, starting deeplabcut...
'2024-04-23 20-17-22': 'BXKPLZYO.mp4' is Done.
'2024-04-23 20-17-22': 'BXVVRZLK.mp4' start running wildlife model...
'2024-04-23 20-19-03': 'BXVVRZLK.mp4' completed wildlife model, starting deeplabcut...
'2024-04-23 20-20-17': 'BXVVRZLK.mp4' is Done.
'2024-04-23 20-20-17': 'BXXAPPTK.mp4' start running wildlife model...
'2024-04-23 20-29-17': 'BXXAPPTK.mp4' completed wildlife model, starting deeplabcut...
'2024-04-23 20-35-09': 'BXXAPPTK.mp4' is Done.
'2024-04-23 20-35-09': 'BYKTDBQT.mp4' start running wildlife model...
'2024-04-23 20-36-42': 'BYKTDBQT.mp4' completed wildlife model, starting deeplabcut...
'2024-04-23 20-37-51': 'BYKTDBQT.mp4' is Done.
'2024-04-23 20-37-51': 'BYPLAVTT.mp4' start running wildlife model...
'2024-04-23 20-39-07': 'BYPLAVTT.mp4' completed wildlife model, starting deeplabcut...
'2024-04-23 20-40-07': 'BYPLAVTT.mp4' is Done.
'2024-04-23 20-40-07': 'BYSIOEOD.mp4' start running wildlife model...
'2024-04-23 20-47-01': 'BYSIOEOD.mp4' completed wildlife model, starting deeplabcut...
'2024-04-23 20-51-38': 'BYSIOEOD.mp4' is Done.
'2024-04-23 20-51-38': 'BZCGRMVW.mp4' start running wildlife model...
'2024-04-23 20-54-59': 'BZCGRMVW.mp4' completed wildlife model, starting deeplabcut...
'2024-04-23 20-57-17': 'BZCGRMVW.mp4' is Done.
'2024-04-23 20-57-17': 'BZESLRLL.mp4' start running wildlife model...
'2024-04-23 20-58-12': 'BZESLRLL.mp4' completed wildlife model, starting deeplabcut...
'2024-04-23 20-58-55': 'BZESLRLL.mp4' is Done.
'2024-04-23 20-58-55': 'BZIHQLHH.mp4' start running wildlife model...
'2024-04-23 21-01-37': 'BZIHQLHH.mp4' completed wildlife model, starting deeplabcut...
'2024-04-23 21-03-38': 'BZIHQLHH.mp4' is Done.
'2024-04-23 21-03-38': 'BZQKZNXN.mp4' start running wildlife model...
'2024-04-23 21-09-06': 'BZQKZNXN.mp4' completed wildlife model, starting deeplabcut...
'2024-04-23 21-12-48': 'BZQKZNXN.mp4' is Done.
