'2024-04-22 20-50-47': 'AACJGIQR.mp4' start running wildlife model...
'2024-04-22 20-56-11': 'AACJGIQR.mp4' completed wildlife model, starting deeplabcut...
'2024-04-22 20-56-21': 'AACJGIQR.mp4' is Done.
'2024-04-22 20-56-21': 'AAIHFPKK.mp4' start running wildlife model...
'2024-04-22 21-01-11': 'AAIHFPKK.mp4' completed wildlife model, starting deeplabcut...
'2024-04-22 21-01-21': 'AAIHFPKK.mp4' is Done.
'2024-04-22 21-01-21': 'AAMXFEOD.mp4' start running wildlife model...
'2024-04-22 21-03-22': 'AAMXFEOD.mp4' completed wildlife model, starting deeplabcut...
'2024-04-22 21-03-31': 'AAMXFEOD.mp4' is Done.
'2024-04-22 21-03-31': 'AANVVUPH.mp4' start running wildlife model...
'2024-04-22 21-04-33': 'AANVVUPH.mp4' completed wildlife model, starting deeplabcut...
'2024-04-22 21-04-42': 'AANVVUPH.mp4' is Done.
'2024-04-22 21-04-42': 'AAOYRUDX.mp4' start running wildlife model...
'2024-04-22 21-09-28': 'AAOYRUDX.mp4' completed wildlife model, starting deeplabcut...
'2024-04-22 21-09-38': 'AAOYRUDX.mp4' is Done.
'2024-04-22 21-09-38': 'AASDYJTR.mp4' start running wildlife model...
'2024-04-22 21-11-34': 'AASDYJTR.mp4' completed wildlife model, starting deeplabcut...
'2024-04-22 21-11-44': 'AASDYJTR.mp4' is Done.
'2024-04-22 21-11-44': 'AAUQSVYU.mp4' start running wildlife model...
'2024-04-22 21-16-07': 'AAUQSVYU.mp4' completed wildlife model, starting deeplabcut...
'2024-04-22 21-16-16': 'AAUQSVYU.mp4' is Done.
'2024-04-22 21-16-16': 'AAWXPNQN.mp4' start running wildlife model...
'2024-04-22 21-17-09': 'AAWXPNQN.mp4' completed wildlife model, starting deeplabcut...
'2024-04-22 21-17-18': 'AAWXPNQN.mp4' is Done.
'2024-04-22 21-17-18': 'AAXNMDCC.mp4' start running wildlife model...
'2024-04-22 21-21-54': 'AAXNMDCC.mp4' completed wildlife model, starting deeplabcut...
'2024-04-22 21-22-03': 'AAXNMDCC.mp4' is Done.
'2024-04-22 21-22-03': 'ABDNTBQT.mp4' start running wildlife model...
'2024-04-22 21-23-32': 'ABDNTBQT.mp4' completed wildlife model, starting deeplabcut...
'2024-04-22 21-23-41': 'ABDNTBQT.mp4' is Done.
'2024-04-22 21-23-41': 'ABKBWVMW.mp4' start running wildlife model...
'2024-04-22 21-25-54': 'ABKBWVMW.mp4' completed wildlife model, starting deeplabcut...
'2024-04-22 21-26-03': 'ABKBWVMW.mp4' is Done.
'2024-04-22 21-26-03': 'ABNUJKRV.mp4' start running wildlife model...
'2024-04-22 21-31-11': 'ABNUJKRV.mp4' completed wildlife model, starting deeplabcut...
'2024-04-22 21-31-20': 'ABNUJKRV.mp4' is Done.
'2024-04-22 21-31-20': 'ABQCVPLS.mp4' start running wildlife model...
'2024-04-22 21-32-03': 'ABQCVPLS.mp4' completed wildlife model, starting deeplabcut...
'2024-04-22 21-32-12': 'ABQCVPLS.mp4' is Done.
'2024-04-22 21-32-12': 'ABTJZVEI.mp4' start running wildlife model...
'2024-04-22 21-32-33': 'ABTJZVEI.mp4' completed wildlife model, starting deeplabcut...
'2024-04-22 21-32-43': 'ABTJZVEI.mp4' is Done.
'2024-04-22 21-32-43': 'ABUHYUFF.mp4' start running wildlife model...
'2024-04-22 21-35-19': 'ABUHYUFF.mp4' completed wildlife model, starting deeplabcut...
'2024-04-22 21-35-27': 'ABUHYUFF.mp4' is Done.
'2024-04-22 21-35-27': 'ABZCCTLI.mp4' start running wildlife model...
'2024-04-22 21-37-23': 'ABZCCTLI.mp4' completed wildlife model, starting deeplabcut...
'2024-04-22 21-37-33': 'ABZCCTLI.mp4' is Done.
'2024-04-22 21-37-33': 'ACCDCQWI.mp4' start running wildlife model...
'2024-04-22 21-38-12': 'ACCDCQWI.mp4' completed wildlife model, starting deeplabcut...
'2024-04-22 21-38-21': 'ACCDCQWI.mp4' is Done.
'2024-04-22 21-38-21': 'ACCYACJH.mp4' start running wildlife model...
'2024-04-22 21-42-04': 'ACCYACJH.mp4' completed wildlife model, starting deeplabcut...
'2024-04-22 21-42-13': 'ACCYACJH.mp4' is Done.
'2024-04-22 21-42-13': 'ACHIMGQD.mp4' start running wildlife model...
'2024-04-22 21-42-58': 'ACHIMGQD.mp4' completed wildlife model, starting deeplabcut...
'2024-04-22 21-43-07': 'ACHIMGQD.mp4' is Done.
'2024-04-22 21-43-07': 'ACIOMPKK.mp4' start running wildlife model...
'2024-04-22 21-44-06': 'ACIOMPKK.mp4' completed wildlife model, starting deeplabcut...
'2024-04-22 21-44-15': 'ACIOMPKK.mp4' is Done.
'2024-04-22 21-44-15': 'ACMFAXMC.mp4' start running wildlife model...
'2024-04-22 21-47-08': 'ACMFAXMC.mp4' completed wildlife model, starting deeplabcut...
'2024-04-22 21-47-17': 'ACMFAXMC.mp4' is Done.
'2024-04-22 21-47-17': 'ACPRKUJL.mp4' start running wildlife model...
'2024-04-22 21-49-05': 'ACPRKUJL.mp4' completed wildlife model, starting deeplabcut...
'2024-04-22 21-49-14': 'ACPRKUJL.mp4' is Done.
'2024-04-22 21-49-14': 'ACTCTBXG.mp4' start running wildlife model...
'2024-04-22 21-54-16': 'ACTCTBXG.mp4' completed wildlife model, starting deeplabcut...
'2024-04-22 21-54-25': 'ACTCTBXG.mp4' is Done.
'2024-04-22 21-54-25': 'ACZWFFYS.mp4' start running wildlife model...
'2024-04-22 21-55-38': 'ACZWFFYS.mp4' completed wildlife model, starting deeplabcut...
'2024-04-22 21-55-47': 'ACZWFFYS.mp4' is Done.
'2024-04-22 21-55-47': 'ADBJMPIF.mp4' start running wildlife model...
'2024-04-22 21-57-20': 'ADBJMPIF.mp4' completed wildlife model, starting deeplabcut...
'2024-04-22 21-57-29': 'ADBJMPIF.mp4' is Done.
'2024-04-22 21-57-29': 'ADCMXAYR.mp4' start running wildlife model...
'2024-04-22 22-00-40': 'ADCMXAYR.mp4' completed wildlife model, starting deeplabcut...
'2024-04-22 22-00-49': 'ADCMXAYR.mp4' is Done.
'2024-04-22 22-00-49': 'ADIGUTHG.mp4' start running wildlife model...
'2024-04-22 22-05-36': 'ADIGUTHG.mp4' completed wildlife model, starting deeplabcut...
'2024-04-22 22-05-45': 'ADIGUTHG.mp4' is Done.
'2024-04-22 22-05-45': 'ADOKPUFF.mp4' start running wildlife model...
'2024-04-22 22-09-03': 'ADOKPUFF.mp4' completed wildlife model, starting deeplabcut...
'2024-04-22 22-09-12': 'ADOKPUFF.mp4' is Done.
'2024-04-22 22-09-12': 'ADRIOBSK.mp4' start running wildlife model...
'2024-04-22 22-10-21': 'ADRIOBSK.mp4' completed wildlife model, starting deeplabcut...
'2024-04-22 22-10-30': 'ADRIOBSK.mp4' is Done.
'2024-04-22 22-10-30': 'ADUAVFNJ.mp4' start running wildlife model...
'2024-04-22 22-13-02': 'ADUAVFNJ.mp4' completed wildlife model, starting deeplabcut...
'2024-04-22 22-13-11': 'ADUAVFNJ.mp4' is Done.
'2024-04-22 22-13-11': 'AEADVBXG.mp4' start running wildlife model...
'2024-04-22 22-23-18': 'AEADVBXG.mp4' completed wildlife model, starting deeplabcut...
'2024-04-22 22-23-27': 'AEADVBXG.mp4' is Done.
'2024-04-22 22-23-27': 'AEPJJHSA.mp4' start running wildlife model...
'2024-04-22 22-30-49': 'AEPJJHSA.mp4' completed wildlife model, starting deeplabcut...
'2024-04-22 22-30-58': 'AEPJJHSA.mp4' is Done.
'2024-04-22 22-30-58': 'AEXKOMYV.mp4' start running wildlife model...
'2024-04-22 22-32-42': 'AEXKOMYV.mp4' completed wildlife model, starting deeplabcut...
'2024-04-22 22-32-51': 'AEXKOMYV.mp4' is Done.
'2024-04-22 22-32-52': 'AEXZJFFP.mp4' start running wildlife model...
'2024-04-22 22-34-30': 'AEXZJFFP.mp4' completed wildlife model, starting deeplabcut...
'2024-04-22 22-34-39': 'AEXZJFFP.mp4' is Done.
'2024-04-22 22-34-39': 'AFBALBQT.mp4' start running wildlife model...
'2024-04-22 22-35-39': 'AFBALBQT.mp4' completed wildlife model, starting deeplabcut...
'2024-04-22 22-35-48': 'AFBALBQT.mp4' is Done.
'2024-04-22 22-35-48': 'AFEDZGHA.mp4' start running wildlife model...
'2024-04-22 22-40-25': 'AFEDZGHA.mp4' completed wildlife model, starting deeplabcut...
'2024-04-22 22-40-34': 'AFEDZGHA.mp4' is Done.
'2024-04-22 22-40-34': 'AFFRVFGA.mp4' start running wildlife model...
'2024-04-22 22-41-12': 'AFFRVFGA.mp4' completed wildlife model, starting deeplabcut...
'2024-04-22 22-41-22': 'AFFRVFGA.mp4' is Done.
'2024-04-22 22-41-22': 'AFGHLSEB.mp4' start running wildlife model...
'2024-04-22 22-48-36': 'AFGHLSEB.mp4' completed wildlife model, starting deeplabcut...
'2024-04-22 22-48-45': 'AFGHLSEB.mp4' is Done.
'2024-04-22 22-48-45': 'AFRIMIFB.mp4' start running wildlife model...
'2024-04-22 22-53-29': 'AFRIMIFB.mp4' completed wildlife model, starting deeplabcut...
'2024-04-22 22-53-38': 'AFRIMIFB.mp4' is Done.
'2024-04-22 22-53-38': 'AFVXGCEI.mp4' start running wildlife model...
'2024-04-22 22-55-52': 'AFVXGCEI.mp4' completed wildlife model, starting deeplabcut...
'2024-04-22 22-56-01': 'AFVXGCEI.mp4' is Done.
'2024-04-22 22-56-01': 'AFXMXEWB.mp4' start running wildlife model...
'2024-04-22 22-58-58': 'AFXMXEWB.mp4' completed wildlife model, starting deeplabcut...
'2024-04-22 22-59-07': 'AFXMXEWB.mp4' is Done.
'2024-04-22 22-59-07': 'AGAMZCIN.mp4' start running wildlife model...
'2024-04-22 23-03-53': 'AGAMZCIN.mp4' completed wildlife model, starting deeplabcut...
'2024-04-22 23-04-02': 'AGAMZCIN.mp4' is Done.
'2024-04-22 23-04-02': 'AGFIVTFT.mp4' start running wildlife model...
'2024-04-22 23-05-55': 'AGFIVTFT.mp4' completed wildlife model, starting deeplabcut...
'2024-04-22 23-06-04': 'AGFIVTFT.mp4' is Done.
'2024-04-22 23-06-04': 'AGJKWLSQ.mp4' start running wildlife model...
'2024-04-22 23-07-41': 'AGJKWLSQ.mp4' completed wildlife model, starting deeplabcut...
'2024-04-22 23-07-49': 'AGJKWLSQ.mp4' is Done.
'2024-04-22 23-07-49': 'AGNKZMHZ.mp4' start running wildlife model...
'2024-04-22 23-10-28': 'AGNKZMHZ.mp4' completed wildlife model, starting deeplabcut...
'2024-04-22 23-10-37': 'AGNKZMHZ.mp4' is Done.
'2024-04-22 23-10-37': 'AGSPSMWW.mp4' start running wildlife model...
'2024-04-22 23-13-34': 'AGSPSMWW.mp4' completed wildlife model, starting deeplabcut...
'2024-04-22 23-13-42': 'AGSPSMWW.mp4' is Done.
'2024-04-22 23-13-42': 'AGXWTXGD.mp4' start running wildlife model...
'2024-04-22 23-16-15': 'AGXWTXGD.mp4' completed wildlife model, starting deeplabcut...
'2024-04-22 23-16-24': 'AGXWTXGD.mp4' is Done.
'2024-04-22 23-16-24': 'AGYLNNPL.mp4' start running wildlife model...
'2024-04-22 23-16-38': 'AGYLNNPL.mp4' completed wildlife model, starting deeplabcut...
'2024-04-22 23-16-47': 'AGYLNNPL.mp4' is Done.
'2024-04-22 23-16-47': 'AHACLXHP.mp4' start running wildlife model...
'2024-04-22 23-20-21': 'AHACLXHP.mp4' completed wildlife model, starting deeplabcut...
'2024-04-22 23-20-29': 'AHACLXHP.mp4' is Done.
'2024-04-22 23-20-29': 'AHCSFPKK.mp4' start running wildlife model...
'2024-04-22 23-23-28': 'AHCSFPKK.mp4' completed wildlife model, starting deeplabcut...
'2024-04-22 23-23-38': 'AHCSFPKK.mp4' is Done.
'2024-04-22 23-23-38': 'AHENPRHW.mp4' start running wildlife model...
'2024-04-22 23-26-14': 'AHENPRHW.mp4' completed wildlife model, starting deeplabcut...
'2024-04-22 23-26-23': 'AHENPRHW.mp4' is Done.
'2024-04-22 23-26-23': 'AHHLBAMC.mp4' start running wildlife model...
'2024-04-22 23-28-31': 'AHHLBAMC.mp4' completed wildlife model, starting deeplabcut...
'2024-04-22 23-28-40': 'AHHLBAMC.mp4' is Done.
'2024-04-22 23-28-40': 'AHIRRPIF.mp4' start running wildlife model...
'2024-04-22 23-32-01': 'AHIRRPIF.mp4' completed wildlife model, starting deeplabcut...
'2024-04-22 23-32-10': 'AHIRRPIF.mp4' is Done.
'2024-04-22 23-32-10': 'AHOOGCIN.mp4' start running wildlife model...
'2024-04-22 23-36-17': 'AHOOGCIN.mp4' completed wildlife model, starting deeplabcut...
'2024-04-22 23-36-26': 'AHOOGCIN.mp4' is Done.
'2024-04-22 23-36-26': 'AHSVXBQT.mp4' start running wildlife model...
'2024-04-22 23-39-26': 'AHSVXBQT.mp4' completed wildlife model, starting deeplabcut...
'2024-04-22 23-39-35': 'AHSVXBQT.mp4' is Done.
'2024-04-22 23-39-35': 'AHUCRZQJ.mp4' start running wildlife model...
'2024-04-22 23-41-08': 'AHUCRZQJ.mp4' completed wildlife model, starting deeplabcut...
'2024-04-22 23-41-17': 'AHUCRZQJ.mp4' is Done.
'2024-04-22 23-41-17': 'AHWKCHDU.mp4' start running wildlife model...
'2024-04-22 23-42-08': 'AHWKCHDU.mp4' completed wildlife model, starting deeplabcut...
'2024-04-22 23-42-17': 'AHWKCHDU.mp4' is Done.
'2024-04-22 23-42-17': 'AHXESVEI.mp4' start running wildlife model...
'2024-04-22 23-45-29': 'AHXESVEI.mp4' completed wildlife model, starting deeplabcut...
'2024-04-22 23-45-38': 'AHXESVEI.mp4' is Done.
'2024-04-22 23-45-38': 'AIBLFGQD.mp4' start running wildlife model...
'2024-04-22 23-47-49': 'AIBLFGQD.mp4' completed wildlife model, starting deeplabcut...
'2024-04-22 23-47-58': 'AIBLFGQD.mp4' is Done.
'2024-04-22 23-47-58': 'AIDAZMRQ.mp4' start running wildlife model...
'2024-04-22 23-48-25': 'AIDAZMRQ.mp4' completed wildlife model, starting deeplabcut...
'2024-04-22 23-48-34': 'AIDAZMRQ.mp4' is Done.
'2024-04-22 23-48-34': 'AIEPABQT.mp4' start running wildlife model...
'2024-04-22 23-49-49': 'AIEPABQT.mp4' completed wildlife model, starting deeplabcut...
'2024-04-22 23-49-58': 'AIEPABQT.mp4' is Done.
'2024-04-22 23-49-58': 'AIFSREBY.mp4' start running wildlife model...
'2024-04-22 23-51-09': 'AIFSREBY.mp4' completed wildlife model, starting deeplabcut...
'2024-04-22 23-51-18': 'AIFSREBY.mp4' is Done.
'2024-04-22 23-51-18': 'AIGJHVEI.mp4' start running wildlife model...
'2024-04-22 23-58-40': 'AIGJHVEI.mp4' completed wildlife model, starting deeplabcut...
'2024-04-22 23-58-50': 'AIGJHVEI.mp4' is Done.
'2024-04-22 23-58-50': 'AITARXDO.mp4' start running wildlife model...
'2024-04-23 00-01-32': 'AITARXDO.mp4' completed wildlife model, starting deeplabcut...
'2024-04-23 00-01-41': 'AITARXDO.mp4' is Done.
'2024-04-23 00-01-41': 'AIWQFREH.mp4' start running wildlife model...
'2024-04-23 00-02-35': 'AIWQFREH.mp4' completed wildlife model, starting deeplabcut...
'2024-04-23 00-02-44': 'AIWQFREH.mp4' is Done.
'2024-04-23 00-02-44': 'AJCINFGA.mp4' start running wildlife model...
'2024-04-23 00-06-58': 'AJCINFGA.mp4' completed wildlife model, starting deeplabcut...
'2024-04-23 00-07-07': 'AJCINFGA.mp4' is Done.
'2024-04-23 00-07-07': 'AJGNNPKL.mp4' start running wildlife model...
'2024-04-23 00-11-05': 'AJGNNPKL.mp4' completed wildlife model, starting deeplabcut...
'2024-04-23 00-11-14': 'AJGNNPKL.mp4' is Done.
'2024-04-23 00-11-14': 'AJKCKVMP.mp4' start running wildlife model...
'2024-04-23 00-13-19': 'AJKCKVMP.mp4' completed wildlife model, starting deeplabcut...
'2024-04-23 00-13-28': 'AJKCKVMP.mp4' is Done.
'2024-04-23 00-13-28': 'AJRRBKGZ.mp4' start running wildlife model...
'2024-04-23 00-15-31': 'AJRRBKGZ.mp4' completed wildlife model, starting deeplabcut...
'2024-04-23 00-15-40': 'AJRRBKGZ.mp4' is Done.
'2024-04-23 00-15-40': 'AJTCMDFC.mp4' start running wildlife model...
'2024-04-23 00-17-57': 'AJTCMDFC.mp4' completed wildlife model, starting deeplabcut...
'2024-04-23 00-18-06': 'AJTCMDFC.mp4' is Done.
'2024-04-23 00-18-06': 'AJWSYUDX.mp4' start running wildlife model...
'2024-04-23 00-20-04': 'AJWSYUDX.mp4' completed wildlife model, starting deeplabcut...
'2024-04-23 00-20-13': 'AJWSYUDX.mp4' is Done.
'2024-04-23 00-20-13': 'AJYDMSBA.mp4' start running wildlife model...
'2024-04-23 00-23-11': 'AJYDMSBA.mp4' completed wildlife model, starting deeplabcut...
'2024-04-23 00-23-20': 'AJYDMSBA.mp4' is Done.
'2024-04-23 00-23-20': 'AKACDWMK.mp4' start running wildlife model...
'2024-04-23 00-24-33': 'AKACDWMK.mp4' completed wildlife model, starting deeplabcut...
'2024-04-23 00-24-41': 'AKACDWMK.mp4' is Done.
'2024-04-23 00-24-41': 'AKCLZBQT.mp4' start running wildlife model...
'2024-04-23 00-26-29': 'AKCLZBQT.mp4' completed wildlife model, starting deeplabcut...
'2024-04-23 00-26-37': 'AKCLZBQT.mp4' is Done.
'2024-04-23 00-26-37': 'AKERJNSU.mp4' start running wildlife model...
'2024-04-23 00-30-44': 'AKERJNSU.mp4' completed wildlife model, starting deeplabcut...
'2024-04-23 00-30-52': 'AKERJNSU.mp4' is Done.
'2024-04-23 08-27-12': 'BANHIRGE.mp4' start running wildlife model...
'2024-04-23 08-28-11': 'BANHIRGE.mp4' completed wildlife model, starting deeplabcut...
'2024-04-23 08-29-00': 'BANHIRGE.mp4' is Done.
'2024-04-23 08-29-00': 'BANLSREH.mp4' start running wildlife model...
'2024-04-23 08-29-32': 'BANLSREH.mp4' completed wildlife model, starting deeplabcut...
'2024-04-23 08-30-03': 'BANLSREH.mp4' is Done.
'2024-04-23 08-30-03': 'BAOCAGIW.mp4' start running wildlife model...
'2024-04-23 08-32-15': 'BAOCAGIW.mp4' completed wildlife model, starting deeplabcut...
'2024-04-23 08-33-54': 'BAOCAGIW.mp4' is Done.
'2024-04-23 08-33-54': 'BARVXBXG.mp4' start running wildlife model...
'2024-04-23 08-39-46': 'BARVXBXG.mp4' completed wildlife model, starting deeplabcut...
'2024-04-23 08-43-45': 'BARVXBXG.mp4' is Done.
'2024-04-23 08-43-45': 'BBCJKVEI.mp4' start running wildlife model...
'2024-04-23 08-47-50': 'BBCJKVEI.mp4' completed wildlife model, starting deeplabcut...
'2024-04-23 08-50-45': 'BBCJKVEI.mp4' is Done.
'2024-04-23 08-50-45': 'BBETZLBD.mp4' start running wildlife model...
'2024-04-23 08-54-33': 'BBETZLBD.mp4' completed wildlife model, starting deeplabcut...
'2024-04-23 08-57-16': 'BBETZLBD.mp4' is Done.
'2024-04-23 08-57-16': 'BBJDVKRF.mp4' start running wildlife model...
'2024-04-23 08-58-47': 'BBJDVKRF.mp4' completed wildlife model, starting deeplabcut...
'2024-04-23 08-59-55': 'BBJDVKRF.mp4' is Done.
'2024-04-23 08-59-55': 'BBRCYSVW.mp4' start running wildlife model...
'2024-04-23 09-00-55': 'BBRCYSVW.mp4' completed wildlife model, starting deeplabcut...
'2024-04-23 09-01-43': 'BBRCYSVW.mp4' is Done.
'2024-04-23 09-01-43': 'BBSQLLQI.mp4' start running wildlife model...
'2024-04-23 09-05-07': 'BBSQLLQI.mp4' completed wildlife model, starting deeplabcut...
'2024-04-23 09-07-32': 'BBSQLLQI.mp4' is Done.
'2024-04-23 09-07-32': 'BBXOEVEI.mp4' start running wildlife model...
'2024-04-23 09-08-07': 'BBXOEVEI.mp4' completed wildlife model, starting deeplabcut...
'2024-04-23 09-08-37': 'BBXOEVEI.mp4' is Done.
'2024-04-23 09-08-37': 'BBXYTVEI.mp4' start running wildlife model...
'2024-04-23 09-10-28': 'BBXYTVEI.mp4' completed wildlife model, starting deeplabcut...
'2024-04-23 09-11-51': 'BBXYTVEI.mp4' is Done.
'2024-04-23 09-11-51': 'BCAWHBGG.mp4' start running wildlife model...
'2024-04-23 09-13-46': 'BCAWHBGG.mp4' completed wildlife model, starting deeplabcut...
'2024-04-23 09-15-09': 'BCAWHBGG.mp4' is Done.
'2024-04-23 09-15-09': 'BCFRZDAL.mp4' start running wildlife model...
'2024-04-23 09-15-43': 'BCFRZDAL.mp4' completed wildlife model, starting deeplabcut...
'2024-04-23 09-16-15': 'BCFRZDAL.mp4' is Done.
'2024-04-23 09-16-15': 'BCHDBGQD.mp4' start running wildlife model...
'2024-04-23 09-17-23': 'BCHDBGQD.mp4' completed wildlife model, starting deeplabcut...
'2024-04-23 09-18-16': 'BCHDBGQD.mp4' is Done.
'2024-04-23 09-18-16': 'BCIMLRLL.mp4' start running wildlife model...
'2024-04-23 09-18-55': 'BCIMLRLL.mp4' completed wildlife model, starting deeplabcut...
'2024-04-23 09-19-30': 'BCIMLRLL.mp4' is Done.
'2024-04-23 09-19-30': 'BCJZJPTK.mp4' start running wildlife model...
'2024-04-23 09-24-45': 'BCJZJPTK.mp4' completed wildlife model, starting deeplabcut...
'2024-04-23 09-28-18': 'BCJZJPTK.mp4' is Done.
'2024-04-23 09-28-18': 'BCSTGPTK.mp4' start running wildlife model...
'2024-04-23 09-36-43': 'BCSTGPTK.mp4' completed wildlife model, starting deeplabcut...
'2024-04-23 09-42-36': 'BCSTGPTK.mp4' is Done.
'2024-04-23 09-42-36': 'BDCOJPAB.mp4' start running wildlife model...
'2024-04-23 09-45-47': 'BDCOJPAB.mp4' completed wildlife model, starting deeplabcut...
'2024-04-23 09-48-00': 'BDCOJPAB.mp4' is Done.
'2024-04-23 09-48-00': 'BDMWHVEI.mp4' start running wildlife model...
'2024-04-23 09-49-22': 'BDMWHVEI.mp4' completed wildlife model, starting deeplabcut...
'2024-04-23 09-50-23': 'BDMWHVEI.mp4' is Done.
'2024-04-23 09-50-23': 'BDQCHGHA.mp4' start running wildlife model...
'2024-04-23 10-00-44': 'BDQCHGHA.mp4' completed wildlife model, starting deeplabcut...
'2024-04-23 10-07-52': 'BDQCHGHA.mp4' is Done.
'2024-04-23 10-07-52': 'BEOFIVKA.mp4' start running wildlife model...
'2024-04-23 10-10-46': 'BEOFIVKA.mp4' completed wildlife model, starting deeplabcut...
'2024-04-23 10-12-55': 'BEOFIVKA.mp4' is Done.
'2024-04-23 10-12-55': 'BAEOZNPO.mp4' start running wildlife model...
'2024-04-23 10-15-05': 'BAEOZNPO.mp4' completed wildlife model, starting deeplabcut...
'2024-04-23 10-16-27': 'BAEOZNPO.mp4' is Done.
'2024-04-23 10-16-27': 'BDLMLTFT.mp4' start running wildlife model...
'2024-04-23 10-23-44': 'BDLMLTFT.mp4' completed wildlife model, starting deeplabcut...
'2024-04-23 10-28-38': 'BDLMLTFT.mp4' is Done.
'2024-04-23 10-28-38': 'BEALRDAL.mp4' start running wildlife model...
'2024-04-23 10-29-51': 'BEALRDAL.mp4' completed wildlife model, starting deeplabcut...
'2024-04-23 10-30-48': 'BEALRDAL.mp4' is Done.
'2024-04-23 10-30-48': 'BEAPXVEI.mp4' start running wildlife model...
'2024-04-23 10-31-16': 'BEAPXVEI.mp4' completed wildlife model, starting deeplabcut...
'2024-04-23 10-31-43': 'BEAPXVEI.mp4' is Done.
'2024-04-23 10-31-43': 'BEEXFPTK.mp4' start running wildlife model...
'2024-04-23 10-33-18': 'BEEXFPTK.mp4' completed wildlife model, starting deeplabcut...
'2024-04-23 10-34-28': 'BEEXFPTK.mp4' is Done.
'2024-04-23 10-34-28': 'BEJOYLHH.mp4' start running wildlife model...
'2024-04-23 10-35-52': 'BEJOYLHH.mp4' completed wildlife model, starting deeplabcut...
'2024-04-23 10-36-57': 'BEJOYLHH.mp4' is Done.
'2024-04-23 10-36-57': 'BEKHDSPG.mp4' start running wildlife model...
'2024-04-23 10-37-48': 'BEKHDSPG.mp4' completed wildlife model, starting deeplabcut...
'2024-04-23 10-38-32': 'BEKHDSPG.mp4' is Done.
'2024-04-23 10-38-32': 'BERIIXGD.mp4' start running wildlife model...
'2024-04-23 10-41-04': 'BERIIXGD.mp4' completed wildlife model, starting deeplabcut...
'2024-04-23 10-42-53': 'BERIIXGD.mp4' is Done.
'2024-04-23 10-42-53': 'BEUABKJZ.mp4' start running wildlife model...
'2024-04-23 10-48-07': 'BEUABKJZ.mp4' completed wildlife model, starting deeplabcut...
'2024-04-23 10-51-39': 'BEUABKJZ.mp4' is Done.
'2024-04-23 10-51-39': 'BFBBMEBY.mp4' start running wildlife model...
'2024-04-23 10-55-28': 'BFBBMEBY.mp4' completed wildlife model, starting deeplabcut...
'2024-04-23 10-58-12': 'BFBBMEBY.mp4' is Done.
'2024-04-23 10-58-12': 'BFFMNBQT.mp4' start running wildlife model...
'2024-04-23 10-59-33': 'BFFMNBQT.mp4' completed wildlife model, starting deeplabcut...
'2024-04-23 11-00-34': 'BFFMNBQT.mp4' is Done.
'2024-04-23 11-00-34': 'BFHTBGEG.mp4' start running wildlife model...
'2024-04-23 11-01-52': 'BFHTBGEG.mp4' completed wildlife model, starting deeplabcut...
'2024-04-23 11-02-53': 'BFHTBGEG.mp4' is Done.
'2024-04-23 11-02-53': 'BFIBUIYC.mp4' start running wildlife model...
'2024-04-23 11-11-51': 'BFIBUIYC.mp4' completed wildlife model, starting deeplabcut...
'2024-04-23 11-18-21': 'BFIBUIYC.mp4' is Done.
'2024-04-23 11-18-21': 'BFXOJPTK.mp4' start running wildlife model...
'2024-04-23 11-20-43': 'BFXOJPTK.mp4' completed wildlife model, starting deeplabcut...
'2024-04-23 11-22-23': 'BFXOJPTK.mp4' is Done.
'2024-04-23 11-22-23': 'BGAUTFGA.mp4' start running wildlife model...
'2024-04-23 11-23-08': 'BGAUTFGA.mp4' completed wildlife model, starting deeplabcut...
'2024-04-23 11-23-46': 'BGAUTFGA.mp4' is Done.
'2024-04-23 11-23-46': 'BGCGSTFT.mp4' start running wildlife model...
'2024-04-23 11-29-19': 'BGCGSTFT.mp4' completed wildlife model, starting deeplabcut...
'2024-04-23 11-32-59': 'BGCGSTFT.mp4' is Done.
'2024-04-23 11-32-59': 'BGGLHUHU.mp4' start running wildlife model...
'2024-04-23 11-38-28': 'BGGLHUHU.mp4' completed wildlife model, starting deeplabcut...
'2024-04-23 11-42-21': 'BGGLHUHU.mp4' is Done.
'2024-04-23 11-42-21': 'BGMFTCEI.mp4' start running wildlife model...
'2024-04-23 11-43-08': 'BGMFTCEI.mp4' completed wildlife model, starting deeplabcut...
'2024-04-23 11-43-48': 'BGMFTCEI.mp4' is Done.
'2024-04-23 11-43-48': 'BGNUAIJJ.mp4' start running wildlife model...
'2024-04-23 11-48-14': 'BGNUAIJJ.mp4' completed wildlife model, starting deeplabcut...
'2024-04-23 11-51-44': 'BGNUAIJJ.mp4' is Done.
'2024-04-23 11-51-44': 'BGSOMLHH.mp4' start running wildlife model...
'2024-04-23 11-53-42': 'BGSOMLHH.mp4' completed wildlife model, starting deeplabcut...
'2024-04-23 11-55-04': 'BGSOMLHH.mp4' is Done.
'2024-04-23 11-55-04': 'BGTPCVKA.mp4' start running wildlife model...
'2024-04-23 11-58-32': 'BGTPCVKA.mp4' completed wildlife model, starting deeplabcut...
'2024-04-23 12-00-57': 'BGTPCVKA.mp4' is Done.
'2024-04-23 12-00-57': 'BGWSAELW.mp4' start running wildlife model...
'2024-04-23 12-01-39': 'BGWSAELW.mp4' completed wildlife model, starting deeplabcut...
'2024-04-23 12-02-15': 'BGWSAELW.mp4' is Done.
'2024-04-23 12-02-15': 'BGZJDKEW.mp4' start running wildlife model...
'2024-04-23 12-03-27': 'BGZJDKEW.mp4' completed wildlife model, starting deeplabcut...
'2024-04-23 12-04-23': 'BGZJDKEW.mp4' is Done.
'2024-04-23 12-04-23': 'BHAVJLSQ.mp4' start running wildlife model...
'2024-04-23 12-04-44': 'BHAVJLSQ.mp4' completed wildlife model, starting deeplabcut...
'2024-04-23 12-05-07': 'BHAVJLSQ.mp4' is Done.
'2024-04-23 12-05-07': 'BHBUMNSU.mp4' start running wildlife model...
'2024-04-23 12-06-25': 'BHBUMNSU.mp4' completed wildlife model, starting deeplabcut...
'2024-04-23 12-07-26': 'BHBUMNSU.mp4' is Done.
'2024-04-23 12-07-26': 'BHDXGPKK.mp4' start running wildlife model...
'2024-04-23 12-08-50': 'BHDXGPKK.mp4' completed wildlife model, starting deeplabcut...
'2024-04-23 12-09-52': 'BHDXGPKK.mp4' is Done.
'2024-04-23 12-09-52': 'BHGKUVKA.mp4' start running wildlife model...
'2024-04-23 12-14-57': 'BHGKUVKA.mp4' completed wildlife model, starting deeplabcut...
'2024-04-23 12-18-32': 'BHGKUVKA.mp4' is Done.
'2024-04-23 12-18-32': 'BHNRXVEI.mp4' start running wildlife model...
'2024-04-23 12-19-20': 'BHNRXVEI.mp4' completed wildlife model, starting deeplabcut...
'2024-04-23 12-20-00': 'BHNRXVEI.mp4' is Done.
'2024-04-23 12-20-00': 'BHOBIZLK.mp4' start running wildlife model...
'2024-04-23 12-20-54': 'BHOBIZLK.mp4' completed wildlife model, starting deeplabcut...
'2024-04-23 12-21-38': 'BHOBIZLK.mp4' is Done.
'2024-04-23 12-21-38': 'BHSDAKGZ.mp4' start running wildlife model...
'2024-04-23 12-24-07': 'BHSDAKGZ.mp4' completed wildlife model, starting deeplabcut...
'2024-04-23 12-25-50': 'BHSDAKGZ.mp4' is Done.
'2024-04-23 12-25-50': 'BHZGUMWW.mp4' start running wildlife model...
'2024-04-23 12-28-29': 'BHZGUMWW.mp4' completed wildlife model, starting deeplabcut...
'2024-04-23 12-30-26': 'BHZGUMWW.mp4' is Done.
'2024-04-23 12-30-26': 'BIDMDTFT.mp4' start running wildlife model...
'2024-04-23 12-34-39': 'BIDMDTFT.mp4' completed wildlife model, starting deeplabcut...
'2024-04-23 12-37-24': 'BIDMDTFT.mp4' is Done.
'2024-04-23 12-37-24': 'BIHYXEQQ.mp4' start running wildlife model...
'2024-04-23 12-40-37': 'BIHYXEQQ.mp4' completed wildlife model, starting deeplabcut...
'2024-04-23 12-42-50': 'BIHYXEQQ.mp4' is Done.
'2024-04-23 12-42-50': 'BIOLNPTK.mp4' start running wildlife model...
'2024-04-23 12-47-25': 'BIOLNPTK.mp4' completed wildlife model, starting deeplabcut...
'2024-04-23 12-50-31': 'BIOLNPTK.mp4' is Done.
'2024-04-23 12-50-31': 'BIPZUIFB.mp4' start running wildlife model...
'2024-04-23 12-53-45': 'BIPZUIFB.mp4' completed wildlife model, starting deeplabcut...
'2024-04-23 12-55-59': 'BIPZUIFB.mp4' is Done.
'2024-04-23 12-55-59': 'BIVGAXGD.mp4' start running wildlife model...
'2024-04-23 13-00-10': 'BIVGAXGD.mp4' completed wildlife model, starting deeplabcut...
'2024-04-23 13-03-07': 'BIVGAXGD.mp4' is Done.
'2024-04-23 13-03-07': 'BJAMFQFB.mp4' start running wildlife model...
'2024-04-23 13-05-08': 'BJAMFQFB.mp4' completed wildlife model, starting deeplabcut...
'2024-04-23 13-06-35': 'BJAMFQFB.mp4' is Done.
'2024-04-23 13-06-35': 'BJDNWMVW.mp4' start running wildlife model...
'2024-04-23 13-14-15': 'BJDNWMVW.mp4' completed wildlife model, starting deeplabcut...
'2024-04-23 13-19-15': 'BJDNWMVW.mp4' is Done.
'2024-04-23 13-19-15': 'BJLKGPKL.mp4' start running wildlife model...
'2024-04-23 13-19-48': 'BJLKGPKL.mp4' completed wildlife model, starting deeplabcut...
'2024-04-23 13-20-19': 'BJLKGPKL.mp4' is Done.
'2024-04-23 13-20-19': 'BJLMISBA.mp4' start running wildlife model...
'2024-04-23 13-21-32': 'BJLMISBA.mp4' completed wildlife model, starting deeplabcut...
'2024-04-23 13-22-28': 'BJLMISBA.mp4' is Done.
'2024-04-23 13-22-28': 'BJPEXPTK.mp4' start running wildlife model...
'2024-04-23 13-30-47': 'BJPEXPTK.mp4' completed wildlife model, starting deeplabcut...
'2024-04-23 13-36-19': 'BJPEXPTK.mp4' is Done.
'2024-04-23 13-36-19': 'BKECGPKK.mp4' start running wildlife model...
'2024-04-23 13-36-58': 'BKECGPKK.mp4' completed wildlife model, starting deeplabcut...
'2024-04-23 13-37-34': 'BKECGPKK.mp4' is Done.
'2024-04-23 13-37-34': 'BKEENPAB.mp4' start running wildlife model...
'2024-04-23 13-40-51': 'BKEENPAB.mp4' completed wildlife model, starting deeplabcut...
'2024-04-23 13-43-06': 'BKEENPAB.mp4' is Done.
'2024-04-23 13-43-06': 'BKOJEVEI.mp4' start running wildlife model...
'2024-04-23 13-45-38': 'BKOJEVEI.mp4' completed wildlife model, starting deeplabcut...
'2024-04-23 13-47-31': 'BKOJEVEI.mp4' is Done.
'2024-04-23 13-47-31': 'BKQOMKOU.mp4' start running wildlife model...
'2024-04-23 13-56-40': 'BKQOMKOU.mp4' completed wildlife model, starting deeplabcut...
'2024-04-23 14-02-37': 'BKQOMKOU.mp4' is Done.
'2024-04-23 14-02-37': 'BKYIFMHZ.mp4' start running wildlife model...
'2024-04-23 14-08-09': 'BKYIFMHZ.mp4' completed wildlife model, starting deeplabcut...
'2024-04-23 14-11-53': 'BKYIFMHZ.mp4' is Done.
'2024-04-23 14-11-53': 'BKZWQUUK.mp4' start running wildlife model...
'2024-04-23 14-12-21': 'BKZWQUUK.mp4' completed wildlife model, starting deeplabcut...
'2024-04-23 14-12-47': 'BKZWQUUK.mp4' is Done.
'2024-04-23 14-12-47': 'BLDZLPKL.mp4' start running wildlife model...
'2024-04-23 14-13-43': 'BLDZLPKL.mp4' completed wildlife model, starting deeplabcut...
'2024-04-23 14-14-26': 'BLDZLPKL.mp4' is Done.
'2024-04-23 14-14-26': 'BLEZIXRE.mp4' start running wildlife model...
'2024-04-23 14-20-16': 'BLEZIXRE.mp4' completed wildlife model, starting deeplabcut...
'2024-04-23 14-24-16': 'BLEZIXRE.mp4' is Done.
'2024-04-23 14-24-16': 'BLJOMUOY.mp4' start running wildlife model...
'2024-04-23 14-24-58': 'BLJOMUOY.mp4' completed wildlife model, starting deeplabcut...
'2024-04-23 14-25-33': 'BLJOMUOY.mp4' is Done.
'2024-04-23 14-25-33': 'BLNDMMRN.mp4' start running wildlife model...
'2024-04-23 14-26-02': 'BLNDMMRN.mp4' completed wildlife model, starting deeplabcut...
'2024-04-23 14-26-29': 'BLNDMMRN.mp4' is Done.
'2024-04-23 14-26-29': 'BLNYILZD.mp4' start running wildlife model...
'2024-04-23 14-28-41': 'BLNYILZD.mp4' completed wildlife model, starting deeplabcut...
'2024-04-23 14-30-20': 'BLNYILZD.mp4' is Done.
'2024-04-23 14-30-20': 'BLQFMIFB.mp4' start running wildlife model...
'2024-04-23 14-32-37': 'BLQFMIFB.mp4' completed wildlife model, starting deeplabcut...
'2024-04-23 14-34-11': 'BLQFMIFB.mp4' is Done.
'2024-04-23 14-34-11': 'BLSESDSN.mp4' start running wildlife model...
'2024-04-23 14-35-38': 'BLSESDSN.mp4' completed wildlife model, starting deeplabcut...
'2024-04-23 14-36-43': 'BLSESDSN.mp4' is Done.
'2024-04-23 14-36-43': 'BLWNMRAC.mp4' start running wildlife model...
'2024-04-23 14-40-13': 'BLWNMRAC.mp4' completed wildlife model, starting deeplabcut...
'2024-04-23 14-42-44': 'BLWNMRAC.mp4' is Done.
'2024-04-23 14-42-44': 'BLZNFFFP.mp4' start running wildlife model...
'2024-04-23 14-47-59': 'BLZNFFFP.mp4' completed wildlife model, starting deeplabcut...
'2024-04-23 14-51-43': 'BLZNFFFP.mp4' is Done.
'2024-04-23 14-51-43': 'BMKSBBOE.mp4' start running wildlife model...
'2024-04-23 14-56-09': 'BMKSBBOE.mp4' completed wildlife model, starting deeplabcut...
'2024-04-23 14-59-16': 'BMKSBBOE.mp4' is Done.
'2024-04-23 14-59-16': 'BMMVHTHG.mp4' start running wildlife model...
'2024-04-23 15-04-12': 'BMMVHTHG.mp4' completed wildlife model, starting deeplabcut...
'2024-04-23 15-07-33': 'BMMVHTHG.mp4' is Done.
'2024-04-23 15-07-33': 'BMSXEZQJ.mp4' start running wildlife model...
'2024-04-23 15-08-30': 'BMSXEZQJ.mp4' completed wildlife model, starting deeplabcut...
'2024-04-23 15-09-19': 'BMSXEZQJ.mp4' is Done.
'2024-04-23 15-09-19': 'BMTYVQXC.mp4' start running wildlife model...
'2024-04-23 15-11-19': 'BMTYVQXC.mp4' completed wildlife model, starting deeplabcut...
'2024-04-23 15-12-48': 'BMTYVQXC.mp4' is Done.
'2024-04-23 15-12-48': 'BMXYNPTK.mp4' start running wildlife model...
'2024-04-23 15-13-57': 'BMXYNPTK.mp4' completed wildlife model, starting deeplabcut...
'2024-04-23 15-14-51': 'BMXYNPTK.mp4' is Done.
'2024-04-23 15-14-51': 'BNAJQMWW.mp4' start running wildlife model...
'2024-04-23 15-19-03': 'BNAJQMWW.mp4' completed wildlife model, starting deeplabcut...
'2024-04-23 15-22-04': 'BNAJQMWW.mp4' is Done.
'2024-04-23 15-22-04': 'BNGJHZAA.mp4' start running wildlife model...
'2024-04-23 15-23-36': 'BNGJHZAA.mp4' completed wildlife model, starting deeplabcut...
'2024-04-23 15-24-44': 'BNGJHZAA.mp4' is Done.
'2024-04-23 15-24-44': 'BNJEFPIF.mp4' start running wildlife model...
'2024-04-23 15-27-16': 'BNJEFPIF.mp4' completed wildlife model, starting deeplabcut...
'2024-04-23 15-29-04': 'BNJEFPIF.mp4' is Done.
'2024-04-23 15-29-04': 'BNMHQVEI.mp4' start running wildlife model...
'2024-04-23 15-32-41': 'BNMHQVEI.mp4' completed wildlife model, starting deeplabcut...
'2024-04-23 15-35-05': 'BNMHQVEI.mp4' is Done.
'2024-04-23 15-35-05': 'BNOSZIQR.mp4' start running wildlife model...
'2024-04-23 15-37-59': 'BNOSZIQR.mp4' completed wildlife model, starting deeplabcut...
'2024-04-23 15-40-00': 'BNOSZIQR.mp4' is Done.
'2024-04-23 15-40-00': 'BNSVGIQR.mp4' start running wildlife model...
'2024-04-23 15-42-25': 'BNSVGIQR.mp4' completed wildlife model, starting deeplabcut...
'2024-04-23 15-44-11': 'BNSVGIQR.mp4' is Done.
'2024-04-23 15-44-11': 'BNXUEPIF.mp4' start running wildlife model...
'2024-04-23 15-45-40': 'BNXUEPIF.mp4' completed wildlife model, starting deeplabcut...
'2024-04-23 15-46-50': 'BNXUEPIF.mp4' is Done.
'2024-04-23 15-46-50': 'BODPJCDA.mp4' start running wildlife model...
'2024-04-23 15-49-20': 'BODPJCDA.mp4' completed wildlife model, starting deeplabcut...
'2024-04-23 15-51-07': 'BODPJCDA.mp4' is Done.
'2024-04-23 15-51-07': 'BOEFDXGD.mp4' start running wildlife model...
'2024-04-23 15-55-47': 'BOEFDXGD.mp4' completed wildlife model, starting deeplabcut...
'2024-04-23 15-58-56': 'BOEFDXGD.mp4' is Done.
'2024-04-23 15-58-56': 'BOIVXVTI.mp4' start running wildlife model...
'2024-04-23 16-01-15': 'BOIVXVTI.mp4' completed wildlife model, starting deeplabcut...
'2024-04-23 16-02-50': 'BOIVXVTI.mp4' is Done.
'2024-04-23 16-02-50': 'BOMUXRFV.mp4' start running wildlife model...
'2024-04-23 16-05-28': 'BOMUXRFV.mp4' completed wildlife model, starting deeplabcut...
'2024-04-23 16-07-17': 'BOMUXRFV.mp4' is Done.
'2024-04-23 16-07-17': 'BOOPCACP.mp4' start running wildlife model...
'2024-04-23 16-07-49': 'BOOPCACP.mp4' completed wildlife model, starting deeplabcut...
'2024-04-23 16-08-20': 'BOOPCACP.mp4' is Done.
'2024-04-23 16-08-20': 'BOQJIHGA.mp4' start running wildlife model...
'2024-04-23 16-14-07': 'BOQJIHGA.mp4' completed wildlife model, starting deeplabcut...
'2024-04-23 16-18-08': 'BOQJIHGA.mp4' is Done.
'2024-04-23 16-18-08': 'BOZZEXGD.mp4' start running wildlife model...
'2024-04-23 16-19-06': 'BOZZEXGD.mp4' completed wildlife model, starting deeplabcut...
'2024-04-23 16-19-50': 'BOZZEXGD.mp4' is Done.
'2024-04-23 16-19-50': 'BPCHRUIV.mp4' start running wildlife model...
'2024-04-23 16-21-57': 'BPCHRUIV.mp4' completed wildlife model, starting deeplabcut...
'2024-04-23 16-23-32': 'BPCHRUIV.mp4' is Done.
'2024-04-23 16-23-32': 'BPGDHVJP.mp4' start running wildlife model...
'2024-04-23 16-27-57': 'BPGDHVJP.mp4' completed wildlife model, starting deeplabcut...
'2024-04-23 16-30-58': 'BPGDHVJP.mp4' is Done.
'2024-04-23 16-30-58': 'BPKXNSEB.mp4' start running wildlife model...
'2024-04-23 16-32-40': 'BPKXNSEB.mp4' completed wildlife model, starting deeplabcut...
'2024-04-23 16-33-54': 'BPKXNSEB.mp4' is Done.
'2024-04-23 16-33-54': 'BPOROLSQ.mp4' start running wildlife model...
'2024-04-23 16-40-56': 'BPOROLSQ.mp4' completed wildlife model, starting deeplabcut...
'2024-04-23 16-45-53': 'BPOROLSQ.mp4' is Done.
'2024-04-23 16-45-53': 'BPXSCMWW.mp4' start running wildlife model...
'2024-04-23 16-48-43': 'BPXSCMWW.mp4' completed wildlife model, starting deeplabcut...
'2024-04-23 16-50-39': 'BPXSCMWW.mp4' is Done.
'2024-04-23 16-50-39': 'BQDPRWUH.mp4' start running wildlife model...
'2024-04-23 16-51-12': 'BQDPRWUH.mp4' completed wildlife model, starting deeplabcut...
'2024-04-23 16-51-43': 'BQDPRWUH.mp4' is Done.
'2024-04-23 16-51-43': 'BQEPVUXR.mp4' start running wildlife model...
'2024-04-23 16-55-09': 'BQEPVUXR.mp4' completed wildlife model, starting deeplabcut...
'2024-04-23 16-57-31': 'BQEPVUXR.mp4' is Done.
'2024-04-23 16-57-31': 'BQOEHVEI.mp4' start running wildlife model...
'2024-04-23 16-59-56': 'BQOEHVEI.mp4' completed wildlife model, starting deeplabcut...
'2024-04-23 17-01-36': 'BQOEHVEI.mp4' is Done.
'2024-04-23 17-01-36': 'BQQBJOOZ.mp4' start running wildlife model...
'2024-04-23 17-04-29': 'BQQBJOOZ.mp4' completed wildlife model, starting deeplabcut...
'2024-04-23 17-06-30': 'BQQBJOOZ.mp4' is Done.
'2024-04-23 17-06-30': 'BQTLWAEM.mp4' start running wildlife model...
'2024-04-23 17-09-21': 'BQTLWAEM.mp4' completed wildlife model, starting deeplabcut...
'2024-04-23 17-11-26': 'BQTLWAEM.mp4' is Done.
'2024-04-23 17-11-26': 'BRAIWBGU.mp4' start running wildlife model...
'2024-04-23 17-12-41': 'BRAIWBGU.mp4' completed wildlife model, starting deeplabcut...
'2024-04-23 17-13-38': 'BRAIWBGU.mp4' is Done.
'2024-04-23 17-13-38': 'BRAOUNSU.mp4' start running wildlife model...
'2024-04-23 17-14-13': 'BRAOUNSU.mp4' completed wildlife model, starting deeplabcut...
'2024-04-23 17-14-44': 'BRAOUNSU.mp4' is Done.
'2024-04-23 17-14-44': 'BRCQCNQN.mp4' start running wildlife model...
'2024-04-23 17-15-36': 'BRCQCNQN.mp4' completed wildlife model, starting deeplabcut...
'2024-04-23 17-16-19': 'BRCQCNQN.mp4' is Done.
'2024-04-23 17-16-19': 'BRHGEEOD.mp4' start running wildlife model...
'2024-04-23 17-16-45': 'BRHGEEOD.mp4' completed wildlife model, starting deeplabcut...
'2024-04-23 17-17-12': 'BRHGEEOD.mp4' is Done.
'2024-04-23 17-17-12': 'BRILORAC.mp4' start running wildlife model...
'2024-04-23 17-22-14': 'BRILORAC.mp4' completed wildlife model, starting deeplabcut...
'2024-04-23 17-25-35': 'BRILORAC.mp4' is Done.
'2024-04-23 17-25-35': 'BRLYMZLK.mp4' start running wildlife model...
'2024-04-23 17-31-13': 'BRLYMZLK.mp4' completed wildlife model, starting deeplabcut...
'2024-04-23 17-34-56': 'BRLYMZLK.mp4' is Done.
'2024-04-23 17-34-56': 'BRUCAPIF.mp4' start running wildlife model...
'2024-04-23 17-36-25': 'BRUCAPIF.mp4' completed wildlife model, starting deeplabcut...
'2024-04-23 17-37-36': 'BRUCAPIF.mp4' is Done.
'2024-04-23 17-37-36': 'BRZFFKOU.mp4' start running wildlife model...
'2024-04-23 17-42-59': 'BRZFFKOU.mp4' completed wildlife model, starting deeplabcut...
'2024-04-23 17-46-30': 'BRZFFKOU.mp4' is Done.
'2024-04-23 17-46-30': 'BSLDNNPL.mp4' start running wildlife model...
'2024-04-23 17-46-51': 'BSLDNNPL.mp4' completed wildlife model, starting deeplabcut...
'2024-04-23 17-47-14': 'BSLDNNPL.mp4' is Done.
'2024-04-23 17-47-14': 'BSOXVMYV.mp4' start running wildlife model...
'2024-04-23 17-52-08': 'BSOXVMYV.mp4' completed wildlife model, starting deeplabcut...
'2024-04-23 17-55-36': 'BSOXVMYV.mp4' is Done.
'2024-04-23 17-55-36': 'BSXKAKRF.mp4' start running wildlife model...
'2024-04-23 17-58-01': 'BSXKAKRF.mp4' completed wildlife model, starting deeplabcut...
'2024-04-23 17-59-44': 'BSXKAKRF.mp4' is Done.
'2024-04-23 17-59-44': 'BTDZRXYT.mp4' start running wildlife model...
'2024-04-23 18-04-41': 'BTDZRXYT.mp4' completed wildlife model, starting deeplabcut...
'2024-04-23 18-07-59': 'BTDZRXYT.mp4' is Done.
'2024-04-23 18-07-59': 'BTMAWFGA.mp4' start running wildlife model...
'2024-04-23 18-11-17': 'BTMAWFGA.mp4' completed wildlife model, starting deeplabcut...
'2024-04-23 18-13-31': 'BTMAWFGA.mp4' is Done.
'2024-04-23 18-13-31': 'BTQWZUDI.mp4' start running wildlife model...
'2024-04-23 18-16-01': 'BTQWZUDI.mp4' completed wildlife model, starting deeplabcut...
'2024-04-23 18-17-45': 'BTQWZUDI.mp4' is Done.
'2024-04-23 18-17-45': 'BTSSGGIW.mp4' start running wildlife model...
'2024-04-23 18-19-40': 'BTSSGGIW.mp4' completed wildlife model, starting deeplabcut...
'2024-04-23 18-21-07': 'BTSSGGIW.mp4' is Done.
'2024-04-23 18-21-07': 'BTUJUXGD.mp4' start running wildlife model...
'2024-04-23 18-24-14': 'BTUJUXGD.mp4' completed wildlife model, starting deeplabcut...
'2024-04-23 18-26-19': 'BTUJUXGD.mp4' is Done.
'2024-04-23 18-26-19': 'BTZSJAEM.mp4' start running wildlife model...
'2024-04-23 18-31-30': 'BTZSJAEM.mp4' completed wildlife model, starting deeplabcut...
'2024-04-23 18-34-56': 'BTZSJAEM.mp4' is Done.
'2024-04-23 18-34-56': 'BUGLHXTD.mp4' start running wildlife model...
'2024-04-23 18-38-30': 'BUGLHXTD.mp4' completed wildlife model, starting deeplabcut...
'2024-04-23 18-40-57': 'BUGLHXTD.mp4' is Done.
'2024-04-23 18-40-57': 'BUGWQNPL.mp4' start running wildlife model...
'2024-04-23 18-41-51': 'BUGWQNPL.mp4' completed wildlife model, starting deeplabcut...
'2024-04-23 18-42-35': 'BUGWQNPL.mp4' is Done.
'2024-04-23 18-42-35': 'BUICJNPL.mp4' start running wildlife model...
'2024-04-23 18-44-23': 'BUICJNPL.mp4' completed wildlife model, starting deeplabcut...
'2024-04-23 18-45-45': 'BUICJNPL.mp4' is Done.
'2024-04-23 18-45-45': 'BUKSUFGA.mp4' start running wildlife model...
'2024-04-23 18-48-53': 'BUKSUFGA.mp4' completed wildlife model, starting deeplabcut...
'2024-04-23 18-51-20': 'BUKSUFGA.mp4' is Done.
'2024-04-23 18-51-20': 'BUPKQPLS.mp4' start running wildlife model...
'2024-04-23 18-52-22': 'BUPKQPLS.mp4' completed wildlife model, starting deeplabcut...
'2024-04-23 18-53-10': 'BUPKQPLS.mp4' is Done.
'2024-04-23 18-53-10': 'BUSKZRGE.mp4' start running wildlife model...
'2024-04-23 18-57-21': 'BUSKZRGE.mp4' completed wildlife model, starting deeplabcut...
'2024-04-23 19-00-26': 'BUSKZRGE.mp4' is Done.
'2024-04-23 19-00-26': 'BUVMHPKT.mp4' start running wildlife model...
'2024-04-23 19-03-44': 'BUVMHPKT.mp4' completed wildlife model, starting deeplabcut...
'2024-04-23 19-05-54': 'BUVMHPKT.mp4' is Done.
'2024-04-23 19-05-54': 'BUZQZMCW.mp4' start running wildlife model...
'2024-04-23 19-09-49': 'BUZQZMCW.mp4' completed wildlife model, starting deeplabcut...
'2024-04-23 19-12-28': 'BUZQZMCW.mp4' is Done.
'2024-04-23 19-12-28': 'BVGAAKDQ.mp4' start running wildlife model...
'2024-04-23 19-18-29': 'BVGAAKDQ.mp4' completed wildlife model, starting deeplabcut...
'2024-04-23 19-22-43': 'BVGAAKDQ.mp4' is Done.
'2024-04-23 19-22-43': 'BVMEMSBA.mp4' start running wildlife model...
'2024-04-23 19-24-10': 'BVMEMSBA.mp4' completed wildlife model, starting deeplabcut...
'2024-04-23 19-25-16': 'BVMEMSBA.mp4' is Done.
'2024-04-23 19-25-16': 'BVOSTUDI.mp4' start running wildlife model...
'2024-04-23 19-26-11': 'BVOSTUDI.mp4' completed wildlife model, starting deeplabcut...
'2024-04-23 19-26-55': 'BVOSTUDI.mp4' is Done.
'2024-04-23 19-26-55': 'BVPJQACP.mp4' start running wildlife model...
'2024-04-23 19-27-33': 'BVPJQACP.mp4' completed wildlife model, starting deeplabcut...
'2024-04-23 19-28-08': 'BVPJQACP.mp4' is Done.
'2024-04-23 19-28-08': 'BVRVZPTK.mp4' start running wildlife model...
'2024-04-23 19-32-59': 'BVRVZPTK.mp4' completed wildlife model, starting deeplabcut...
'2024-04-23 19-36-13': 'BVRVZPTK.mp4' is Done.
'2024-04-23 19-36-13': 'BWBOFOTL.mp4' start running wildlife model...
'2024-04-23 19-41-10': 'BWBOFOTL.mp4' completed wildlife model, starting deeplabcut...
'2024-04-23 19-44-28': 'BWBOFOTL.mp4' is Done.
'2024-04-23 19-44-28': 'BWJJAUXV.mp4' start running wildlife model...
'2024-04-23 19-48-56': 'BWJJAUXV.mp4' completed wildlife model, starting deeplabcut...
'2024-04-23 19-52-06': 'BWJJAUXV.mp4' is Done.
'2024-04-23 19-52-06': 'BWWHFXYT.mp4' start running wildlife model...
'2024-04-23 19-55-46': 'BWWHFXYT.mp4' completed wildlife model, starting deeplabcut...
'2024-04-23 19-58-25': 'BWWHFXYT.mp4' is Done.
'2024-04-23 19-58-25': 'BXBJDBGG.mp4' start running wildlife model...
'2024-04-23 20-04-08': 'BXBJDBGG.mp4' completed wildlife model, starting deeplabcut...
'2024-04-23 20-08-08': 'BXBJDBGG.mp4' is Done.
'2024-04-23 20-08-08': 'BXJAVDEV.mp4' start running wildlife model...
'2024-04-23 20-09-30': 'BXJAVDEV.mp4' completed wildlife model, starting deeplabcut...
'2024-04-23 20-10-30': 'BXJAVDEV.mp4' is Done.
'2024-04-23 20-10-30': 'BXKOKKGZ.mp4' start running wildlife model...
'2024-04-23 20-15-50': 'BXKOKKGZ.mp4' completed wildlife model, starting deeplabcut...
'2024-04-23 20-19-21': 'BXKOKKGZ.mp4' is Done.
'2024-04-23 20-19-21': 'BXWDTFPE.mp4' start running wildlife model...
'2024-04-23 20-21-37': 'BXWDTFPE.mp4' completed wildlife model, starting deeplabcut...
'2024-04-23 20-23-12': 'BXWDTFPE.mp4' is Done.
'2024-04-23 20-23-12': 'BYAEPQRD.mp4' start running wildlife model...
'2024-04-23 20-24-47': 'BYAEPQRD.mp4' completed wildlife model, starting deeplabcut...
'2024-04-23 20-26-01': 'BYAEPQRD.mp4' is Done.
'2024-04-23 20-26-01': 'BYCMZHGA.mp4' start running wildlife model...
'2024-04-23 20-29-28': 'BYCMZHGA.mp4' completed wildlife model, starting deeplabcut...
'2024-04-23 20-31-41': 'BYCMZHGA.mp4' is Done.
'2024-04-23 20-31-41': 'BYGGWUBE.mp4' start running wildlife model...
'2024-04-23 20-34-13': 'BYGGWUBE.mp4' completed wildlife model, starting deeplabcut...
'2024-04-23 20-36-06': 'BYGGWUBE.mp4' is Done.
'2024-04-23 20-36-06': 'BYPHZXGD.mp4' start running wildlife model...
'2024-04-23 20-40-16': 'BYPHZXGD.mp4' completed wildlife model, starting deeplabcut...
'2024-04-23 20-43-05': 'BYPHZXGD.mp4' is Done.
'2024-04-23 20-43-05': 'BYXEJHGA.mp4' start running wildlife model...
'2024-04-23 20-46-00': 'BYXEJHGA.mp4' completed wildlife model, starting deeplabcut...
'2024-04-23 20-48-05': 'BYXEJHGA.mp4' is Done.
'2024-04-23 20-48-05': 'BZAGTQTX.mp4' start running wildlife model...
'2024-04-23 20-50-20': 'BZAGTQTX.mp4' completed wildlife model, starting deeplabcut...
'2024-04-23 20-51-57': 'BZAGTQTX.mp4' is Done.
'2024-04-23 20-51-57': 'BZCULPLS.mp4' start running wildlife model...
'2024-04-23 20-57-03': 'BZCULPLS.mp4' completed wildlife model, starting deeplabcut...
'2024-04-23 21-00-13': 'BZCULPLS.mp4' is Done.
'2024-04-23 21-00-13': 'BZLZVKOU.mp4' start running wildlife model...
'2024-04-23 21-02-14': 'BZLZVKOU.mp4' completed wildlife model, starting deeplabcut...
'2024-04-23 21-03-45': 'BZLZVKOU.mp4' is Done.
'2024-04-23 21-03-45': 'BZSGJWUH.mp4' start running wildlife model...
'2024-04-23 21-05-28': 'BZSGJWUH.mp4' completed wildlife model, starting deeplabcut...
'2024-04-23 21-06-42': 'BZSGJWUH.mp4' is Done.
'2024-04-23 21-06-42': 'BZTPVGJU.mp4' start running wildlife model...
'2024-04-23 21-07-44': 'BZTPVGJU.mp4' completed wildlife model, starting deeplabcut...
'2024-04-23 21-08-32': 'BZTPVGJU.mp4' is Done.
'2024-04-23 21-08-32': 'BZUEEKJZ.mp4' start running wildlife model...
'2024-04-23 21-11-22': 'BZUEEKJZ.mp4' completed wildlife model, starting deeplabcut...
'2024-04-23 21-13-26': 'BZUEEKJZ.mp4' is Done.
