'2024-04-22 20-21-45': 'AAACXZTV.mp4' start running wildlife model...
'2024-04-22 20-25-15': 'AAACXZTV.mp4' completed wildlife model, starting deeplabcut...
'2024-04-22 20-25-24': 'AAACXZTV.mp4' is Done.
'2024-04-22 20-25-24': 'AABCQPTK.mp4' start running wildlife model...
'2024-04-22 20-50-44': 'AABKMGHE.mp4' start running wildlife model...
'2024-04-22 20-52-33': 'AABKMGHE.mp4' completed wildlife model, starting deeplabcut...
'2024-04-22 20-52-43': 'AABKMGHE.mp4' is Done.
'2024-04-22 20-52-43': 'AADMQVEI.mp4' start running wildlife model...
'2024-04-22 20-54-40': 'AADMQVEI.mp4' completed wildlife model, starting deeplabcut...
'2024-04-22 20-54-49': 'AADMQVEI.mp4' is Done.
'2024-04-22 20-54-49': 'AAGLKRME.mp4' start running wildlife model...
'2024-04-22 20-56-14': 'AAGLKRME.mp4' completed wildlife model, starting deeplabcut...
'2024-04-22 20-56-23': 'AAGLKRME.mp4' is Done.
'2024-04-22 20-56-23': 'AAIQZYMI.mp4' start running wildlife model...
'2024-04-22 20-57-57': 'AAIQZYMI.mp4' completed wildlife model, starting deeplabcut...
'2024-04-22 20-58-06': 'AAIQZYMI.mp4' is Done.
'2024-04-22 20-58-06': 'AAJNFNXN.mp4' start running wildlife model...
'2024-04-22 21-00-09': 'AAJNFNXN.mp4' completed wildlife model, starting deeplabcut...
'2024-04-22 21-00-18': 'AAJNFNXN.mp4' is Done.
'2024-04-22 21-00-18': 'AAMPDDSN.mp4' start running wildlife model...
'2024-04-22 21-01-34': 'AAMPDDSN.mp4' completed wildlife model, starting deeplabcut...
'2024-04-22 21-01-42': 'AAMPDDSN.mp4' is Done.
'2024-04-22 21-01-42': 'AANKBEOD.mp4' start running wildlife model...
'2024-04-22 21-03-32': 'AANKBEOD.mp4' completed wildlife model, starting deeplabcut...
'2024-04-22 21-03-41': 'AANKBEOD.mp4' is Done.
'2024-04-22 21-03-41': 'AANYAVEI.mp4' start running wildlife model...
'2024-04-22 21-05-06': 'AANYAVEI.mp4' completed wildlife model, starting deeplabcut...
'2024-04-22 21-05-14': 'AANYAVEI.mp4' is Done.
'2024-04-22 21-05-14': 'AAOZGQFB.mp4' start running wildlife model...
'2024-04-22 21-05-44': 'AAOZGQFB.mp4' completed wildlife model, starting deeplabcut...
'2024-04-22 21-05-52': 'AAOZGQFB.mp4' is Done.
'2024-04-22 21-05-52': 'AAQNNZGK.mp4' start running wildlife model...
'2024-04-22 21-09-59': 'AAQNNZGK.mp4' completed wildlife model, starting deeplabcut...
'2024-04-22 21-10-08': 'AAQNNZGK.mp4' is Done.
'2024-04-22 21-10-08': 'AATJYYTZ.mp4' start running wildlife model...
'2024-04-22 21-17-36': 'AATJYYTZ.mp4' completed wildlife model, starting deeplabcut...
'2024-04-22 21-17-45': 'AATJYYTZ.mp4' is Done.
'2024-04-22 21-17-45': 'AAZYRVEI.mp4' start running wildlife model...
'2024-04-22 21-19-52': 'AAZYRVEI.mp4' completed wildlife model, starting deeplabcut...
'2024-04-22 21-20-01': 'AAZYRVEI.mp4' is Done.
'2024-04-22 21-20-01': 'ABBTRZQJ.mp4' start running wildlife model...
'2024-04-22 21-23-03': 'ABBTRZQJ.mp4' completed wildlife model, starting deeplabcut...
'2024-04-22 21-23-12': 'ABBTRZQJ.mp4' is Done.
'2024-04-22 21-23-12': 'ABFNIQRD.mp4' start running wildlife model...
'2024-04-22 21-26-41': 'ABFNIQRD.mp4' completed wildlife model, starting deeplabcut...
'2024-04-22 21-26-50': 'ABFNIQRD.mp4' is Done.
'2024-04-22 21-26-50': 'ABOQZLHH.mp4' start running wildlife model...
'2024-04-22 21-29-48': 'ABOQZLHH.mp4' completed wildlife model, starting deeplabcut...
'2024-04-22 21-29-57': 'ABOQZLHH.mp4' is Done.
'2024-04-22 21-29-57': 'ABPPNZQJ.mp4' start running wildlife model...
'2024-04-22 21-31-22': 'ABPPNZQJ.mp4' completed wildlife model, starting deeplabcut...
'2024-04-22 21-31-31': 'ABPPNZQJ.mp4' is Done.
'2024-04-22 21-31-31': 'ABQPRVEI.mp4' start running wildlife model...
'2024-04-22 21-35-50': 'ABQPRVEI.mp4' completed wildlife model, starting deeplabcut...
'2024-04-22 21-35-59': 'ABQPRVEI.mp4' is Done.
'2024-04-22 21-35-59': 'ACBAMGHA.mp4' start running wildlife model...
'2024-04-22 21-38-27': 'ACBAMGHA.mp4' completed wildlife model, starting deeplabcut...
'2024-04-22 21-38-37': 'ACBAMGHA.mp4' is Done.
'2024-04-22 21-38-37': 'ACESDPTK.mp4' start running wildlife model...
'2024-04-22 21-48-01': 'ACESDPTK.mp4' completed wildlife model, starting deeplabcut...
'2024-04-22 21-48-10': 'ACESDPTK.mp4' is Done.
'2024-04-22 21-48-10': 'ACSHLEUL.mp4' start running wildlife model...
'2024-04-22 21-49-14': 'ACSHLEUL.mp4' completed wildlife model, starting deeplabcut...
'2024-04-22 21-49-22': 'ACSHLEUL.mp4' is Done.
'2024-04-22 21-49-22': 'ACTUPDUC.mp4' start running wildlife model...
'2024-04-22 21-55-02': 'ACTUPDUC.mp4' completed wildlife model, starting deeplabcut...
'2024-04-22 21-55-10': 'ACTUPDUC.mp4' is Done.
'2024-04-22 21-55-10': 'ADAACXGD.mp4' start running wildlife model...
'2024-04-22 21-55-43': 'ADAACXGD.mp4' completed wildlife model, starting deeplabcut...
'2024-04-22 21-55-53': 'ADAACXGD.mp4' is Done.
'2024-04-22 21-55-53': 'ADBOPADX.mp4' start running wildlife model...
'2024-04-22 22-01-42': 'ADBOPADX.mp4' completed wildlife model, starting deeplabcut...
'2024-04-22 22-01-50': 'ADBOPADX.mp4' is Done.
'2024-04-22 22-01-50': 'ADLXYLHH.mp4' start running wildlife model...
'2024-04-22 22-02-36': 'ADLXYLHH.mp4' completed wildlife model, starting deeplabcut...
'2024-04-22 22-02-45': 'ADLXYLHH.mp4' is Done.
'2024-04-22 22-02-45': 'ADMEMAMC.mp4' start running wildlife model...
'2024-04-22 22-06-54': 'ADMEMAMC.mp4' completed wildlife model, starting deeplabcut...
'2024-04-22 22-07-02': 'ADMEMAMC.mp4' is Done.
'2024-04-22 22-07-02': 'ADPZMEUL.mp4' start running wildlife model...
'2024-04-22 22-07-43': 'ADPZMEUL.mp4' completed wildlife model, starting deeplabcut...
'2024-04-22 22-07-51': 'ADPZMEUL.mp4' is Done.
'2024-04-22 22-07-51': 'ADQPJJYD.mp4' start running wildlife model...
'2024-04-22 22-11-46': 'ADQPJJYD.mp4' completed wildlife model, starting deeplabcut...
'2024-04-22 22-11-55': 'ADQPJJYD.mp4' is Done.
'2024-04-22 22-11-55': 'ADVQEVMP.mp4' start running wildlife model...
'2024-04-22 22-12-55': 'ADVQEVMP.mp4' completed wildlife model, starting deeplabcut...
'2024-04-22 22-13-04': 'ADVQEVMP.mp4' is Done.
'2024-04-22 22-13-04': 'AEABHPTK.mp4' start running wildlife model...
'2024-04-22 22-13-26': 'AEABHPTK.mp4' completed wildlife model, starting deeplabcut...
'2024-04-22 22-13-35': 'AEABHPTK.mp4' is Done.
'2024-04-22 22-13-35': 'AECOXVTI.mp4' start running wildlife model...
'2024-04-22 22-16-39': 'AECOXVTI.mp4' completed wildlife model, starting deeplabcut...
'2024-04-22 22-16-48': 'AECOXVTI.mp4' is Done.
'2024-04-22 22-16-48': 'AEEFGIQR.mp4' start running wildlife model...
'2024-04-22 22-17-38': 'AEEFGIQR.mp4' completed wildlife model, starting deeplabcut...
'2024-04-22 22-17-47': 'AEEFGIQR.mp4' is Done.
'2024-04-22 22-17-47': 'AEEHNVTT.mp4' start running wildlife model...
'2024-04-22 22-18-42': 'AEEHNVTT.mp4' completed wildlife model, starting deeplabcut...
'2024-04-22 22-18-51': 'AEEHNVTT.mp4' is Done.
'2024-04-22 22-18-51': 'AEHHLPTK.mp4' start running wildlife model...
'2024-04-22 22-19-54': 'AEHHLPTK.mp4' completed wildlife model, starting deeplabcut...
'2024-04-22 22-20-04': 'AEHHLPTK.mp4' is Done.
'2024-04-22 22-20-04': 'AEKTZRAM.mp4' start running wildlife model...
'2024-04-22 22-23-31': 'AEKTZRAM.mp4' completed wildlife model, starting deeplabcut...
'2024-04-22 22-23-39': 'AEKTZRAM.mp4' is Done.
'2024-04-22 22-23-39': 'AEPQBYUQ.mp4' start running wildlife model...
'2024-04-22 22-24-49': 'AEPQBYUQ.mp4' completed wildlife model, starting deeplabcut...
'2024-04-22 22-24-58': 'AEPQBYUQ.mp4' is Done.
'2024-04-22 22-24-58': 'AEQVOUDX.mp4' start running wildlife model...
'2024-04-22 22-29-20': 'AEQVOUDX.mp4' completed wildlife model, starting deeplabcut...
'2024-04-22 22-29-28': 'AEQVOUDX.mp4' is Done.
'2024-04-22 22-29-28': 'AEWAUPLS.mp4' start running wildlife model...
'2024-04-22 22-35-09': 'AEWAUPLS.mp4' completed wildlife model, starting deeplabcut...
'2024-04-22 22-35-17': 'AEWAUPLS.mp4' is Done.
'2024-04-22 22-35-17': 'AFEBIEUV.mp4' start running wildlife model...
'2024-04-22 22-40-54': 'AFEBIEUV.mp4' completed wildlife model, starting deeplabcut...
'2024-04-22 22-41-03': 'AFEBIEUV.mp4' is Done.
'2024-04-22 22-41-03': 'AFGAABGU.mp4' start running wildlife model...
'2024-04-22 22-42-53': 'AFGAABGU.mp4' completed wildlife model, starting deeplabcut...
'2024-04-22 22-43-01': 'AFGAABGU.mp4' is Done.
'2024-04-22 22-43-01': 'AFIQFBQT.mp4' start running wildlife model...
'2024-04-22 22-44-37': 'AFIQFBQT.mp4' completed wildlife model, starting deeplabcut...
'2024-04-22 22-44-46': 'AFIQFBQT.mp4' is Done.
'2024-04-22 22-44-46': 'AFLPRFGA.mp4' start running wildlife model...
'2024-04-22 22-47-02': 'AFLPRFGA.mp4' completed wildlife model, starting deeplabcut...
'2024-04-22 22-47-11': 'AFLPRFGA.mp4' is Done.
'2024-04-22 22-47-11': 'AFNJMDCC.mp4' start running wildlife model...
'2024-04-22 22-47-52': 'AFNJMDCC.mp4' completed wildlife model, starting deeplabcut...
'2024-04-22 22-48-01': 'AFNJMDCC.mp4' is Done.
'2024-04-22 22-48-01': 'AFNSKXRE.mp4' start running wildlife model...
'2024-04-22 22-50-51': 'AFNSKXRE.mp4' completed wildlife model, starting deeplabcut...
'2024-04-22 22-51-00': 'AFNSKXRE.mp4' is Done.
'2024-04-22 22-51-00': 'AFUOPBXG.mp4' start running wildlife model...
'2024-04-22 22-53-08': 'AFUOPBXG.mp4' completed wildlife model, starting deeplabcut...
'2024-04-22 22-53-17': 'AFUOPBXG.mp4' is Done.
'2024-04-22 22-53-17': 'AFVLAIWV.mp4' start running wildlife model...
'2024-04-22 22-55-57': 'AFVLAIWV.mp4' completed wildlife model, starting deeplabcut...
'2024-04-22 22-56-07': 'AFVLAIWV.mp4' is Done.
'2024-04-22 22-56-07': 'AFXPVMHZ.mp4' start running wildlife model...
'2024-04-22 23-00-40': 'AFXPVMHZ.mp4' completed wildlife model, starting deeplabcut...
'2024-04-22 23-00-50': 'AFXPVMHZ.mp4' is Done.
'2024-04-22 23-00-50': 'AGBKOFGA.mp4' start running wildlife model...
'2024-04-22 23-06-34': 'AGBKOFGA.mp4' completed wildlife model, starting deeplabcut...
'2024-04-22 23-06-43': 'AGBKOFGA.mp4' is Done.
'2024-04-22 23-06-43': 'AGKXYZLK.mp4' start running wildlife model...
'2024-04-22 23-10-44': 'AGKXYZLK.mp4' completed wildlife model, starting deeplabcut...
'2024-04-22 23-10-54': 'AGKXYZLK.mp4' is Done.
'2024-04-22 23-10-54': 'AGTVCKDQ.mp4' start running wildlife model...
'2024-04-22 23-15-02': 'AGTVCKDQ.mp4' completed wildlife model, starting deeplabcut...
'2024-04-22 23-15-11': 'AGTVCKDQ.mp4' is Done.
'2024-04-22 23-15-11': 'AGYAXFXO.mp4' start running wildlife model...
'2024-04-22 23-19-44': 'AGYAXFXO.mp4' completed wildlife model, starting deeplabcut...
'2024-04-22 23-19-53': 'AGYAXFXO.mp4' is Done.
'2024-04-22 23-19-53': 'AHCNIRAC.mp4' start running wildlife model...
'2024-04-22 23-20-41': 'AHCNIRAC.mp4' completed wildlife model, starting deeplabcut...
'2024-04-22 23-20-50': 'AHCNIRAC.mp4' is Done.
'2024-04-22 23-20-50': 'AHDCQPTK.mp4' start running wildlife model...
'2024-04-22 23-30-53': 'AHDCQPTK.mp4' completed wildlife model, starting deeplabcut...
'2024-04-22 23-31-02': 'AHDCQPTK.mp4' is Done.
'2024-04-22 23-31-02': 'AHLKKFFP.mp4' start running wildlife model...
'2024-04-22 23-32-57': 'AHLKKFFP.mp4' completed wildlife model, starting deeplabcut...
'2024-04-22 23-33-06': 'AHLKKFFP.mp4' is Done.
'2024-04-22 23-33-06': 'AHPOCLSQ.mp4' start running wildlife model...
'2024-04-22 23-35-12': 'AHPOCLSQ.mp4' completed wildlife model, starting deeplabcut...
'2024-04-22 23-35-21': 'AHPOCLSQ.mp4' is Done.
'2024-04-22 23-35-21': 'AHRGCMVW.mp4' start running wildlife model...
'2024-04-22 23-42-14': 'AHRGCMVW.mp4' completed wildlife model, starting deeplabcut...
'2024-04-22 23-42-24': 'AHRGCMVW.mp4' is Done.
'2024-04-22 23-42-24': 'AHYCBXGD.mp4' start running wildlife model...
'2024-04-22 23-46-55': 'AHYCBXGD.mp4' completed wildlife model, starting deeplabcut...
'2024-04-22 23-47-04': 'AHYCBXGD.mp4' is Done.
'2024-04-22 23-47-04': 'AICKDHGA.mp4' start running wildlife model...
'2024-04-22 23-54-58': 'AICKDHGA.mp4' completed wildlife model, starting deeplabcut...
'2024-04-22 23-55-06': 'AICKDHGA.mp4' is Done.
'2024-04-22 23-55-06': 'AIMSAIQR.mp4' start running wildlife model...
'2024-04-22 23-57-05': 'AIMSAIQR.mp4' completed wildlife model, starting deeplabcut...
'2024-04-22 23-57-14': 'AIMSAIQR.mp4' is Done.
'2024-04-22 23-57-14': 'AIRZPOOZ.mp4' start running wildlife model...
'2024-04-23 00-00-17': 'AIRZPOOZ.mp4' completed wildlife model, starting deeplabcut...
'2024-04-23 00-00-25': 'AIRZPOOZ.mp4' is Done.
'2024-04-23 00-00-25': 'AIVNTSBA.mp4' start running wildlife model...
'2024-04-23 00-02-23': 'AIVNTSBA.mp4' completed wildlife model, starting deeplabcut...
'2024-04-23 00-02-31': 'AIVNTSBA.mp4' is Done.
'2024-04-23 00-02-31': 'AJAEUNQN.mp4' start running wildlife model...
'2024-04-23 00-05-38': 'AJAEUNQN.mp4' completed wildlife model, starting deeplabcut...
'2024-04-23 00-05-47': 'AJAEUNQN.mp4' is Done.
'2024-04-23 00-05-47': 'AJDLXVEI.mp4' start running wildlife model...
'2024-04-23 00-09-25': 'AJDLXVEI.mp4' completed wildlife model, starting deeplabcut...
'2024-04-23 00-09-33': 'AJDLXVEI.mp4' is Done.
'2024-04-23 00-09-33': 'AJHTPBRS.mp4' start running wildlife model...
'2024-04-23 00-10-36': 'AJHTPBRS.mp4' completed wildlife model, starting deeplabcut...
'2024-04-23 00-10-44': 'AJHTPBRS.mp4' is Done.
'2024-04-23 00-10-44': 'AJJBHNQN.mp4' start running wildlife model...
'2024-04-23 00-12-42': 'AJJBHNQN.mp4' completed wildlife model, starting deeplabcut...
'2024-04-23 00-12-51': 'AJJBHNQN.mp4' is Done.
'2024-04-23 00-12-51': 'AJLMQTUB.mp4' start running wildlife model...
'2024-04-23 00-13-43': 'AJLMQTUB.mp4' completed wildlife model, starting deeplabcut...
'2024-04-23 00-13-51': 'AJLMQTUB.mp4' is Done.
'2024-04-23 00-13-51': 'AJSFRRLL.mp4' start running wildlife model...
'2024-04-23 00-16-33': 'AJSFRRLL.mp4' completed wildlife model, starting deeplabcut...
'2024-04-23 00-16-42': 'AJSFRRLL.mp4' is Done.
'2024-04-23 00-16-42': 'AJUQWNJC.mp4' start running wildlife model...
'2024-04-23 00-17-14': 'AJUQWNJC.mp4' completed wildlife model, starting deeplabcut...
'2024-04-23 00-17-22': 'AJUQWNJC.mp4' is Done.
'2024-04-23 00-17-22': 'AJWBBZJZ.mp4' start running wildlife model...
'2024-04-23 00-21-04': 'AJWBBZJZ.mp4' completed wildlife model, starting deeplabcut...
'2024-04-23 00-21-13': 'AJWBBZJZ.mp4' is Done.
'2024-04-23 00-21-13': 'AJYNQFXO.mp4' start running wildlife model...
'2024-04-23 00-26-15': 'AJYNQFXO.mp4' completed wildlife model, starting deeplabcut...
'2024-04-23 00-26-24': 'AJYNQFXO.mp4' is Done.
'2024-04-23 00-26-24': 'AKDYCHGA.mp4' start running wildlife model...
'2024-04-23 00-27-16': 'AKDYCHGA.mp4' completed wildlife model, starting deeplabcut...
'2024-04-23 00-27-25': 'AKDYCHGA.mp4' is Done.
'2024-04-23 00-27-25': 'AKFEAGJU.mp4' start running wildlife model...
'2024-04-23 00-30-01': 'AKFEAGJU.mp4' completed wildlife model, starting deeplabcut...
'2024-04-23 00-30-08': 'AKFEAGJU.mp4' is Done.
'2024-04-23 08-27-12': 'BAKRLFYY.mp4' start running wildlife model...
'2024-04-23 08-29-34': 'BAKRLFYY.mp4' completed wildlife model, starting deeplabcut...
'2024-04-23 08-31-22': 'BAKRLFYY.mp4' is Done.
'2024-04-23 08-31-22': 'BAORGFNJ.mp4' start running wildlife model...
'2024-04-23 08-32-41': 'BAORGFNJ.mp4' completed wildlife model, starting deeplabcut...
'2024-04-23 08-33-41': 'BAORGFNJ.mp4' is Done.
'2024-04-23 08-33-41': 'BAQXAGCS.mp4' start running wildlife model...
'2024-04-23 08-39-57': 'BAQXAGCS.mp4' completed wildlife model, starting deeplabcut...
'2024-04-23 08-44-16': 'BAQXAGCS.mp4' is Done.
'2024-04-23 08-44-16': 'BBCVPFAG.mp4' start running wildlife model...
'2024-04-23 08-45-54': 'BBCVPFAG.mp4' completed wildlife model, starting deeplabcut...
'2024-04-23 08-47-16': 'BBCVPFAG.mp4' is Done.
'2024-04-23 08-47-16': 'BBDHMSBA.mp4' start running wildlife model...
'2024-04-23 08-50-49': 'BBDHMSBA.mp4' completed wildlife model, starting deeplabcut...
'2024-04-23 08-53-06': 'BBDHMSBA.mp4' is Done.
'2024-04-23 08-53-06': 'BBHQIPKK.mp4' start running wildlife model...
'2024-04-23 08-54-06': 'BBHQIPKK.mp4' completed wildlife model, starting deeplabcut...
'2024-04-23 08-54-52': 'BBHQIPKK.mp4' is Done.
'2024-04-23 08-54-52': 'BBIPHANS.mp4' start running wildlife model...
'2024-04-23 08-56-54': 'BBIPHANS.mp4' completed wildlife model, starting deeplabcut...
'2024-04-23 08-58-29': 'BBIPHANS.mp4' is Done.
'2024-04-23 08-58-29': 'BBOVQMME.mp4' start running wildlife model...
'2024-04-23 09-01-29': 'BBOVQMME.mp4' completed wildlife model, starting deeplabcut...
'2024-04-23 09-03-35': 'BBOVQMME.mp4' is Done.
'2024-04-23 09-03-35': 'BBUWKVEI.mp4' start running wildlife model...
'2024-04-23 09-03-56': 'BBUWKVEI.mp4' completed wildlife model, starting deeplabcut...
'2024-04-23 09-04-19': 'BBUWKVEI.mp4' is Done.
'2024-04-23 09-04-19': 'BBVUNXDO.mp4' start running wildlife model...
'2024-04-23 09-05-37': 'BBVUNXDO.mp4' completed wildlife model, starting deeplabcut...
'2024-04-23 09-06-36': 'BBVUNXDO.mp4' is Done.
'2024-04-23 09-06-36': 'BBWIELSQ.mp4' start running wildlife model...
'2024-04-23 09-13-35': 'BBWIELSQ.mp4' completed wildlife model, starting deeplabcut...
'2024-04-23 09-18-15': 'BBWIELSQ.mp4' is Done.
'2024-04-23 09-18-15': 'BCIGIPTK.mp4' start running wildlife model...
'2024-04-23 09-21-25': 'BCIGIPTK.mp4' completed wildlife model, starting deeplabcut...
'2024-04-23 09-23-43': 'BCIGIPTK.mp4' is Done.
'2024-04-23 09-23-43': 'BCNTEVKA.mp4' start running wildlife model...
'2024-04-23 09-28-28': 'BCNTEVKA.mp4' completed wildlife model, starting deeplabcut...
'2024-04-23 09-31-37': 'BCNTEVKA.mp4' is Done.
'2024-04-23 09-31-37': 'BCUFHNQN.mp4' start running wildlife model...
'2024-04-23 09-34-31': 'BCUFHNQN.mp4' completed wildlife model, starting deeplabcut...
'2024-04-23 09-36-28': 'BCUFHNQN.mp4' is Done.
'2024-04-23 09-36-28': 'BCZSOFNJ.mp4' start running wildlife model...
'2024-04-23 09-37-05': 'BCZSOFNJ.mp4' completed wildlife model, starting deeplabcut...
'2024-04-23 09-37-41': 'BCZSOFNJ.mp4' is Done.
'2024-04-23 09-37-41': 'BDAAHFGA.mp4' start running wildlife model...
'2024-04-23 09-38-36': 'BDAAHFGA.mp4' completed wildlife model, starting deeplabcut...
'2024-04-23 09-39-19': 'BDAAHFGA.mp4' is Done.
'2024-04-23 09-39-19': 'BDBOHTLI.mp4' start running wildlife model...
'2024-04-23 09-42-01': 'BDBOHTLI.mp4' completed wildlife model, starting deeplabcut...
'2024-04-23 09-44-04': 'BDBOHTLI.mp4' is Done.
'2024-04-23 09-44-04': 'BDGXADMX.mp4' start running wildlife model...
'2024-04-23 09-44-57': 'BDGXADMX.mp4' completed wildlife model, starting deeplabcut...
'2024-04-23 09-45-40': 'BDGXADMX.mp4' is Done.
'2024-04-23 09-45-40': 'BDIWJNJC.mp4' start running wildlife model...
'2024-04-23 09-46-25': 'BDIWJNJC.mp4' completed wildlife model, starting deeplabcut...
'2024-04-23 09-47-02': 'BDIWJNJC.mp4' is Done.
'2024-04-23 09-47-02': 'BDJDEVEI.mp4' start running wildlife model...
'2024-04-23 09-47-23': 'BDJDEVEI.mp4' completed wildlife model, starting deeplabcut...
'2024-04-23 09-47-45': 'BDJDEVEI.mp4' is Done.
'2024-04-23 09-47-45': 'BDMMHPTK.mp4' start running wildlife model...
'2024-04-23 09-55-59': 'BDMMHPTK.mp4' completed wildlife model, starting deeplabcut...
'2024-04-23 10-01-33': 'BDMMHPTK.mp4' is Done.
'2024-04-23 10-01-33': 'BEHCDVEI.mp4' start running wildlife model...
'2024-04-23 10-07-34': 'BEHCDVEI.mp4' completed wildlife model, starting deeplabcut...
'2024-04-23 10-11-07': 'BEHCDVEI.mp4' is Done.
'2024-04-23 10-11-07': 'BAAQLDAL.mp4' start running wildlife model...
'2024-04-23 10-12-35': 'BAAQLDAL.mp4' completed wildlife model, starting deeplabcut...
'2024-04-23 10-13-40': 'BAAQLDAL.mp4' is Done.
'2024-04-23 10-13-40': 'BAGFZGQD.mp4' start running wildlife model...
'2024-04-23 10-14-37': 'BAGFZGQD.mp4' completed wildlife model, starting deeplabcut...
'2024-04-23 10-15-27': 'BAGFZGQD.mp4' is Done.
'2024-04-23 10-15-27': 'BDJKOTCN.mp4' start running wildlife model...
'2024-04-23 10-16-33': 'BDJKOTCN.mp4' completed wildlife model, starting deeplabcut...
'2024-04-23 10-17-20': 'BDJKOTCN.mp4' is Done.
'2024-04-23 10-17-20': 'BDNNPNQN.mp4' start running wildlife model...
'2024-04-23 10-20-59': 'BDNNPNQN.mp4' completed wildlife model, starting deeplabcut...
'2024-04-23 10-23-37': 'BDNNPNQN.mp4' is Done.
'2024-04-23 10-23-37': 'BDRBLXGD.mp4' start running wildlife model...
'2024-04-23 10-25-08': 'BDRBLXGD.mp4' completed wildlife model, starting deeplabcut...
'2024-04-23 10-26-16': 'BDRBLXGD.mp4' is Done.
'2024-04-23 10-26-16': 'BDUUXACP.mp4' start running wildlife model...
'2024-04-23 10-30-33': 'BDUUXACP.mp4' completed wildlife model, starting deeplabcut...
'2024-04-23 10-33-32': 'BDUUXACP.mp4' is Done.
'2024-04-23 10-33-32': 'BEGRVNQN.mp4' start running wildlife model...
'2024-04-23 10-41-07': 'BEGRVNQN.mp4' completed wildlife model, starting deeplabcut...
'2024-04-23 10-46-24': 'BEGRVNQN.mp4' is Done.
'2024-04-23 10-46-24': 'BEYIJVKA.mp4' start running wildlife model...
'2024-04-23 10-49-26': 'BEYIJVKA.mp4' completed wildlife model, starting deeplabcut...
'2024-04-23 10-51-31': 'BEYIJVKA.mp4' is Done.
'2024-04-23 10-51-31': 'BFAJGKRF.mp4' start running wildlife model...
'2024-04-23 10-55-41': 'BFAJGKRF.mp4' completed wildlife model, starting deeplabcut...
'2024-04-23 10-58-36': 'BFAJGKRF.mp4' is Done.
'2024-04-23 10-58-36': 'BFGKWBXG.mp4' start running wildlife model...
'2024-04-23 11-01-28': 'BFGKWBXG.mp4' completed wildlife model, starting deeplabcut...
'2024-04-23 11-03-33': 'BFGKWBXG.mp4' is Done.
'2024-04-23 11-03-33': 'BFJHDDAL.mp4' start running wildlife model...
'2024-04-23 11-04-52': 'BFJHDDAL.mp4' completed wildlife model, starting deeplabcut...
'2024-04-23 11-05-49': 'BFJHDDAL.mp4' is Done.
'2024-04-23 11-05-49': 'BFKJASUS.mp4' start running wildlife model...
'2024-04-23 11-08-03': 'BFKJASUS.mp4' completed wildlife model, starting deeplabcut...
'2024-04-23 11-09-38': 'BFKJASUS.mp4' is Done.
'2024-04-23 11-09-38': 'BFOHUUDI.mp4' start running wildlife model...
'2024-04-23 11-11-06': 'BFOHUUDI.mp4' completed wildlife model, starting deeplabcut...
'2024-04-23 11-12-14': 'BFOHUUDI.mp4' is Done.
'2024-04-23 11-12-14': 'BFRSFPIF.mp4' start running wildlife model...
'2024-04-23 11-13-35': 'BFRSFPIF.mp4' completed wildlife model, starting deeplabcut...
'2024-04-23 11-14-43': 'BFRSFPIF.mp4' is Done.
'2024-04-23 11-14-43': 'BFTMRVMW.mp4' start running wildlife model...
'2024-04-23 11-16-40': 'BFTMRVMW.mp4' completed wildlife model, starting deeplabcut...
'2024-04-23 11-18-07': 'BFTMRVMW.mp4' is Done.
'2024-04-23 11-18-07': 'BFWTXDAL.mp4' start running wildlife model...
'2024-04-23 11-20-57': 'BFWTXDAL.mp4' completed wildlife model, starting deeplabcut...
'2024-04-23 11-22-58': 'BFWTXDAL.mp4' is Done.
'2024-04-23 11-22-58': 'BGAVUIQR.mp4' start running wildlife model...
'2024-04-23 11-24-45': 'BGAVUIQR.mp4' completed wildlife model, starting deeplabcut...
'2024-04-23 11-26-00': 'BGAVUIQR.mp4' is Done.
'2024-04-23 11-26-00': 'BGDDKPTK.mp4' start running wildlife model...
'2024-04-23 11-36-18': 'BGDDKPTK.mp4' completed wildlife model, starting deeplabcut...
'2024-04-23 11-43-06': 'BGDDKPTK.mp4' is Done.
'2024-04-23 11-43-06': 'BGMYAHSA.mp4' start running wildlife model...
'2024-04-23 11-51-14': 'BGMYAHSA.mp4' completed wildlife model, starting deeplabcut...
'2024-04-23 11-56-55': 'BGMYAHSA.mp4' is Done.
'2024-04-23 11-56-55': 'BGUCRMRQ.mp4' start running wildlife model...
'2024-04-23 12-00-14': 'BGUCRMRQ.mp4' completed wildlife model, starting deeplabcut...
'2024-04-23 12-02-26': 'BGUCRMRQ.mp4' is Done.
'2024-04-23 12-02-26': 'BHAACICI.mp4' start running wildlife model...
'2024-04-23 12-03-55': 'BHAACICI.mp4' completed wildlife model, starting deeplabcut...
'2024-04-23 12-05-04': 'BHAACICI.mp4' is Done.
'2024-04-23 12-05-04': 'BHBGZXEV.mp4' start running wildlife model...
'2024-04-23 12-06-44': 'BHBGZXEV.mp4' completed wildlife model, starting deeplabcut...
'2024-04-23 12-07-59': 'BHBGZXEV.mp4' is Done.
'2024-04-23 12-07-59': 'BHEDHLSQ.mp4' start running wildlife model...
'2024-04-23 12-09-14': 'BHEDHLSQ.mp4' completed wildlife model, starting deeplabcut...
'2024-04-23 12-10-11': 'BHEDHLSQ.mp4' is Done.
'2024-04-23 12-10-11': 'BHGWHDAL.mp4' start running wildlife model...
'2024-04-23 12-11-04': 'BHGWHDAL.mp4' completed wildlife model, starting deeplabcut...
'2024-04-23 12-11-48': 'BHGWHDAL.mp4' is Done.
'2024-04-23 12-11-48': 'BHIIRPAB.mp4' start running wildlife model...
'2024-04-23 12-14-43': 'BHIIRPAB.mp4' completed wildlife model, starting deeplabcut...
'2024-04-23 12-16-43': 'BHIIRPAB.mp4' is Done.
'2024-04-23 12-16-43': 'BHIXVIMN.mp4' start running wildlife model...
'2024-04-23 12-17-05': 'BHIXVIMN.mp4' completed wildlife model, starting deeplabcut...
'2024-04-23 12-17-26': 'BHIXVIMN.mp4' is Done.
'2024-04-23 12-17-26': 'BHNMQLSQ.mp4' start running wildlife model...
'2024-04-23 12-19-27': 'BHNMQLSQ.mp4' completed wildlife model, starting deeplabcut...
'2024-04-23 12-21-00': 'BHNMQLSQ.mp4' is Done.
'2024-04-23 12-21-00': 'BHPMQBQT.mp4' start running wildlife model...
'2024-04-23 12-21-35': 'BHPMQBQT.mp4' completed wildlife model, starting deeplabcut...
'2024-04-23 12-22-06': 'BHPMQBQT.mp4' is Done.
'2024-04-23 12-22-06': 'BHSJGBQT.mp4' start running wildlife model...
'2024-04-23 12-23-11': 'BHSJGBQT.mp4' completed wildlife model, starting deeplabcut...
'2024-04-23 12-24-05': 'BHSJGBQT.mp4' is Done.
'2024-04-23 12-24-05': 'BHXDCPTK.mp4' start running wildlife model...
'2024-04-23 12-27-09': 'BHXDCPTK.mp4' completed wildlife model, starting deeplabcut...
'2024-04-23 12-29-13': 'BHXDCPTK.mp4' is Done.
'2024-04-23 12-29-13': 'BIAXPHFB.mp4' start running wildlife model...
'2024-04-23 12-31-51': 'BIAXPHFB.mp4' completed wildlife model, starting deeplabcut...
'2024-04-23 12-33-54': 'BIAXPHFB.mp4' is Done.
'2024-04-23 12-33-54': 'BIFJGWPM.mp4' start running wildlife model...
'2024-04-23 12-38-26': 'BIFJGWPM.mp4' completed wildlife model, starting deeplabcut...
'2024-04-23 12-41-31': 'BIFJGWPM.mp4' is Done.
'2024-04-23 12-41-31': 'BIMXSQFB.mp4' start running wildlife model...
'2024-04-23 12-43-56': 'BIMXSQFB.mp4' completed wildlife model, starting deeplabcut...
'2024-04-23 12-45-43': 'BIMXSQFB.mp4' is Done.
'2024-04-23 12-45-43': 'BIOQWGDO.mp4' start running wildlife model...
'2024-04-23 12-47-08': 'BIOQWGDO.mp4' completed wildlife model, starting deeplabcut...
'2024-04-23 12-48-14': 'BIOQWGDO.mp4' is Done.
'2024-04-23 12-48-14': 'BIPDTWUH.mp4' start running wildlife model...
'2024-04-23 12-48-53': 'BIPDTWUH.mp4' completed wildlife model, starting deeplabcut...
'2024-04-23 12-49-27': 'BIPDTWUH.mp4' is Done.
'2024-04-23 12-49-27': 'BIPFHPTK.mp4' start running wildlife model...
'2024-04-23 12-56-27': 'BIPFHPTK.mp4' completed wildlife model, starting deeplabcut...
'2024-04-23 13-01-04': 'BIPFHPTK.mp4' is Done.
'2024-04-23 13-01-04': 'BIZJLPTK.mp4' start running wildlife model...
'2024-04-23 13-12-42': 'BIZJLPTK.mp4' completed wildlife model, starting deeplabcut...
'2024-04-23 13-20-21': 'BIZJLPTK.mp4' is Done.
'2024-04-23 13-20-21': 'BJLNJPKK.mp4' start running wildlife model...
'2024-04-23 13-22-18': 'BJLNJPKK.mp4' completed wildlife model, starting deeplabcut...
'2024-04-23 13-23-45': 'BJLNJPKK.mp4' is Done.
'2024-04-23 13-23-45': 'BJRRVCIN.mp4' start running wildlife model...
'2024-04-23 13-24-19': 'BJRRVCIN.mp4' completed wildlife model, starting deeplabcut...
'2024-04-23 13-24-49': 'BJRRVCIN.mp4' is Done.
'2024-04-23 13-24-49': 'BJSDNEUL.mp4' start running wildlife model...
'2024-04-23 13-27-46': 'BJSDNEUL.mp4' completed wildlife model, starting deeplabcut...
'2024-04-23 13-29-48': 'BJSDNEUL.mp4' is Done.
'2024-04-23 13-29-48': 'BJWTSBRS.mp4' start running wildlife model...
'2024-04-23 13-31-05': 'BJWTSBRS.mp4' completed wildlife model, starting deeplabcut...
'2024-04-23 13-32-07': 'BJWTSBRS.mp4' is Done.
'2024-04-23 13-32-07': 'BJZZLFXO.mp4' start running wildlife model...
'2024-04-23 13-35-22': 'BJZZLFXO.mp4' completed wildlife model, starting deeplabcut...
'2024-04-23 13-37-38': 'BJZZLFXO.mp4' is Done.
'2024-04-23 13-37-38': 'BKEFVLHH.mp4' start running wildlife model...
'2024-04-23 13-39-42': 'BKEFVLHH.mp4' completed wildlife model, starting deeplabcut...
'2024-04-23 13-41-11': 'BKEFVLHH.mp4' is Done.
'2024-04-23 13-41-11': 'BKKWDFXO.mp4' start running wildlife model...
'2024-04-23 13-43-42': 'BKKWDFXO.mp4' completed wildlife model, starting deeplabcut...
'2024-04-23 13-45-31': 'BKKWDFXO.mp4' is Done.
'2024-04-23 13-45-31': 'BKPXKIFB.mp4' start running wildlife model...
'2024-04-23 13-48-07': 'BKPXKIFB.mp4' completed wildlife model, starting deeplabcut...
'2024-04-23 13-49-56': 'BKPXKIFB.mp4' is Done.
'2024-04-23 13-49-56': 'BKSHEZTV.mp4' start running wildlife model...
'2024-04-23 13-54-11': 'BKSHEZTV.mp4' completed wildlife model, starting deeplabcut...
'2024-04-23 13-56-57': 'BKSHEZTV.mp4' is Done.
'2024-04-23 13-56-57': 'BKWNGLSQ.mp4' start running wildlife model...
'2024-04-23 14-01-16': 'BKWNGLSQ.mp4' completed wildlife model, starting deeplabcut...
'2024-04-23 14-04-20': 'BKWNGLSQ.mp4' is Done.
'2024-04-23 14-04-20': 'BKYLXRAC.mp4' start running wildlife model...
'2024-04-23 14-05-15': 'BKYLXRAC.mp4' completed wildlife model, starting deeplabcut...
'2024-04-23 14-05-58': 'BKYLXRAC.mp4' is Done.
'2024-04-23 14-05-58': 'BKZESXGD.mp4' start running wildlife model...
'2024-04-23 14-08-29': 'BKZESXGD.mp4' completed wildlife model, starting deeplabcut...
'2024-04-23 14-10-16': 'BKZESXGD.mp4' is Done.
'2024-04-23 14-10-16': 'BKZWMUDX.mp4' start running wildlife model...
'2024-04-23 14-12-53': 'BKZWMUDX.mp4' completed wildlife model, starting deeplabcut...
'2024-04-23 14-14-41': 'BKZWMUDX.mp4' is Done.
'2024-04-23 14-14-41': 'BLFWLAHW.mp4' start running wildlife model...
'2024-04-23 14-15-08': 'BLFWLAHW.mp4' completed wildlife model, starting deeplabcut...
'2024-04-23 14-15-34': 'BLFWLAHW.mp4' is Done.
'2024-04-23 14-15-34': 'BLGPNXGD.mp4' start running wildlife model...
'2024-04-23 14-19-03': 'BLGPNXGD.mp4' completed wildlife model, starting deeplabcut...
'2024-04-23 14-21-16': 'BLGPNXGD.mp4' is Done.
'2024-04-23 14-21-16': 'BLHNRVEI.mp4' start running wildlife model...
'2024-04-23 14-25-18': 'BLHNRVEI.mp4' completed wildlife model, starting deeplabcut...
'2024-04-23 14-27-59': 'BLHNRVEI.mp4' is Done.
'2024-04-23 14-27-59': 'BLPVEXGD.mp4' start running wildlife model...
'2024-04-23 14-30-25': 'BLPVEXGD.mp4' completed wildlife model, starting deeplabcut...
'2024-04-23 14-32-13': 'BLPVEXGD.mp4' is Done.
'2024-04-23 14-32-13': 'BLRTDGJU.mp4' start running wildlife model...
'2024-04-23 14-34-39': 'BLRTDGJU.mp4' completed wildlife model, starting deeplabcut...
'2024-04-23 14-36-25': 'BLRTDGJU.mp4' is Done.
'2024-04-23 14-36-25': 'BLUYUTEK.mp4' start running wildlife model...
'2024-04-23 14-37-12': 'BLUYUTEK.mp4' completed wildlife model, starting deeplabcut...
'2024-04-23 14-37-53': 'BLUYUTEK.mp4' is Done.
'2024-04-23 14-37-53': 'BLXPVPKK.mp4' start running wildlife model...
'2024-04-23 14-40-56': 'BLXPVPKK.mp4' completed wildlife model, starting deeplabcut...
'2024-04-23 14-43-03': 'BLXPVPKK.mp4' is Done.
'2024-04-23 14-43-03': 'BMALCPTK.mp4' start running wildlife model...
'2024-04-23 14-54-12': 'BMALCPTK.mp4' completed wildlife model, starting deeplabcut...
'2024-04-23 15-02-11': 'BMALCPTK.mp4' is Done.
'2024-04-23 15-02-11': 'BMNIKVMP.mp4' start running wildlife model...
'2024-04-23 15-02-35': 'BMNIKVMP.mp4' completed wildlife model, starting deeplabcut...
'2024-04-23 15-03-00': 'BMNIKVMP.mp4' is Done.
'2024-04-23 15-03-00': 'BMOONAEM.mp4' start running wildlife model...
'2024-04-23 15-07-33': 'BMOONAEM.mp4' completed wildlife model, starting deeplabcut...
'2024-04-23 15-10-56': 'BMOONAEM.mp4' is Done.
'2024-04-23 15-10-56': 'BMWGOUDI.mp4' start running wildlife model...
'2024-04-23 15-16-24': 'BMWGOUDI.mp4' completed wildlife model, starting deeplabcut...
'2024-04-23 15-20-05': 'BMWGOUDI.mp4' is Done.
'2024-04-23 15-20-05': 'BNDNTHGA.mp4' start running wildlife model...
'2024-04-23 15-20-53': 'BNDNTHGA.mp4' completed wildlife model, starting deeplabcut...
'2024-04-23 15-21-33': 'BNDNTHGA.mp4' is Done.
'2024-04-23 15-21-33': 'BNFNHNQN.mp4' start running wildlife model...
'2024-04-23 15-28-20': 'BNFNHNQN.mp4' completed wildlife model, starting deeplabcut...
'2024-04-23 15-33-06': 'BNFNHNQN.mp4' is Done.
'2024-04-23 15-33-06': 'BNNTTCPZ.mp4' start running wildlife model...
'2024-04-23 15-37-19': 'BNNTTCPZ.mp4' completed wildlife model, starting deeplabcut...
'2024-04-23 15-40-13': 'BNNTTCPZ.mp4' is Done.
'2024-04-23 15-40-13': 'BNTETTUB.mp4' start running wildlife model...
'2024-04-23 15-41-18': 'BNTETTUB.mp4' completed wildlife model, starting deeplabcut...
'2024-04-23 15-42-09': 'BNTETTUB.mp4' is Done.
'2024-04-23 15-42-09': 'BNXLANBD.mp4' start running wildlife model...
'2024-04-23 15-42-51': 'BNXLANBD.mp4' completed wildlife model, starting deeplabcut...
'2024-04-23 15-43-28': 'BNXLANBD.mp4' is Done.
'2024-04-23 15-43-28': 'BNXQJIYC.mp4' start running wildlife model...
'2024-04-23 15-51-05': 'BNXQJIYC.mp4' completed wildlife model, starting deeplabcut...
'2024-04-23 15-56-24': 'BNXQJIYC.mp4' is Done.
'2024-04-23 15-56-24': 'BOGVOFYY.mp4' start running wildlife model...
'2024-04-23 15-57-51': 'BOGVOFYY.mp4' completed wildlife model, starting deeplabcut...
'2024-04-23 15-58-57': 'BOGVOFYY.mp4' is Done.
'2024-04-23 15-58-57': 'BOIZLDCC.mp4' start running wildlife model...
'2024-04-23 16-05-31': 'BOIZLDCC.mp4' completed wildlife model, starting deeplabcut...
'2024-04-23 16-09-56': 'BOIZLDCC.mp4' is Done.
'2024-04-23 16-09-56': 'BOTNVBGG.mp4' start running wildlife model...
'2024-04-23 16-11-44': 'BOTNVBGG.mp4' completed wildlife model, starting deeplabcut...
'2024-04-23 16-13-06': 'BOTNVBGG.mp4' is Done.
'2024-04-23 16-13-06': 'BOVUZGCS.mp4' start running wildlife model...
'2024-04-23 16-14-44': 'BOVUZGCS.mp4' completed wildlife model, starting deeplabcut...
'2024-04-23 16-15-52': 'BOVUZGCS.mp4' is Done.
'2024-04-23 16-15-53': 'BOZDXBQT.mp4' start running wildlife model...
'2024-04-23 16-17-14': 'BOZDXBQT.mp4' completed wildlife model, starting deeplabcut...
'2024-04-23 16-18-16': 'BOZDXBQT.mp4' is Done.
'2024-04-23 16-18-16': 'BPAAYUDI.mp4' start running wildlife model...
'2024-04-23 16-21-47': 'BPAAYUDI.mp4' completed wildlife model, starting deeplabcut...
'2024-04-23 16-24-20': 'BPAAYUDI.mp4' is Done.
'2024-04-23 16-24-20': 'BPJDDSBA.mp4' start running wildlife model...
'2024-04-23 16-28-50': 'BPJDDSBA.mp4' completed wildlife model, starting deeplabcut...
'2024-04-23 16-31-56': 'BPJDDSBA.mp4' is Done.
'2024-04-23 16-31-56': 'BPMBANPL.mp4' start running wildlife model...
'2024-04-23 16-32-11': 'BPMBANPL.mp4' completed wildlife model, starting deeplabcut...
'2024-04-23 16-32-28': 'BPMBANPL.mp4' is Done.
'2024-04-23 16-32-28': 'BPMOPVEI.mp4' start running wildlife model...
'2024-04-23 16-35-09': 'BPMOPVEI.mp4' completed wildlife model, starting deeplabcut...
'2024-04-23 16-37-01': 'BPMOPVEI.mp4' is Done.
'2024-04-23 16-37-01': 'BPRAZEUL.mp4' start running wildlife model...
'2024-04-23 16-39-24': 'BPRAZEUL.mp4' completed wildlife model, starting deeplabcut...
'2024-04-23 16-41-03': 'BPRAZEUL.mp4' is Done.
'2024-04-23 16-41-03': 'BPSSTPTK.mp4' start running wildlife model...
'2024-04-23 16-42-12': 'BPSSTPTK.mp4' completed wildlife model, starting deeplabcut...
'2024-04-23 16-43-09': 'BPSSTPTK.mp4' is Done.
'2024-04-23 16-43-09': 'BPVBMXGD.mp4' start running wildlife model...
'2024-04-23 16-45-08': 'BPVBMXGD.mp4' completed wildlife model, starting deeplabcut...
'2024-04-23 16-46-36': 'BPVBMXGD.mp4' is Done.
'2024-04-23 16-46-36': 'BPYJDSBA.mp4' start running wildlife model...
'2024-04-23 16-48-38': 'BPYJDSBA.mp4' completed wildlife model, starting deeplabcut...
'2024-04-23 16-50-04': 'BPYJDSBA.mp4' is Done.
'2024-04-23 16-50-04': 'BQCHOFXO.mp4' start running wildlife model...
'2024-04-23 16-53-21': 'BQCHOFXO.mp4' completed wildlife model, starting deeplabcut...
'2024-04-23 16-55-43': 'BQCHOFXO.mp4' is Done.
'2024-04-23 16-55-43': 'BQJDCRHW.mp4' start running wildlife model...
'2024-04-23 17-02-02': 'BQJDCRHW.mp4' completed wildlife model, starting deeplabcut...
'2024-04-23 17-06-17': 'BQJDCRHW.mp4' is Done.
'2024-04-23 17-06-17': 'BQSUFLHH.mp4' start running wildlife model...
'2024-04-23 17-08-27': 'BQSUFLHH.mp4' completed wildlife model, starting deeplabcut...
'2024-04-23 17-10-08': 'BQSUFLHH.mp4' is Done.
'2024-04-23 17-10-08': 'BQYTALHH.mp4' start running wildlife model...
'2024-04-23 17-12-57': 'BQYTALHH.mp4' completed wildlife model, starting deeplabcut...
'2024-04-23 17-15-02': 'BQYTALHH.mp4' is Done.
'2024-04-23 17-15-02': 'BRDPRVEI.mp4' start running wildlife model...
'2024-04-23 17-17-00': 'BRDPRVEI.mp4' completed wildlife model, starting deeplabcut...
'2024-04-23 17-18-23': 'BRDPRVEI.mp4' is Done.
'2024-04-23 17-18-23': 'BRIPJXGD.mp4' start running wildlife model...
'2024-04-23 17-23-05': 'BRIPJXGD.mp4' completed wildlife model, starting deeplabcut...
'2024-04-23 17-26-14': 'BRIPJXGD.mp4' is Done.
'2024-04-23 17-26-14': 'BRMZYBQT.mp4' start running wildlife model...
'2024-04-23 17-27-24': 'BRMZYBQT.mp4' completed wildlife model, starting deeplabcut...
'2024-04-23 17-28-20': 'BRMZYBQT.mp4' is Done.
'2024-04-23 17-28-20': 'BRRFXEOD.mp4' start running wildlife model...
'2024-04-23 17-32-47': 'BRRFXEOD.mp4' completed wildlife model, starting deeplabcut...
'2024-04-23 17-35-49': 'BRRFXEOD.mp4' is Done.
'2024-04-23 17-35-49': 'BRVGVXGD.mp4' start running wildlife model...
'2024-04-23 17-36-52': 'BRVGVXGD.mp4' completed wildlife model, starting deeplabcut...
'2024-04-23 17-37-42': 'BRVGVXGD.mp4' is Done.
'2024-04-23 17-37-42': 'BRZGTXTD.mp4' start running wildlife model...
'2024-04-23 17-39-00': 'BRZGTXTD.mp4' completed wildlife model, starting deeplabcut...
'2024-04-23 17-40-02': 'BRZGTXTD.mp4' is Done.
'2024-04-23 17-40-02': 'BSERIONO.mp4' start running wildlife model...
'2024-04-23 17-41-14': 'BSERIONO.mp4' completed wildlife model, starting deeplabcut...
'2024-04-23 17-42-11': 'BSERIONO.mp4' is Done.
'2024-04-23 17-42-11': 'BSGIHFFP.mp4' start running wildlife model...
'2024-04-23 17-43-12': 'BSGIHFFP.mp4' completed wildlife model, starting deeplabcut...
'2024-04-23 17-44-00': 'BSGIHFFP.mp4' is Done.
'2024-04-23 17-44-00': 'BSHGJPDU.mp4' start running wildlife model...
'2024-04-23 17-45-48': 'BSHGJPDU.mp4' completed wildlife model, starting deeplabcut...
'2024-04-23 17-47-13': 'BSHGJPDU.mp4' is Done.
'2024-04-23 17-47-13': 'BSOSLZJZ.mp4' start running wildlife model...
'2024-04-23 17-48-23': 'BSOSLZJZ.mp4' completed wildlife model, starting deeplabcut...
'2024-04-23 17-49-16': 'BSOSLZJZ.mp4' is Done.
'2024-04-23 17-49-16': 'BSTSIVKA.mp4' start running wildlife model...
'2024-04-23 17-50-30': 'BSTSIVKA.mp4' completed wildlife model, starting deeplabcut...
'2024-04-23 17-51-26': 'BSTSIVKA.mp4' is Done.
'2024-04-23 17-51-26': 'BSVBMVMS.mp4' start running wildlife model...
'2024-04-23 17-53-52': 'BSVBMVMS.mp4' completed wildlife model, starting deeplabcut...
'2024-04-23 17-55-39': 'BSVBMVMS.mp4' is Done.
'2024-04-23 17-55-39': 'BSYOOLHH.mp4' start running wildlife model...
'2024-04-23 17-57-00': 'BSYOOLHH.mp4' completed wildlife model, starting deeplabcut...
'2024-04-23 17-58-00': 'BSYOOLHH.mp4' is Done.
'2024-04-23 17-58-00': 'BTBPRUJL.mp4' start running wildlife model...
'2024-04-23 17-59-52': 'BTBPRUJL.mp4' completed wildlife model, starting deeplabcut...
'2024-04-23 18-01-23': 'BTBPRUJL.mp4' is Done.
'2024-04-23 18-01-23': 'BTFRRFGA.mp4' start running wildlife model...
'2024-04-23 18-02-04': 'BTFRRFGA.mp4' completed wildlife model, starting deeplabcut...
'2024-04-23 18-02-39': 'BTFRRFGA.mp4' is Done.
'2024-04-23 18-02-39': 'BTFWIHDU.mp4' start running wildlife model...
'2024-04-23 18-03-13': 'BTFWIHDU.mp4' completed wildlife model, starting deeplabcut...
'2024-04-23 18-03-43': 'BTFWIHDU.mp4' is Done.
'2024-04-23 18-03-43': 'BTGLNXMC.mp4' start running wildlife model...
'2024-04-23 18-04-59': 'BTGLNXMC.mp4' completed wildlife model, starting deeplabcut...
'2024-04-23 18-05-54': 'BTGLNXMC.mp4' is Done.
'2024-04-23 18-05-54': 'BTHXWUOO.mp4' start running wildlife model...
'2024-04-23 18-06-15': 'BTHXWUOO.mp4' completed wildlife model, starting deeplabcut...
'2024-04-23 18-06-37': 'BTHXWUOO.mp4' is Done.
'2024-04-23 18-06-37': 'BTJSNUFF.mp4' start running wildlife model...
'2024-04-23 18-07-19': 'BTJSNUFF.mp4' completed wildlife model, starting deeplabcut...
'2024-04-23 18-07-55': 'BTJSNUFF.mp4' is Done.
'2024-04-23 18-07-55': 'BTLNIZYO.mp4' start running wildlife model...
'2024-04-23 18-10-27': 'BTLNIZYO.mp4' completed wildlife model, starting deeplabcut...
'2024-04-23 18-12-15': 'BTLNIZYO.mp4' is Done.
'2024-04-23 18-12-15': 'BTNSQACP.mp4' start running wildlife model...
'2024-04-23 18-12-42': 'BTNSQACP.mp4' completed wildlife model, starting deeplabcut...
'2024-04-23 18-13-09': 'BTNSQACP.mp4' is Done.
'2024-04-23 18-13-09': 'BTQMJBLQ.mp4' start running wildlife model...
'2024-04-23 18-14-45': 'BTQMJBLQ.mp4' completed wildlife model, starting deeplabcut...
'2024-04-23 18-15-59': 'BTQMJBLQ.mp4' is Done.
'2024-04-23 18-15-59': 'BTRUWPZC.mp4' start running wildlife model...
'2024-04-23 18-18-44': 'BTRUWPZC.mp4' completed wildlife model, starting deeplabcut...
'2024-04-23 18-20-41': 'BTRUWPZC.mp4' is Done.
'2024-04-23 18-20-41': 'BTTXSSVW.mp4' start running wildlife model...
'2024-04-23 18-21-52': 'BTTXSSVW.mp4' completed wildlife model, starting deeplabcut...
'2024-04-23 18-22-48': 'BTTXSSVW.mp4' is Done.
'2024-04-23 18-22-48': 'BTZOSPIF.mp4' start running wildlife model...
'2024-04-23 18-25-17': 'BTZOSPIF.mp4' completed wildlife model, starting deeplabcut...
'2024-04-23 18-26-53': 'BTZOSPIF.mp4' is Done.
'2024-04-23 18-26-53': 'BUABVKEW.mp4' start running wildlife model...
'2024-04-23 18-28-49': 'BUABVKEW.mp4' completed wildlife model, starting deeplabcut...
'2024-04-23 18-30-12': 'BUABVKEW.mp4' is Done.
'2024-04-23 18-30-12': 'BUELIKOU.mp4' start running wildlife model...
'2024-04-23 18-31-09': 'BUELIKOU.mp4' completed wildlife model, starting deeplabcut...
'2024-04-23 18-31-58': 'BUELIKOU.mp4' is Done.
'2024-04-23 18-31-58': 'BUESWMYV.mp4' start running wildlife model...
'2024-04-23 18-37-20': 'BUESWMYV.mp4' completed wildlife model, starting deeplabcut...
'2024-04-23 18-41-01': 'BUESWMYV.mp4' is Done.
'2024-04-23 18-41-01': 'BUHAIYUQ.mp4' start running wildlife model...
'2024-04-23 18-46-52': 'BUHAIYUQ.mp4' completed wildlife model, starting deeplabcut...
'2024-04-23 18-51-04': 'BUHAIYUQ.mp4' is Done.
'2024-04-23 18-51-04': 'BUPIPVDY.mp4' start running wildlife model...
'2024-04-23 18-52-58': 'BUPIPVDY.mp4' completed wildlife model, starting deeplabcut...
'2024-04-23 18-54-24': 'BUPIPVDY.mp4' is Done.
'2024-04-23 18-54-24': 'BUSLBACP.mp4' start running wildlife model...
'2024-04-23 18-58-16': 'BUSLBACP.mp4' completed wildlife model, starting deeplabcut...
'2024-04-23 19-01-03': 'BUSLBACP.mp4' is Done.
'2024-04-23 19-01-03': 'BUVUFXPO.mp4' start running wildlife model...
'2024-04-23 19-05-08': 'BUVUFXPO.mp4' completed wildlife model, starting deeplabcut...
'2024-04-23 19-08-02': 'BUVUFXPO.mp4' is Done.
'2024-04-23 19-08-02': 'BVCEYJBD.mp4' start running wildlife model...
'2024-04-23 19-08-40': 'BVCEYJBD.mp4' completed wildlife model, starting deeplabcut...
'2024-04-23 19-09-15': 'BVCEYJBD.mp4' is Done.
'2024-04-23 19-09-15': 'BVDNRDMX.mp4' start running wildlife model...
'2024-04-23 19-16-47': 'BVDNRDMX.mp4' completed wildlife model, starting deeplabcut...
'2024-04-23 19-21-44': 'BVDNRDMX.mp4' is Done.
'2024-04-23 19-21-44': 'BVKYMEQQ.mp4' start running wildlife model...
'2024-04-23 19-23-18': 'BVKYMEQQ.mp4' completed wildlife model, starting deeplabcut...
'2024-04-23 19-24-28': 'BVKYMEQQ.mp4' is Done.
'2024-04-23 19-24-28': 'BVOGDZJZ.mp4' start running wildlife model...
'2024-04-23 19-26-25': 'BVOGDZJZ.mp4' completed wildlife model, starting deeplabcut...
'2024-04-23 19-27-48': 'BVOGDZJZ.mp4' is Done.
'2024-04-23 19-27-48': 'BVQHTOXJ.mp4' start running wildlife model...
'2024-04-23 19-31-13': 'BVQHTOXJ.mp4' completed wildlife model, starting deeplabcut...
'2024-04-23 19-33-32': 'BVQHTOXJ.mp4' is Done.
'2024-04-23 19-33-32': 'BVXNBKEW.mp4' start running wildlife model...
'2024-04-23 19-33-52': 'BVXNBKEW.mp4' completed wildlife model, starting deeplabcut...
'2024-04-23 19-34-15': 'BVXNBKEW.mp4' is Done.
'2024-04-23 19-34-15': 'BVYMFKEW.mp4' start running wildlife model...
'2024-04-23 19-34-53': 'BVYMFKEW.mp4' completed wildlife model, starting deeplabcut...
'2024-04-23 19-35-27': 'BVYMFKEW.mp4' is Done.
'2024-04-23 19-35-27': 'BVYPMPIF.mp4' start running wildlife model...
'2024-04-23 19-36-02': 'BVYPMPIF.mp4' completed wildlife model, starting deeplabcut...
'2024-04-23 19-36-35': 'BVYPMPIF.mp4' is Done.
'2024-04-23 19-36-35': 'BWBVAXSF.mp4' start running wildlife model...
'2024-04-23 19-45-14': 'BWBVAXSF.mp4' completed wildlife model, starting deeplabcut...
'2024-04-23 19-50-55': 'BWBVAXSF.mp4' is Done.
'2024-04-23 19-50-55': 'BWSZOIMN.mp4' start running wildlife model...
'2024-04-23 19-52-53': 'BWSZOIMN.mp4' completed wildlife model, starting deeplabcut...
'2024-04-23 19-54-19': 'BWSZOIMN.mp4' is Done.
'2024-04-23 19-54-19': 'BWZIENJC.mp4' start running wildlife model...
'2024-04-23 19-55-16': 'BWZIENJC.mp4' completed wildlife model, starting deeplabcut...
'2024-04-23 19-56-05': 'BWZIENJC.mp4' is Done.
'2024-04-23 19-56-05': 'BXANULHH.mp4' start running wildlife model...
'2024-04-23 19-57-06': 'BXANULHH.mp4' completed wildlife model, starting deeplabcut...
'2024-04-23 19-57-53': 'BXANULHH.mp4' is Done.
'2024-04-23 19-57-53': 'BXBIKPLS.mp4' start running wildlife model...
'2024-04-23 19-58-29': 'BXBIKPLS.mp4' completed wildlife model, starting deeplabcut...
'2024-04-23 19-59-00': 'BXBIKPLS.mp4' is Done.
'2024-04-23 19-59-00': 'BXBRADSN.mp4' start running wildlife model...
'2024-04-23 20-00-42': 'BXBRADSN.mp4' completed wildlife model, starting deeplabcut...
'2024-04-23 20-01-59': 'BXBRADSN.mp4' is Done.
'2024-04-23 20-01-59': 'BXDRVEBY.mp4' start running wildlife model...
'2024-04-23 20-03-02': 'BXDRVEBY.mp4' completed wildlife model, starting deeplabcut...
'2024-04-23 20-03-49': 'BXDRVEBY.mp4' is Done.
'2024-04-23 20-03-49': 'BXFHQQCN.mp4' start running wildlife model...
'2024-04-23 20-05-04': 'BXFHQQCN.mp4' completed wildlife model, starting deeplabcut...
'2024-04-23 20-06-02': 'BXFHQQCN.mp4' is Done.
'2024-04-23 20-06-02': 'BXJACVEI.mp4' start running wildlife model...
'2024-04-23 20-10-18': 'BXJACVEI.mp4' completed wildlife model, starting deeplabcut...
'2024-04-23 20-13-23': 'BXJACVEI.mp4' is Done.
'2024-04-23 20-13-23': 'BXMUPWBO.mp4' start running wildlife model...
'2024-04-23 20-15-21': 'BXMUPWBO.mp4' completed wildlife model, starting deeplabcut...
'2024-04-23 20-16-42': 'BXMUPWBO.mp4' is Done.
'2024-04-23 20-16-42': 'BXQOHPKL.mp4' start running wildlife model...
'2024-04-23 20-18-50': 'BXQOHPKL.mp4' completed wildlife model, starting deeplabcut...
'2024-04-23 20-20-26': 'BXQOHPKL.mp4' is Done.
'2024-04-23 20-20-26': 'BXYGLNQN.mp4' start running wildlife model...
'2024-04-23 20-21-46': 'BXYGLNQN.mp4' completed wildlife model, starting deeplabcut...
'2024-04-23 20-22-47': 'BXYGLNQN.mp4' is Done.
'2024-04-23 20-22-47': 'BXZPQQDT.mp4' start running wildlife model...
'2024-04-23 20-24-15': 'BXZPQQDT.mp4' completed wildlife model, starting deeplabcut...
'2024-04-23 20-25-25': 'BXZPQQDT.mp4' is Done.
'2024-04-23 20-25-25': 'BYCBLZQJ.mp4' start running wildlife model...
'2024-04-23 20-26-48': 'BYCBLZQJ.mp4' completed wildlife model, starting deeplabcut...
'2024-04-23 20-27-55': 'BYCBLZQJ.mp4' is Done.
'2024-04-23 20-27-55': 'BYDTUFFP.mp4' start running wildlife model...
'2024-04-23 20-32-07': 'BYDTUFFP.mp4' completed wildlife model, starting deeplabcut...
'2024-04-23 20-34-46': 'BYDTUFFP.mp4' is Done.
'2024-04-23 20-34-46': 'BYJJLNPL.mp4' start running wildlife model...
'2024-04-23 20-36-51': 'BYJJLNPL.mp4' completed wildlife model, starting deeplabcut...
'2024-04-23 20-38-18': 'BYJJLNPL.mp4' is Done.
'2024-04-23 20-38-18': 'BYQCVAHW.mp4' start running wildlife model...
'2024-04-23 20-39-35': 'BYQCVAHW.mp4' completed wildlife model, starting deeplabcut...
'2024-04-23 20-40-36': 'BYQCVAHW.mp4' is Done.
'2024-04-23 20-40-36': 'BYTMCWUH.mp4' start running wildlife model...
'2024-04-23 20-43-46': 'BYTMCWUH.mp4' completed wildlife model, starting deeplabcut...
'2024-04-23 20-45-50': 'BYTMCWUH.mp4' is Done.
'2024-04-23 20-45-50': 'BYXITSEB.mp4' start running wildlife model...
'2024-04-23 20-48-42': 'BYXITSEB.mp4' completed wildlife model, starting deeplabcut...
'2024-04-23 20-50-47': 'BYXITSEB.mp4' is Done.
'2024-04-23 20-50-47': 'BZBNDPKT.mp4' start running wildlife model...
'2024-04-23 20-53-28': 'BZBNDPKT.mp4' completed wildlife model, starting deeplabcut...
'2024-04-23 20-55-25': 'BZBNDPKT.mp4' is Done.
'2024-04-23 20-55-25': 'BZEMTNQN.mp4' start running wildlife model...
'2024-04-23 20-56-59': 'BZEMTNQN.mp4' completed wildlife model, starting deeplabcut...
'2024-04-23 20-58-09': 'BZEMTNQN.mp4' is Done.
'2024-04-23 20-58-09': 'BZFYDVTI.mp4' start running wildlife model...
'2024-04-23 20-58-42': 'BZFYDVTI.mp4' completed wildlife model, starting deeplabcut...
'2024-04-23 20-59-14': 'BZFYDVTI.mp4' is Done.
'2024-04-23 20-59-14': 'BZIJCFUP.mp4' start running wildlife model...
'2024-04-23 21-00-25': 'BZIJCFUP.mp4' completed wildlife model, starting deeplabcut...
'2024-04-23 21-01-21': 'BZIJCFUP.mp4' is Done.
'2024-04-23 21-01-21': 'BZMCOQDT.mp4' start running wildlife model...
'2024-04-23 21-03-24': 'BZMCOQDT.mp4' completed wildlife model, starting deeplabcut...
'2024-04-23 21-04-53': 'BZMCOQDT.mp4' is Done.
'2024-04-23 21-04-53': 'BZTIFYSZ.mp4' start running wildlife model...
'2024-04-23 21-05-49': 'BZTIFYSZ.mp4' completed wildlife model, starting deeplabcut...
'2024-04-23 21-06-36': 'BZTIFYSZ.mp4' is Done.
'2024-04-23 21-06-36': 'BZTKEUPH.mp4' start running wildlife model...
'2024-04-23 21-08-46': 'BZTKEUPH.mp4' completed wildlife model, starting deeplabcut...
'2024-04-23 21-10-22': 'BZTKEUPH.mp4' is Done.
'2024-04-23 21-10-22': 'BZWVJNSU.mp4' start running wildlife model...
'2024-04-23 21-11-17': 'BZWVJNSU.mp4' completed wildlife model, starting deeplabcut...
'2024-04-23 21-12-01': 'BZWVJNSU.mp4' is Done.
