'2024-04-22 20-50-49': 'AACKOHGA.mp4' start running wildlife model...
'2024-04-22 20-54-31': 'AACKOHGA.mp4' completed wildlife model, starting deeplabcut...
'2024-04-22 20-54-40': 'AACKOHGA.mp4' is Done.
'2024-04-22 20-54-40': 'AAGIUVEI.mp4' start running wildlife model...
'2024-04-22 20-59-07': 'AAGIUVEI.mp4' completed wildlife model, starting deeplabcut...
'2024-04-22 20-59-15': 'AAGIUVEI.mp4' is Done.
'2024-04-22 20-59-15': 'AALMTJBD.mp4' start running wildlife model...
'2024-04-22 21-00-22': 'AALMTJBD.mp4' completed wildlife model, starting deeplabcut...
'2024-04-22 21-00-30': 'AALMTJBD.mp4' is Done.
'2024-04-22 21-00-30': 'AAMTKWMK.mp4' start running wildlife model...
'2024-04-22 21-01-12': 'AAMTKWMK.mp4' completed wildlife model, starting deeplabcut...
'2024-04-22 21-01-21': 'AAMTKWMK.mp4' is Done.
'2024-04-22 21-01-21': 'AANITSEB.mp4' start running wildlife model...
'2024-04-22 21-05-23': 'AANITSEB.mp4' completed wildlife model, starting deeplabcut...
'2024-04-22 21-05-31': 'AANITSEB.mp4' is Done.
'2024-04-22 21-05-31': 'AAPREPTK.mp4' start running wildlife model...
'2024-04-22 21-14-48': 'AAPREPTK.mp4' completed wildlife model, starting deeplabcut...
'2024-04-22 21-14-56': 'AAPREPTK.mp4' is Done.
'2024-04-22 21-14-56': 'AAVXGHCU.mp4' start running wildlife model...
'2024-04-22 21-19-08': 'AAVXGHCU.mp4' completed wildlife model, starting deeplabcut...
'2024-04-22 21-19-16': 'AAVXGHCU.mp4' is Done.
'2024-04-22 21-19-16': 'ABBOLTFT.mp4' start running wildlife model...
'2024-04-22 21-23-13': 'ABBOLTFT.mp4' completed wildlife model, starting deeplabcut...
'2024-04-22 21-23-20': 'ABBOLTFT.mp4' is Done.
'2024-04-22 21-23-20': 'ABGHPMGJ.mp4' start running wildlife model...
'2024-04-22 21-25-15': 'ABGHPMGJ.mp4' completed wildlife model, starting deeplabcut...
'2024-04-22 21-25-24': 'ABGHPMGJ.mp4' is Done.
'2024-04-22 21-25-24': 'ABNEANQN.mp4' start running wildlife model...
'2024-04-22 21-35-37': 'ABNEANQN.mp4' completed wildlife model, starting deeplabcut...
'2024-04-22 21-35-45': 'ABNEANQN.mp4' is Done.
'2024-04-22 21-35-45': 'ABZRXVEI.mp4' start running wildlife model...
'2024-04-22 21-38-01': 'ABZRXVEI.mp4' completed wildlife model, starting deeplabcut...
'2024-04-22 21-38-09': 'ABZRXVEI.mp4' is Done.
'2024-04-22 21-38-09': 'ACCPNSBA.mp4' start running wildlife model...
'2024-04-22 21-38-47': 'ACCPNSBA.mp4' completed wildlife model, starting deeplabcut...
'2024-04-22 21-38-54': 'ACCPNSBA.mp4' is Done.
'2024-04-22 21-38-54': 'ACFBCJIR.mp4' start running wildlife model...
'2024-04-22 21-47-38': 'ACFBCJIR.mp4' completed wildlife model, starting deeplabcut...
'2024-04-22 21-47-45': 'ACFBCJIR.mp4' is Done.
'2024-04-22 21-47-45': 'ACQEHFPE.mp4' start running wildlife model...
'2024-04-22 21-52-31': 'ACQEHFPE.mp4' completed wildlife model, starting deeplabcut...
'2024-04-22 21-52-39': 'ACQEHFPE.mp4' is Done.
'2024-04-22 21-52-39': 'ACXOPLSK.mp4' start running wildlife model...
'2024-04-22 21-55-15': 'ACXOPLSK.mp4' completed wildlife model, starting deeplabcut...
'2024-04-22 21-55-23': 'ACXOPLSK.mp4' is Done.
'2024-04-22 21-55-23': 'ADAMJVEI.mp4' start running wildlife model...
'2024-04-22 21-58-54': 'ADAMJVEI.mp4' completed wildlife model, starting deeplabcut...
'2024-04-22 21-59-01': 'ADAMJVEI.mp4' is Done.
'2024-04-22 21-59-01': 'ADDOKUJL.mp4' start running wildlife model...
'2024-04-22 21-59-59': 'ADDOKUJL.mp4' completed wildlife model, starting deeplabcut...
'2024-04-22 22-00-07': 'ADDOKUJL.mp4' is Done.
'2024-04-22 22-00-07': 'ADGVZCPZ.mp4' start running wildlife model...
'2024-04-22 22-01-58': 'ADGVZCPZ.mp4' completed wildlife model, starting deeplabcut...
'2024-04-22 22-02-06': 'ADGVZCPZ.mp4' is Done.
'2024-04-22 22-02-06': 'ADMCXIFB.mp4' start running wildlife model...
'2024-04-22 22-03-37': 'ADMCXIFB.mp4' completed wildlife model, starting deeplabcut...
'2024-04-22 22-03-45': 'ADMCXIFB.mp4' is Done.
'2024-04-22 22-03-45': 'ADMWXPKK.mp4' start running wildlife model...
'2024-04-22 22-08-12': 'ADMWXPKK.mp4' completed wildlife model, starting deeplabcut...
'2024-04-22 22-08-20': 'ADMWXPKK.mp4' is Done.
'2024-04-22 22-08-20': 'ADRGSNPL.mp4' start running wildlife model...
'2024-04-22 22-09-23': 'ADRGSNPL.mp4' completed wildlife model, starting deeplabcut...
'2024-04-22 22-09-31': 'ADRGSNPL.mp4' is Done.
'2024-04-22 22-09-31': 'ADRQOIQR.mp4' start running wildlife model...
'2024-04-22 22-12-06': 'ADRQOIQR.mp4' completed wildlife model, starting deeplabcut...
'2024-04-22 22-12-14': 'ADRQOIQR.mp4' is Done.
'2024-04-22 22-12-14': 'ADWVWELW.mp4' start running wildlife model...
'2024-04-22 22-16-25': 'ADWVWELW.mp4' completed wildlife model, starting deeplabcut...
'2024-04-22 22-16-33': 'ADWVWELW.mp4' is Done.
'2024-04-22 22-16-33': 'AEDZBNQN.mp4' start running wildlife model...
'2024-04-22 22-19-00': 'AEDZBNQN.mp4' completed wildlife model, starting deeplabcut...
'2024-04-22 22-19-09': 'AEDZBNQN.mp4' is Done.
'2024-04-22 22-19-09': 'AEJREDMX.mp4' start running wildlife model...
'2024-04-22 22-24-01': 'AEJREDMX.mp4' completed wildlife model, starting deeplabcut...
'2024-04-22 22-24-09': 'AEJREDMX.mp4' is Done.
'2024-04-22 22-24-09': 'AEQBKKRF.mp4' start running wildlife model...
'2024-04-22 22-27-26': 'AEQBKKRF.mp4' completed wildlife model, starting deeplabcut...
'2024-04-22 22-27-34': 'AEQBKKRF.mp4' is Done.
'2024-04-22 22-27-34': 'AESDJLSQ.mp4' start running wildlife model...
'2024-04-22 22-33-19': 'AESDJLSQ.mp4' completed wildlife model, starting deeplabcut...
'2024-04-22 22-33-27': 'AESDJLSQ.mp4' is Done.
'2024-04-22 22-33-27': 'AEZTBKEW.mp4' start running wildlife model...
'2024-04-22 22-33-48': 'AEZTBKEW.mp4' completed wildlife model, starting deeplabcut...
'2024-04-22 22-33-56': 'AEZTBKEW.mp4' is Done.
'2024-04-22 22-33-56': 'AFARIZQJ.mp4' start running wildlife model...
'2024-04-22 22-35-53': 'AFARIZQJ.mp4' completed wildlife model, starting deeplabcut...
'2024-04-22 22-36-01': 'AFARIZQJ.mp4' is Done.
'2024-04-22 22-36-01': 'AFEGAIQQ.mp4' start running wildlife model...
'2024-04-22 22-39-43': 'AFEGAIQQ.mp4' completed wildlife model, starting deeplabcut...
'2024-04-22 22-39-50': 'AFEGAIQQ.mp4' is Done.
'2024-04-22 22-39-50': 'AFEUMDAL.mp4' start running wildlife model...
'2024-04-22 22-40-47': 'AFEUMDAL.mp4' completed wildlife model, starting deeplabcut...
'2024-04-22 22-40-55': 'AFEUMDAL.mp4' is Done.
'2024-04-22 22-40-55': 'AFFUDFPE.mp4' start running wildlife model...
'2024-04-22 22-43-49': 'AFFUDFPE.mp4' completed wildlife model, starting deeplabcut...
'2024-04-22 22-43-57': 'AFFUDFPE.mp4' is Done.
'2024-04-22 22-43-57': 'AFKUFRAH.mp4' start running wildlife model...
'2024-04-22 22-48-12': 'AFKUFRAH.mp4' completed wildlife model, starting deeplabcut...
'2024-04-22 22-48-20': 'AFKUFRAH.mp4' is Done.
'2024-04-22 22-48-20': 'AFOLADSN.mp4' start running wildlife model...
'2024-04-22 22-48-48': 'AFOLADSN.mp4' completed wildlife model, starting deeplabcut...
'2024-04-22 22-48-55': 'AFOLADSN.mp4' is Done.
'2024-04-22 22-48-55': 'AFRSDBGU.mp4' start running wildlife model...
'2024-04-22 22-50-10': 'AFRSDBGU.mp4' completed wildlife model, starting deeplabcut...
'2024-04-22 22-50-18': 'AFRSDBGU.mp4' is Done.
'2024-04-22 22-50-18': 'AFRXYHGA.mp4' start running wildlife model...
'2024-04-22 22-51-50': 'AFRXYHGA.mp4' completed wildlife model, starting deeplabcut...
'2024-04-22 22-51-58': 'AFRXYHGA.mp4' is Done.
'2024-04-22 22-51-58': 'AFVFMXHP.mp4' start running wildlife model...
'2024-04-22 22-53-56': 'AFVFMXHP.mp4' completed wildlife model, starting deeplabcut...
'2024-04-22 22-54-03': 'AFVFMXHP.mp4' is Done.
'2024-04-22 22-54-03': 'AFWKZVRM.mp4' start running wildlife model...
'2024-04-22 22-55-16': 'AFWKZVRM.mp4' completed wildlife model, starting deeplabcut...
'2024-04-22 22-55-24': 'AFWKZVRM.mp4' is Done.
'2024-04-22 22-55-24': 'AFXFUZIE.mp4' start running wildlife model...
'2024-04-22 22-59-20': 'AFXFUZIE.mp4' completed wildlife model, starting deeplabcut...
'2024-04-22 22-59-28': 'AFXFUZIE.mp4' is Done.
'2024-04-22 22-59-28': 'AGAZXKEW.mp4' start running wildlife model...
'2024-04-22 23-00-16': 'AGAZXKEW.mp4' completed wildlife model, starting deeplabcut...
'2024-04-22 23-00-23': 'AGAZXKEW.mp4' is Done.
'2024-04-22 23-00-23': 'AGBFVAEM.mp4' start running wildlife model...
'2024-04-22 23-01-31': 'AGBFVAEM.mp4' completed wildlife model, starting deeplabcut...
'2024-04-22 23-01-39': 'AGBFVAEM.mp4' is Done.
'2024-04-22 23-01-39': 'AGELRXDO.mp4' start running wildlife model...
'2024-04-22 23-04-16': 'AGELRXDO.mp4' completed wildlife model, starting deeplabcut...
'2024-04-22 23-04-23': 'AGELRXDO.mp4' is Done.
'2024-04-22 23-04-23': 'AGHBWIFB.mp4' start running wildlife model...
'2024-04-22 23-06-43': 'AGHBWIFB.mp4' completed wildlife model, starting deeplabcut...
'2024-04-22 23-06-51': 'AGHBWIFB.mp4' is Done.
'2024-04-22 23-06-51': 'AGMBXWMK.mp4' start running wildlife model...
'2024-04-22 23-08-25': 'AGMBXWMK.mp4' completed wildlife model, starting deeplabcut...
'2024-04-22 23-08-33': 'AGMBXWMK.mp4' is Done.
'2024-04-22 23-08-33': 'AGOWBLWC.mp4' start running wildlife model...
'2024-04-22 23-13-41': 'AGOWBLWC.mp4' completed wildlife model, starting deeplabcut...
'2024-04-22 23-13-49': 'AGOWBLWC.mp4' is Done.
'2024-04-22 23-13-49': 'AGXXYLBD.mp4' start running wildlife model...
'2024-04-22 23-17-58': 'AGXXYLBD.mp4' completed wildlife model, starting deeplabcut...
'2024-04-22 23-18-07': 'AGXXYLBD.mp4' is Done.
'2024-04-22 23-18-07': 'AHBCWKOU.mp4' start running wildlife model...
'2024-04-22 23-24-07': 'AHBCWKOU.mp4' completed wildlife model, starting deeplabcut...
'2024-04-22 23-24-15': 'AHBCWKOU.mp4' is Done.
'2024-04-22 23-24-15': 'AHERUHBS.mp4' start running wildlife model...
'2024-04-22 23-24-58': 'AHERUHBS.mp4' completed wildlife model, starting deeplabcut...
'2024-04-22 23-25-08': 'AHERUHBS.mp4' is Done.
'2024-04-22 23-25-08': 'AHFUXMHZ.mp4' start running wildlife model...
'2024-04-22 23-26-56': 'AHFUXMHZ.mp4' completed wildlife model, starting deeplabcut...
'2024-04-22 23-27-04': 'AHFUXMHZ.mp4' is Done.
'2024-04-22 23-27-04': 'AHHOXZJZ.mp4' start running wildlife model...
'2024-04-22 23-31-26': 'AHHOXZJZ.mp4' completed wildlife model, starting deeplabcut...
'2024-04-22 23-31-34': 'AHHOXZJZ.mp4' is Done.
'2024-04-22 23-31-34': 'AHLLGPTK.mp4' start running wildlife model...
'2024-04-22 23-35-01': 'AHLLGPTK.mp4' completed wildlife model, starting deeplabcut...
'2024-04-22 23-35-09': 'AHLLGPTK.mp4' is Done.
'2024-04-22 23-35-09': 'AHQUYYTZ.mp4' start running wildlife model...
'2024-04-22 23-38-26': 'AHQUYYTZ.mp4' completed wildlife model, starting deeplabcut...
'2024-04-22 23-38-33': 'AHQUYYTZ.mp4' is Done.
'2024-04-22 23-38-33': 'AHTOSBXG.mp4' start running wildlife model...
'2024-04-22 23-42-24': 'AHTOSBXG.mp4' completed wildlife model, starting deeplabcut...
'2024-04-22 23-42-31': 'AHTOSBXG.mp4' is Done.
'2024-04-22 23-42-31': 'AHYLWONO.mp4' start running wildlife model...
'2024-04-22 23-45-00': 'AHYLWONO.mp4' completed wildlife model, starting deeplabcut...
'2024-04-22 23-45-08': 'AHYLWONO.mp4' is Done.
'2024-04-22 23-45-08': 'AIAPAZJZ.mp4' start running wildlife model...
'2024-04-22 23-46-29': 'AIAPAZJZ.mp4' completed wildlife model, starting deeplabcut...
'2024-04-22 23-46-37': 'AIAPAZJZ.mp4' is Done.
'2024-04-22 23-46-37': 'AIBQKOIP.mp4' start running wildlife model...
'2024-04-22 23-48-22': 'AIBQKOIP.mp4' completed wildlife model, starting deeplabcut...
'2024-04-22 23-48-31': 'AIBQKOIP.mp4' is Done.
'2024-04-22 23-48-31': 'AIDUQNPL.mp4' start running wildlife model...
'2024-04-22 23-49-43': 'AIDUQNPL.mp4' completed wildlife model, starting deeplabcut...
'2024-04-22 23-49-51': 'AIDUQNPL.mp4' is Done.
'2024-04-22 23-49-51': 'AIFRKUPH.mp4' start running wildlife model...
'2024-04-22 23-52-11': 'AIFRKUPH.mp4' completed wildlife model, starting deeplabcut...
'2024-04-22 23-52-19': 'AIFRKUPH.mp4' is Done.
'2024-04-22 23-52-19': 'AIJRJPAB.mp4' start running wildlife model...
'2024-04-22 23-53-56': 'AIJRJPAB.mp4' completed wildlife model, starting deeplabcut...
'2024-04-22 23-54-04': 'AIJRJPAB.mp4' is Done.
'2024-04-22 23-54-04': 'AIMQCXDO.mp4' start running wildlife model...
'2024-04-22 23-55-29': 'AIMQCXDO.mp4' completed wildlife model, starting deeplabcut...
'2024-04-22 23-55-38': 'AIMQCXDO.mp4' is Done.
'2024-04-22 23-55-38': 'AINYDTEK.mp4' start running wildlife model...
'2024-04-22 23-56-05': 'AINYDTEK.mp4' completed wildlife model, starting deeplabcut...
'2024-04-22 23-56-15': 'AINYDTEK.mp4' is Done.
'2024-04-22 23-56-15': 'AIPNOBRS.mp4' start running wildlife model...
'2024-04-22 23-56-57': 'AIPNOBRS.mp4' completed wildlife model, starting deeplabcut...
'2024-04-22 23-57-06': 'AIPNOBRS.mp4' is Done.
'2024-04-22 23-57-06': 'AIRLMXFE.mp4' start running wildlife model...
'2024-04-22 23-58-57': 'AIRLMXFE.mp4' completed wildlife model, starting deeplabcut...
'2024-04-22 23-59-04': 'AIRLMXFE.mp4' is Done.
'2024-04-22 23-59-04': 'AITNUIQQ.mp4' start running wildlife model...
'2024-04-23 00-05-35': 'AITNUIQQ.mp4' completed wildlife model, starting deeplabcut...
'2024-04-23 00-05-42': 'AITNUIQQ.mp4' is Done.
'2024-04-23 00-05-42': 'AJDGHVEI.mp4' start running wildlife model...
'2024-04-23 00-06-17': 'AJDGHVEI.mp4' completed wildlife model, starting deeplabcut...
'2024-04-23 00-06-24': 'AJDGHVEI.mp4' is Done.
'2024-04-23 00-06-24': 'AJEGSKOU.mp4' start running wildlife model...
'2024-04-23 00-12-25': 'AJEGSKOU.mp4' completed wildlife model, starting deeplabcut...
'2024-04-23 00-12-32': 'AJEGSKOU.mp4' is Done.
'2024-04-23 00-12-32': 'AJKYFUIV.mp4' start running wildlife model...
'2024-04-23 00-17-41': 'AJKYFUIV.mp4' completed wildlife model, starting deeplabcut...
'2024-04-23 00-17-48': 'AJKYFUIV.mp4' is Done.
'2024-04-23 00-17-48': 'AJWCGXYT.mp4' start running wildlife model...
'2024-04-23 00-22-29': 'AJWCGXYT.mp4' completed wildlife model, starting deeplabcut...
'2024-04-23 00-22-37': 'AJWCGXYT.mp4' is Done.
'2024-04-23 00-22-37': 'AJZFOVEI.mp4' start running wildlife model...
'2024-04-23 00-25-01': 'AJZFOVEI.mp4' completed wildlife model, starting deeplabcut...
'2024-04-23 00-25-09': 'AJZFOVEI.mp4' is Done.
'2024-04-23 00-25-09': 'AKDIQPLS.mp4' start running wildlife model...
'2024-04-23 00-27-45': 'AKDIQPLS.mp4' completed wildlife model, starting deeplabcut...
'2024-04-23 00-27-52': 'AKDIQPLS.mp4' is Done.
'2024-04-23 08-27-12': 'BALYCATH.mp4' start running wildlife model...
'2024-04-23 08-31-23': 'BALYCATH.mp4' completed wildlife model, starting deeplabcut...
'2024-04-23 08-34-13': 'BALYCATH.mp4' is Done.
'2024-04-23 08-34-13': 'BATMCQDT.mp4' start running wildlife model...
'2024-04-23 08-36-46': 'BATMCQDT.mp4' completed wildlife model, starting deeplabcut...
'2024-04-23 08-38-32': 'BATMCQDT.mp4' is Done.
'2024-04-23 08-38-32': 'BAWFJXEC.mp4' start running wildlife model...
'2024-04-23 08-39-18': 'BAWFJXEC.mp4' completed wildlife model, starting deeplabcut...
'2024-04-23 08-39-56': 'BAWFJXEC.mp4' is Done.
'2024-04-23 08-39-56': 'BAZKEDSN.mp4' start running wildlife model...
'2024-04-23 08-41-32': 'BAZKEDSN.mp4' completed wildlife model, starting deeplabcut...
'2024-04-23 08-42-40': 'BAZKEDSN.mp4' is Done.
'2024-04-23 08-42-40': 'BBBNLGQD.mp4' start running wildlife model...
'2024-04-23 08-44-09': 'BBBNLGQD.mp4' completed wildlife model, starting deeplabcut...
'2024-04-23 08-45-17': 'BBBNLGQD.mp4' is Done.
'2024-04-23 08-45-17': 'BBCYTXDO.mp4' start running wildlife model...
'2024-04-23 08-49-58': 'BBCYTXDO.mp4' completed wildlife model, starting deeplabcut...
'2024-04-23 08-52-44': 'BBCYTXDO.mp4' is Done.
'2024-04-23 08-52-44': 'BBGCOHIS.mp4' start running wildlife model...
'2024-04-23 08-55-52': 'BBGCOHIS.mp4' completed wildlife model, starting deeplabcut...
'2024-04-23 08-58-10': 'BBGCOHIS.mp4' is Done.
'2024-04-23 08-58-10': 'BBNCWNMW.mp4' start running wildlife model...
'2024-04-23 09-00-54': 'BBNCWNMW.mp4' completed wildlife model, starting deeplabcut...
'2024-04-23 09-02-55': 'BBNCWNMW.mp4' is Done.
'2024-04-23 09-02-55': 'BBULNVTI.mp4' start running wildlife model...
'2024-04-23 09-03-35': 'BBULNVTI.mp4' completed wildlife model, starting deeplabcut...
'2024-04-23 09-04-08': 'BBULNVTI.mp4' is Done.
'2024-04-23 09-04-08': 'BBUZSCEI.mp4' start running wildlife model...
'2024-04-23 09-06-01': 'BBUZSCEI.mp4' completed wildlife model, starting deeplabcut...
'2024-04-23 09-07-23': 'BBUZSCEI.mp4' is Done.
'2024-04-23 09-07-23': 'BBXCEBQT.mp4' start running wildlife model...
'2024-04-23 09-09-14': 'BBXCEBQT.mp4' completed wildlife model, starting deeplabcut...
'2024-04-23 09-10-36': 'BBXCEBQT.mp4' is Done.
'2024-04-23 09-10-36': 'BCAPISEB.mp4' start running wildlife model...
'2024-04-23 09-16-26': 'BCAPISEB.mp4' completed wildlife model, starting deeplabcut...
'2024-04-23 09-20-33': 'BCAPISEB.mp4' is Done.
'2024-04-23 09-20-33': 'BCKEXPKL.mp4' start running wildlife model...
'2024-04-23 09-21-09': 'BCKEXPKL.mp4' completed wildlife model, starting deeplabcut...
'2024-04-23 09-21-38': 'BCKEXPKL.mp4' is Done.
'2024-04-23 09-21-38': 'BCMWRVKA.mp4' start running wildlife model...
'2024-04-23 09-24-06': 'BCMWRVKA.mp4' completed wildlife model, starting deeplabcut...
'2024-04-23 09-25-55': 'BCMWRVKA.mp4' is Done.
'2024-04-23 09-25-55': 'BCRMLRAC.mp4' start running wildlife model...
'2024-04-23 09-28-11': 'BCRMLRAC.mp4' completed wildlife model, starting deeplabcut...
'2024-04-23 09-29-46': 'BCRMLRAC.mp4' is Done.
'2024-04-23 09-29-46': 'BCSUHJBD.mp4' start running wildlife model...
'2024-04-23 09-35-10': 'BCSUHJBD.mp4' completed wildlife model, starting deeplabcut...
'2024-04-23 09-38-56': 'BCSUHJBD.mp4' is Done.
'2024-04-23 09-38-56': 'BDAJAMRN.mp4' start running wildlife model...
'2024-04-23 09-41-41': 'BDAJAMRN.mp4' completed wildlife model, starting deeplabcut...
'2024-04-23 09-43-35': 'BDAJAMRN.mp4' is Done.
'2024-04-23 09-43-35': 'BDDKGMYV.mp4' start running wildlife model...
'2024-04-23 09-44-10': 'BDDKGMYV.mp4' completed wildlife model, starting deeplabcut...
'2024-04-23 09-44-41': 'BDDKGMYV.mp4' is Done.
'2024-04-23 09-44-41': 'BDHCOUJL.mp4' start running wildlife model...
'2024-04-23 09-47-26': 'BDHCOUJL.mp4' completed wildlife model, starting deeplabcut...
'2024-04-23 09-49-10': 'BDHCOUJL.mp4' is Done.
'2024-04-23 09-49-10': 'BDOOTKGZ.mp4' start running wildlife model...
'2024-04-23 09-51-34': 'BDOOTKGZ.mp4' completed wildlife model, starting deeplabcut...
'2024-04-23 09-53-15': 'BDOOTKGZ.mp4' is Done.
'2024-04-23 09-53-15': 'BDWQAKEW.mp4' start running wildlife model...
'2024-04-23 09-54-14': 'BDWQAKEW.mp4' completed wildlife model, starting deeplabcut...
'2024-04-23 09-55-01': 'BDWQAKEW.mp4' is Done.
'2024-04-23 09-55-01': 'BEAMENPL.mp4' start running wildlife model...
'2024-04-23 09-55-43': 'BEAMENPL.mp4' completed wildlife model, starting deeplabcut...
'2024-04-23 09-56-18': 'BEAMENPL.mp4' is Done.
'2024-04-23 09-56-18': 'BECLKQFB.mp4' start running wildlife model...
'2024-04-23 09-58-18': 'BECLKQFB.mp4' completed wildlife model, starting deeplabcut...
'2024-04-23 09-59-46': 'BECLKQFB.mp4' is Done.
'2024-04-23 09-59-46': 'BEGPYIQR.mp4' start running wildlife model...
'2024-04-23 10-02-40': 'BEGPYIQR.mp4' completed wildlife model, starting deeplabcut...
'2024-04-23 10-05-20': 'BEGPYIQR.mp4' is Done.
'2024-04-23 10-05-20': 'BEKGODAL.mp4' start running wildlife model...
'2024-04-23 10-05-47': 'BEKGODAL.mp4' completed wildlife model, starting deeplabcut...
'2024-04-23 10-06-12': 'BEKGODAL.mp4' is Done.
'2024-04-23 10-06-12': 'BEMWHHIS.mp4' start running wildlife model...
'2024-04-23 10-07-44': 'BEMWHHIS.mp4' completed wildlife model, starting deeplabcut...
'2024-04-23 10-08-53': 'BEMWHHIS.mp4' is Done.
'2024-04-23 10-08-53': 'BEQEFNPL.mp4' start running wildlife model...
'2024-04-23 10-09-12': 'BEQEFNPL.mp4' completed wildlife model, starting deeplabcut...
'2024-04-23 10-09-33': 'BEQEFNPL.mp4' is Done.
'2024-04-23 10-09-33': 'BERDYVEI.mp4' start running wildlife model...
'2024-04-23 10-12-11': 'BERDYVEI.mp4' completed wildlife model, starting deeplabcut...
'2024-04-23 10-14-00': 'BERDYVEI.mp4' is Done.
'2024-04-23 10-14-00': 'BAHNJKEW.mp4' start running wildlife model...
'2024-04-23 10-14-35': 'BAHNJKEW.mp4' completed wildlife model, starting deeplabcut...
'2024-04-23 10-15-06': 'BAHNJKEW.mp4' is Done.
'2024-04-23 10-15-06': 'BAKCUVEI.mp4' start running wildlife model...
'2024-04-23 10-22-28': 'BAKCUVEI.mp4' completed wildlife model, starting deeplabcut...
'2024-04-23 10-27-41': 'BAKCUVEI.mp4' is Done.
'2024-04-23 10-27-41': 'BDYMCIFB.mp4' start running wildlife model...
'2024-04-23 10-30-02': 'BDYMCIFB.mp4' completed wildlife model, starting deeplabcut...
'2024-04-23 10-31-48': 'BDYMCIFB.mp4' is Done.
'2024-04-23 10-31-48': 'BEGCQNPL.mp4' start running wildlife model...
'2024-04-23 10-33-37': 'BEGCQNPL.mp4' completed wildlife model, starting deeplabcut...
'2024-04-23 10-34-52': 'BEGCQNPL.mp4' is Done.
'2024-04-23 10-34-52': 'BEKAQPHK.mp4' start running wildlife model...
'2024-04-23 10-36-13': 'BEKAQPHK.mp4' completed wildlife model, starting deeplabcut...
'2024-04-23 10-37-14': 'BEKAQPHK.mp4' is Done.
'2024-04-23 10-37-14': 'BENBEWUH.mp4' start running wildlife model...
'2024-04-23 10-37-50': 'BENBEWUH.mp4' completed wildlife model, starting deeplabcut...
'2024-04-23 10-38-20': 'BENBEWUH.mp4' is Done.
'2024-04-23 10-38-20': 'BERFBXGD.mp4' start running wildlife model...
'2024-04-23 10-41-13': 'BERFBXGD.mp4' completed wildlife model, starting deeplabcut...
'2024-04-23 10-43-12': 'BERFBXGD.mp4' is Done.
'2024-04-23 10-43-12': 'BEUWQMWW.mp4' start running wildlife model...
'2024-04-23 10-46-53': 'BEUWQMWW.mp4' completed wildlife model, starting deeplabcut...
'2024-04-23 10-49-23': 'BEUWQMWW.mp4' is Done.
'2024-04-23 10-49-23': 'BEZZAUXS.mp4' start running wildlife model...
'2024-04-23 10-50-51': 'BEZZAUXS.mp4' completed wildlife model, starting deeplabcut...
'2024-04-23 10-51-59': 'BEZZAUXS.mp4' is Done.
'2024-04-23 10-51-59': 'BFCDXFXO.mp4' start running wildlife model...
'2024-04-23 10-54-29': 'BFCDXFXO.mp4' completed wildlife model, starting deeplabcut...
'2024-04-23 10-56-12': 'BFCDXFXO.mp4' is Done.
'2024-04-23 10-56-12': 'BFEDZAYR.mp4' start running wildlife model...
'2024-04-23 10-59-07': 'BFEDZAYR.mp4' completed wildlife model, starting deeplabcut...
'2024-04-23 11-01-15': 'BFEDZAYR.mp4' is Done.
'2024-04-23 11-01-15': 'BFHZZBGG.mp4' start running wildlife model...
'2024-04-23 11-05-52': 'BFHZZBGG.mp4' completed wildlife model, starting deeplabcut...
'2024-04-23 11-08-57': 'BFHZZBGG.mp4' is Done.
'2024-04-23 11-08-57': 'BFLIAVMS.mp4' start running wildlife model...
'2024-04-23 11-10-14': 'BFLIAVMS.mp4' completed wildlife model, starting deeplabcut...
'2024-04-23 11-11-15': 'BFLIAVMS.mp4' is Done.
'2024-04-23 11-11-15': 'BFRPKXEV.mp4' start running wildlife model...
'2024-04-23 11-12-39': 'BFRPKXEV.mp4' completed wildlife model, starting deeplabcut...
'2024-04-23 11-13-44': 'BFRPKXEV.mp4' is Done.
'2024-04-23 11-13-44': 'BFSREIBW.mp4' start running wildlife model...
'2024-04-23 11-16-07': 'BFSREIBW.mp4' completed wildlife model, starting deeplabcut...
'2024-04-23 11-17-48': 'BFSREIBW.mp4' is Done.
'2024-04-23 11-17-48': 'BFWPRZQJ.mp4' start running wildlife model...
'2024-04-23 11-21-13': 'BFWPRZQJ.mp4' completed wildlife model, starting deeplabcut...
'2024-04-23 11-23-47': 'BFWPRZQJ.mp4' is Done.
'2024-04-23 11-23-47': 'BGCNTWBC.mp4' start running wildlife model...
'2024-04-23 11-25-13': 'BGCNTWBC.mp4' completed wildlife model, starting deeplabcut...
'2024-04-23 11-26-15': 'BGCNTWBC.mp4' is Done.
'2024-04-23 11-26-15': 'BGDJUDFC.mp4' start running wildlife model...
'2024-04-23 11-30-46': 'BGDJUDFC.mp4' completed wildlife model, starting deeplabcut...
'2024-04-23 11-33-56': 'BGDJUDFC.mp4' is Done.
'2024-04-23 11-33-56': 'BGJDKLHH.mp4' start running wildlife model...
'2024-04-23 11-37-11': 'BGJDKLHH.mp4' completed wildlife model, starting deeplabcut...
'2024-04-23 11-39-36': 'BGJDKLHH.mp4' is Done.
'2024-04-23 11-39-36': 'BGLWVNJC.mp4' start running wildlife model...
'2024-04-23 11-40-44': 'BGLWVNJC.mp4' completed wildlife model, starting deeplabcut...
'2024-04-23 11-41-35': 'BGLWVNJC.mp4' is Done.
'2024-04-23 11-41-35': 'BGLXDCEI.mp4' start running wildlife model...
'2024-04-23 11-42-17': 'BGLXDCEI.mp4' completed wildlife model, starting deeplabcut...
'2024-04-23 11-42-52': 'BGLXDCEI.mp4' is Done.
'2024-04-23 11-42-52': 'BGMQHVRM.mp4' start running wildlife model...
'2024-04-23 11-43-15': 'BGMQHVRM.mp4' completed wildlife model, starting deeplabcut...
'2024-04-23 11-43-36': 'BGMQHVRM.mp4' is Done.
'2024-04-23 11-43-36': 'BGNBXHAQ.mp4' start running wildlife model...
'2024-04-23 11-45-02': 'BGNBXHAQ.mp4' completed wildlife model, starting deeplabcut...
'2024-04-23 11-46-01': 'BGNBXHAQ.mp4' is Done.
'2024-04-23 11-46-01': 'BGPFDNQN.mp4' start running wildlife model...
'2024-04-23 11-47-03': 'BGPFDNQN.mp4' completed wildlife model, starting deeplabcut...
'2024-04-23 11-47-50': 'BGPFDNQN.mp4' is Done.
'2024-04-23 11-47-50': 'BGQGWJBD.mp4' start running wildlife model...
'2024-04-23 11-48-32': 'BGQGWJBD.mp4' completed wildlife model, starting deeplabcut...
'2024-04-23 11-49-08': 'BGQGWJBD.mp4' is Done.
'2024-04-23 11-49-08': 'BGRHTVEI.mp4' start running wildlife model...
'2024-04-23 11-53-27': 'BGRHTVEI.mp4' completed wildlife model, starting deeplabcut...
'2024-04-23 11-56-30': 'BGRHTVEI.mp4' is Done.
'2024-04-23 11-56-30': 'BGTZLTFT.mp4' start running wildlife model...
'2024-04-23 11-58-55': 'BGTZLTFT.mp4' completed wildlife model, starting deeplabcut...
'2024-04-23 12-00-31': 'BGTZLTFT.mp4' is Done.
'2024-04-23 12-00-31': 'BGVBEFXO.mp4' start running wildlife model...
'2024-04-23 12-13-31': 'BGVBEFXO.mp4' completed wildlife model, starting deeplabcut...
'2024-04-23 12-22-35': 'BGVBEFXO.mp4' is Done.
'2024-04-23 12-22-35': 'BHVLKIQR.mp4' start running wildlife model...
'2024-04-23 12-23-31': 'BHVLKIQR.mp4' completed wildlife model, starting deeplabcut...
'2024-04-23 12-24-16': 'BHVLKIQR.mp4' is Done.
'2024-04-23 12-24-16': 'BHYFNSMJ.mp4' start running wildlife model...
'2024-04-23 12-28-41': 'BHYFNSMJ.mp4' completed wildlife model, starting deeplabcut...
'2024-04-23 12-31-45': 'BHYFNSMJ.mp4' is Done.
'2024-04-23 12-31-45': 'BIFERUBE.mp4' start running wildlife model...
'2024-04-23 12-34-23': 'BIFERUBE.mp4' completed wildlife model, starting deeplabcut...
'2024-04-23 12-36-10': 'BIFERUBE.mp4' is Done.
'2024-04-23 12-36-10': 'BIHDXMRQ.mp4' start running wildlife model...
'2024-04-23 12-40-07': 'BIHDXMRQ.mp4' completed wildlife model, starting deeplabcut...
'2024-04-23 12-42-50': 'BIHDXMRQ.mp4' is Done.
'2024-04-23 12-42-50': 'BIOGUXTD.mp4' start running wildlife model...
'2024-04-23 12-46-44': 'BIOGUXTD.mp4' completed wildlife model, starting deeplabcut...
'2024-04-23 12-49-39': 'BIOGUXTD.mp4' is Done.
'2024-04-23 12-49-39': 'BIPVIEUL.mp4' start running wildlife model...
'2024-04-23 12-55-55': 'BIPVIEUL.mp4' completed wildlife model, starting deeplabcut...
'2024-04-23 13-00-04': 'BIPVIEUL.mp4' is Done.
'2024-04-23 13-00-04': 'BIYPYNQN.mp4' start running wildlife model...
'2024-04-23 13-09-08': 'BIYPYNQN.mp4' completed wildlife model, starting deeplabcut...
'2024-04-23 13-15-03': 'BIYPYNQN.mp4' is Done.
'2024-04-23 13-15-03': 'BJHYUCPZ.mp4' start running wildlife model...
'2024-04-23 13-18-34': 'BJHYUCPZ.mp4' completed wildlife model, starting deeplabcut...
'2024-04-23 13-21-10': 'BJHYUCPZ.mp4' is Done.
'2024-04-23 13-21-10': 'BJMXYPTK.mp4' start running wildlife model...
'2024-04-23 13-26-27': 'BJMXYPTK.mp4' completed wildlife model, starting deeplabcut...
'2024-04-23 13-30-08': 'BJMXYPTK.mp4' is Done.
'2024-04-23 13-30-08': 'BJWUNVMP.mp4' start running wildlife model...
'2024-04-23 13-30-54': 'BJWUNVMP.mp4' completed wildlife model, starting deeplabcut...
'2024-04-23 13-31-29': 'BJWUNVMP.mp4' is Done.
'2024-04-23 13-31-29': 'BJZWZIQR.mp4' start running wildlife model...
'2024-04-23 13-32-36': 'BJZWZIQR.mp4' completed wildlife model, starting deeplabcut...
'2024-04-23 13-33-28': 'BJZWZIQR.mp4' is Done.
'2024-04-23 13-33-28': 'BKDAMUDI.mp4' start running wildlife model...
'2024-04-23 13-37-11': 'BKDAMUDI.mp4' completed wildlife model, starting deeplabcut...
'2024-04-23 13-39-49': 'BKDAMUDI.mp4' is Done.
'2024-04-23 13-39-49': 'BKIOSFGA.mp4' start running wildlife model...
'2024-04-23 13-40-41': 'BKIOSFGA.mp4' completed wildlife model, starting deeplabcut...
'2024-04-23 13-41-27': 'BKIOSFGA.mp4' is Done.
'2024-04-23 13-41-27': 'BKLHIEUL.mp4' start running wildlife model...
'2024-04-23 13-42-17': 'BKLHIEUL.mp4' completed wildlife model, starting deeplabcut...
'2024-04-23 13-42-55': 'BKLHIEUL.mp4' is Done.
'2024-04-23 13-42-55': 'BKMPVPTK.mp4' start running wildlife model...
'2024-04-23 13-43-37': 'BKMPVPTK.mp4' completed wildlife model, starting deeplabcut...
'2024-04-23 13-44-12': 'BKMPVPTK.mp4' is Done.
'2024-04-23 13-44-12': 'BKPMVBQT.mp4' start running wildlife model...
'2024-04-23 13-48-37': 'BKPMVBQT.mp4' completed wildlife model, starting deeplabcut...
'2024-04-23 13-51-40': 'BKPMVBQT.mp4' is Done.
'2024-04-23 13-51-40': 'BKSQZFFP.mp4' start running wildlife model...
'2024-04-23 13-53-40': 'BKSQZFFP.mp4' completed wildlife model, starting deeplabcut...
'2024-04-23 13-55-07': 'BKSQZFFP.mp4' is Done.
'2024-04-23 13-55-07': 'BKUHNUDI.mp4' start running wildlife model...
'2024-04-23 13-55-29': 'BKUHNUDI.mp4' completed wildlife model, starting deeplabcut...
'2024-04-23 13-55-51': 'BKUHNUDI.mp4' is Done.
'2024-04-23 13-55-51': 'BKUVNPKK.mp4' start running wildlife model...
'2024-04-23 13-56-52': 'BKUVNPKK.mp4' completed wildlife model, starting deeplabcut...
'2024-04-23 13-57-41': 'BKUVNPKK.mp4' is Done.
'2024-04-23 13-57-41': 'BKXFKSEK.mp4' start running wildlife model...
'2024-04-23 13-59-49': 'BKXFKSEK.mp4' completed wildlife model, starting deeplabcut...
'2024-04-23 14-01-19': 'BKXFKSEK.mp4' is Done.
'2024-04-23 14-01-19': 'BKXSRUPH.mp4' start running wildlife model...
'2024-04-23 14-04-07': 'BKXSRUPH.mp4' completed wildlife model, starting deeplabcut...
'2024-04-23 14-06-06': 'BKXSRUPH.mp4' is Done.
'2024-04-23 14-06-06': 'BKZSLUDX.mp4' start running wildlife model...
'2024-04-23 14-12-42': 'BKZSLUDX.mp4' completed wildlife model, starting deeplabcut...
'2024-04-23 14-17-07': 'BKZSLUDX.mp4' is Done.
'2024-04-23 14-17-07': 'BLGZRWTR.mp4' start running wildlife model...
'2024-04-23 14-21-03': 'BLGZRWTR.mp4' completed wildlife model, starting deeplabcut...
'2024-04-23 14-23-45': 'BLGZRWTR.mp4' is Done.
'2024-04-23 14-23-45': 'BLIXOLHH.mp4' start running wildlife model...
'2024-04-23 14-24-33': 'BLIXOLHH.mp4' completed wildlife model, starting deeplabcut...
'2024-04-23 14-25-13': 'BLIXOLHH.mp4' is Done.
'2024-04-23 14-25-13': 'BLLKTRAC.mp4' start running wildlife model...
'2024-04-23 14-30-56': 'BLLKTRAC.mp4' completed wildlife model, starting deeplabcut...
'2024-04-23 14-35-02': 'BLLKTRAC.mp4' is Done.
'2024-04-23 14-35-02': 'BLSTYELW.mp4' start running wildlife model...
'2024-04-23 14-35-45': 'BLSTYELW.mp4' completed wildlife model, starting deeplabcut...
'2024-04-23 14-36-19': 'BLSTYELW.mp4' is Done.
'2024-04-23 14-36-19': 'BLUEYBQT.mp4' start running wildlife model...
'2024-04-23 14-37-01': 'BLUEYBQT.mp4' completed wildlife model, starting deeplabcut...
'2024-04-23 14-37-35': 'BLUEYBQT.mp4' is Done.
'2024-04-23 14-37-35': 'BLWPTPLS.mp4' start running wildlife model...
'2024-04-23 14-41-01': 'BLWPTPLS.mp4' completed wildlife model, starting deeplabcut...
'2024-04-23 14-43-19': 'BLWPTPLS.mp4' is Done.
'2024-04-23 14-43-19': 'BMBFISFN.mp4' start running wildlife model...
'2024-04-23 14-45-26': 'BMBFISFN.mp4' completed wildlife model, starting deeplabcut...
'2024-04-23 14-46-56': 'BMBFISFN.mp4' is Done.
'2024-04-23 14-46-56': 'BMBRTUDX.mp4' start running wildlife model...
'2024-04-23 14-47-47': 'BMBRTUDX.mp4' completed wildlife model, starting deeplabcut...
'2024-04-23 14-48-31': 'BMBRTUDX.mp4' is Done.
'2024-04-23 14-48-31': 'BMDXOPTK.mp4' start running wildlife model...
'2024-04-23 14-58-10': 'BMDXOPTK.mp4' completed wildlife model, starting deeplabcut...
'2024-04-23 15-04-45': 'BMDXOPTK.mp4' is Done.
'2024-04-23 15-04-45': 'BMRDSVEI.mp4' start running wildlife model...
'2024-04-23 15-10-26': 'BMRDSVEI.mp4' completed wildlife model, starting deeplabcut...
'2024-04-23 15-14-10': 'BMRDSVEI.mp4' is Done.
'2024-04-23 15-14-10': 'BMYVVFFP.mp4' start running wildlife model...
'2024-04-23 15-18-13': 'BMYVVFFP.mp4' completed wildlife model, starting deeplabcut...
'2024-04-23 15-21-02': 'BMYVVFFP.mp4' is Done.
'2024-04-23 15-21-02': 'BNDWTWUH.mp4' start running wildlife model...
'2024-04-23 15-21-48': 'BNDWTWUH.mp4' completed wildlife model, starting deeplabcut...
'2024-04-23 15-22-28': 'BNDWTWUH.mp4' is Done.
'2024-04-23 15-22-28': 'BNGNUHFB.mp4' start running wildlife model...
'2024-04-23 15-24-10': 'BNGNUHFB.mp4' completed wildlife model, starting deeplabcut...
'2024-04-23 15-25-28': 'BNGNUHFB.mp4' is Done.
'2024-04-23 15-25-28': 'BNJTYVEI.mp4' start running wildlife model...
'2024-04-23 15-31-19': 'BNJTYVEI.mp4' completed wildlife model, starting deeplabcut...
'2024-04-23 15-35-00': 'BNJTYVEI.mp4' is Done.
'2024-04-23 15-35-00': 'BNOFVUUK.mp4' start running wildlife model...
'2024-04-23 15-38-22': 'BNOFVUUK.mp4' completed wildlife model, starting deeplabcut...
'2024-04-23 15-40-51': 'BNOFVUUK.mp4' is Done.
'2024-04-23 15-40-51': 'BNVOWXEC.mp4' start running wildlife model...
'2024-04-23 15-42-13': 'BNVOWXEC.mp4' completed wildlife model, starting deeplabcut...
'2024-04-23 15-43-17': 'BNVOWXEC.mp4' is Done.
'2024-04-23 15-43-17': 'BNXNLVEI.mp4' start running wildlife model...
'2024-04-23 15-49-51': 'BNXNLVEI.mp4' completed wildlife model, starting deeplabcut...
'2024-04-23 15-54-14': 'BNXNLVEI.mp4' is Done.
'2024-04-23 15-54-14': 'BOFXPPTK.mp4' start running wildlife model...
'2024-04-23 16-00-07': 'BOFXPPTK.mp4' completed wildlife model, starting deeplabcut...
'2024-04-23 16-03-55': 'BOFXPPTK.mp4' is Done.
'2024-04-23 16-03-55': 'BONANTLI.mp4' start running wildlife model...
'2024-04-23 16-06-32': 'BONANTLI.mp4' completed wildlife model, starting deeplabcut...
'2024-04-23 16-08-31': 'BONANTLI.mp4' is Done.
'2024-04-23 16-08-31': 'BOQRKPKK.mp4' start running wildlife model...
'2024-04-23 16-09-08': 'BOQRKPKK.mp4' completed wildlife model, starting deeplabcut...
'2024-04-23 16-09-39': 'BOQRKPKK.mp4' is Done.
'2024-04-23 16-09-39': 'BOTDTHVR.mp4' start running wildlife model...
'2024-04-23 16-12-26': 'BOTDTHVR.mp4' completed wildlife model, starting deeplabcut...
'2024-04-23 16-14-29': 'BOTDTHVR.mp4' is Done.
'2024-04-23 16-14-29': 'BOZAIBBY.mp4' start running wildlife model...
'2024-04-23 16-16-03': 'BOZAIBBY.mp4' completed wildlife model, starting deeplabcut...
'2024-04-23 16-17-12': 'BOZAIBBY.mp4' is Done.
'2024-04-23 16-17-12': 'BOZTQXGD.mp4' start running wildlife model...
'2024-04-23 16-20-32': 'BOZTQXGD.mp4' completed wildlife model, starting deeplabcut...
'2024-04-23 16-22-47': 'BOZTQXGD.mp4' is Done.
'2024-04-23 16-22-47': 'BPEJPZYO.mp4' start running wildlife model...
'2024-04-23 16-23-14': 'BPEJPZYO.mp4' completed wildlife model, starting deeplabcut...
'2024-04-23 16-23-42': 'BPEJPZYO.mp4' is Done.
'2024-04-23 16-23-42': 'BPGJHZQJ.mp4' start running wildlife model...
'2024-04-23 16-25-40': 'BPGJHZQJ.mp4' completed wildlife model, starting deeplabcut...
'2024-04-23 16-27-02': 'BPGJHZQJ.mp4' is Done.
'2024-04-23 16-27-02': 'BPKOFLWC.mp4' start running wildlife model...
'2024-04-23 16-31-07': 'BPKOFLWC.mp4' completed wildlife model, starting deeplabcut...
'2024-04-23 16-33-56': 'BPKOFLWC.mp4' is Done.
'2024-04-23 16-33-56': 'BPQIRGIW.mp4' start running wildlife model...
'2024-04-23 16-37-06': 'BPQIRGIW.mp4' completed wildlife model, starting deeplabcut...
'2024-04-23 16-39-15': 'BPQIRGIW.mp4' is Done.
'2024-04-23 16-39-15': 'BPRNTBGU.mp4' start running wildlife model...
'2024-04-23 16-43-52': 'BPRNTBGU.mp4' completed wildlife model, starting deeplabcut...
'2024-04-23 16-47-07': 'BPRNTBGU.mp4' is Done.
'2024-04-23 16-47-07': 'BQAQHFUP.mp4' start running wildlife model...
'2024-04-23 16-49-10': 'BQAQHFUP.mp4' completed wildlife model, starting deeplabcut...
'2024-04-23 16-50-36': 'BQAQHFUP.mp4' is Done.
'2024-04-23 16-50-37': 'BQCVPCKR.mp4' start running wildlife model...
'2024-04-23 16-56-04': 'BQCVPCKR.mp4' completed wildlife model, starting deeplabcut...
'2024-04-23 16-59-42': 'BQCVPCKR.mp4' is Done.
'2024-04-23 16-59-42': 'BQOWTMRN.mp4' start running wildlife model...
'2024-04-23 17-00-15': 'BQOWTMRN.mp4' completed wildlife model, starting deeplabcut...
'2024-04-23 17-00-44': 'BQOWTMRN.mp4' is Done.
'2024-04-23 17-00-44': 'BQPDIMLY.mp4' start running wildlife model...
'2024-04-23 17-01-45': 'BQPDIMLY.mp4' completed wildlife model, starting deeplabcut...
'2024-04-23 17-02-32': 'BQPDIMLY.mp4' is Done.
'2024-04-23 17-02-32': 'BQQSTKOU.mp4' start running wildlife model...
'2024-04-23 17-03-13': 'BQQSTKOU.mp4' completed wildlife model, starting deeplabcut...
'2024-04-23 17-03-47': 'BQQSTKOU.mp4' is Done.
'2024-04-23 17-03-47': 'BQRGTVEI.mp4' start running wildlife model...
'2024-04-23 17-04-33': 'BQRGTVEI.mp4' completed wildlife model, starting deeplabcut...
'2024-04-23 17-05-13': 'BQRGTVEI.mp4' is Done.
'2024-04-23 17-05-13': 'BQSMTIFB.mp4' start running wildlife model...
'2024-04-23 17-08-31': 'BQSMTIFB.mp4' completed wildlife model, starting deeplabcut...
'2024-04-23 17-10-47': 'BQSMTIFB.mp4' is Done.
'2024-04-23 17-10-47': 'BRABDVEI.mp4' start running wildlife model...
'2024-04-23 17-13-48': 'BRABDVEI.mp4' completed wildlife model, starting deeplabcut...
'2024-04-23 17-16-00': 'BRABDVEI.mp4' is Done.
'2024-04-23 17-16-00': 'BRFICAMC.mp4' start running wildlife model...
'2024-04-23 17-18-16': 'BRFICAMC.mp4' completed wildlife model, starting deeplabcut...
'2024-04-23 17-19-53': 'BRFICAMC.mp4' is Done.
'2024-04-23 17-19-53': 'BRJIIUXS.mp4' start running wildlife model...
'2024-04-23 17-21-04': 'BRJIIUXS.mp4' completed wildlife model, starting deeplabcut...
'2024-04-23 17-21-59': 'BRJIIUXS.mp4' is Done.
'2024-04-23 17-21-59': 'BRLAUOIP.mp4' start running wildlife model...
'2024-04-23 17-29-17': 'BRLAUOIP.mp4' completed wildlife model, starting deeplabcut...
'2024-04-23 17-34-10': 'BRLAUOIP.mp4' is Done.
'2024-04-23 17-34-10': 'BRTXPRHW.mp4' start running wildlife model...
'2024-04-23 17-37-09': 'BRTXPRHW.mp4' completed wildlife model, starting deeplabcut...
'2024-04-23 17-39-15': 'BRTXPRHW.mp4' is Done.
'2024-04-23 17-39-15': 'BSELZVEI.mp4' start running wildlife model...
'2024-04-23 17-42-09': 'BSELZVEI.mp4' completed wildlife model, starting deeplabcut...
'2024-04-23 17-44-15': 'BSELZVEI.mp4' is Done.
'2024-04-23 17-44-15': 'BSIQIHCQ.mp4' start running wildlife model...
'2024-04-23 17-47-14': 'BSIQIHCQ.mp4' completed wildlife model, starting deeplabcut...
'2024-04-23 17-49-17': 'BSIQIHCQ.mp4' is Done.
'2024-04-23 17-49-17': 'BSUIGEQQ.mp4' start running wildlife model...
'2024-04-23 17-52-19': 'BSUIGEQQ.mp4' completed wildlife model, starting deeplabcut...
'2024-04-23 17-54-31': 'BSUIGEQQ.mp4' is Done.
'2024-04-23 17-54-31': 'BSVVKVEI.mp4' start running wildlife model...
'2024-04-23 17-58-01': 'BSVVKVEI.mp4' completed wildlife model, starting deeplabcut...
'2024-04-23 18-00-18': 'BSVVKVEI.mp4' is Done.
'2024-04-23 18-00-18': 'BTEPLBQT.mp4' start running wildlife model...
'2024-04-23 18-01-09': 'BTEPLBQT.mp4' completed wildlife model, starting deeplabcut...
'2024-04-23 18-01-53': 'BTEPLBQT.mp4' is Done.
'2024-04-23 18-01-53': 'BTFTSEQQ.mp4' start running wildlife model...
'2024-04-23 18-03-21': 'BTFTSEQQ.mp4' completed wildlife model, starting deeplabcut...
'2024-04-23 18-04-28': 'BTFTSEQQ.mp4' is Done.
'2024-04-23 18-04-28': 'BTHSIWUH.mp4' start running wildlife model...
'2024-04-23 18-07-19': 'BTHSIWUH.mp4' completed wildlife model, starting deeplabcut...
'2024-04-23 18-09-18': 'BTHSIWUH.mp4' is Done.
'2024-04-23 18-09-18': 'BTMSQLZD.mp4' start running wildlife model...
'2024-04-23 18-11-26': 'BTMSQLZD.mp4' completed wildlife model, starting deeplabcut...
'2024-04-23 18-13-01': 'BTMSQLZD.mp4' is Done.
'2024-04-23 18-13-01': 'BTPYXHGA.mp4' start running wildlife model...
'2024-04-23 18-15-47': 'BTPYXHGA.mp4' completed wildlife model, starting deeplabcut...
'2024-04-23 18-17-39': 'BTPYXHGA.mp4' is Done.
'2024-04-23 18-17-39': 'BTSIJPKK.mp4' start running wildlife model...
'2024-04-23 18-20-33': 'BTSIJPKK.mp4' completed wildlife model, starting deeplabcut...
'2024-04-23 18-22-41': 'BTSIJPKK.mp4' is Done.
'2024-04-23 18-22-41': 'BTXLJNXN.mp4' start running wildlife model...
'2024-04-23 18-26-08': 'BTXLJNXN.mp4' completed wildlife model, starting deeplabcut...
'2024-04-23 18-28-33': 'BTXLJNXN.mp4' is Done.
'2024-04-23 18-28-33': 'BUCHDUDI.mp4' start running wildlife model...
'2024-04-23 18-33-23': 'BUCHDUDI.mp4' completed wildlife model, starting deeplabcut...
'2024-04-23 18-36-45': 'BUCHDUDI.mp4' is Done.
'2024-04-23 18-36-45': 'BUGORUDI.mp4' start running wildlife model...
'2024-04-23 18-42-06': 'BUGORUDI.mp4' completed wildlife model, starting deeplabcut...
'2024-04-23 18-45-38': 'BUGORUDI.mp4' is Done.
'2024-04-23 18-45-38': 'BUKNBBQT.mp4' start running wildlife model...
'2024-04-23 18-46-49': 'BUKNBBQT.mp4' completed wildlife model, starting deeplabcut...
'2024-04-23 18-47-41': 'BUKNBBQT.mp4' is Done.
'2024-04-23 18-47-41': 'BUMGSZTV.mp4' start running wildlife model...
'2024-04-23 18-49-01': 'BUMGSZTV.mp4' completed wildlife model, starting deeplabcut...
'2024-04-23 18-50-01': 'BUMGSZTV.mp4' is Done.
'2024-04-23 18-50-01': 'BUNIUZLK.mp4' start running wildlife model...
'2024-04-23 18-59-55': 'BUNIUZLK.mp4' completed wildlife model, starting deeplabcut...
'2024-04-23 19-06-11': 'BUNIUZLK.mp4' is Done.
'2024-04-23 19-06-11': 'BVCBEHIS.mp4' start running wildlife model...
'2024-04-23 19-08-24': 'BVCBEHIS.mp4' completed wildlife model, starting deeplabcut...
'2024-04-23 19-09-59': 'BVCBEHIS.mp4' is Done.
'2024-04-23 19-09-59': 'BVFBMEWB.mp4' start running wildlife model...
'2024-04-23 19-13-10': 'BVFBMEWB.mp4' completed wildlife model, starting deeplabcut...
'2024-04-23 19-15-24': 'BVFBMEWB.mp4' is Done.
'2024-04-23 19-15-24': 'BVHIDFUP.mp4' start running wildlife model...
'2024-04-23 19-17-39': 'BVHIDFUP.mp4' completed wildlife model, starting deeplabcut...
'2024-04-23 19-19-13': 'BVHIDFUP.mp4' is Done.
'2024-04-23 19-19-13': 'BVJBKXMC.mp4' start running wildlife model...
'2024-04-23 19-25-37': 'BVJBKXMC.mp4' completed wildlife model, starting deeplabcut...
'2024-04-23 19-30-09': 'BVJBKXMC.mp4' is Done.
'2024-04-23 19-30-09': 'BVTBJPIF.mp4' start running wildlife model...
'2024-04-23 19-30-35': 'BVTBJPIF.mp4' completed wildlife model, starting deeplabcut...
'2024-04-23 19-31-00': 'BVTBJPIF.mp4' is Done.
'2024-04-23 19-31-00': 'BVWIHICC.mp4' start running wildlife model...
'2024-04-23 19-33-43': 'BVWIHICC.mp4' completed wildlife model, starting deeplabcut...
'2024-04-23 19-35-38': 'BVWIHICC.mp4' is Done.
'2024-04-23 19-35-38': 'BWAOGRSU.mp4' start running wildlife model...
'2024-04-23 19-37-40': 'BWAOGRSU.mp4' completed wildlife model, starting deeplabcut...
'2024-04-23 19-39-08': 'BWAOGRSU.mp4' is Done.
'2024-04-23 19-39-08': 'BWFAVNQN.mp4' start running wildlife model...
'2024-04-23 19-41-33': 'BWFAVNQN.mp4' completed wildlife model, starting deeplabcut...
'2024-04-23 19-43-21': 'BWFAVNQN.mp4' is Done.
'2024-04-23 19-43-21': 'BWIHHZYO.mp4' start running wildlife model...
'2024-04-23 19-44-10': 'BWIHHZYO.mp4' completed wildlife model, starting deeplabcut...
'2024-04-23 19-44-50': 'BWIHHZYO.mp4' is Done.
'2024-04-23 19-44-51': 'BWLFAFGA.mp4' start running wildlife model...
'2024-04-23 19-48-09': 'BWLFAFGA.mp4' completed wildlife model, starting deeplabcut...
'2024-04-23 19-50-30': 'BWLFAFGA.mp4' is Done.
'2024-04-23 19-50-30': 'BWSOINPL.mp4' start running wildlife model...
'2024-04-23 19-51-22': 'BWSOINPL.mp4' completed wildlife model, starting deeplabcut...
'2024-04-23 19-52-07': 'BWSOINPL.mp4' is Done.
'2024-04-23 19-52-07': 'BWXBYQTX.mp4' start running wildlife model...
'2024-04-23 19-54-29': 'BWXBYQTX.mp4' completed wildlife model, starting deeplabcut...
'2024-04-23 19-56-12': 'BWXBYQTX.mp4' is Done.
'2024-04-23 19-56-12': 'BXBCOKOU.mp4' start running wildlife model...
'2024-04-23 20-00-17': 'BXBCOKOU.mp4' completed wildlife model, starting deeplabcut...
'2024-04-23 20-03-03': 'BXBCOKOU.mp4' is Done.
'2024-04-23 20-03-03': 'BXFEMEQQ.mp4' start running wildlife model...
'2024-04-23 20-08-36': 'BXFEMEQQ.mp4' completed wildlife model, starting deeplabcut...
'2024-04-23 20-12-35': 'BXFEMEQQ.mp4' is Done.
'2024-04-23 20-12-35': 'BXKSTKOU.mp4' start running wildlife model...
'2024-04-23 20-15-06': 'BXKSTKOU.mp4' completed wildlife model, starting deeplabcut...
'2024-04-23 20-16-54': 'BXKSTKOU.mp4' is Done.
'2024-04-23 20-16-54': 'BXUOPUPH.mp4' start running wildlife model...
'2024-04-23 20-17-16': 'BXUOPUPH.mp4' completed wildlife model, starting deeplabcut...
'2024-04-23 20-17-39': 'BXUOPUPH.mp4' is Done.
'2024-04-23 20-17-39': 'BXVZJZYO.mp4' start running wildlife model...
'2024-04-23 20-20-05': 'BXVZJZYO.mp4' completed wildlife model, starting deeplabcut...
'2024-04-23 20-21-50': 'BXVZJZYO.mp4' is Done.
'2024-04-23 20-21-50': 'BXZAZWTR.mp4' start running wildlife model...
'2024-04-23 20-26-08': 'BXZAZWTR.mp4' completed wildlife model, starting deeplabcut...
'2024-04-23 20-29-20': 'BXZAZWTR.mp4' is Done.
'2024-04-23 20-29-20': 'BYGBTUDI.mp4' start running wildlife model...
'2024-04-23 20-34-21': 'BYGBTUDI.mp4' completed wildlife model, starting deeplabcut...
'2024-04-23 20-37-56': 'BYGBTUDI.mp4' is Done.
'2024-04-23 20-37-56': 'BYPZMFGA.mp4' start running wildlife model...
'2024-04-23 20-40-27': 'BYPZMFGA.mp4' completed wildlife model, starting deeplabcut...
'2024-04-23 20-42-20': 'BYPZMFGA.mp4' is Done.
'2024-04-23 20-42-20': 'BYVXSVYU.mp4' start running wildlife model...
'2024-04-23 20-44-59': 'BYVXSVYU.mp4' completed wildlife model, starting deeplabcut...
'2024-04-23 20-46-47': 'BYVXSVYU.mp4' is Done.
'2024-04-23 20-46-47': 'BYYIYIYC.mp4' start running wildlife model...
'2024-04-23 20-54-26': 'BYYIYIYC.mp4' completed wildlife model, starting deeplabcut...
'2024-04-23 20-59-52': 'BYYIYIYC.mp4' is Done.
'2024-04-23 20-59-52': 'BZJIQZJZ.mp4' start running wildlife model...
'2024-04-23 21-01-16': 'BZJIQZJZ.mp4' completed wildlife model, starting deeplabcut...
'2024-04-23 21-02-18': 'BZJIQZJZ.mp4' is Done.
'2024-04-23 21-02-18': 'BZNOOSPG.mp4' start running wildlife model...
'2024-04-23 21-03-43': 'BZNOOSPG.mp4' completed wildlife model, starting deeplabcut...
'2024-04-23 21-04-44': 'BZNOOSPG.mp4' is Done.
'2024-04-23 21-04-44': 'BZSVALHH.mp4' start running wildlife model...
'2024-04-23 21-06-25': 'BZSVALHH.mp4' completed wildlife model, starting deeplabcut...
'2024-04-23 21-07-43': 'BZSVALHH.mp4' is Done.
'2024-04-23 21-07-43': 'BZTRUUBE.mp4' start running wildlife model...
'2024-04-23 21-10-26': 'BZTRUUBE.mp4' completed wildlife model, starting deeplabcut...
'2024-04-23 21-12-20': 'BZTRUUBE.mp4' is Done.
