'2024-04-22 20-50-40': 'AABCQPTK.mp4' start running wildlife model...
'2024-04-22 20-55-35': 'AABCQPTK.mp4' completed wildlife model, starting deeplabcut...
'2024-04-22 20-55-44': 'AABCQPTK.mp4' is Done.
'2024-04-22 20-55-44': 'AAGOCDAL.mp4' start running wildlife model...
'2024-04-22 20-58-29': 'AAGOCDAL.mp4' completed wildlife model, starting deeplabcut...
'2024-04-22 20-58-38': 'AAGOCDAL.mp4' is Done.
'2024-04-22 20-58-38': 'AAKRUPTK.mp4' start running wildlife model...
'2024-04-22 21-04-05': 'AAKRUPTK.mp4' completed wildlife model, starting deeplabcut...
'2024-04-22 21-04-13': 'AAKRUPTK.mp4' is Done.
'2024-04-22 21-04-13': 'AAOAJKBS.mp4' start running wildlife model...
'2024-04-22 21-05-27': 'AAOAJKBS.mp4' completed wildlife model, starting deeplabcut...
'2024-04-22 21-05-36': 'AAOAJKBS.mp4' is Done.
'2024-04-22 21-05-36': 'AAQAJFNJ.mp4' start running wildlife model...
'2024-04-22 21-06-40': 'AAQAJFNJ.mp4' completed wildlife model, starting deeplabcut...
'2024-04-22 21-06-49': 'AAQAJFNJ.mp4' is Done.
'2024-04-22 21-06-49': 'AAQPAHFB.mp4' start running wildlife model...
'2024-04-22 21-11-19': 'AAQPAHFB.mp4' completed wildlife model, starting deeplabcut...
'2024-04-22 21-11-28': 'AAQPAHFB.mp4' is Done.
'2024-04-22 21-11-28': 'AATWKNPL.mp4' start running wildlife model...
'2024-04-22 21-12-07': 'AATWKNPL.mp4' completed wildlife model, starting deeplabcut...
'2024-04-22 21-12-15': 'AATWKNPL.mp4' is Done.
'2024-04-22 21-12-15': 'AAUUFAMC.mp4' start running wildlife model...
'2024-04-22 21-13-53': 'AAUUFAMC.mp4' completed wildlife model, starting deeplabcut...
'2024-04-22 21-14-02': 'AAUUFAMC.mp4' is Done.
'2024-04-22 21-14-02': 'AAVNEICC.mp4' start running wildlife model...
'2024-04-22 21-15-50': 'AAVNEICC.mp4' completed wildlife model, starting deeplabcut...
'2024-04-22 21-15-59': 'AAVNEICC.mp4' is Done.
'2024-04-22 21-15-59': 'AAWJEBGU.mp4' start running wildlife model...
'2024-04-22 21-17-26': 'AAWJEBGU.mp4' completed wildlife model, starting deeplabcut...
'2024-04-22 21-17-35': 'AAWJEBGU.mp4' is Done.
'2024-04-22 21-17-35': 'AAXVMCGB.mp4' start running wildlife model...
'2024-04-22 21-18-12': 'AAXVMCGB.mp4' completed wildlife model, starting deeplabcut...
'2024-04-22 21-18-21': 'AAXVMCGB.mp4' is Done.
'2024-04-22 21-18-21': 'ABAHPDXI.mp4' start running wildlife model...
'2024-04-22 21-21-24': 'ABAHPDXI.mp4' completed wildlife model, starting deeplabcut...
'2024-04-22 21-21-33': 'ABAHPDXI.mp4' is Done.
'2024-04-22 21-21-33': 'ABDGUIFB.mp4' start running wildlife model...
'2024-04-22 21-22-55': 'ABDGUIFB.mp4' completed wildlife model, starting deeplabcut...
'2024-04-22 21-23-03': 'ABDGUIFB.mp4' is Done.
'2024-04-22 21-23-03': 'ABFHKIQR.mp4' start running wildlife model...
'2024-04-22 21-23-25': 'ABFHKIQR.mp4' completed wildlife model, starting deeplabcut...
'2024-04-22 21-23-34': 'ABFHKIQR.mp4' is Done.
'2024-04-22 21-23-34': 'ABJYRLSQ.mp4' start running wildlife model...
'2024-04-22 21-25-09': 'ABJYRLSQ.mp4' completed wildlife model, starting deeplabcut...
'2024-04-22 21-25-17': 'ABJYRLSQ.mp4' is Done.
'2024-04-22 21-25-17': 'ABMISWMK.mp4' start running wildlife model...
'2024-04-22 21-25-32': 'ABMISWMK.mp4' completed wildlife model, starting deeplabcut...
'2024-04-22 21-25-40': 'ABMISWMK.mp4' is Done.
'2024-04-22 21-25-40': 'ABNMGXGD.mp4' start running wildlife model...
'2024-04-22 21-27-50': 'ABNMGXGD.mp4' completed wildlife model, starting deeplabcut...
'2024-04-22 21-27-59': 'ABNMGXGD.mp4' is Done.
'2024-04-22 21-27-59': 'ABPIMVEI.mp4' start running wildlife model...
'2024-04-22 21-31-42': 'ABPIMVEI.mp4' completed wildlife model, starting deeplabcut...
'2024-04-22 21-31-51': 'ABPIMVEI.mp4' is Done.
'2024-04-22 21-31-51': 'ABSJHPKK.mp4' start running wildlife model...
'2024-04-22 21-33-02': 'ABSJHPKK.mp4' completed wildlife model, starting deeplabcut...
'2024-04-22 21-33-10': 'ABSJHPKK.mp4' is Done.
'2024-04-22 21-33-10': 'ABUMVDAL.mp4' start running wildlife model...
'2024-04-22 21-33-58': 'ABUMVDAL.mp4' completed wildlife model, starting deeplabcut...
'2024-04-22 21-34-07': 'ABUMVDAL.mp4' is Done.
'2024-04-22 21-34-07': 'ABXWIZLK.mp4' start running wildlife model...
'2024-04-22 21-35-13': 'ABXWIZLK.mp4' completed wildlife model, starting deeplabcut...
'2024-04-22 21-35-22': 'ABXWIZLK.mp4' is Done.
'2024-04-22 21-35-22': 'ABYRPKOU.mp4' start running wildlife model...
'2024-04-22 21-38-21': 'ABYRPKOU.mp4' completed wildlife model, starting deeplabcut...
'2024-04-22 21-38-30': 'ABYRPKOU.mp4' is Done.
'2024-04-22 21-38-30': 'ACCYTMYV.mp4' start running wildlife model...
'2024-04-22 21-40-20': 'ACCYTMYV.mp4' completed wildlife model, starting deeplabcut...
'2024-04-22 21-40-29': 'ACCYTMYV.mp4' is Done.
'2024-04-22 21-40-29': 'ACGGKVEI.mp4' start running wildlife model...
'2024-04-22 21-41-40': 'ACGGKVEI.mp4' completed wildlife model, starting deeplabcut...
'2024-04-22 21-41-49': 'ACGGKVEI.mp4' is Done.
'2024-04-22 21-41-49': 'ACHCJNPL.mp4' start running wildlife model...
'2024-04-22 21-43-23': 'ACHCJNPL.mp4' completed wildlife model, starting deeplabcut...
'2024-04-22 21-43-32': 'ACHCJNPL.mp4' is Done.
'2024-04-22 21-43-32': 'ACJGHCDA.mp4' start running wildlife model...
'2024-04-22 21-44-19': 'ACJGHCDA.mp4' completed wildlife model, starting deeplabcut...
'2024-04-22 21-44-27': 'ACJGHCDA.mp4' is Done.
'2024-04-22 21-44-27': 'ACNCOKRF.mp4' start running wildlife model...
'2024-04-22 21-47-52': 'ACNCOKRF.mp4' completed wildlife model, starting deeplabcut...
'2024-04-22 21-48-01': 'ACNCOKRF.mp4' is Done.
'2024-04-22 21-48-01': 'ACRFBHGW.mp4' start running wildlife model...
'2024-04-22 21-49-03': 'ACRFBHGW.mp4' completed wildlife model, starting deeplabcut...
'2024-04-22 21-49-12': 'ACRFBHGW.mp4' is Done.
'2024-04-22 21-49-12': 'ACSJHYUQ.mp4' start running wildlife model...
'2024-04-22 21-49-48': 'ACSJHYUQ.mp4' completed wildlife model, starting deeplabcut...
'2024-04-22 21-49-57': 'ACSJHYUQ.mp4' is Done.
'2024-04-22 21-49-57': 'ACURLDSN.mp4' start running wildlife model...
'2024-04-22 21-50-50': 'ACURLDSN.mp4' completed wildlife model, starting deeplabcut...
'2024-04-22 21-50-58': 'ACURLDSN.mp4' is Done.
'2024-04-22 21-50-59': 'ACUXTFPE.mp4' start running wildlife model...
'2024-04-22 21-52-04': 'ACUXTFPE.mp4' completed wildlife model, starting deeplabcut...
'2024-04-22 21-52-13': 'ACUXTFPE.mp4' is Done.
'2024-04-22 21-52-13': 'ACWVRHDU.mp4' start running wildlife model...
'2024-04-22 21-52-54': 'ACWVRHDU.mp4' completed wildlife model, starting deeplabcut...
'2024-04-22 21-53-03': 'ACWVRHDU.mp4' is Done.
'2024-04-22 21-53-03': 'ACZKAVEI.mp4' start running wildlife model...
'2024-04-22 21-53-44': 'ACZKAVEI.mp4' completed wildlife model, starting deeplabcut...
'2024-04-22 21-53-53': 'ACZKAVEI.mp4' is Done.
'2024-04-22 21-53-53': 'ACZOXHEB.mp4' start running wildlife model...
'2024-04-22 21-56-30': 'ACZOXHEB.mp4' completed wildlife model, starting deeplabcut...
'2024-04-22 21-56-39': 'ACZOXHEB.mp4' is Done.
'2024-04-22 21-56-39': 'ADCLMNPL.mp4' start running wildlife model...
'2024-04-22 21-58-18': 'ADCLMNPL.mp4' completed wildlife model, starting deeplabcut...
'2024-04-22 21-58-26': 'ADCLMNPL.mp4' is Done.
'2024-04-22 21-58-26': 'ADDNDVMP.mp4' start running wildlife model...
'2024-04-22 21-59-40': 'ADDNDVMP.mp4' completed wildlife model, starting deeplabcut...
'2024-04-22 21-59-49': 'ADDNDVMP.mp4' is Done.
'2024-04-22 21-59-49': 'ADFOXBQT.mp4' start running wildlife model...
'2024-04-22 22-00-16': 'ADFOXBQT.mp4' completed wildlife model, starting deeplabcut...
'2024-04-22 22-00-24': 'ADFOXBQT.mp4' is Done.
'2024-04-22 22-00-24': 'ADIEJNQN.mp4' start running wildlife model...
'2024-04-22 22-02-10': 'ADIEJNQN.mp4' completed wildlife model, starting deeplabcut...
'2024-04-22 22-02-19': 'ADIEJNQN.mp4' is Done.
'2024-04-22 22-02-19': 'ADMDGUXS.mp4' start running wildlife model...
'2024-04-22 22-02-53': 'ADMDGUXS.mp4' completed wildlife model, starting deeplabcut...
'2024-04-22 22-03-01': 'ADMDGUXS.mp4' is Done.
'2024-04-22 22-03-01': 'ADMMBHFB.mp4' start running wildlife model...
'2024-04-22 22-03-54': 'ADMMBHFB.mp4' completed wildlife model, starting deeplabcut...
'2024-04-22 22-04-03': 'ADMMBHFB.mp4' is Done.
'2024-04-22 22-04-03': 'ADNYRLZD.mp4' start running wildlife model...
'2024-04-22 22-04-32': 'ADNYRLZD.mp4' completed wildlife model, starting deeplabcut...
'2024-04-22 22-04-41': 'ADNYRLZD.mp4' is Done.
'2024-04-22 22-04-41': 'ADOFYPLS.mp4' start running wildlife model...
'2024-04-22 22-05-36': 'ADOFYPLS.mp4' completed wildlife model, starting deeplabcut...
'2024-04-22 22-05-45': 'ADOFYPLS.mp4' is Done.
'2024-04-22 22-05-45': 'ADOHVPTK.mp4' start running wildlife model...
'2024-04-22 22-06-29': 'ADOHVPTK.mp4' completed wildlife model, starting deeplabcut...
'2024-04-22 22-06-38': 'ADOHVPTK.mp4' is Done.
'2024-04-22 22-06-38': 'ADPAYFXO.mp4' start running wildlife model...
'2024-04-22 22-07-10': 'ADPAYFXO.mp4' completed wildlife model, starting deeplabcut...
'2024-04-22 22-07-19': 'ADPAYFXO.mp4' is Done.
'2024-04-22 22-07-19': 'ADPZTMCV.mp4' start running wildlife model...
'2024-04-22 22-09-04': 'ADPZTMCV.mp4' completed wildlife model, starting deeplabcut...
'2024-04-22 22-09-13': 'ADPZTMCV.mp4' is Done.
'2024-04-22 22-09-13': 'ADRLLJWU.mp4' start running wildlife model...
'2024-04-22 22-10-07': 'ADRLLJWU.mp4' completed wildlife model, starting deeplabcut...
'2024-04-22 22-10-16': 'ADRLLJWU.mp4' is Done.
'2024-04-22 22-10-16': 'ADSTNDAL.mp4' start running wildlife model...
'2024-04-22 22-10-51': 'ADSTNDAL.mp4' completed wildlife model, starting deeplabcut...
'2024-04-22 22-10-59': 'ADSTNDAL.mp4' is Done.
'2024-04-22 22-10-59': 'ADUJTKPH.mp4' start running wildlife model...
'2024-04-22 22-11-43': 'ADUJTKPH.mp4' completed wildlife model, starting deeplabcut...
'2024-04-22 22-11-52': 'ADUJTKPH.mp4' is Done.
'2024-04-22 22-11-52': 'ADVHUHGA.mp4' start running wildlife model...
'2024-04-22 22-12-27': 'ADVHUHGA.mp4' completed wildlife model, starting deeplabcut...
'2024-04-22 22-12-36': 'ADVHUHGA.mp4' is Done.
'2024-04-22 22-12-36': 'ADXAJHDU.mp4' start running wildlife model...
'2024-04-22 22-13-10': 'ADXAJHDU.mp4' completed wildlife model, starting deeplabcut...
'2024-04-22 22-13-18': 'ADXAJHDU.mp4' is Done.
'2024-04-22 22-13-18': 'AEBICNPL.mp4' start running wildlife model...
'2024-04-22 22-15-16': 'AEBICNPL.mp4' completed wildlife model, starting deeplabcut...
'2024-04-22 22-15-25': 'AEBICNPL.mp4' is Done.
'2024-04-22 22-15-25': 'AEDUALHH.mp4' start running wildlife model...
'2024-04-22 22-18-18': 'AEDUALHH.mp4' completed wildlife model, starting deeplabcut...
'2024-04-22 22-18-27': 'AEDUALHH.mp4' is Done.
'2024-04-22 22-18-27': 'AEGXSNQN.mp4' start running wildlife model...
'2024-04-22 22-18-54': 'AEGXSNQN.mp4' completed wildlife model, starting deeplabcut...
'2024-04-22 22-19-03': 'AEGXSNQN.mp4' is Done.
'2024-04-22 22-19-03': 'AEHRLGCS.mp4' start running wildlife model...
'2024-04-22 22-19-55': 'AEHRLGCS.mp4' completed wildlife model, starting deeplabcut...
'2024-04-22 22-20-04': 'AEHRLGCS.mp4' is Done.
'2024-04-22 22-20-04': 'AELXQBME.mp4' start running wildlife model...
'2024-04-22 22-20-22': 'AELXQBME.mp4' completed wildlife model, starting deeplabcut...
'2024-04-22 22-20-31': 'AELXQBME.mp4' is Done.
'2024-04-22 22-20-31': 'AEMQIFNJ.mp4' start running wildlife model...
'2024-04-22 22-21-22': 'AEMQIFNJ.mp4' completed wildlife model, starting deeplabcut...
'2024-04-22 22-21-31': 'AEMQIFNJ.mp4' is Done.
'2024-04-22 22-21-31': 'AEMZBKEW.mp4' start running wildlife model...
'2024-04-22 22-21-58': 'AEMZBKEW.mp4' completed wildlife model, starting deeplabcut...
'2024-04-22 22-22-07': 'AEMZBKEW.mp4' is Done.
'2024-04-22 22-22-07': 'AENCUXHP.mp4' start running wildlife model...
'2024-04-22 22-24-43': 'AENCUXHP.mp4' completed wildlife model, starting deeplabcut...
'2024-04-22 22-24-52': 'AENCUXHP.mp4' is Done.
'2024-04-22 22-24-52': 'AEQHDVKA.mp4' start running wildlife model...
'2024-04-22 22-25-30': 'AEQHDVKA.mp4' completed wildlife model, starting deeplabcut...
'2024-04-22 22-25-38': 'AEQHDVKA.mp4' is Done.
'2024-04-22 22-25-38': 'AERATXGD.mp4' start running wildlife model...
'2024-04-22 22-26-02': 'AERATXGD.mp4' completed wildlife model, starting deeplabcut...
'2024-04-22 22-26-11': 'AERATXGD.mp4' is Done.
'2024-04-22 22-26-11': 'AERSVHAQ.mp4' start running wildlife model...
'2024-04-22 22-28-44': 'AERSVHAQ.mp4' completed wildlife model, starting deeplabcut...
'2024-04-22 22-28-53': 'AERSVHAQ.mp4' is Done.
'2024-04-22 22-28-53': 'AEUEWLSQ.mp4' start running wildlife model...
'2024-04-22 22-30-16': 'AEUEWLSQ.mp4' completed wildlife model, starting deeplabcut...
'2024-04-22 22-30-25': 'AEUEWLSQ.mp4' is Done.
'2024-04-22 22-30-25': 'AEXHEHCU.mp4' start running wildlife model...
'2024-04-22 22-31-45': 'AEXHEHCU.mp4' completed wildlife model, starting deeplabcut...
'2024-04-22 22-31-54': 'AEXHEHCU.mp4' is Done.
'2024-04-22 22-31-54': 'AEXKUHFB.mp4' start running wildlife model...
'2024-04-22 22-36-30': 'AEXKUHFB.mp4' completed wildlife model, starting deeplabcut...
'2024-04-22 22-36-38': 'AEXKUHFB.mp4' is Done.
'2024-04-22 22-36-38': 'AFEGQBXG.mp4' start running wildlife model...
'2024-04-22 22-37-41': 'AFEGQBXG.mp4' completed wildlife model, starting deeplabcut...
'2024-04-22 22-37-50': 'AFEGQBXG.mp4' is Done.
'2024-04-22 22-37-50': 'AFEODHGA.mp4' start running wildlife model...
'2024-04-22 22-40-13': 'AFEODHGA.mp4' completed wildlife model, starting deeplabcut...
'2024-04-22 22-40-21': 'AFEODHGA.mp4' is Done.
'2024-04-22 22-40-21': 'AFFAVFUG.mp4' start running wildlife model...
'2024-04-22 22-41-23': 'AFFAVFUG.mp4' completed wildlife model, starting deeplabcut...
'2024-04-22 22-41-32': 'AFFAVFUG.mp4' is Done.
'2024-04-22 22-41-32': 'AFGNOJVY.mp4' start running wildlife model...
'2024-04-22 22-43-20': 'AFGNOJVY.mp4' completed wildlife model, starting deeplabcut...
'2024-04-22 22-43-28': 'AFGNOJVY.mp4' is Done.
'2024-04-22 22-43-28': 'AFJLVDSN.mp4' start running wildlife model...
'2024-04-22 22-44-30': 'AFJLVDSN.mp4' completed wildlife model, starting deeplabcut...
'2024-04-22 22-44-38': 'AFJLVDSN.mp4' is Done.
'2024-04-22 22-44-38': 'AFKWTSOB.mp4' start running wildlife model...
'2024-04-22 22-46-51': 'AFKWTSOB.mp4' completed wildlife model, starting deeplabcut...
'2024-04-22 22-46-59': 'AFKWTSOB.mp4' is Done.
'2024-04-22 22-46-59': 'AFMIPZLK.mp4' start running wildlife model...
'2024-04-22 22-47-51': 'AFMIPZLK.mp4' completed wildlife model, starting deeplabcut...
'2024-04-22 22-48-00': 'AFMIPZLK.mp4' is Done.
'2024-04-22 22-48-00': 'AFNOXJKU.mp4' start running wildlife model...
'2024-04-22 22-49-15': 'AFNOXJKU.mp4' completed wildlife model, starting deeplabcut...
'2024-04-22 22-49-23': 'AFNOXJKU.mp4' is Done.
'2024-04-22 22-49-23': 'AFRUMSEB.mp4' start running wildlife model...
'2024-04-22 22-51-43': 'AFRUMSEB.mp4' completed wildlife model, starting deeplabcut...
'2024-04-22 22-51-52': 'AFRUMSEB.mp4' is Done.
'2024-04-22 22-51-52': 'AFVBQFXO.mp4' start running wildlife model...
'2024-04-22 22-57-12': 'AFVBQFXO.mp4' completed wildlife model, starting deeplabcut...
'2024-04-22 22-57-21': 'AFVBQFXO.mp4' is Done.
'2024-04-22 22-57-21': 'AFZTOONO.mp4' start running wildlife model...
'2024-04-22 22-58-02': 'AFZTOONO.mp4' completed wildlife model, starting deeplabcut...
'2024-04-22 22-58-11': 'AFZTOONO.mp4' is Done.
'2024-04-22 22-58-11': 'AGADQVEI.mp4' start running wildlife model...
'2024-04-22 23-00-33': 'AGADQVEI.mp4' completed wildlife model, starting deeplabcut...
'2024-04-22 23-00-42': 'AGADQVEI.mp4' is Done.
'2024-04-22 23-00-42': 'AGBHKVEI.mp4' start running wildlife model...
'2024-04-22 23-01-02': 'AGBHKVEI.mp4' completed wildlife model, starting deeplabcut...
'2024-04-22 23-01-11': 'AGBHKVEI.mp4' is Done.
'2024-04-22 23-01-11': 'AGDEGXMC.mp4' start running wildlife model...
'2024-04-22 23-01-22': 'AGDEGXMC.mp4' completed wildlife model, starting deeplabcut...
'2024-04-22 23-01-31': 'AGDEGXMC.mp4' is Done.
'2024-04-22 23-01-31': 'AGECUUDI.mp4' start running wildlife model...
'2024-04-22 23-03-51': 'AGECUUDI.mp4' completed wildlife model, starting deeplabcut...
'2024-04-22 23-04-00': 'AGECUUDI.mp4' is Done.
'2024-04-22 23-04-00': 'AGEUEZQJ.mp4' start running wildlife model...
'2024-04-22 23-04-40': 'AGEUEZQJ.mp4' completed wildlife model, starting deeplabcut...
'2024-04-22 23-04-49': 'AGEUEZQJ.mp4' is Done.
'2024-04-22 23-04-49': 'AGILWBQT.mp4' start running wildlife model...
'2024-04-22 23-05-47': 'AGILWBQT.mp4' completed wildlife model, starting deeplabcut...
'2024-04-22 23-05-56': 'AGILWBQT.mp4' is Done.
'2024-04-22 23-05-56': 'AGIQNEWB.mp4' start running wildlife model...
'2024-04-22 23-06-57': 'AGIQNEWB.mp4' completed wildlife model, starting deeplabcut...
'2024-04-22 23-07-06': 'AGIQNEWB.mp4' is Done.
'2024-04-22 23-07-06': 'AGNEFGHA.mp4' start running wildlife model...
'2024-04-22 23-08-28': 'AGNEFGHA.mp4' completed wildlife model, starting deeplabcut...
'2024-04-22 23-08-36': 'AGNEFGHA.mp4' is Done.
'2024-04-22 23-08-36': 'AGQEDLHH.mp4' start running wildlife model...
'2024-04-22 23-09-57': 'AGQEDLHH.mp4' completed wildlife model, starting deeplabcut...
'2024-04-22 23-10-05': 'AGQEDLHH.mp4' is Done.
'2024-04-22 23-10-05': 'AGQNPCPZ.mp4' start running wildlife model...
'2024-04-22 23-10-46': 'AGQNPCPZ.mp4' completed wildlife model, starting deeplabcut...
'2024-04-22 23-10-55': 'AGQNPCPZ.mp4' is Done.
'2024-04-22 23-10-55': 'AGUBBQTX.mp4' start running wildlife model...
'2024-04-22 23-11-19': 'AGUBBQTX.mp4' completed wildlife model, starting deeplabcut...
'2024-04-22 23-11-27': 'AGUBBQTX.mp4' is Done.
'2024-04-22 23-11-27': 'AGUSZKOU.mp4' start running wildlife model...
'2024-04-22 23-12-13': 'AGUSZKOU.mp4' completed wildlife model, starting deeplabcut...
'2024-04-22 23-12-21': 'AGUSZKOU.mp4' is Done.
'2024-04-22 23-12-21': 'AGVNIBQT.mp4' start running wildlife model...
'2024-04-22 23-13-04': 'AGVNIBQT.mp4' completed wildlife model, starting deeplabcut...
'2024-04-22 23-13-12': 'AGVNIBQT.mp4' is Done.
'2024-04-22 23-13-12': 'AGVYUNQN.mp4' start running wildlife model...
'2024-04-22 23-15-57': 'AGVYUNQN.mp4' completed wildlife model, starting deeplabcut...
'2024-04-22 23-16-06': 'AGVYUNQN.mp4' is Done.
'2024-04-22 23-16-06': 'AGYEXNPL.mp4' start running wildlife model...
'2024-04-22 23-18-12': 'AGYEXNPL.mp4' completed wildlife model, starting deeplabcut...
'2024-04-22 23-18-20': 'AGYEXNPL.mp4' is Done.
'2024-04-22 23-18-20': 'AHBIWVEI.mp4' start running wildlife model...
'2024-04-22 23-19-35': 'AHBIWVEI.mp4' completed wildlife model, starting deeplabcut...
'2024-04-22 23-19-44': 'AHBIWVEI.mp4' is Done.
'2024-04-22 23-19-44': 'AHCFVOOZ.mp4' start running wildlife model...
'2024-04-22 23-21-58': 'AHCFVOOZ.mp4' completed wildlife model, starting deeplabcut...
'2024-04-22 23-22-07': 'AHCFVOOZ.mp4' is Done.
'2024-04-22 23-22-07': 'AHDFPCDA.mp4' start running wildlife model...
'2024-04-22 23-23-18': 'AHDFPCDA.mp4' completed wildlife model, starting deeplabcut...
'2024-04-22 23-23-26': 'AHDFPCDA.mp4' is Done.
'2024-04-22 23-23-26': 'AHELHCEI.mp4' start running wildlife model...
'2024-04-22 23-24-14': 'AHELHCEI.mp4' completed wildlife model, starting deeplabcut...
'2024-04-22 23-24-22': 'AHELHCEI.mp4' is Done.
'2024-04-22 23-24-22': 'AHEZMSOB.mp4' start running wildlife model...
'2024-04-22 23-24-50': 'AHEZMSOB.mp4' completed wildlife model, starting deeplabcut...
'2024-04-22 23-24-59': 'AHEZMSOB.mp4' is Done.
'2024-04-22 23-24-59': 'AHFJGGIW.mp4' start running wildlife model...
'2024-04-22 23-26-58': 'AHFJGGIW.mp4' completed wildlife model, starting deeplabcut...
'2024-04-22 23-27-06': 'AHFJGGIW.mp4' is Done.
'2024-04-22 23-27-06': 'AHIKOUDI.mp4' start running wildlife model...
'2024-04-22 23-28-46': 'AHIKOUDI.mp4' completed wildlife model, starting deeplabcut...
'2024-04-22 23-28-54': 'AHIKOUDI.mp4' is Done.
'2024-04-22 23-28-54': 'AHJSFBLQ.mp4' start running wildlife model...
'2024-04-22 23-29-46': 'AHJSFBLQ.mp4' completed wildlife model, starting deeplabcut...
'2024-04-22 23-29-55': 'AHJSFBLQ.mp4' is Done.
'2024-04-22 23-29-55': 'AHLJNIBW.mp4' start running wildlife model...
'2024-04-22 23-31-26': 'AHLJNIBW.mp4' completed wildlife model, starting deeplabcut...
'2024-04-22 23-31-35': 'AHLJNIBW.mp4' is Done.
'2024-04-22 23-31-35': 'AHLRRTEK.mp4' start running wildlife model...
'2024-04-22 23-32-44': 'AHLRRTEK.mp4' completed wildlife model, starting deeplabcut...
'2024-04-22 23-32-53': 'AHLRRTEK.mp4' is Done.
'2024-04-22 23-32-53': 'AHOPPHCU.mp4' start running wildlife model...
'2024-04-22 23-35-44': 'AHOPPHCU.mp4' completed wildlife model, starting deeplabcut...
'2024-04-22 23-35-52': 'AHOPPHCU.mp4' is Done.
'2024-04-22 23-35-52': 'AHRHHVIQ.mp4' start running wildlife model...
'2024-04-22 23-36-53': 'AHRHHVIQ.mp4' completed wildlife model, starting deeplabcut...
'2024-04-22 23-37-02': 'AHRHHVIQ.mp4' is Done.
'2024-04-22 23-37-02': 'AHTCDBME.mp4' start running wildlife model...
'2024-04-22 23-38-31': 'AHTCDBME.mp4' completed wildlife model, starting deeplabcut...
'2024-04-22 23-38-39': 'AHTCDBME.mp4' is Done.
'2024-04-22 23-38-39': 'AHTUHHFB.mp4' start running wildlife model...
'2024-04-22 23-44-17': 'AHTUHHFB.mp4' completed wildlife model, starting deeplabcut...
'2024-04-22 23-44-26': 'AHTUHHFB.mp4' is Done.
'2024-04-22 23-44-26': 'AHZPAIFB.mp4' start running wildlife model...
'2024-04-22 23-45-12': 'AHZPAIFB.mp4' completed wildlife model, starting deeplabcut...
'2024-04-22 23-45-21': 'AHZPAIFB.mp4' is Done.
'2024-04-22 23-45-21': 'AIBKJAHW.mp4' start running wildlife model...
'2024-04-22 23-46-09': 'AIBKJAHW.mp4' completed wildlife model, starting deeplabcut...
'2024-04-22 23-46-17': 'AIBKJAHW.mp4' is Done.
'2024-04-22 23-46-17': 'AIBLWPKK.mp4' start running wildlife model...
'2024-04-22 23-47-35': 'AIBLWPKK.mp4' completed wildlife model, starting deeplabcut...
'2024-04-22 23-47-43': 'AIBLWPKK.mp4' is Done.
'2024-04-22 23-47-43': 'AICZZVMW.mp4' start running wildlife model...
'2024-04-22 23-48-15': 'AICZZVMW.mp4' completed wildlife model, starting deeplabcut...
'2024-04-22 23-48-23': 'AICZZVMW.mp4' is Done.
'2024-04-22 23-48-23': 'AIDHHXSF.mp4' start running wildlife model...
'2024-04-22 23-50-58': 'AIDHHXSF.mp4' completed wildlife model, starting deeplabcut...
'2024-04-22 23-51-07': 'AIDHHXSF.mp4' is Done.
'2024-04-22 23-51-07': 'AIGASPKL.mp4' start running wildlife model...
'2024-04-22 23-51-40': 'AIGASPKL.mp4' completed wildlife model, starting deeplabcut...
'2024-04-22 23-51-49': 'AIGASPKL.mp4' is Done.
'2024-04-22 23-51-49': 'AIIJLPTK.mp4' start running wildlife model...
'2024-04-22 23-53-34': 'AIIJLPTK.mp4' completed wildlife model, starting deeplabcut...
'2024-04-22 23-53-43': 'AIIJLPTK.mp4' is Done.
'2024-04-22 23-53-43': 'AIKHWIQQ.mp4' start running wildlife model...
'2024-04-22 23-55-27': 'AIKHWIQQ.mp4' completed wildlife model, starting deeplabcut...
'2024-04-22 23-55-36': 'AIKHWIQQ.mp4' is Done.
'2024-04-22 23-55-36': 'AINMFXDO.mp4' start running wildlife model...
'2024-04-22 23-56-57': 'AINMFXDO.mp4' completed wildlife model, starting deeplabcut...
'2024-04-22 23-57-06': 'AINMFXDO.mp4' is Done.
'2024-04-22 23-57-06': 'AIRMQDAL.mp4' start running wildlife model...
'2024-04-22 23-58-18': 'AIRMQDAL.mp4' completed wildlife model, starting deeplabcut...
'2024-04-22 23-58-27': 'AIRMQDAL.mp4' is Done.
'2024-04-22 23-58-27': 'AIRZSPKK.mp4' start running wildlife model...
'2024-04-22 23-58-38': 'AIRZSPKK.mp4' completed wildlife model, starting deeplabcut...
'2024-04-22 23-58-46': 'AIRZSPKK.mp4' is Done.
'2024-04-22 23-58-46': 'AISRZVDY.mp4' start running wildlife model...
'2024-04-23 00-00-22': 'AISRZVDY.mp4' completed wildlife model, starting deeplabcut...
'2024-04-23 00-00-31': 'AISRZVDY.mp4' is Done.
'2024-04-23 00-00-31': 'AIWNNLBD.mp4' start running wildlife model...
'2024-04-23 00-02-02': 'AIWNNLBD.mp4' completed wildlife model, starting deeplabcut...
'2024-04-23 00-02-11': 'AIWNNLBD.mp4' is Done.
'2024-04-23 00-02-11': 'AIZUOZTV.mp4' start running wildlife model...
'2024-04-23 00-02-41': 'AIZUOZTV.mp4' completed wildlife model, starting deeplabcut...
'2024-04-23 00-02-50': 'AIZUOZTV.mp4' is Done.
'2024-04-23 00-02-50': 'AJCYBKDQ.mp4' start running wildlife model...
'2024-04-23 00-04-02': 'AJCYBKDQ.mp4' completed wildlife model, starting deeplabcut...
'2024-04-23 00-04-11': 'AJCYBKDQ.mp4' is Done.
'2024-04-23 00-04-11': 'AJDDHWBO.mp4' start running wildlife model...
'2024-04-23 00-06-35': 'AJDDHWBO.mp4' completed wildlife model, starting deeplabcut...
'2024-04-23 00-06-44': 'AJDDHWBO.mp4' is Done.
'2024-04-23 00-06-44': 'AJGHONSU.mp4' start running wildlife model...
'2024-04-23 00-07-11': 'AJGHONSU.mp4' completed wildlife model, starting deeplabcut...
'2024-04-23 00-07-20': 'AJGHONSU.mp4' is Done.
'2024-04-23 00-07-20': 'AJGOVQWI.mp4' start running wildlife model...
'2024-04-23 00-09-39': 'AJGOVQWI.mp4' completed wildlife model, starting deeplabcut...
'2024-04-23 00-09-48': 'AJGOVQWI.mp4' is Done.
'2024-04-23 00-09-48': 'AJINKLHH.mp4' start running wildlife model...
'2024-04-23 00-11-08': 'AJINKLHH.mp4' completed wildlife model, starting deeplabcut...
'2024-04-23 00-11-17': 'AJINKLHH.mp4' is Done.
'2024-04-23 00-11-17': 'AJKKUZQJ.mp4' start running wildlife model...
'2024-04-23 00-14-08': 'AJKKUZQJ.mp4' completed wildlife model, starting deeplabcut...
'2024-04-23 00-14-16': 'AJKKUZQJ.mp4' is Done.
'2024-04-23 00-14-16': 'AJSRBMVW.mp4' start running wildlife model...
'2024-04-23 00-20-17': 'AJSRBMVW.mp4' completed wildlife model, starting deeplabcut...
'2024-04-23 00-20-25': 'AJSRBMVW.mp4' is Done.
'2024-04-23 00-20-25': 'AJYJKHAQ.mp4' start running wildlife model...
'2024-04-23 00-22-50': 'AJYJKHAQ.mp4' completed wildlife model, starting deeplabcut...
'2024-04-23 00-22-58': 'AJYJKHAQ.mp4' is Done.
'2024-04-23 00-22-58': 'AJZVJQFB.mp4' start running wildlife model...
'2024-04-23 00-24-48': 'AJZVJQFB.mp4' completed wildlife model, starting deeplabcut...
'2024-04-23 00-24-56': 'AJZVJQFB.mp4' is Done.
'2024-04-23 00-24-56': 'AKCOBVKA.mp4' start running wildlife model...
'2024-04-23 00-25-27': 'AKCOBVKA.mp4' completed wildlife model, starting deeplabcut...
'2024-04-23 00-25-35': 'AKCOBVKA.mp4' is Done.
'2024-04-23 00-25-35': 'AKDTFEUL.mp4' start running wildlife model...
'2024-04-23 00-27-21': 'AKDTFEUL.mp4' completed wildlife model, starting deeplabcut...
'2024-04-23 00-27-29': 'AKDTFEUL.mp4' is Done.
'2024-04-23 08-27-12': 'BALJQFFP.mp4' start running wildlife model...
'2024-04-23 08-28-22': 'BALJQFFP.mp4' completed wildlife model, starting deeplabcut...
'2024-04-23 08-29-26': 'BALJQFFP.mp4' is Done.
'2024-04-23 08-29-26': 'BANNKVEI.mp4' start running wildlife model...
'2024-04-23 08-30-18': 'BANNKVEI.mp4' completed wildlife model, starting deeplabcut...
'2024-04-23 08-31-05': 'BANNKVEI.mp4' is Done.
'2024-04-23 08-31-05': 'BAOFTZIE.mp4' start running wildlife model...
'2024-04-23 08-33-03': 'BAOFTZIE.mp4' completed wildlife model, starting deeplabcut...
'2024-04-23 08-34-42': 'BAOFTZIE.mp4' is Done.
'2024-04-23 08-34-42': 'BAUARVEI.mp4' start running wildlife model...
'2024-04-23 08-36-21': 'BAUARVEI.mp4' completed wildlife model, starting deeplabcut...
'2024-04-23 08-37-47': 'BAUARVEI.mp4' is Done.
'2024-04-23 08-37-47': 'BAVSPOXJ.mp4' start running wildlife model...
'2024-04-23 08-38-52': 'BAVSPOXJ.mp4' completed wildlife model, starting deeplabcut...
'2024-04-23 08-39-51': 'BAVSPOXJ.mp4' is Done.
'2024-04-23 08-39-51': 'BAYRBFYY.mp4' start running wildlife model...
'2024-04-23 08-40-02': 'BAYRBFYY.mp4' completed wildlife model, starting deeplabcut...
'2024-04-23 08-40-19': 'BAYRBFYY.mp4' is Done.
'2024-04-23 08-40-19': 'BAZYYKEW.mp4' start running wildlife model...
'2024-04-23 08-41-09': 'BAZYYKEW.mp4' completed wildlife model, starting deeplabcut...
'2024-04-23 08-41-57': 'BAZYYKEW.mp4' is Done.
'2024-04-23 08-41-57': 'BBBALPAB.mp4' start running wildlife model...
'2024-04-23 08-45-31': 'BBBALPAB.mp4' completed wildlife model, starting deeplabcut...
'2024-04-23 08-48-44': 'BBBALPAB.mp4' is Done.
'2024-04-23 08-48-44': 'BBDVBUDI.mp4' start running wildlife model...
'2024-04-23 08-50-53': 'BBDVBUDI.mp4' completed wildlife model, starting deeplabcut...
'2024-04-23 08-52-36': 'BBDVBUDI.mp4' is Done.
'2024-04-23 08-52-36': 'BBFEBJVY.mp4' start running wildlife model...
'2024-04-23 08-53-17': 'BBFEBJVY.mp4' completed wildlife model, starting deeplabcut...
'2024-04-23 08-53-57': 'BBFEBJVY.mp4' is Done.
'2024-04-23 08-53-57': 'BBILQHDU.mp4' start running wildlife model...
'2024-04-23 08-56-07': 'BBILQHDU.mp4' completed wildlife model, starting deeplabcut...
'2024-04-23 08-58-01': 'BBILQHDU.mp4' is Done.
'2024-04-23 08-58-01': 'BBMRKADX.mp4' start running wildlife model...
'2024-04-23 08-58-53': 'BBMRKADX.mp4' completed wildlife model, starting deeplabcut...
'2024-04-23 08-59-43': 'BBMRKADX.mp4' is Done.
'2024-04-23 08-59-43': 'BBQUWFUP.mp4' start running wildlife model...
'2024-04-23 09-01-04': 'BBQUWFUP.mp4' completed wildlife model, starting deeplabcut...
'2024-04-23 09-02-14': 'BBQUWFUP.mp4' is Done.
'2024-04-23 09-02-14': 'BBTXYLHH.mp4' start running wildlife model...
'2024-04-23 09-04-39': 'BBTXYLHH.mp4' completed wildlife model, starting deeplabcut...
'2024-04-23 09-06-41': 'BBTXYLHH.mp4' is Done.
'2024-04-23 09-06-41': 'BBWTHRGE.mp4' start running wildlife model...
'2024-04-23 09-07-49': 'BBWTHRGE.mp4' completed wildlife model, starting deeplabcut...
'2024-04-23 09-08-51': 'BBWTHRGE.mp4' is Done.
'2024-04-23 09-08-51': 'BBYTFVEI.mp4' start running wildlife model...
'2024-04-23 09-10-56': 'BBYTFVEI.mp4' completed wildlife model, starting deeplabcut...
'2024-04-23 09-12-39': 'BBYTFVEI.mp4' is Done.
'2024-04-23 09-12-39': 'BCBUKAMC.mp4' start running wildlife model...
'2024-04-23 09-14-21': 'BCBUKAMC.mp4' completed wildlife model, starting deeplabcut...
'2024-04-23 09-15-46': 'BCBUKAMC.mp4' is Done.
'2024-04-23 09-15-46': 'BCGAQPTK.mp4' start running wildlife model...
'2024-04-23 09-16-51': 'BCGAQPTK.mp4' completed wildlife model, starting deeplabcut...
'2024-04-23 09-17-50': 'BCGAQPTK.mp4' is Done.
'2024-04-23 09-17-50': 'BCHTNXQD.mp4' start running wildlife model...
'2024-04-23 09-19-22': 'BCHTNXQD.mp4' completed wildlife model, starting deeplabcut...
'2024-04-23 09-20-44': 'BCHTNXQD.mp4' is Done.
'2024-04-23 09-20-44': 'BCKLWKGZ.mp4' start running wildlife model...
'2024-04-23 09-22-44': 'BCKLWKGZ.mp4' completed wildlife model, starting deeplabcut...
'2024-04-23 09-24-24': 'BCKLWKGZ.mp4' is Done.
'2024-04-23 09-24-24': 'BCNZJSEB.mp4' start running wildlife model...
'2024-04-23 09-24-42': 'BCNZJSEB.mp4' completed wildlife model, starting deeplabcut...
'2024-04-23 09-25-04': 'BCNZJSEB.mp4' is Done.
'2024-04-23 09-25-04': 'BCOIDTHG.mp4' start running wildlife model...
'2024-04-23 09-26-23': 'BCOIDTHG.mp4' completed wildlife model, starting deeplabcut...
'2024-04-23 09-27-32': 'BCOIDTHG.mp4' is Done.
'2024-04-23 09-27-32': 'BCSKGFAG.mp4' start running wildlife model...
'2024-04-23 09-29-22': 'BCSKGFAG.mp4' completed wildlife model, starting deeplabcut...
'2024-04-23 09-30-57': 'BCSKGFAG.mp4' is Done.
'2024-04-23 09-30-57': 'BCUCNUDI.mp4' start running wildlife model...
'2024-04-23 09-32-43': 'BCUCNUDI.mp4' completed wildlife model, starting deeplabcut...
'2024-04-23 09-34-15': 'BCUCNUDI.mp4' is Done.
'2024-04-23 09-34-15': 'BCWTOPLS.mp4' start running wildlife model...
'2024-04-23 09-34-40': 'BCWTOPLS.mp4' completed wildlife model, starting deeplabcut...
'2024-04-23 09-35-07': 'BCWTOPLS.mp4' is Done.
'2024-04-23 09-35-07': 'BCZAWPLS.mp4' start running wildlife model...
'2024-04-23 09-38-46': 'BCZAWPLS.mp4' completed wildlife model, starting deeplabcut...
'2024-04-23 09-41-39': 'BCZAWPLS.mp4' is Done.
'2024-04-23 09-41-39': 'BDCFJMYV.mp4' start running wildlife model...
'2024-04-23 09-42-47': 'BDCFJMYV.mp4' completed wildlife model, starting deeplabcut...
'2024-04-23 09-43-48': 'BDCFJMYV.mp4' is Done.
'2024-04-23 09-43-48': 'BDFYCHGW.mp4' start running wildlife model...
'2024-04-23 09-46-58': 'BDFYCHGW.mp4' completed wildlife model, starting deeplabcut...
'2024-04-23 09-49-18': 'BDFYCHGW.mp4' is Done.
'2024-04-23 09-49-18': 'BDPCQXGD.mp4' start running wildlife model...
'2024-04-23 09-50-17': 'BDPCQXGD.mp4' completed wildlife model, starting deeplabcut...
'2024-04-23 09-51-08': 'BDPCQXGD.mp4' is Done.
'2024-04-23 09-51-08': 'BDRYSDUC.mp4' start running wildlife model...
'2024-04-23 09-51-56': 'BDRYSDUC.mp4' completed wildlife model, starting deeplabcut...
'2024-04-23 09-52-41': 'BDRYSDUC.mp4' is Done.
'2024-04-23 09-52-41': 'BDWCVSQK.mp4' start running wildlife model...
'2024-04-23 09-53-22': 'BDWCVSQK.mp4' completed wildlife model, starting deeplabcut...
'2024-04-23 09-54-03': 'BDWCVSQK.mp4' is Done.
'2024-04-23 09-54-03': 'BDZRXEUL.mp4' start running wildlife model...
'2024-04-23 09-55-08': 'BDZRXEUL.mp4' completed wildlife model, starting deeplabcut...
'2024-04-23 09-56-07': 'BDZRXEUL.mp4' is Done.
'2024-04-23 09-56-07': 'BEANZUPH.mp4' start running wildlife model...
'2024-04-23 09-57-26': 'BEANZUPH.mp4' completed wildlife model, starting deeplabcut...
'2024-04-23 09-58-37': 'BEANZUPH.mp4' is Done.
'2024-04-23 09-58-37': 'BEFOGZIE.mp4' start running wildlife model...
'2024-04-23 10-00-28': 'BEFOGZIE.mp4' completed wildlife model, starting deeplabcut...
'2024-04-23 10-01-53': 'BEFOGZIE.mp4' is Done.
'2024-04-23 10-01-53': 'BEHXMWTR.mp4' start running wildlife model...
'2024-04-23 10-02-42': 'BEHXMWTR.mp4' completed wildlife model, starting deeplabcut...
'2024-04-23 10-03-30': 'BEHXMWTR.mp4' is Done.
'2024-04-23 10-03-30': 'BEJSNUJL.mp4' start running wildlife model...
'2024-04-23 10-08-12': 'BEJSNUJL.mp4' completed wildlife model, starting deeplabcut...
'2024-04-23 10-11-22': 'BEJSNUJL.mp4' is Done.
'2024-04-23 10-11-22': 'BACSTXEC.mp4' start running wildlife model...
'2024-04-23 10-12-20': 'BACSTXEC.mp4' completed wildlife model, starting deeplabcut...
'2024-04-23 10-13-13': 'BACSTXEC.mp4' is Done.
'2024-04-23 10-13-13': 'BAFESFFP.mp4' start running wildlife model...
'2024-04-23 10-13-59': 'BAFESFFP.mp4' completed wildlife model, starting deeplabcut...
'2024-04-23 10-14-44': 'BAFESFFP.mp4' is Done.
'2024-04-23 10-14-44': 'BAJLEWMK.mp4' start running wildlife model...
'2024-04-23 10-15-01': 'BAJLEWMK.mp4' completed wildlife model, starting deeplabcut...
'2024-04-23 10-15-23': 'BAJLEWMK.mp4' is Done.
'2024-04-23 10-15-23': 'BDIXTIQR.mp4' start running wildlife model...
'2024-04-23 10-16-12': 'BDIXTIQR.mp4' completed wildlife model, starting deeplabcut...
'2024-04-23 10-16-57': 'BDIXTIQR.mp4' is Done.
'2024-04-23 10-16-57': 'BDMVTVYU.mp4' start running wildlife model...
'2024-04-23 10-19-44': 'BDMVTVYU.mp4' completed wildlife model, starting deeplabcut...
'2024-04-23 10-22-07': 'BDMVTVYU.mp4' is Done.
'2024-04-23 10-22-07': 'BDPDAMRN.mp4' start running wildlife model...
'2024-04-23 10-23-15': 'BDPDAMRN.mp4' completed wildlife model, starting deeplabcut...
'2024-04-23 10-24-17': 'BDPDAMRN.mp4' is Done.
'2024-04-23 10-24-17': 'BDTRTUPH.mp4' start running wildlife model...
'2024-04-23 10-25-43': 'BDTRTUPH.mp4' completed wildlife model, starting deeplabcut...
'2024-04-23 10-26-55': 'BDTRTUPH.mp4' is Done.
'2024-04-23 10-26-55': 'BDWMCUDI.mp4' start running wildlife model...
'2024-04-23 10-28-04': 'BDWMCUDI.mp4' completed wildlife model, starting deeplabcut...
'2024-04-23 10-29-08': 'BDWMCUDI.mp4' is Done.
'2024-04-23 10-29-08': 'BEANDLSQ.mp4' start running wildlife model...
'2024-04-23 10-30-10': 'BEANDLSQ.mp4' completed wildlife model, starting deeplabcut...
'2024-04-23 10-31-07': 'BEANDLSQ.mp4' is Done.
'2024-04-23 10-31-07': 'BEDCQFJO.mp4' start running wildlife model...
'2024-04-23 10-31-56': 'BEDCQFJO.mp4' completed wildlife model, starting deeplabcut...
'2024-04-23 10-32-45': 'BEDCQFJO.mp4' is Done.
'2024-04-23 10-32-45': 'BEGOPIKV.mp4' start running wildlife model...
'2024-04-23 10-33-33': 'BEGOPIKV.mp4' completed wildlife model, starting deeplabcut...
'2024-04-23 10-34-19': 'BEGOPIKV.mp4' is Done.
'2024-04-23 10-34-19': 'BEHMMBGG.mp4' start running wildlife model...
'2024-04-23 10-35-58': 'BEHMMBGG.mp4' completed wildlife model, starting deeplabcut...
'2024-04-23 10-37-23': 'BEHMMBGG.mp4' is Done.
'2024-04-23 10-37-23': 'BEPFPATH.mp4' start running wildlife model...
'2024-04-23 10-38-38': 'BEPFPATH.mp4' completed wildlife model, starting deeplabcut...
'2024-04-23 10-39-44': 'BEPFPATH.mp4' is Done.
'2024-04-23 10-39-44': 'BERVJEWB.mp4' start running wildlife model...
'2024-04-23 10-40-37': 'BERVJEWB.mp4' completed wildlife model, starting deeplabcut...
'2024-04-23 10-41-25': 'BERVJEWB.mp4' is Done.
'2024-04-23 10-41-25': 'BETVFQJN.mp4' start running wildlife model...
'2024-04-23 10-42-27': 'BETVFQJN.mp4' completed wildlife model, starting deeplabcut...
'2024-04-23 10-43-23': 'BETVFQJN.mp4' is Done.
'2024-04-23 10-43-23': 'BEUYBKWA.mp4' start running wildlife model...
'2024-04-23 10-44-44': 'BEUYBKWA.mp4' completed wildlife model, starting deeplabcut...
'2024-04-23 10-45-56': 'BEUYBKWA.mp4' is Done.
'2024-04-23 10-45-56': 'BEXZBZTV.mp4' start running wildlife model...
'2024-04-23 10-49-02': 'BEXZBZTV.mp4' completed wildlife model, starting deeplabcut...
'2024-04-23 10-51-32': 'BEXZBZTV.mp4' is Done.
'2024-04-23 10-51-32': 'BFARPZIE.mp4' start running wildlife model...
'2024-04-23 10-54-14': 'BFARPZIE.mp4' completed wildlife model, starting deeplabcut...
'2024-04-23 10-55-57': 'BFARPZIE.mp4' is Done.
'2024-04-23 10-55-57': 'BFEAHNPL.mp4' start running wildlife model...
'2024-04-23 10-56-52': 'BFEAHNPL.mp4' completed wildlife model, starting deeplabcut...
'2024-04-23 10-57-42': 'BFEAHNPL.mp4' is Done.
'2024-04-23 10-57-42': 'BFEGSVEI.mp4' start running wildlife model...
'2024-04-23 10-59-12': 'BFEGSVEI.mp4' completed wildlife model, starting deeplabcut...
'2024-04-23 11-00-31': 'BFEGSVEI.mp4' is Done.
'2024-04-23 11-00-31': 'BFGQKGCS.mp4' start running wildlife model...
'2024-04-23 11-03-07': 'BFGQKGCS.mp4' completed wildlife model, starting deeplabcut...
'2024-04-23 11-05-13': 'BFGQKGCS.mp4' is Done.
'2024-04-23 11-05-13': 'BFJVWLSQ.mp4' start running wildlife model...
'2024-04-23 11-06-35': 'BFJVWLSQ.mp4' completed wildlife model, starting deeplabcut...
'2024-04-23 11-07-47': 'BFJVWLSQ.mp4' is Done.
'2024-04-23 11-07-47': 'BFKSMACP.mp4' start running wildlife model...
'2024-04-23 11-09-34': 'BFKSMACP.mp4' completed wildlife model, starting deeplabcut...
'2024-04-23 11-11-09': 'BFKSMACP.mp4' is Done.
'2024-04-23 11-11-09': 'BFRBZXGD.mp4' start running wildlife model...
'2024-04-23 11-13-03': 'BFRBZXGD.mp4' completed wildlife model, starting deeplabcut...
'2024-04-23 11-14-36': 'BFRBZXGD.mp4' is Done.
'2024-04-23 11-14-36': 'BFSXFKOU.mp4' start running wildlife model...
'2024-04-23 11-14-59': 'BFSXFKOU.mp4' completed wildlife model, starting deeplabcut...
'2024-04-23 11-15-25': 'BFSXFKOU.mp4' is Done.
'2024-04-23 11-15-25': 'BFTOVNQN.mp4' start running wildlife model...
'2024-04-23 11-16-38': 'BFTOVNQN.mp4' completed wildlife model, starting deeplabcut...
'2024-04-23 11-17-44': 'BFTOVNQN.mp4' is Done.
'2024-04-23 11-17-44': 'BFVDTXMC.mp4' start running wildlife model...
'2024-04-23 11-19-51': 'BFVDTXMC.mp4' completed wildlife model, starting deeplabcut...
'2024-04-23 11-21-36': 'BFVDTXMC.mp4' is Done.
'2024-04-23 11-21-36': 'BFYEYXGD.mp4' start running wildlife model...
'2024-04-23 11-22-38': 'BFYEYXGD.mp4' completed wildlife model, starting deeplabcut...
'2024-04-23 11-23-37': 'BFYEYXGD.mp4' is Done.
'2024-04-23 11-23-37': 'BGBVZZTV.mp4' start running wildlife model...
'2024-04-23 11-27-36': 'BGBVZZTV.mp4' completed wildlife model, starting deeplabcut...
'2024-04-23 11-30-52': 'BGBVZZTV.mp4' is Done.
'2024-04-23 11-30-52': 'BGDXIHGA.mp4' start running wildlife model...
'2024-04-23 11-31-13': 'BGDXIHGA.mp4' completed wildlife model, starting deeplabcut...
'2024-04-23 11-31-38': 'BGDXIHGA.mp4' is Done.
'2024-04-23 11-31-38': 'BGEUFHDU.mp4' start running wildlife model...
'2024-04-23 11-32-29': 'BGEUFHDU.mp4' completed wildlife model, starting deeplabcut...
'2024-04-23 11-33-18': 'BGEUFHDU.mp4' is Done.
'2024-04-23 11-33-18': 'BGIFSUDI.mp4' start running wildlife model...
'2024-04-23 11-33-54': 'BGIFSUDI.mp4' completed wildlife model, starting deeplabcut...
'2024-04-23 11-34-32': 'BGIFSUDI.mp4' is Done.
'2024-04-23 11-34-32': 'BGJFQIWV.mp4' start running wildlife model...
'2024-04-23 11-34-54': 'BGJFQIWV.mp4' completed wildlife model, starting deeplabcut...
'2024-04-23 11-35-18': 'BGJFQIWV.mp4' is Done.
'2024-04-23 11-35-18': 'BGJFWRGE.mp4' start running wildlife model...
'2024-04-23 11-36-40': 'BGJFWRGE.mp4' completed wildlife model, starting deeplabcut...
'2024-04-23 11-37-51': 'BGJFWRGE.mp4' is Done.
'2024-04-23 11-37-51': 'BGJTDPKK.mp4' start running wildlife model...
'2024-04-23 11-38-19': 'BGJTDPKK.mp4' completed wildlife model, starting deeplabcut...
'2024-04-23 11-38-49': 'BGJTDPKK.mp4' is Done.
'2024-04-23 11-38-49': 'BGKLZXHP.mp4' start running wildlife model...
'2024-04-23 11-40-33': 'BGKLZXHP.mp4' completed wildlife model, starting deeplabcut...
'2024-04-23 11-42-01': 'BGKLZXHP.mp4' is Done.
'2024-04-23 11-42-01': 'BGMANRME.mp4' start running wildlife model...
'2024-04-23 11-46-42': 'BGMANRME.mp4' completed wildlife model, starting deeplabcut...
'2024-04-23 11-50-45': 'BGMANRME.mp4' is Done.
'2024-04-23 11-50-45': 'BGSFNCIW.mp4' start running wildlife model...
'2024-04-23 11-51-04': 'BGSFNCIW.mp4' completed wildlife model, starting deeplabcut...
'2024-04-23 11-51-28': 'BGSFNCIW.mp4' is Done.
'2024-04-23 11-51-28': 'BGSOGNXN.mp4' start running wildlife model...
'2024-04-23 11-52-35': 'BGSOGNXN.mp4' completed wildlife model, starting deeplabcut...
'2024-04-23 11-53-36': 'BGSOGNXN.mp4' is Done.
'2024-04-23 11-53-36': 'BGSRHXDO.mp4' start running wildlife model...
'2024-04-23 11-54-20': 'BGSRHXDO.mp4' completed wildlife model, starting deeplabcut...
'2024-04-23 11-55-02': 'BGSRHXDO.mp4' is Done.
'2024-04-23 11-55-02': 'BGTNTTHG.mp4' start running wildlife model...
'2024-04-23 11-58-51': 'BGTNTTHG.mp4' completed wildlife model, starting deeplabcut...
'2024-04-23 12-01-45': 'BGTNTTHG.mp4' is Done.
'2024-04-23 12-01-45': 'BGXJAFYY.mp4' start running wildlife model...
'2024-04-23 12-02-34': 'BGXJAFYY.mp4' completed wildlife model, starting deeplabcut...
'2024-04-23 12-03-20': 'BGXJAFYY.mp4' is Done.
'2024-04-23 12-03-20': 'BHABZVEI.mp4' start running wildlife model...
'2024-04-23 12-05-22': 'BHABZVEI.mp4' completed wildlife model, starting deeplabcut...
'2024-04-23 12-07-05': 'BHABZVEI.mp4' is Done.
'2024-04-23 12-07-05': 'BHDGSPTK.mp4' start running wildlife model...
'2024-04-23 12-07-47': 'BHDGSPTK.mp4' completed wildlife model, starting deeplabcut...
'2024-04-23 12-08-27': 'BHDGSPTK.mp4' is Done.
'2024-04-23 12-08-27': 'BHFNDDSN.mp4' start running wildlife model...
'2024-04-23 12-09-25': 'BHFNDDSN.mp4' completed wildlife model, starting deeplabcut...
'2024-04-23 12-10-19': 'BHFNDDSN.mp4' is Done.
'2024-04-23 12-10-19': 'BHHKTXHP.mp4' start running wildlife model...
'2024-04-23 12-12-07': 'BHHKTXHP.mp4' completed wildlife model, starting deeplabcut...
'2024-04-23 12-13-42': 'BHHKTXHP.mp4' is Done.
'2024-04-23 12-13-42': 'BHIUAFYY.mp4' start running wildlife model...
'2024-04-23 12-15-29': 'BHIUAFYY.mp4' completed wildlife model, starting deeplabcut...
'2024-04-23 12-17-02': 'BHIUAFYY.mp4' is Done.
'2024-04-23 12-17-02': 'BHMEDVMP.mp4' start running wildlife model...
'2024-04-23 12-18-38': 'BHMEDVMP.mp4' completed wildlife model, starting deeplabcut...
'2024-04-23 12-20-01': 'BHMEDVMP.mp4' is Done.
'2024-04-23 12-20-01': 'BHOBWXGD.mp4' start running wildlife model...
'2024-04-23 12-21-52': 'BHOBWXGD.mp4' completed wildlife model, starting deeplabcut...
'2024-04-23 12-23-22': 'BHOBWXGD.mp4' is Done.
'2024-04-23 12-23-22': 'BHWJYKRV.mp4' start running wildlife model...
'2024-04-23 12-24-21': 'BHWJYKRV.mp4' completed wildlife model, starting deeplabcut...
'2024-04-23 12-25-17': 'BHWJYKRV.mp4' is Done.
'2024-04-23 12-25-17': 'BHZFXUJL.mp4' start running wildlife model...
'2024-04-23 12-25-42': 'BHZFXUJL.mp4' completed wildlife model, starting deeplabcut...
'2024-04-23 12-26-09': 'BHZFXUJL.mp4' is Done.
'2024-04-23 12-26-09': 'BIAXPDAL.mp4' start running wildlife model...
'2024-04-23 12-28-34': 'BIAXPDAL.mp4' completed wildlife model, starting deeplabcut...
'2024-04-23 12-30-20': 'BIAXPDAL.mp4' is Done.
'2024-04-23 12-30-20': 'BICAYYTZ.mp4' start running wildlife model...
'2024-04-23 12-30-41': 'BICAYYTZ.mp4' completed wildlife model, starting deeplabcut...
'2024-04-23 12-31-06': 'BICAYYTZ.mp4' is Done.
'2024-04-23 12-31-06': 'BIDTRPKK.mp4' start running wildlife model...
'2024-04-23 12-32-47': 'BIDTRPKK.mp4' completed wildlife model, starting deeplabcut...
'2024-04-23 12-34-08': 'BIDTRPKK.mp4' is Done.
'2024-04-23 12-34-08': 'BIFKWBQT.mp4' start running wildlife model...
'2024-04-23 12-34-32': 'BIFKWBQT.mp4' completed wildlife model, starting deeplabcut...
'2024-04-23 12-35-00': 'BIFKWBQT.mp4' is Done.
'2024-04-23 12-35-00': 'BIFUQPLS.mp4' start running wildlife model...
'2024-04-23 12-37-48': 'BIFUQPLS.mp4' completed wildlife model, starting deeplabcut...
'2024-04-23 12-40-03': 'BIFUQPLS.mp4' is Done.
'2024-04-23 12-40-03': 'BILMPXGD.mp4' start running wildlife model...
'2024-04-23 12-41-05': 'BILMPXGD.mp4' completed wildlife model, starting deeplabcut...
'2024-04-23 12-42-01': 'BILMPXGD.mp4' is Done.
'2024-04-23 12-42-01': 'BIOCRBQT.mp4' start running wildlife model...
'2024-04-23 12-42-22': 'BIOCRBQT.mp4' completed wildlife model, starting deeplabcut...
'2024-04-23 12-42-47': 'BIOCRBQT.mp4' is Done.
'2024-04-23 12-42-47': 'BIODAVEI.mp4' start running wildlife model...
'2024-04-23 12-45-12': 'BIODAVEI.mp4' completed wildlife model, starting deeplabcut...
'2024-04-23 12-47-14': 'BIODAVEI.mp4' is Done.
'2024-04-23 12-47-14': 'BIOYDDFS.mp4' start running wildlife model...
'2024-04-23 12-49-08': 'BIOYDDFS.mp4' completed wildlife model, starting deeplabcut...
'2024-04-23 12-50-46': 'BIOYDDFS.mp4' is Done.
'2024-04-23 12-50-46': 'BIQMYBME.mp4' start running wildlife model...
'2024-04-23 12-51-26': 'BIQMYBME.mp4' completed wildlife model, starting deeplabcut...
'2024-04-23 12-52-03': 'BIQMYBME.mp4' is Done.
'2024-04-23 12-52-03': 'BISAKFGA.mp4' start running wildlife model...
'2024-04-23 12-52-32': 'BISAKFGA.mp4' completed wildlife model, starting deeplabcut...
'2024-04-23 12-53-01': 'BISAKFGA.mp4' is Done.
'2024-04-23 12-53-02': 'BIUQBRAC.mp4' start running wildlife model...
'2024-04-23 12-56-15': 'BIUQBRAC.mp4' completed wildlife model, starting deeplabcut...
'2024-04-23 12-58-58': 'BIUQBRAC.mp4' is Done.
'2024-04-23 12-58-58': 'BIYDKDKB.mp4' start running wildlife model...
'2024-04-23 12-59-37': 'BIYDKDKB.mp4' completed wildlife model, starting deeplabcut...
'2024-04-23 13-00-15': 'BIYDKDKB.mp4' is Done.
'2024-04-23 13-00-15': 'BIYQXFGA.mp4' start running wildlife model...
'2024-04-23 13-01-13': 'BIYQXFGA.mp4' completed wildlife model, starting deeplabcut...
'2024-04-23 13-02-06': 'BIYQXFGA.mp4' is Done.
'2024-04-23 13-02-06': 'BJAILHIS.mp4' start running wildlife model...
'2024-04-23 13-04-49': 'BJAILHIS.mp4' completed wildlife model, starting deeplabcut...
'2024-04-23 13-07-08': 'BJAILHIS.mp4' is Done.
'2024-04-23 13-07-08': 'BJECMPAB.mp4' start running wildlife model...
'2024-04-23 13-07-19': 'BJECMPAB.mp4' completed wildlife model, starting deeplabcut...
'2024-04-23 13-07-36': 'BJECMPAB.mp4' is Done.
'2024-04-23 13-07-36': 'BJEOHIFB.mp4' start running wildlife model...
'2024-04-23 13-08-55': 'BJEOHIFB.mp4' completed wildlife model, starting deeplabcut...
'2024-04-23 13-10-04': 'BJEOHIFB.mp4' is Done.
'2024-04-23 13-10-04': 'BJFIMBXG.mp4' start running wildlife model...
'2024-04-23 13-11-25': 'BJFIMBXG.mp4' completed wildlife model, starting deeplabcut...
'2024-04-23 13-12-33': 'BJFIMBXG.mp4' is Done.
'2024-04-23 13-12-33': 'BJGNITHG.mp4' start running wildlife model...
'2024-04-23 13-13-24': 'BJGNITHG.mp4' completed wildlife model, starting deeplabcut...
'2024-04-23 13-14-12': 'BJGNITHG.mp4' is Done.
'2024-04-23 13-14-12': 'BJHOUVCV.mp4' start running wildlife model...
'2024-04-23 13-15-10': 'BJHOUVCV.mp4' completed wildlife model, starting deeplabcut...
'2024-04-23 13-16-03': 'BJHOUVCV.mp4' is Done.
'2024-04-23 13-16-03': 'BJKGJMVW.mp4' start running wildlife model...
'2024-04-23 13-17-03': 'BJKGJMVW.mp4' completed wildlife model, starting deeplabcut...
'2024-04-23 13-17-59': 'BJKGJMVW.mp4' is Done.
'2024-04-23 13-17-59': 'BJLFNSDT.mp4' start running wildlife model...
'2024-04-23 13-19-41': 'BJLFNSDT.mp4' completed wildlife model, starting deeplabcut...
'2024-04-23 13-21-09': 'BJLFNSDT.mp4' is Done.
'2024-04-23 13-21-09': 'BJLZBVEI.mp4' start running wildlife model...
'2024-04-23 13-22-12': 'BJLZBVEI.mp4' completed wildlife model, starting deeplabcut...
'2024-04-23 13-23-08': 'BJLZBVEI.mp4' is Done.
'2024-04-23 13-23-08': 'BJPPTMRN.mp4' start running wildlife model...
'2024-04-23 13-23-30': 'BJPPTMRN.mp4' completed wildlife model, starting deeplabcut...
'2024-04-23 13-23-54': 'BJPPTMRN.mp4' is Done.
'2024-04-23 13-23-54': 'BJRYYKRV.mp4' start running wildlife model...
'2024-04-23 13-24-22': 'BJRYYKRV.mp4' completed wildlife model, starting deeplabcut...
'2024-04-23 13-24-52': 'BJRYYKRV.mp4' is Done.
'2024-04-23 13-24-52': 'BJSOVZLK.mp4' start running wildlife model...
'2024-04-23 13-26-31': 'BJSOVZLK.mp4' completed wildlife model, starting deeplabcut...
'2024-04-23 13-27-56': 'BJSOVZLK.mp4' is Done.
'2024-04-23 13-27-56': 'BJVYVGIW.mp4' start running wildlife model...
'2024-04-23 13-29-18': 'BJVYVGIW.mp4' completed wildlife model, starting deeplabcut...
'2024-04-23 13-30-29': 'BJVYVGIW.mp4' is Done.
'2024-04-23 13-30-29': 'BJYDRVEI.mp4' start running wildlife model...
'2024-04-23 13-30-57': 'BJYDRVEI.mp4' completed wildlife model, starting deeplabcut...
'2024-04-23 13-31-27': 'BJYDRVEI.mp4' is Done.
'2024-04-23 13-31-27': 'BJZDORDX.mp4' start running wildlife model...
'2024-04-23 13-31-56': 'BJZDORDX.mp4' completed wildlife model, starting deeplabcut...
'2024-04-23 13-32-25': 'BJZDORDX.mp4' is Done.
'2024-04-23 13-32-25': 'BKBVMEUL.mp4' start running wildlife model...
'2024-04-23 13-35-59': 'BKBVMEUL.mp4' completed wildlife model, starting deeplabcut...
'2024-04-23 13-38-55': 'BKBVMEUL.mp4' is Done.
'2024-04-23 13-38-55': 'BKHMIBQT.mp4' start running wildlife model...
'2024-04-23 13-39-55': 'BKHMIBQT.mp4' completed wildlife model, starting deeplabcut...
'2024-04-23 13-40-50': 'BKHMIBQT.mp4' is Done.
'2024-04-23 13-40-50': 'BKKRHNQN.mp4' start running wildlife model...
'2024-04-23 13-42-32': 'BKKRHNQN.mp4' completed wildlife model, starting deeplabcut...
'2024-04-23 13-44-02': 'BKKRHNQN.mp4' is Done.
'2024-04-23 13-44-02': 'BKPJUDAL.mp4' start running wildlife model...
'2024-04-23 13-44-40': 'BKPJUDAL.mp4' completed wildlife model, starting deeplabcut...
'2024-04-23 13-45-18': 'BKPJUDAL.mp4' is Done.
'2024-04-23 13-45-18': 'BKPNHFXO.mp4' start running wildlife model...
'2024-04-23 13-47-07': 'BKPNHFXO.mp4' completed wildlife model, starting deeplabcut...
'2024-04-23 13-48-42': 'BKPNHFXO.mp4' is Done.
'2024-04-23 13-48-42': 'BKQRMHDU.mp4' start running wildlife model...
'2024-04-23 13-49-33': 'BKQRMHDU.mp4' completed wildlife model, starting deeplabcut...
'2024-04-23 13-50-22': 'BKQRMHDU.mp4' is Done.
'2024-04-23 13-50-22': 'BKSKLMHZ.mp4' start running wildlife model...
'2024-04-23 13-51-53': 'BKSKLMHZ.mp4' completed wildlife model, starting deeplabcut...
'2024-04-23 13-53-14': 'BKSKLMHZ.mp4' is Done.
'2024-04-23 13-53-14': 'BKSYJJVY.mp4' start running wildlife model...
'2024-04-23 13-53-35': 'BKSYJJVY.mp4' completed wildlife model, starting deeplabcut...
'2024-04-23 13-54-00': 'BKSYJJVY.mp4' is Done.
'2024-04-23 13-54-00': 'BKTQQCJH.mp4' start running wildlife model...
'2024-04-23 13-54-37': 'BKTQQCJH.mp4' completed wildlife model, starting deeplabcut...
'2024-04-23 13-55-15': 'BKTQQCJH.mp4' is Done.
'2024-04-23 13-55-15': 'BKUSXKRF.mp4' start running wildlife model...
'2024-04-23 13-55-49': 'BKUSXKRF.mp4' completed wildlife model, starting deeplabcut...
'2024-04-23 13-56-25': 'BKUSXKRF.mp4' is Done.
'2024-04-23 13-56-25': 'BKVHHRAC.mp4' start running wildlife model...
'2024-04-23 14-00-56': 'BKVHHRAC.mp4' completed wildlife model, starting deeplabcut...
'2024-04-23 14-04-41': 'BKVHHRAC.mp4' is Done.
'2024-04-23 14-04-41': 'BKZCZLWC.mp4' start running wildlife model...
'2024-04-23 14-06-12': 'BKZCZLWC.mp4' completed wildlife model, starting deeplabcut...
'2024-04-23 14-07-32': 'BKZCZLWC.mp4' is Done.
'2024-04-23 14-07-32': 'BKZSVRDX.mp4' start running wildlife model...
'2024-04-23 14-09-55': 'BKZSVRDX.mp4' completed wildlife model, starting deeplabcut...
'2024-04-23 14-11-54': 'BKZSVRDX.mp4' is Done.
'2024-04-23 14-11-54': 'BLAZZNQN.mp4' start running wildlife model...
'2024-04-23 14-13-19': 'BLAZZNQN.mp4' completed wildlife model, starting deeplabcut...
'2024-04-23 14-14-33': 'BLAZZNQN.mp4' is Done.
'2024-04-23 14-14-33': 'BLFGBBQT.mp4' start running wildlife model...
'2024-04-23 14-15-15': 'BLFGBBQT.mp4' completed wildlife model, starting deeplabcut...
'2024-04-23 14-15-56': 'BLFGBBQT.mp4' is Done.
'2024-04-23 14-15-56': 'BLGTINQN.mp4' start running wildlife model...
'2024-04-23 14-19-43': 'BLGTINQN.mp4' completed wildlife model, starting deeplabcut...
'2024-04-23 14-22-53': 'BLGTINQN.mp4' is Done.
'2024-04-23 14-22-53': 'BLHPKLHH.mp4' start running wildlife model...
'2024-04-23 14-23-04': 'BLHPKLHH.mp4' completed wildlife model, starting deeplabcut...
'2024-04-23 14-23-21': 'BLHPKLHH.mp4' is Done.
'2024-04-23 14-23-21': 'BLHUQDQX.mp4' start running wildlife model...
'2024-04-23 14-24-13': 'BLHUQDQX.mp4' completed wildlife model, starting deeplabcut...
'2024-04-23 14-25-01': 'BLHUQDQX.mp4' is Done.
'2024-04-23 14-25-01': 'BLJSABXG.mp4' start running wildlife model...
'2024-04-23 14-27-56': 'BLJSABXG.mp4' completed wildlife model, starting deeplabcut...
'2024-04-23 14-30-23': 'BLJSABXG.mp4' is Done.
'2024-04-23 14-30-23': 'BLQTHUPH.mp4' start running wildlife model...
'2024-04-23 14-31-19': 'BLQTHUPH.mp4' completed wildlife model, starting deeplabcut...
'2024-04-23 14-32-13': 'BLQTHUPH.mp4' is Done.
'2024-04-23 14-32-13': 'BLRUQXDO.mp4' start running wildlife model...
'2024-04-23 14-32-53': 'BLRUQXDO.mp4' completed wildlife model, starting deeplabcut...
'2024-04-23 14-33-30': 'BLRUQXDO.mp4' is Done.
'2024-04-23 14-33-30': 'BLRVTVEI.mp4' start running wildlife model...
'2024-04-23 14-34-26': 'BLRVTVEI.mp4' completed wildlife model, starting deeplabcut...
'2024-04-23 14-35-17': 'BLRVTVEI.mp4' is Done.
'2024-04-23 14-35-17': 'BLTJDHSA.mp4' start running wildlife model...
'2024-04-23 14-35-58': 'BLTJDHSA.mp4' completed wildlife model, starting deeplabcut...
'2024-04-23 14-36-38': 'BLTJDHSA.mp4' is Done.
'2024-04-23 14-36-38': 'BLVKGCCR.mp4' start running wildlife model...
'2024-04-23 14-38-49': 'BLVKGCCR.mp4' completed wildlife model, starting deeplabcut...
'2024-04-23 14-40-36': 'BLVKGCCR.mp4' is Done.
'2024-04-23 14-40-36': 'BLYFWVMP.mp4' start running wildlife model...
'2024-04-23 14-41-43': 'BLYFWVMP.mp4' completed wildlife model, starting deeplabcut...
'2024-04-23 14-42-40': 'BLYFWVMP.mp4' is Done.
'2024-04-23 14-42-40': 'BLZAHTHG.mp4' start running wildlife model...
'2024-04-23 14-45-33': 'BLZAHTHG.mp4' completed wildlife model, starting deeplabcut...
'2024-04-23 14-48-00': 'BLZAHTHG.mp4' is Done.
'2024-04-23 14-48-00': 'BMCUGUUK.mp4' start running wildlife model...
'2024-04-23 14-48-59': 'BMCUGUUK.mp4' completed wildlife model, starting deeplabcut...
'2024-04-23 14-49-56': 'BMCUGUUK.mp4' is Done.
'2024-04-23 14-49-56': 'BMHBSGIW.mp4' start running wildlife model...
'2024-04-23 14-50-59': 'BMHBSGIW.mp4' completed wildlife model, starting deeplabcut...
'2024-04-23 14-51-56': 'BMHBSGIW.mp4' is Done.
'2024-04-23 14-51-56': 'BMLNSWWK.mp4' start running wildlife model...
'2024-04-23 14-53-42': 'BMLNSWWK.mp4' completed wildlife model, starting deeplabcut...
'2024-04-23 14-55-12': 'BMLNSWWK.mp4' is Done.
'2024-04-23 14-55-12': 'BMLXIQCN.mp4' start running wildlife model...
'2024-04-23 14-55-35': 'BMLXIQCN.mp4' completed wildlife model, starting deeplabcut...
'2024-04-23 14-56-01': 'BMLXIQCN.mp4' is Done.
'2024-04-23 14-56-01': 'BMMBWFUP.mp4' start running wildlife model...
'2024-04-23 14-59-40': 'BMMBWFUP.mp4' completed wildlife model, starting deeplabcut...
'2024-04-23 15-02-38': 'BMMBWFUP.mp4' is Done.
'2024-04-23 15-02-38': 'BMOLMNXN.mp4' start running wildlife model...
'2024-04-23 15-03-46': 'BMOLMNXN.mp4' completed wildlife model, starting deeplabcut...
'2024-04-23 15-04-48': 'BMOLMNXN.mp4' is Done.
'2024-04-23 15-04-48': 'BMRXRFAU.mp4' start running wildlife model...
'2024-04-23 15-06-15': 'BMRXRFAU.mp4' completed wildlife model, starting deeplabcut...
'2024-04-23 15-07-36': 'BMRXRFAU.mp4' is Done.
'2024-04-23 15-07-36': 'BMTUSUJL.mp4' start running wildlife model...
'2024-04-23 15-09-05': 'BMTUSUJL.mp4' completed wildlife model, starting deeplabcut...
'2024-04-23 15-10-22': 'BMTUSUJL.mp4' is Done.
'2024-04-23 15-10-22': 'BMVTVLHH.mp4' start running wildlife model...
'2024-04-23 15-11-36': 'BMVTVLHH.mp4' completed wildlife model, starting deeplabcut...
'2024-04-23 15-12-45': 'BMVTVLHH.mp4' is Done.
'2024-04-23 15-12-45': 'BMXJHNPL.mp4' start running wildlife model...
'2024-04-23 15-13-08': 'BMXJHNPL.mp4' completed wildlife model, starting deeplabcut...
'2024-04-23 15-13-35': 'BMXJHNPL.mp4' is Done.
'2024-04-23 15-13-35': 'BMYOYJVR.mp4' start running wildlife model...
'2024-04-23 15-13-59': 'BMYOYJVR.mp4' completed wildlife model, starting deeplabcut...
'2024-04-23 15-14-26': 'BMYOYJVR.mp4' is Done.
'2024-04-23 15-14-26': 'BMZDCHDU.mp4' start running wildlife model...
'2024-04-23 15-16-04': 'BMZDCHDU.mp4' completed wildlife model, starting deeplabcut...
'2024-04-23 15-17-29': 'BMZDCHDU.mp4' is Done.
'2024-04-23 15-17-29': 'BNBSXEUL.mp4' start running wildlife model...
'2024-04-23 15-18-19': 'BNBSXEUL.mp4' completed wildlife model, starting deeplabcut...
'2024-04-23 15-19-06': 'BNBSXEUL.mp4' is Done.
'2024-04-23 15-19-06': 'BNDDNHFB.mp4' start running wildlife model...
'2024-04-23 15-22-49': 'BNDDNHFB.mp4' completed wildlife model, starting deeplabcut...
'2024-04-23 15-25-54': 'BNDDNHFB.mp4' is Done.
'2024-04-23 15-25-54': 'BNKSKVMW.mp4' start running wildlife model...
'2024-04-23 15-27-36': 'BNKSKVMW.mp4' completed wildlife model, starting deeplabcut...
'2024-04-23 15-29-05': 'BNKSKVMW.mp4' is Done.
'2024-04-23 15-29-05': 'BNMWXMGJ.mp4' start running wildlife model...
'2024-04-23 15-29-48': 'BNMWXMGJ.mp4' completed wildlife model, starting deeplabcut...
'2024-04-23 15-30-29': 'BNMWXMGJ.mp4' is Done.
'2024-04-23 15-30-29': 'BNNLHJVY.mp4' start running wildlife model...
'2024-04-23 15-32-04': 'BNNLHJVY.mp4' completed wildlife model, starting deeplabcut...
'2024-04-23 15-33-23': 'BNNLHJVY.mp4' is Done.
'2024-04-23 15-33-23': 'BNOAGVKA.mp4' start running wildlife model...
'2024-04-23 15-35-55': 'BNOAGVKA.mp4' completed wildlife model, starting deeplabcut...
'2024-04-23 15-37-58': 'BNOAGVKA.mp4' is Done.
'2024-04-23 15-37-58': 'BNQRVPKL.mp4' start running wildlife model...
'2024-04-23 15-38-28': 'BNQRVPKL.mp4' completed wildlife model, starting deeplabcut...
'2024-04-23 15-39-00': 'BNQRVPKL.mp4' is Done.
'2024-04-23 15-39-00': 'BNSITKRF.mp4' start running wildlife model...
'2024-04-23 15-39-52': 'BNSITKRF.mp4' completed wildlife model, starting deeplabcut...
'2024-04-23 15-40-40': 'BNSITKRF.mp4' is Done.
'2024-04-23 15-40-40': 'BNVHZFYS.mp4' start running wildlife model...
'2024-04-23 15-42-49': 'BNVHZFYS.mp4' completed wildlife model, starting deeplabcut...
'2024-04-23 15-44-38': 'BNVHZFYS.mp4' is Done.
'2024-04-23 15-44-38': 'BOCAKSEK.mp4' start running wildlife model...
'2024-04-23 15-47-50': 'BOCAKSEK.mp4' completed wildlife model, starting deeplabcut...
'2024-04-23 15-50-27': 'BOCAKSEK.mp4' is Done.
'2024-04-23 15-50-27': 'BODYAQRD.mp4' start running wildlife model...
'2024-04-23 15-51-46': 'BODYAQRD.mp4' completed wildlife model, starting deeplabcut...
'2024-04-23 15-52-57': 'BODYAQRD.mp4' is Done.
'2024-04-23 15-52-57': 'BOEYABXG.mp4' start running wildlife model...
'2024-04-23 15-53-29': 'BOEYABXG.mp4' completed wildlife model, starting deeplabcut...
'2024-04-23 15-54-00': 'BOEYABXG.mp4' is Done.
'2024-04-23 15-54-00': 'BOFDQUDX.mp4' start running wildlife model...
'2024-04-23 15-56-31': 'BOFDQUDX.mp4' completed wildlife model, starting deeplabcut...
'2024-04-23 15-58-40': 'BOFDQUDX.mp4' is Done.
'2024-04-23 15-58-40': 'BOILVWMK.mp4' start running wildlife model...
'2024-04-23 16-02-48': 'BOILVWMK.mp4' completed wildlife model, starting deeplabcut...
'2024-04-23 16-06-14': 'BOILVWMK.mp4' is Done.
'2024-04-23 16-06-14': 'BONWZZYO.mp4' start running wildlife model...
'2024-04-23 16-07-18': 'BONWZZYO.mp4' completed wildlife model, starting deeplabcut...
'2024-04-23 16-08-14': 'BONWZZYO.mp4' is Done.
'2024-04-23 16-08-14': 'BOQBDUFF.mp4' start running wildlife model...
'2024-04-23 16-08-46': 'BOQBDUFF.mp4' completed wildlife model, starting deeplabcut...
'2024-04-23 16-09-19': 'BOQBDUFF.mp4' is Done.
'2024-04-23 16-09-19': 'BOSWEIMN.mp4' start running wildlife model...
'2024-04-23 16-10-41': 'BOSWEIMN.mp4' completed wildlife model, starting deeplabcut...
'2024-04-23 16-11-52': 'BOSWEIMN.mp4' is Done.
'2024-04-23 16-11-52': 'BOUQASBA.mp4' start running wildlife model...
'2024-04-23 16-12-45': 'BOUQASBA.mp4' completed wildlife model, starting deeplabcut...
'2024-04-23 16-13-34': 'BOUQASBA.mp4' is Done.
'2024-04-23 16-13-34': 'BOXKDSBA.mp4' start running wildlife model...
'2024-04-23 16-15-02': 'BOXKDSBA.mp4' completed wildlife model, starting deeplabcut...
'2024-04-23 16-16-17': 'BOXKDSBA.mp4' is Done.
'2024-04-23 16-16-17': 'BOZPWWMK.mp4' start running wildlife model...
'2024-04-23 16-17-19': 'BOZPWWMK.mp4' completed wildlife model, starting deeplabcut...
'2024-04-23 16-18-16': 'BOZPWWMK.mp4' is Done.
'2024-04-23 16-18-16': 'BPAODXDO.mp4' start running wildlife model...
'2024-04-23 16-19-28': 'BPAODXDO.mp4' completed wildlife model, starting deeplabcut...
'2024-04-23 16-20-29': 'BPAODXDO.mp4' is Done.
'2024-04-23 16-20-29': 'BPCMGPKK.mp4' start running wildlife model...
'2024-04-23 16-22-19': 'BPCMGPKK.mp4' completed wildlife model, starting deeplabcut...
'2024-04-23 16-23-52': 'BPCMGPKK.mp4' is Done.
'2024-04-23 16-23-52': 'BPHWEKTH.mp4' start running wildlife model...
'2024-04-23 16-25-24': 'BPHWEKTH.mp4' completed wildlife model, starting deeplabcut...
'2024-04-23 16-26-40': 'BPHWEKTH.mp4' is Done.
'2024-04-23 16-26-40': 'BPKEOKWA.mp4' start running wildlife model...
'2024-04-23 16-27-49': 'BPKEOKWA.mp4' completed wildlife model, starting deeplabcut...
'2024-04-23 16-28-50': 'BPKEOKWA.mp4' is Done.
'2024-04-23 16-28-50': 'BPKSCDAL.mp4' start running wildlife model...
'2024-04-23 16-30-13': 'BPKSCDAL.mp4' completed wildlife model, starting deeplabcut...
'2024-04-23 16-31-27': 'BPKSCDAL.mp4' is Done.
'2024-04-23 16-31-27': 'BPLNLHFB.mp4' start running wildlife model...
'2024-04-23 16-32-36': 'BPLNLHFB.mp4' completed wildlife model, starting deeplabcut...
'2024-04-23 16-33-38': 'BPLNLHFB.mp4' is Done.
'2024-04-23 16-33-38': 'BPOQDJBD.mp4' start running wildlife model...
'2024-04-23 16-37-40': 'BPOQDJBD.mp4' completed wildlife model, starting deeplabcut...
'2024-04-23 16-40-57': 'BPOQDJBD.mp4' is Done.
'2024-04-23 16-40-57': 'BPSSEONO.mp4' start running wildlife model...
'2024-04-23 16-41-55': 'BPSSEONO.mp4' completed wildlife model, starting deeplabcut...
'2024-04-23 16-42-49': 'BPSSEONO.mp4' is Done.
'2024-04-23 16-42-49': 'BPUWAKBS.mp4' start running wildlife model...
'2024-04-23 16-43-19': 'BPUWAKBS.mp4' completed wildlife model, starting deeplabcut...
'2024-04-23 16-43-51': 'BPUWAKBS.mp4' is Done.
'2024-04-23 16-43-51': 'BPVUDIYC.mp4' start running wildlife model...
'2024-04-23 16-47-52': 'BPVUDIYC.mp4' completed wildlife model, starting deeplabcut...
'2024-04-23 16-51-07': 'BPVUDIYC.mp4' is Done.
'2024-04-23 16-51-07': 'BQDVTEWB.mp4' start running wildlife model...
'2024-04-23 16-51-49': 'BQDVTEWB.mp4' completed wildlife model, starting deeplabcut...
'2024-04-23 16-52-30': 'BQDVTEWB.mp4' is Done.
'2024-04-23 16-52-30': 'BQGGZNMW.mp4' start running wildlife model...
'2024-04-23 16-53-07': 'BQGGZNMW.mp4' completed wildlife model, starting deeplabcut...
'2024-04-23 16-53-45': 'BQGGZNMW.mp4' is Done.
'2024-04-23 16-53-45': 'BQGHIXTD.mp4' start running wildlife model...
'2024-04-23 16-54-35': 'BQGHIXTD.mp4' completed wildlife model, starting deeplabcut...
'2024-04-23 16-55-23': 'BQGHIXTD.mp4' is Done.
'2024-04-23 16-55-23': 'BQIKNLSQ.mp4' start running wildlife model...
'2024-04-23 16-56-28': 'BQIKNLSQ.mp4' completed wildlife model, starting deeplabcut...
'2024-04-23 16-57-27': 'BQIKNLSQ.mp4' is Done.
'2024-04-23 16-57-27': 'BQNUNNCR.mp4' start running wildlife model...
'2024-04-23 16-59-34': 'BQNUNNCR.mp4' completed wildlife model, starting deeplabcut...
'2024-04-23 17-01-19': 'BQNUNNCR.mp4' is Done.
'2024-04-23 17-01-19': 'BQPLQVEI.mp4' start running wildlife model...
'2024-04-23 17-03-14': 'BQPLQVEI.mp4' completed wildlife model, starting deeplabcut...
'2024-04-23 17-04-51': 'BQPLQVEI.mp4' is Done.
'2024-04-23 17-04-51': 'BQSFDHCQ.mp4' start running wildlife model...
'2024-04-23 17-06-39': 'BQSFDHCQ.mp4' completed wildlife model, starting deeplabcut...
'2024-04-23 17-08-11': 'BQSFDHCQ.mp4' is Done.
'2024-04-23 17-08-11': 'BQUJWWUH.mp4' start running wildlife model...
'2024-04-23 17-09-09': 'BQUJWWUH.mp4' completed wildlife model, starting deeplabcut...
'2024-04-23 17-10-03': 'BQUJWWUH.mp4' is Done.
'2024-04-23 17-10-03': 'BQWCRVEI.mp4' start running wildlife model...
'2024-04-23 17-10-34': 'BQWCRVEI.mp4' completed wildlife model, starting deeplabcut...
'2024-04-23 17-11-07': 'BQWCRVEI.mp4' is Done.
'2024-04-23 17-11-07': 'BRADPVEI.mp4' start running wildlife model...
'2024-04-23 17-13-20': 'BRADPVEI.mp4' completed wildlife model, starting deeplabcut...
'2024-04-23 17-15-14': 'BRADPVEI.mp4' is Done.
'2024-04-23 17-15-14': 'BRDWWNPL.mp4' start running wildlife model...
'2024-04-23 17-15-35': 'BRDWWNPL.mp4' completed wildlife model, starting deeplabcut...
'2024-04-23 17-15-59': 'BRDWWNPL.mp4' is Done.
'2024-04-23 17-15-59': 'BRFGSEOD.mp4' start running wildlife model...
'2024-04-23 17-21-32': 'BRFGSEOD.mp4' completed wildlife model, starting deeplabcut...
'2024-04-23 17-25-55': 'BRFGSEOD.mp4' is Done.
'2024-04-23 17-25-55': 'BRMGCMHZ.mp4' start running wildlife model...
'2024-04-23 17-26-41': 'BRMGCMHZ.mp4' completed wildlife model, starting deeplabcut...
'2024-04-23 17-27-24': 'BRMGCMHZ.mp4' is Done.
'2024-04-23 17-27-24': 'BROWDNQN.mp4' start running wildlife model...
'2024-04-23 17-27-38': 'BROWDNQN.mp4' completed wildlife model, starting deeplabcut...
'2024-04-23 17-27-57': 'BROWDNQN.mp4' is Done.
'2024-04-23 17-27-57': 'BRPINMVW.mp4' start running wildlife model...
'2024-04-23 17-31-02': 'BRPINMVW.mp4' completed wildlife model, starting deeplabcut...
'2024-04-23 17-33-32': 'BRPINMVW.mp4' is Done.
'2024-04-23 17-33-32': 'BRSEFSBA.mp4' start running wildlife model...
'2024-04-23 17-35-02': 'BRSEFSBA.mp4' completed wildlife model, starting deeplabcut...
'2024-04-23 17-36-18': 'BRSEFSBA.mp4' is Done.
'2024-04-23 17-36-18': 'BRWJZVEI.mp4' start running wildlife model...
'2024-04-23 17-36-36': 'BRWJZVEI.mp4' completed wildlife model, starting deeplabcut...
'2024-04-23 17-36-58': 'BRWJZVEI.mp4' is Done.
'2024-04-23 17-36-58': 'BRZASFAU.mp4' start running wildlife model...
'2024-04-23 17-37-40': 'BRZASFAU.mp4' completed wildlife model, starting deeplabcut...
'2024-04-23 17-38-21': 'BRZASFAU.mp4' is Done.
'2024-04-23 17-38-21': 'BSCIGUFF.mp4' start running wildlife model...
'2024-04-23 17-39-58': 'BSCIGUFF.mp4' completed wildlife model, starting deeplabcut...
'2024-04-23 17-41-18': 'BSCIGUFF.mp4' is Done.
'2024-04-23 17-41-18': 'BSESKPLS.mp4' start running wildlife model...
'2024-04-23 17-42-19': 'BSESKPLS.mp4' completed wildlife model, starting deeplabcut...
'2024-04-23 17-43-15': 'BSESKPLS.mp4' is Done.
'2024-04-23 17-43-15': 'BSGJPXSF.mp4' start running wildlife model...
'2024-04-23 17-44-37': 'BSGJPXSF.mp4' completed wildlife model, starting deeplabcut...
'2024-04-23 17-45-49': 'BSGJPXSF.mp4' is Done.
'2024-04-23 17-45-49': 'BSKIBUXS.mp4' start running wildlife model...
'2024-04-23 17-46-24': 'BSKIBUXS.mp4' completed wildlife model, starting deeplabcut...
'2024-04-23 17-46-59': 'BSKIBUXS.mp4' is Done.
'2024-04-23 17-46-59': 'BSNZBHGA.mp4' start running wildlife model...
'2024-04-23 17-48-01': 'BSNZBHGA.mp4' completed wildlife model, starting deeplabcut...
'2024-04-23 17-48-57': 'BSNZBHGA.mp4' is Done.
'2024-04-23 17-48-57': 'BSPFWRHW.mp4' start running wildlife model...
'2024-04-23 17-50-10': 'BSPFWRHW.mp4' completed wildlife model, starting deeplabcut...
'2024-04-23 17-51-14': 'BSPFWRHW.mp4' is Done.
'2024-04-23 17-51-14': 'BSRBDLDC.mp4' start running wildlife model...
'2024-04-23 17-52-32': 'BSRBDLDC.mp4' completed wildlife model, starting deeplabcut...
'2024-04-23 17-53-40': 'BSRBDLDC.mp4' is Done.
'2024-04-23 17-53-40': 'BSVFQCJH.mp4' start running wildlife model...
'2024-04-23 17-55-07': 'BSVFQCJH.mp4' completed wildlife model, starting deeplabcut...
'2024-04-23 17-56-25': 'BSVFQCJH.mp4' is Done.
'2024-04-23 17-56-25': 'BSYYTVEI.mp4' start running wildlife model...
'2024-04-23 17-57-04': 'BSYYTVEI.mp4' completed wildlife model, starting deeplabcut...
'2024-04-23 17-57-42': 'BSYYTVEI.mp4' is Done.
'2024-04-23 17-57-42': 'BSYZRGQD.mp4' start running wildlife model...
'2024-04-23 17-59-18': 'BSYZRGQD.mp4' completed wildlife model, starting deeplabcut...
'2024-04-23 18-00-42': 'BSYZRGQD.mp4' is Done.
'2024-04-23 18-00-42': 'BTFIADAL.mp4' start running wildlife model...
'2024-04-23 18-01-31': 'BTFIADAL.mp4' completed wildlife model, starting deeplabcut...
'2024-04-23 18-02-16': 'BTFIADAL.mp4' is Done.
'2024-04-23 18-02-16': 'BTFWHWMK.mp4' start running wildlife model...
'2024-04-23 18-02-34': 'BTFWHWMK.mp4' completed wildlife model, starting deeplabcut...
'2024-04-23 18-02-53': 'BTFWHWMK.mp4' is Done.
'2024-04-23 18-02-53': 'BTGCVLHH.mp4' start running wildlife model...
'2024-04-23 18-03-33': 'BTGCVLHH.mp4' completed wildlife model, starting deeplabcut...
'2024-04-23 18-04-13': 'BTGCVLHH.mp4' is Done.
'2024-04-23 18-04-13': 'BTGYAVEI.mp4' start running wildlife model...
'2024-04-23 18-05-12': 'BTGYAVEI.mp4' completed wildlife model, starting deeplabcut...
'2024-04-23 18-06-05': 'BTGYAVEI.mp4' is Done.
'2024-04-23 18-06-05': 'BTJFLPTK.mp4' start running wildlife model...
'2024-04-23 18-08-59': 'BTJFLPTK.mp4' completed wildlife model, starting deeplabcut...
'2024-04-23 18-11-21': 'BTJFLPTK.mp4' is Done.
'2024-04-23 18-11-21': 'BTNOTMRN.mp4' start running wildlife model...
'2024-04-23 18-12-20': 'BTNOTMRN.mp4' completed wildlife model, starting deeplabcut...
'2024-04-23 18-13-13': 'BTNOTMRN.mp4' is Done.
'2024-04-23 18-13-13': 'BTQPDDGW.mp4' start running wildlife model...
'2024-04-23 18-16-50': 'BTQPDDGW.mp4' completed wildlife model, starting deeplabcut...
'2024-04-23 18-19-43': 'BTQPDDGW.mp4' is Done.
'2024-04-23 18-19-43': 'BTTFWBXG.mp4' start running wildlife model...
'2024-04-23 18-23-53': 'BTTFWBXG.mp4' completed wildlife model, starting deeplabcut...
'2024-04-23 18-27-10': 'BTTFWBXG.mp4' is Done.
'2024-04-23 18-27-10': 'BUADLFYS.mp4' start running wildlife model...
'2024-04-23 18-27-40': 'BUADLFYS.mp4' completed wildlife model, starting deeplabcut...
'2024-04-23 18-28-13': 'BUADLFYS.mp4' is Done.
'2024-04-23 18-28-13': 'BUAVPCVX.mp4' start running wildlife model...
'2024-04-23 18-28-31': 'BUAVPCVX.mp4' completed wildlife model, starting deeplabcut...
'2024-04-23 18-28-53': 'BUAVPCVX.mp4' is Done.
'2024-04-23 18-28-53': 'BUCLVNQN.mp4' start running wildlife model...
'2024-04-23 18-30-09': 'BUCLVNQN.mp4' completed wildlife model, starting deeplabcut...
'2024-04-23 18-31-16': 'BUCLVNQN.mp4' is Done.
'2024-04-23 18-31-16': 'BUEMIUDI.mp4' start running wildlife model...
'2024-04-23 18-31-33': 'BUEMIUDI.mp4' completed wildlife model, starting deeplabcut...
'2024-04-23 18-31-55': 'BUEMIUDI.mp4' is Done.
'2024-04-23 18-31-55': 'BUENUZYO.mp4' start running wildlife model...
'2024-04-23 18-33-29': 'BUENUZYO.mp4' completed wildlife model, starting deeplabcut...
'2024-04-23 18-34-46': 'BUENUZYO.mp4' is Done.
'2024-04-23 18-34-46': 'BUFEKVEI.mp4' start running wildlife model...
'2024-04-23 18-36-16': 'BUFEKVEI.mp4' completed wildlife model, starting deeplabcut...
'2024-04-23 18-37-32': 'BUFEKVEI.mp4' is Done.
'2024-04-23 18-37-32': 'BUGOWPLS.mp4' start running wildlife model...
'2024-04-23 18-41-25': 'BUGOWPLS.mp4' completed wildlife model, starting deeplabcut...
'2024-04-23 18-44-28': 'BUGOWPLS.mp4' is Done.
'2024-04-23 18-44-28': 'BUIUFLHH.mp4' start running wildlife model...
'2024-04-23 18-45-34': 'BUIUFLHH.mp4' completed wildlife model, starting deeplabcut...
'2024-04-23 18-46-34': 'BUIUFLHH.mp4' is Done.
'2024-04-23 18-46-34': 'BULTANPO.mp4' start running wildlife model...
'2024-04-23 18-47-24': 'BULTANPO.mp4' completed wildlife model, starting deeplabcut...
'2024-04-23 18-48-09': 'BULTANPO.mp4' is Done.
'2024-04-23 18-48-09': 'BUNAMLHH.mp4' start running wildlife model...
'2024-04-23 18-49-33': 'BUNAMLHH.mp4' completed wildlife model, starting deeplabcut...
'2024-04-23 18-50-49': 'BUNAMLHH.mp4' is Done.
'2024-04-23 18-50-49': 'BUOSEPKL.mp4' start running wildlife model...
'2024-04-23 18-51-12': 'BUOSEPKL.mp4' completed wildlife model, starting deeplabcut...
'2024-04-23 18-51-38': 'BUOSEPKL.mp4' is Done.
'2024-04-23 18-51-38': 'BUSFKSEK.mp4' start running wildlife model...
'2024-04-23 18-54-23': 'BUSFKSEK.mp4' completed wildlife model, starting deeplabcut...
'2024-04-23 18-56-35': 'BUSFKSEK.mp4' is Done.
'2024-04-23 18-56-35': 'BUTCSPTK.mp4' start running wildlife model...
'2024-04-23 18-58-23': 'BUTCSPTK.mp4' completed wildlife model, starting deeplabcut...
'2024-04-23 18-59-55': 'BUTCSPTK.mp4' is Done.
'2024-04-23 18-59-55': 'BUTZVONO.mp4' start running wildlife model...
'2024-04-23 19-01-20': 'BUTZVONO.mp4' completed wildlife model, starting deeplabcut...
'2024-04-23 19-02-33': 'BUTZVONO.mp4' is Done.
'2024-04-23 19-02-33': 'BUVVQQDT.mp4' start running wildlife model...
'2024-04-23 19-03-32': 'BUVVQQDT.mp4' completed wildlife model, starting deeplabcut...
'2024-04-23 19-04-25': 'BUVVQQDT.mp4' is Done.
'2024-04-23 19-04-25': 'BUXRDBCH.mp4' start running wildlife model...
'2024-04-23 19-05-15': 'BUXRDBCH.mp4' completed wildlife model, starting deeplabcut...
'2024-04-23 19-06-03': 'BUXRDBCH.mp4' is Done.
'2024-04-23 19-06-03': 'BVBVCNBD.mp4' start running wildlife model...
'2024-04-23 19-09-55': 'BVBVCNBD.mp4' completed wildlife model, starting deeplabcut...
'2024-04-23 19-13-01': 'BVBVCNBD.mp4' is Done.
'2024-04-23 19-13-01': 'BVGJCVMP.mp4' start running wildlife model...
'2024-04-23 19-13-53': 'BVGJCVMP.mp4' completed wildlife model, starting deeplabcut...
'2024-04-23 19-14-39': 'BVGJCVMP.mp4' is Done.
'2024-04-23 19-14-39': 'BVGMYKEW.mp4' start running wildlife model...
'2024-04-23 19-14-49': 'BVGMYKEW.mp4' completed wildlife model, starting deeplabcut...
'2024-04-23 19-15-06': 'BVGMYKEW.mp4' is Done.
'2024-04-23 19-15-06': 'BVHBMOYV.mp4' start running wildlife model...
'2024-04-23 19-15-47': 'BVHBMOYV.mp4' completed wildlife model, starting deeplabcut...
'2024-04-23 19-16-27': 'BVHBMOYV.mp4' is Done.
'2024-04-23 19-16-27': 'BVHPOVDY.mp4' start running wildlife model...
'2024-04-23 19-19-15': 'BVHPOVDY.mp4' completed wildlife model, starting deeplabcut...
'2024-04-23 19-21-37': 'BVHPOVDY.mp4' is Done.
'2024-04-23 19-21-37': 'BVKPQVMP.mp4' start running wildlife model...
'2024-04-23 19-22-51': 'BVKPQVMP.mp4' completed wildlife model, starting deeplabcut...
'2024-04-23 19-23-55': 'BVKPQVMP.mp4' is Done.
'2024-04-23 19-23-55': 'BVNKAATH.mp4' start running wildlife model...
'2024-04-23 19-25-19': 'BVNKAATH.mp4' completed wildlife model, starting deeplabcut...
'2024-04-23 19-26-33': 'BVNKAATH.mp4' is Done.
'2024-04-23 19-26-33': 'BVOZWUDX.mp4' start running wildlife model...
'2024-04-23 19-28-16': 'BVOZWUDX.mp4' completed wildlife model, starting deeplabcut...
'2024-04-23 19-29-44': 'BVOZWUDX.mp4' is Done.
'2024-04-23 19-29-44': 'BVSNHNQN.mp4' start running wildlife model...
'2024-04-23 19-30-24': 'BVSNHNQN.mp4' completed wildlife model, starting deeplabcut...
'2024-04-23 19-31-05': 'BVSNHNQN.mp4' is Done.
'2024-04-23 19-31-05': 'BVWLMXGD.mp4' start running wildlife model...
'2024-04-23 19-31-15': 'BVWLMXGD.mp4' completed wildlife model, starting deeplabcut...
'2024-04-23 19-31-33': 'BVWLMXGD.mp4' is Done.
'2024-04-23 19-31-33': 'BVWLRKWA.mp4' start running wildlife model...
'2024-04-23 19-32-03': 'BVWLRKWA.mp4' completed wildlife model, starting deeplabcut...
'2024-04-23 19-32-35': 'BVWLRKWA.mp4' is Done.
'2024-04-23 19-32-35': 'BVWRAZJZ.mp4' start running wildlife model...
'2024-04-23 19-32-56': 'BVWRAZJZ.mp4' completed wildlife model, starting deeplabcut...
'2024-04-23 19-33-21': 'BVWRAZJZ.mp4' is Done.
'2024-04-23 19-33-21': 'BVWVEGDO.mp4' start running wildlife model...
'2024-04-23 19-34-52': 'BVWVEGDO.mp4' completed wildlife model, starting deeplabcut...
'2024-04-23 19-36-15': 'BVWVEGDO.mp4' is Done.
'2024-04-23 19-36-15': 'BWBUENPL.mp4' start running wildlife model...
'2024-04-23 19-36-23': 'BWBUENPL.mp4' completed wildlife model, starting deeplabcut...
'2024-04-23 19-36-37': 'BWBUENPL.mp4' is Done.
'2024-04-23 19-36-37': 'BWBWOLHH.mp4' start running wildlife model...
'2024-04-23 19-37-54': 'BWBWOLHH.mp4' completed wildlife model, starting deeplabcut...
'2024-04-23 19-39-02': 'BWBWOLHH.mp4' is Done.
'2024-04-23 19-39-02': 'BWCJIRAC.mp4' start running wildlife model...
'2024-04-23 19-41-04': 'BWCJIRAC.mp4' completed wildlife model, starting deeplabcut...
'2024-04-23 19-42-47': 'BWCJIRAC.mp4' is Done.
'2024-04-23 19-42-47': 'BWFHUYSZ.mp4' start running wildlife model...
'2024-04-23 19-43-47': 'BWFHUYSZ.mp4' completed wildlife model, starting deeplabcut...
'2024-04-23 19-44-42': 'BWFHUYSZ.mp4' is Done.
'2024-04-23 19-44-42': 'BWKZKUPH.mp4' start running wildlife model...
'2024-04-23 19-45-07': 'BWKZKUPH.mp4' completed wildlife model, starting deeplabcut...
'2024-04-23 19-45-35': 'BWKZKUPH.mp4' is Done.
'2024-04-23 19-45-35': 'BWPFNMYV.mp4' start running wildlife model...
'2024-04-23 19-46-23': 'BWPFNMYV.mp4' completed wildlife model, starting deeplabcut...
'2024-04-23 19-47-08': 'BWPFNMYV.mp4' is Done.
'2024-04-23 19-47-08': 'BWPKIWMK.mp4' start running wildlife model...
'2024-04-23 19-49-39': 'BWPKIWMK.mp4' completed wildlife model, starting deeplabcut...
'2024-04-23 19-51-46': 'BWPKIWMK.mp4' is Done.
'2024-04-23 19-51-46': 'BWTASOQU.mp4' start running wildlife model...
'2024-04-23 19-53-17': 'BWTASOQU.mp4' completed wildlife model, starting deeplabcut...
'2024-04-23 19-54-37': 'BWTASOQU.mp4' is Done.
'2024-04-23 19-54-37': 'BWZOBSOM.mp4' start running wildlife model...
'2024-04-23 19-58-49': 'BWZOBSOM.mp4' completed wildlife model, starting deeplabcut...
'2024-04-23 20-02-11': 'BWZOBSOM.mp4' is Done.
'2024-04-23 20-02-11': 'BXDXUHSA.mp4' start running wildlife model...
'2024-04-23 20-04-10': 'BXDXUHSA.mp4' completed wildlife model, starting deeplabcut...
'2024-04-23 20-05-50': 'BXDXUHSA.mp4' is Done.
'2024-04-23 20-05-50': 'BXIVQKOU.mp4' start running wildlife model...
'2024-04-23 20-10-15': 'BXIVQKOU.mp4' completed wildlife model, starting deeplabcut...
'2024-04-23 20-13-55': 'BXIVQKOU.mp4' is Done.
'2024-04-23 20-13-55': 'BXPOCPKK.mp4' start running wildlife model...
'2024-04-23 20-14-29': 'BXPOCPKK.mp4' completed wildlife model, starting deeplabcut...
'2024-04-23 20-15-04': 'BXPOCPKK.mp4' is Done.
'2024-04-23 20-15-04': 'BXPWUTHG.mp4' start running wildlife model...
'2024-04-23 20-16-06': 'BXPWUTHG.mp4' completed wildlife model, starting deeplabcut...
'2024-04-23 20-17-02': 'BXPWUTHG.mp4' is Done.
'2024-04-23 20-17-02': 'BXUYJTFT.mp4' start running wildlife model...
'2024-04-23 20-21-17': 'BXUYJTFT.mp4' completed wildlife model, starting deeplabcut...
'2024-04-23 20-24-53': 'BXUYJTFT.mp4' is Done.
'2024-04-23 20-24-53': 'BYBEEEOD.mp4' start running wildlife model...
'2024-04-23 20-26-47': 'BYBEEEOD.mp4' completed wildlife model, starting deeplabcut...
'2024-04-23 20-28-33': 'BYBEEEOD.mp4' is Done.
'2024-04-23 20-28-33': 'BYFDLEZZ.mp4' start running wildlife model...
'2024-04-23 20-30-30': 'BYFDLEZZ.mp4' completed wildlife model, starting deeplabcut...
'2024-04-23 20-32-03': 'BYFDLEZZ.mp4' is Done.
'2024-04-23 20-32-03': 'BYIMASVW.mp4' start running wildlife model...
'2024-04-23 20-33-59': 'BYIMASVW.mp4' completed wildlife model, starting deeplabcut...
'2024-04-23 20-35-39': 'BYIMASVW.mp4' is Done.
'2024-04-23 20-35-39': 'BYKYDPIF.mp4' start running wildlife model...
'2024-04-23 20-37-51': 'BYKYDPIF.mp4' completed wildlife model, starting deeplabcut...
'2024-04-23 20-39-33': 'BYKYDPIF.mp4' is Done.
'2024-04-23 20-39-33': 'BYQFILHH.mp4' start running wildlife model...
'2024-04-23 20-40-04': 'BYQFILHH.mp4' completed wildlife model, starting deeplabcut...
'2024-04-23 20-40-37': 'BYQFILHH.mp4' is Done.
'2024-04-23 20-40-37': 'BYVUXZIE.mp4' start running wildlife model...
'2024-04-23 20-41-49': 'BYVUXZIE.mp4' completed wildlife model, starting deeplabcut...
'2024-04-23 20-42-53': 'BYVUXZIE.mp4' is Done.
'2024-04-23 20-42-53': 'BYWMMEUL.mp4' start running wildlife model...
'2024-04-23 20-45-33': 'BYWMMEUL.mp4' completed wildlife model, starting deeplabcut...
'2024-04-23 20-47-43': 'BYWMMEUL.mp4' is Done.
'2024-04-23 20-47-43': 'BYZEMCVX.mp4' start running wildlife model...
'2024-04-23 20-48-36': 'BYZEMCVX.mp4' completed wildlife model, starting deeplabcut...
'2024-04-23 20-49-27': 'BYZEMCVX.mp4' is Done.
'2024-04-23 20-49-27': 'BZBBQAMC.mp4' start running wildlife model...
'2024-04-23 20-51-54': 'BZBBQAMC.mp4' completed wildlife model, starting deeplabcut...
'2024-04-23 20-53-50': 'BZBBQAMC.mp4' is Done.
'2024-04-23 20-53-50': 'BZEIPVEI.mp4' start running wildlife model...
'2024-04-23 20-55-45': 'BZEIPVEI.mp4' completed wildlife model, starting deeplabcut...
'2024-04-23 20-57-20': 'BZEIPVEI.mp4' is Done.
'2024-04-23 20-57-20': 'BZFOLEZZ.mp4' start running wildlife model...
'2024-04-23 20-57-53': 'BZFOLEZZ.mp4' completed wildlife model, starting deeplabcut...
'2024-04-23 20-58-28': 'BZFOLEZZ.mp4' is Done.
'2024-04-23 20-58-28': 'BZHVIVMW.mp4' start running wildlife model...
'2024-04-23 20-59-20': 'BZHVIVMW.mp4' completed wildlife model, starting deeplabcut...
'2024-04-23 21-00-09': 'BZHVIVMW.mp4' is Done.
'2024-04-23 21-00-09': 'BZKBSFJO.mp4' start running wildlife model...
'2024-04-23 21-01-00': 'BZKBSFJO.mp4' completed wildlife model, starting deeplabcut...
'2024-04-23 21-01-49': 'BZKBSFJO.mp4' is Done.
'2024-04-23 21-01-49': 'BZMCYKOU.mp4' start running wildlife model...
'2024-04-23 21-02-21': 'BZMCYKOU.mp4' completed wildlife model, starting deeplabcut...
'2024-04-23 21-02-53': 'BZMCYKOU.mp4' is Done.
'2024-04-23 21-02-53': 'BZPMRBQT.mp4' start running wildlife model...
'2024-04-23 21-03-14': 'BZPMRBQT.mp4' completed wildlife model, starting deeplabcut...
'2024-04-23 21-03-39': 'BZPMRBQT.mp4' is Done.
'2024-04-23 21-03-39': 'BZRWKPTK.mp4' start running wildlife model...
'2024-04-23 21-06-30': 'BZRWKPTK.mp4' completed wildlife model, starting deeplabcut...
'2024-04-23 21-08-54': 'BZRWKPTK.mp4' is Done.
'2024-04-23 21-08-54': 'BZVFANPL.mp4' start running wildlife model...
'2024-04-23 21-09-02': 'BZVFANPL.mp4' completed wildlife model, starting deeplabcut...
'2024-04-23 21-09-16': 'BZVFANPL.mp4' is Done.
'2024-04-23 21-09-16': 'BZVVVNXN.mp4' start running wildlife model...
'2024-04-23 21-09-56': 'BZVVVNXN.mp4' completed wildlife model, starting deeplabcut...
'2024-04-23 21-10-37': 'BZVVVNXN.mp4' is Done.
'2024-04-23 21-10-37': 'BZYDKJBD.mp4' start running wildlife model...
'2024-04-23 21-13-23': 'BZYDKJBD.mp4' completed wildlife model, starting deeplabcut...
'2024-04-23 21-15-36': 'BZYDKJBD.mp4' is Done.
